[0.015s] Invoking command in '/home/student/ros2_ws/src/week2/build/week2': CMAKE_PREFIX_PATH=${CMAKE_PREFIX_PATH}:/home/student/ros2_ws/install/turtlebot3_teleop:/home/student/ros2_ws/install/turtlebot3_example:/opt/ros/humble /usr/bin/cmake --build /home/student/ros2_ws/src/week2/build/week2 -- -j8 -l8
[0.072s] [35m[1mConsolidate compiler generated dependencies of target week2[0m
[0.105s] [ 50%] [32mBuilding CXX object CMakeFiles/week2.dir/src/subscriber_member_function.cpp.o[0m
[9.502s] [100%] [32m[1mLinking CXX executable week2[0m
[11.284s] [100%] Built target week2
[11.298s] Invoked command in '/home/student/ros2_ws/src/week2/build/week2' returned '0': CMAKE_PREFIX_PATH=${CMAKE_PREFIX_PATH}:/home/student/ros2_ws/install/turtlebot3_teleop:/home/student/ros2_ws/install/turtlebot3_example:/opt/ros/humble /usr/bin/cmake --build /home/student/ros2_ws/src/week2/build/week2 -- -j8 -l8
[11.343s] Invoking command in '/home/student/ros2_ws/src/week2/build/week2': CMAKE_PREFIX_PATH=${CMAKE_PREFIX_PATH}:/home/student/ros2_ws/install/turtlebot3_teleop:/home/student/ros2_ws/install/turtlebot3_example:/opt/ros/humble /usr/bin/cmake --install /home/student/ros2_ws/src/week2/build/week2
[11.353s] -- Install configuration: ""
[11.353s] -- Installing: /home/student/ros2_ws/src/week2/install/week2/lib/week2/week2
[11.360s] -- Set runtime path of "/home/student/ros2_ws/src/week2/install/week2/lib/week2/week2" to ""
[11.360s] -- Up-to-date: /home/student/ros2_ws/src/week2/install/week2/share/ament_index/resource_index/package_run_dependencies/week2
[11.360s] -- Up-to-date: /home/student/ros2_ws/src/week2/install/week2/share/ament_index/resource_index/parent_prefix_path/week2
[11.360s] -- Up-to-date: /home/student/ros2_ws/src/week2/install/week2/share/week2/environment/ament_prefix_path.sh
[11.361s] -- Up-to-date: /home/student/ros2_ws/src/week2/install/week2/share/week2/environment/ament_prefix_path.dsv
[11.361s] -- Up-to-date: /home/student/ros2_ws/src/week2/install/week2/share/week2/environment/path.sh
[11.361s] -- Up-to-date: /home/student/ros2_ws/src/week2/install/week2/share/week2/environment/path.dsv
[11.361s] -- Up-to-date: /home/student/ros2_ws/src/week2/install/week2/share/week2/local_setup.bash
[11.361s] -- Up-to-date: /home/student/ros2_ws/src/week2/install/week2/share/week2/local_setup.sh
[11.361s] -- Up-to-date: /home/student/ros2_ws/src/week2/install/week2/share/week2/local_setup.zsh
[11.361s] -- Up-to-date: /home/student/ros2_ws/src/week2/install/week2/share/week2/local_setup.dsv
[11.361s] -- Installing: /home/student/ros2_ws/src/week2/install/week2/share/week2/package.dsv
[11.361s] -- Up-to-date: /home/student/ros2_ws/src/week2/install/week2/share/ament_index/resource_index/packages/week2
[11.361s] -- Up-to-date: /home/student/ros2_ws/src/week2/install/week2/share/week2/cmake/week2Config.cmake
[11.361s] -- Up-to-date: /home/student/ros2_ws/src/week2/install/week2/share/week2/cmake/week2Config-version.cmake
[11.361s] -- Up-to-date: /home/student/ros2_ws/src/week2/install/week2/share/week2/package.xml
[11.363s] Invoked command in '/home/student/ros2_ws/src/week2/build/week2' returned '0': CMAKE_PREFIX_PATH=${CMAKE_PREFIX_PATH}:/home/student/ros2_ws/install/turtlebot3_teleop:/home/student/ros2_ws/install/turtlebot3_example:/opt/ros/humble /usr/bin/cmake --install /home/student/ros2_ws/src/week2/build/week2
