[0.031s] Invoking command in '/home/student/ros2_ws/build/robot_localization': CMAKE_PREFIX_PATH=${CMAKE_PREFIX_PATH}:/home/student/ros2_ws/install/turtlebot3_teleop:/home/student/ros2_ws/install/turtlebot3_example:/opt/ros/humble /usr/bin/cmake --build /home/student/ros2_ws/build/robot_localization -- -j8 -l8
[0.175s] [  1%] Built target robot_localization__cpp
[0.195s] [  8%] Built target robot_localization__rosidl_generator_c
[0.198s] [  8%] Built target ament_cmake_python_symlink_robot_localization
[0.229s] [ 10%] Built target gtest_main
[0.229s] [ 11%] Built target gtest
[0.259s] [ 18%] Built target robot_localization__rosidl_typesupport_cpp
[0.365s] [ 26%] Built target robot_localization__rosidl_typesupport_fastrtps_cpp
[0.367s] [ 33%] Built target robot_localization__rosidl_typesupport_c
[0.390s] [ 40%] Built target robot_localization__rosidl_typesupport_introspection_cpp
[0.390s] [ 48%] Built target robot_localization__rosidl_typesupport_fastrtps_c
[0.391s] [ 55%] Built target robot_localization__rosidl_typesupport_introspection_c
[0.393s] [ 63%] Built target rl_lib
[0.481s] [ 63%] Built target robot_localization
[0.516s] [ 65%] Built target robot_localization_listener_node
[0.526s] [ 66%] Built target ekf_node
[0.527s] [ 68%] Built target test_ekf
[0.527s] [ 70%] Built target filter_base-test
[0.547s] [ 72%] Built target ukf_node
[0.569s] [ 74%] Built target navsat_transform_node
[0.605s] [ 75%] Built target test_ukf
[0.641s] [ 76%] Built target robot_localization__py
[0.651s] [ 77%] Built target test_robot_localization_estimator
[0.692s] [ 80%] Built target test_navsat_conversions
[0.697s] [ 81%] Built target test_ros_robot_localization_listener_publisher
[0.700s] [ 83%] Built target test_ros_robot_localization_listener
[0.706s] [ 85%] Built target test_filter_base_diagnostics_timestamps
[0.777s] [ 87%] Built target test_ukf_node_interfaces
[0.792s] [ 88%] Built target test_ekf_node_interfaces
[0.807s] [ 95%] Built target robot_localization__rosidl_generator_py
[0.919s] [ 97%] Built target robot_localization__rosidl_typesupport_introspection_c__pyext
[0.923s] running egg_info
[0.924s] writing robot_localization.egg-info/PKG-INFO
[0.924s] writing dependency_links to robot_localization.egg-info/dependency_links.txt
[0.924s] writing top-level names to robot_localization.egg-info/top_level.txt
[0.930s] reading manifest file 'robot_localization.egg-info/SOURCES.txt'
[0.930s] writing manifest file 'robot_localization.egg-info/SOURCES.txt'
[0.933s] [ 98%] Built target robot_localization__rosidl_typesupport_fastrtps_c__pyext
[0.958s] [100%] Built target robot_localization__rosidl_typesupport_c__pyext
[1.002s] [100%] Built target ament_cmake_python_build_robot_localization_egg
[1.080s] Invoked command in '/home/student/ros2_ws/build/robot_localization' returned '0': CMAKE_PREFIX_PATH=${CMAKE_PREFIX_PATH}:/home/student/ros2_ws/install/turtlebot3_teleop:/home/student/ros2_ws/install/turtlebot3_example:/opt/ros/humble /usr/bin/cmake --build /home/student/ros2_ws/build/robot_localization -- -j8 -l8
[2.156s] Invoking command in '/home/student/ros2_ws/build/robot_localization': CMAKE_PREFIX_PATH=${CMAKE_PREFIX_PATH}:/home/student/ros2_ws/install/turtlebot3_teleop:/home/student/ros2_ws/install/turtlebot3_example:/opt/ros/humble /usr/bin/cmake --install /home/student/ros2_ws/build/robot_localization
[2.166s] -- Install configuration: "RelWithDebInfo"
[2.170s] -- Execute custom install script
[2.177s] -- Up-to-date symlink: /home/student/ros2_ws/install/robot_localization/share/ament_index/resource_index/rosidl_interfaces/robot_localization
[2.181s] -- Up-to-date symlink: /home/student/ros2_ws/install/robot_localization/include/robot_localization/robot_localization/msg/rosidl_generator_c__visibility_control.h
[2.184s] -- Up-to-date symlink: /home/student/ros2_ws/install/robot_localization/include/robot_localization/robot_localization/srv/detail/from_ll__functions.h
[2.185s] -- Up-to-date symlink: /home/student/ros2_ws/install/robot_localization/include/robot_localization/robot_localization/srv/detail/from_ll__struct.h
[2.185s] -- Up-to-date symlink: /home/student/ros2_ws/install/robot_localization/include/robot_localization/robot_localization/srv/detail/from_ll__type_support.h
[2.186s] -- Up-to-date symlink: /home/student/ros2_ws/install/robot_localization/include/robot_localization/robot_localization/srv/detail/get_state__functions.h
[2.187s] -- Up-to-date symlink: /home/student/ros2_ws/install/robot_localization/include/robot_localization/robot_localization/srv/detail/get_state__struct.h
[2.191s] -- Up-to-date symlink: /home/student/ros2_ws/install/robot_localization/include/robot_localization/robot_localization/srv/detail/get_state__type_support.h
[2.192s] -- Up-to-date symlink: /home/student/ros2_ws/install/robot_localization/include/robot_localization/robot_localization/srv/detail/set_datum__functions.h
[2.194s] -- Up-to-date symlink: /home/student/ros2_ws/install/robot_localization/include/robot_localization/robot_localization/srv/detail/set_datum__struct.h
[2.194s] -- Up-to-date symlink: /home/student/ros2_ws/install/robot_localization/include/robot_localization/robot_localization/srv/detail/set_datum__type_support.h
[2.195s] -- Up-to-date symlink: /home/student/ros2_ws/install/robot_localization/include/robot_localization/robot_localization/srv/detail/set_pose__functions.h
[2.195s] -- Up-to-date symlink: /home/student/ros2_ws/install/robot_localization/include/robot_localization/robot_localization/srv/detail/set_pose__struct.h
[2.195s] -- Up-to-date symlink: /home/student/ros2_ws/install/robot_localization/include/robot_localization/robot_localization/srv/detail/set_pose__type_support.h
[2.195s] -- Up-to-date symlink: /home/student/ros2_ws/install/robot_localization/include/robot_localization/robot_localization/srv/detail/set_utm_zone__functions.h
[2.195s] -- Up-to-date symlink: /home/student/ros2_ws/install/robot_localization/include/robot_localization/robot_localization/srv/detail/set_utm_zone__struct.h
[2.195s] -- Up-to-date symlink: /home/student/ros2_ws/install/robot_localization/include/robot_localization/robot_localization/srv/detail/set_utm_zone__type_support.h
[2.196s] -- Up-to-date symlink: /home/student/ros2_ws/install/robot_localization/include/robot_localization/robot_localization/srv/detail/to_ll__functions.h
[2.196s] -- Up-to-date symlink: /home/student/ros2_ws/install/robot_localization/include/robot_localization/robot_localization/srv/detail/to_ll__struct.h
[2.196s] -- Up-to-date symlink: /home/student/ros2_ws/install/robot_localization/include/robot_localization/robot_localization/srv/detail/to_ll__type_support.h
[2.196s] -- Up-to-date symlink: /home/student/ros2_ws/install/robot_localization/include/robot_localization/robot_localization/srv/detail/toggle_filter_processing__functions.h
[2.197s] -- Up-to-date symlink: /home/student/ros2_ws/install/robot_localization/include/robot_localization/robot_localization/srv/detail/toggle_filter_processing__struct.h
[2.197s] -- Up-to-date symlink: /home/student/ros2_ws/install/robot_localization/include/robot_localization/robot_localization/srv/detail/toggle_filter_processing__type_support.h
[2.197s] -- Up-to-date symlink: /home/student/ros2_ws/install/robot_localization/include/robot_localization/robot_localization/srv/from_ll.h
[2.197s] -- Up-to-date symlink: /home/student/ros2_ws/install/robot_localization/include/robot_localization/robot_localization/srv/get_state.h
[2.197s] -- Up-to-date symlink: /home/student/ros2_ws/install/robot_localization/include/robot_localization/robot_localization/srv/set_datum.h
[2.198s] -- Up-to-date symlink: /home/student/ros2_ws/install/robot_localization/include/robot_localization/robot_localization/srv/set_pose.h
[2.198s] -- Up-to-date symlink: /home/student/ros2_ws/install/robot_localization/include/robot_localization/robot_localization/srv/set_utm_zone.h
[2.199s] -- Up-to-date symlink: /home/student/ros2_ws/install/robot_localization/include/robot_localization/robot_localization/srv/to_ll.h
[2.199s] -- Up-to-date symlink: /home/student/ros2_ws/install/robot_localization/include/robot_localization/robot_localization/srv/toggle_filter_processing.h
[2.199s] -- Up-to-date symlink: /home/student/ros2_ws/install/robot_localization/share/robot_localization/environment/library_path.sh
[2.199s] -- Up-to-date symlink: /home/student/ros2_ws/install/robot_localization/share/robot_localization/environment/library_path.dsv
[2.200s] -- Up-to-date symlink: /home/student/ros2_ws/install/robot_localization/include/robot_localization/robot_localization/msg/rosidl_typesupport_fastrtps_c__visibility_control.h
[2.201s] -- Up-to-date symlink: /home/student/ros2_ws/install/robot_localization/include/robot_localization/robot_localization/srv/detail/from_ll__rosidl_typesupport_fastrtps_c.h
[2.201s] -- Up-to-date symlink: /home/student/ros2_ws/install/robot_localization/include/robot_localization/robot_localization/srv/detail/get_state__rosidl_typesupport_fastrtps_c.h
[2.202s] -- Up-to-date symlink: /home/student/ros2_ws/install/robot_localization/include/robot_localization/robot_localization/srv/detail/set_datum__rosidl_typesupport_fastrtps_c.h
[2.202s] -- Up-to-date symlink: /home/student/ros2_ws/install/robot_localization/include/robot_localization/robot_localization/srv/detail/set_pose__rosidl_typesupport_fastrtps_c.h
[2.202s] -- Up-to-date symlink: /home/student/ros2_ws/install/robot_localization/include/robot_localization/robot_localization/srv/detail/set_utm_zone__rosidl_typesupport_fastrtps_c.h
[2.203s] -- Up-to-date symlink: /home/student/ros2_ws/install/robot_localization/include/robot_localization/robot_localization/srv/detail/to_ll__rosidl_typesupport_fastrtps_c.h
[2.210s] -- Up-to-date symlink: /home/student/ros2_ws/install/robot_localization/include/robot_localization/robot_localization/srv/detail/toggle_filter_processing__rosidl_typesupport_fastrtps_c.h
[2.213s] -- Up-to-date symlink: /home/student/ros2_ws/install/robot_localization/include/robot_localization/robot_localization/srv/detail/from_ll__builder.hpp
[2.213s] -- Up-to-date symlink: /home/student/ros2_ws/install/robot_localization/include/robot_localization/robot_localization/srv/detail/from_ll__struct.hpp
[2.214s] -- Up-to-date symlink: /home/student/ros2_ws/install/robot_localization/include/robot_localization/robot_localization/srv/detail/from_ll__traits.hpp
[2.214s] -- Up-to-date symlink: /home/student/ros2_ws/install/robot_localization/include/robot_localization/robot_localization/srv/detail/get_state__builder.hpp
[2.214s] -- Up-to-date symlink: /home/student/ros2_ws/install/robot_localization/include/robot_localization/robot_localization/srv/detail/get_state__struct.hpp
[2.214s] -- Up-to-date symlink: /home/student/ros2_ws/install/robot_localization/include/robot_localization/robot_localization/srv/detail/get_state__traits.hpp
[2.214s] -- Up-to-date symlink: /home/student/ros2_ws/install/robot_localization/include/robot_localization/robot_localization/srv/detail/set_datum__builder.hpp
[2.217s] -- Up-to-date symlink: /home/student/ros2_ws/install/robot_localization/include/robot_localization/robot_localization/srv/detail/set_datum__struct.hpp
[2.217s] -- Up-to-date symlink: /home/student/ros2_ws/install/robot_localization/include/robot_localization/robot_localization/srv/detail/set_datum__traits.hpp
[2.217s] -- Up-to-date symlink: /home/student/ros2_ws/install/robot_localization/include/robot_localization/robot_localization/srv/detail/set_pose__builder.hpp
[2.217s] -- Up-to-date symlink: /home/student/ros2_ws/install/robot_localization/include/robot_localization/robot_localization/srv/detail/set_pose__struct.hpp
[2.217s] -- Up-to-date symlink: /home/student/ros2_ws/install/robot_localization/include/robot_localization/robot_localization/srv/detail/set_pose__traits.hpp
[2.218s] -- Up-to-date symlink: /home/student/ros2_ws/install/robot_localization/include/robot_localization/robot_localization/srv/detail/set_utm_zone__builder.hpp
[2.218s] -- Up-to-date symlink: /home/student/ros2_ws/install/robot_localization/include/robot_localization/robot_localization/srv/detail/set_utm_zone__struct.hpp
[2.219s] -- Up-to-date symlink: /home/student/ros2_ws/install/robot_localization/include/robot_localization/robot_localization/srv/detail/set_utm_zone__traits.hpp
[2.219s] -- Up-to-date symlink: /home/student/ros2_ws/install/robot_localization/include/robot_localization/robot_localization/srv/detail/to_ll__builder.hpp
[2.219s] -- Up-to-date symlink: /home/student/ros2_ws/install/robot_localization/include/robot_localization/robot_localization/srv/detail/to_ll__struct.hpp
[2.220s] -- Up-to-date symlink: /home/student/ros2_ws/install/robot_localization/include/robot_localization/robot_localization/srv/detail/to_ll__traits.hpp
[2.220s] -- Up-to-date symlink: /home/student/ros2_ws/install/robot_localization/include/robot_localization/robot_localization/srv/detail/toggle_filter_processing__builder.hpp
[2.220s] -- Up-to-date symlink: /home/student/ros2_ws/install/robot_localization/include/robot_localization/robot_localization/srv/detail/toggle_filter_processing__struct.hpp
[2.221s] -- Up-to-date symlink: /home/student/ros2_ws/install/robot_localization/include/robot_localization/robot_localization/srv/detail/toggle_filter_processing__traits.hpp
[2.221s] -- Up-to-date symlink: /home/student/ros2_ws/install/robot_localization/include/robot_localization/robot_localization/srv/from_ll.hpp
[2.222s] -- Up-to-date symlink: /home/student/ros2_ws/install/robot_localization/include/robot_localization/robot_localization/srv/get_state.hpp
[2.222s] -- Up-to-date symlink: /home/student/ros2_ws/install/robot_localization/include/robot_localization/robot_localization/srv/set_datum.hpp
[2.223s] -- Up-to-date symlink: /home/student/ros2_ws/install/robot_localization/include/robot_localization/robot_localization/srv/set_pose.hpp
[2.223s] -- Up-to-date symlink: /home/student/ros2_ws/install/robot_localization/include/robot_localization/robot_localization/srv/set_utm_zone.hpp
[2.223s] -- Up-to-date symlink: /home/student/ros2_ws/install/robot_localization/include/robot_localization/robot_localization/srv/to_ll.hpp
[2.223s] -- Up-to-date symlink: /home/student/ros2_ws/install/robot_localization/include/robot_localization/robot_localization/srv/toggle_filter_processing.hpp
[2.226s] -- Up-to-date symlink: /home/student/ros2_ws/install/robot_localization/include/robot_localization/robot_localization/msg/rosidl_typesupport_fastrtps_cpp__visibility_control.h
[2.226s] -- Up-to-date symlink: /home/student/ros2_ws/install/robot_localization/include/robot_localization/robot_localization/srv/detail/from_ll__rosidl_typesupport_fastrtps_cpp.hpp
[2.227s] -- Up-to-date symlink: /home/student/ros2_ws/install/robot_localization/include/robot_localization/robot_localization/srv/detail/get_state__rosidl_typesupport_fastrtps_cpp.hpp
[2.227s] -- Up-to-date symlink: /home/student/ros2_ws/install/robot_localization/include/robot_localization/robot_localization/srv/detail/set_datum__rosidl_typesupport_fastrtps_cpp.hpp
[2.227s] -- Up-to-date symlink: /home/student/ros2_ws/install/robot_localization/include/robot_localization/robot_localization/srv/detail/set_pose__rosidl_typesupport_fastrtps_cpp.hpp
[2.227s] -- Up-to-date symlink: /home/student/ros2_ws/install/robot_localization/include/robot_localization/robot_localization/srv/detail/set_utm_zone__rosidl_typesupport_fastrtps_cpp.hpp
[2.228s] -- Up-to-date symlink: /home/student/ros2_ws/install/robot_localization/include/robot_localization/robot_localization/srv/detail/to_ll__rosidl_typesupport_fastrtps_cpp.hpp
[2.228s] -- Up-to-date symlink: /home/student/ros2_ws/install/robot_localization/include/robot_localization/robot_localization/srv/detail/toggle_filter_processing__rosidl_typesupport_fastrtps_cpp.hpp
[2.230s] -- Up-to-date symlink: /home/student/ros2_ws/install/robot_localization/include/robot_localization/robot_localization/msg/rosidl_typesupport_introspection_c__visibility_control.h
[2.231s] -- Up-to-date symlink: /home/student/ros2_ws/install/robot_localization/include/robot_localization/robot_localization/srv/detail/from_ll__rosidl_typesupport_introspection_c.h
[2.231s] -- Up-to-date symlink: /home/student/ros2_ws/install/robot_localization/include/robot_localization/robot_localization/srv/detail/get_state__rosidl_typesupport_introspection_c.h
[2.231s] -- Up-to-date symlink: /home/student/ros2_ws/install/robot_localization/include/robot_localization/robot_localization/srv/detail/set_datum__rosidl_typesupport_introspection_c.h
[2.232s] -- Up-to-date symlink: /home/student/ros2_ws/install/robot_localization/include/robot_localization/robot_localization/srv/detail/set_pose__rosidl_typesupport_introspection_c.h
[2.233s] -- Up-to-date symlink: /home/student/ros2_ws/install/robot_localization/include/robot_localization/robot_localization/srv/detail/set_utm_zone__rosidl_typesupport_introspection_c.h
[2.234s] -- Up-to-date symlink: /home/student/ros2_ws/install/robot_localization/include/robot_localization/robot_localization/srv/detail/to_ll__rosidl_typesupport_introspection_c.h
[2.234s] -- Up-to-date symlink: /home/student/ros2_ws/install/robot_localization/include/robot_localization/robot_localization/srv/detail/toggle_filter_processing__rosidl_typesupport_introspection_c.h
[2.234s] -- Up-to-date symlink: /home/student/ros2_ws/install/robot_localization/include/robot_localization/robot_localization/srv/detail/from_ll__rosidl_typesupport_introspection_cpp.hpp
[2.235s] -- Up-to-date symlink: /home/student/ros2_ws/install/robot_localization/include/robot_localization/robot_localization/srv/detail/get_state__rosidl_typesupport_introspection_cpp.hpp
[2.235s] -- Up-to-date symlink: /home/student/ros2_ws/install/robot_localization/include/robot_localization/robot_localization/srv/detail/set_datum__rosidl_typesupport_introspection_cpp.hpp
[2.235s] -- Up-to-date symlink: /home/student/ros2_ws/install/robot_localization/include/robot_localization/robot_localization/srv/detail/set_pose__rosidl_typesupport_introspection_cpp.hpp
[2.235s] -- Up-to-date symlink: /home/student/ros2_ws/install/robot_localization/include/robot_localization/robot_localization/srv/detail/set_utm_zone__rosidl_typesupport_introspection_cpp.hpp
[2.236s] -- Up-to-date symlink: /home/student/ros2_ws/install/robot_localization/include/robot_localization/robot_localization/srv/detail/to_ll__rosidl_typesupport_introspection_cpp.hpp
[2.236s] -- Up-to-date symlink: /home/student/ros2_ws/install/robot_localization/include/robot_localization/robot_localization/srv/detail/toggle_filter_processing__rosidl_typesupport_introspection_cpp.hpp
[2.236s] -- Up-to-date symlink: /home/student/ros2_ws/install/robot_localization/share/robot_localization/environment/pythonpath.sh
[2.237s] -- Up-to-date symlink: /home/student/ros2_ws/install/robot_localization/share/robot_localization/environment/pythonpath.dsv
[2.238s] -- Up-to-date symlink: /home/student/ros2_ws/install/robot_localization/local/lib/python3.10/dist-packages/robot_localization-3.9.0-py3.10.egg-info/PKG-INFO
[2.238s] -- Up-to-date symlink: /home/student/ros2_ws/install/robot_localization/local/lib/python3.10/dist-packages/robot_localization-3.9.0-py3.10.egg-info/SOURCES.txt
[2.238s] -- Up-to-date symlink: /home/student/ros2_ws/install/robot_localization/local/lib/python3.10/dist-packages/robot_localization-3.9.0-py3.10.egg-info/dependency_links.txt
[2.239s] -- Up-to-date symlink: /home/student/ros2_ws/install/robot_localization/local/lib/python3.10/dist-packages/robot_localization-3.9.0-py3.10.egg-info/top_level.txt
[2.239s] -- Up-to-date symlink: /home/student/ros2_ws/install/robot_localization/local/lib/python3.10/dist-packages/robot_localization/__init__.py
[2.241s] -- Up-to-date symlink: /home/student/ros2_ws/install/robot_localization/local/lib/python3.10/dist-packages/robot_localization/_robot_localization_s.ep.rosidl_typesupport_c.c
[2.241s] -- Up-to-date symlink: /home/student/ros2_ws/install/robot_localization/local/lib/python3.10/dist-packages/robot_localization/_robot_localization_s.ep.rosidl_typesupport_fastrtps_c.c
[2.242s] -- Up-to-date symlink: /home/student/ros2_ws/install/robot_localization/local/lib/python3.10/dist-packages/robot_localization/_robot_localization_s.ep.rosidl_typesupport_introspection_c.c
[2.243s] -- Up-to-date symlink: /home/student/ros2_ws/install/robot_localization/local/lib/python3.10/dist-packages/robot_localization/librobot_localization__rosidl_generator_py.so
[2.243s] -- Up-to-date symlink: /home/student/ros2_ws/install/robot_localization/local/lib/python3.10/dist-packages/robot_localization/robot_localization_s__rosidl_typesupport_c.cpython-310-x86_64-linux-gnu.so
[2.243s] -- Up-to-date symlink: /home/student/ros2_ws/install/robot_localization/local/lib/python3.10/dist-packages/robot_localization/robot_localization_s__rosidl_typesupport_fastrtps_c.cpython-310-x86_64-linux-gnu.so
[2.243s] -- Up-to-date symlink: /home/student/ros2_ws/install/robot_localization/local/lib/python3.10/dist-packages/robot_localization/robot_localization_s__rosidl_typesupport_introspection_c.cpython-310-x86_64-linux-gnu.so
[2.244s] -- Up-to-date symlink: /home/student/ros2_ws/install/robot_localization/local/lib/python3.10/dist-packages/robot_localization/srv/__init__.py
[2.244s] -- Up-to-date symlink: /home/student/ros2_ws/install/robot_localization/local/lib/python3.10/dist-packages/robot_localization/srv/_from_ll.py
[2.244s] -- Up-to-date symlink: /home/student/ros2_ws/install/robot_localization/local/lib/python3.10/dist-packages/robot_localization/srv/_from_ll_s.c
[2.244s] -- Up-to-date symlink: /home/student/ros2_ws/install/robot_localization/local/lib/python3.10/dist-packages/robot_localization/srv/_get_state.py
[2.244s] -- Up-to-date symlink: /home/student/ros2_ws/install/robot_localization/local/lib/python3.10/dist-packages/robot_localization/srv/_get_state_s.c
[2.244s] -- Up-to-date symlink: /home/student/ros2_ws/install/robot_localization/local/lib/python3.10/dist-packages/robot_localization/srv/_set_datum.py
[2.245s] -- Up-to-date symlink: /home/student/ros2_ws/install/robot_localization/local/lib/python3.10/dist-packages/robot_localization/srv/_set_datum_s.c
[2.245s] -- Up-to-date symlink: /home/student/ros2_ws/install/robot_localization/local/lib/python3.10/dist-packages/robot_localization/srv/_set_pose.py
[2.245s] -- Up-to-date symlink: /home/student/ros2_ws/install/robot_localization/local/lib/python3.10/dist-packages/robot_localization/srv/_set_pose_s.c
[2.245s] -- Up-to-date symlink: /home/student/ros2_ws/install/robot_localization/local/lib/python3.10/dist-packages/robot_localization/srv/_set_utm_zone.py
[2.245s] -- Up-to-date symlink: /home/student/ros2_ws/install/robot_localization/local/lib/python3.10/dist-packages/robot_localization/srv/_set_utm_zone_s.c
[2.246s] -- Up-to-date symlink: /home/student/ros2_ws/install/robot_localization/local/lib/python3.10/dist-packages/robot_localization/srv/_to_ll.py
[2.246s] -- Up-to-date symlink: /home/student/ros2_ws/install/robot_localization/local/lib/python3.10/dist-packages/robot_localization/srv/_to_ll_s.c
[2.247s] -- Up-to-date symlink: /home/student/ros2_ws/install/robot_localization/local/lib/python3.10/dist-packages/robot_localization/srv/_toggle_filter_processing.py
[2.247s] -- Up-to-date symlink: /home/student/ros2_ws/install/robot_localization/local/lib/python3.10/dist-packages/robot_localization/srv/_toggle_filter_processing_s.c
[2.247s] -- Up-to-date symlink: /home/student/ros2_ws/install/robot_localization/local/lib/python3.10/dist-packages/robot_localization/robot_localization_s__rosidl_typesupport_fastrtps_c.cpython-310-x86_64-linux-gnu.so
[2.248s] -- Up-to-date symlink: /home/student/ros2_ws/install/robot_localization/local/lib/python3.10/dist-packages/robot_localization/robot_localization_s__rosidl_typesupport_introspection_c.cpython-310-x86_64-linux-gnu.so
[2.248s] -- Up-to-date symlink: /home/student/ros2_ws/install/robot_localization/local/lib/python3.10/dist-packages/robot_localization/robot_localization_s__rosidl_typesupport_c.cpython-310-x86_64-linux-gnu.so
[2.248s] -- Up-to-date symlink: /home/student/ros2_ws/install/robot_localization/share/robot_localization/srv/FromLL.idl
[2.248s] -- Up-to-date symlink: /home/student/ros2_ws/install/robot_localization/share/robot_localization/srv/GetState.idl
[2.248s] -- Up-to-date symlink: /home/student/ros2_ws/install/robot_localization/share/robot_localization/srv/SetDatum.idl
[2.248s] -- Up-to-date symlink: /home/student/ros2_ws/install/robot_localization/share/robot_localization/srv/SetPose.idl
[2.248s] -- Up-to-date symlink: /home/student/ros2_ws/install/robot_localization/share/robot_localization/srv/SetUTMZone.idl
[2.248s] -- Up-to-date symlink: /home/student/ros2_ws/install/robot_localization/share/robot_localization/srv/ToggleFilterProcessing.idl
[2.253s] -- Up-to-date symlink: /home/student/ros2_ws/install/robot_localization/share/robot_localization/srv/ToLL.idl
[2.254s] -- Up-to-date symlink: /home/student/ros2_ws/install/robot_localization/share/robot_localization/srv/FromLL.srv
[2.254s] -- Up-to-date symlink: /home/student/ros2_ws/install/robot_localization/share/robot_localization/srv/FromLL_Request.msg
[2.259s] -- Up-to-date symlink: /home/student/ros2_ws/install/robot_localization/share/robot_localization/srv/FromLL_Response.msg
[2.260s] -- Up-to-date symlink: /home/student/ros2_ws/install/robot_localization/share/robot_localization/srv/GetState.srv
[2.260s] -- Up-to-date symlink: /home/student/ros2_ws/install/robot_localization/share/robot_localization/srv/GetState_Request.msg
[2.260s] -- Up-to-date symlink: /home/student/ros2_ws/install/robot_localization/share/robot_localization/srv/GetState_Response.msg
[2.261s] -- Up-to-date symlink: /home/student/ros2_ws/install/robot_localization/share/robot_localization/srv/SetDatum.srv
[2.262s] -- Up-to-date symlink: /home/student/ros2_ws/install/robot_localization/share/robot_localization/srv/SetDatum_Request.msg
[2.262s] -- Up-to-date symlink: /home/student/ros2_ws/install/robot_localization/share/robot_localization/srv/SetDatum_Response.msg
[2.263s] -- Up-to-date symlink: /home/student/ros2_ws/install/robot_localization/share/robot_localization/srv/SetPose.srv
[2.265s] -- Up-to-date symlink: /home/student/ros2_ws/install/robot_localization/share/robot_localization/srv/SetPose_Request.msg
[2.266s] -- Up-to-date symlink: /home/student/ros2_ws/install/robot_localization/share/robot_localization/srv/SetPose_Response.msg
[2.266s] -- Up-to-date symlink: /home/student/ros2_ws/install/robot_localization/share/robot_localization/srv/SetUTMZone.srv
[2.266s] -- Up-to-date symlink: /home/student/ros2_ws/install/robot_localization/share/robot_localization/srv/SetUTMZone_Request.msg
[2.267s] -- Up-to-date symlink: /home/student/ros2_ws/install/robot_localization/share/robot_localization/srv/SetUTMZone_Response.msg
[2.268s] -- Up-to-date symlink: /home/student/ros2_ws/install/robot_localization/share/robot_localization/srv/ToggleFilterProcessing.srv
[2.268s] -- Up-to-date symlink: /home/student/ros2_ws/install/robot_localization/share/robot_localization/srv/ToggleFilterProcessing_Request.msg
[2.269s] -- Up-to-date symlink: /home/student/ros2_ws/install/robot_localization/share/robot_localization/srv/ToggleFilterProcessing_Response.msg
[2.270s] -- Up-to-date symlink: /home/student/ros2_ws/install/robot_localization/share/robot_localization/srv/ToLL.srv
[2.270s] -- Up-to-date symlink: /home/student/ros2_ws/install/robot_localization/share/robot_localization/srv/ToLL_Request.msg
[2.274s] -- Up-to-date symlink: /home/student/ros2_ws/install/robot_localization/share/robot_localization/srv/ToLL_Response.msg
[2.275s] -- Up-to-date symlink: /home/student/ros2_ws/install/robot_localization/lib/robot_localization/filter_base-test
[2.276s] -- Up-to-date symlink: /home/student/ros2_ws/install/robot_localization/lib/robot_localization/test_filter_base_diagnostics_timestamps
[2.277s] -- Up-to-date symlink: /home/student/ros2_ws/install/robot_localization/lib/robot_localization/test_ekf
[2.279s] -- Up-to-date symlink: /home/student/ros2_ws/install/robot_localization/lib/robot_localization/test_ekf_node_interfaces
[2.279s] -- Up-to-date symlink: /home/student/ros2_ws/install/robot_localization/lib/robot_localization/test_ukf
[2.280s] -- Up-to-date symlink: /home/student/ros2_ws/install/robot_localization/lib/robot_localization/test_ukf_node_interfaces
[2.280s] -- Up-to-date symlink: /home/student/ros2_ws/install/robot_localization/lib/robot_localization/test_robot_localization_estimator
[2.280s] -- Up-to-date symlink: /home/student/ros2_ws/install/robot_localization/lib/robot_localization/test_navsat_conversions
[2.280s] -- Up-to-date symlink: /home/student/ros2_ws/install/robot_localization/lib/robot_localization/test_ros_robot_localization_listener
[2.280s] -- Up-to-date symlink: /home/student/ros2_ws/install/robot_localization/lib/robot_localization/test_ros_robot_localization_listener_publisher
[2.280s] -- Up-to-date symlink: /home/student/ros2_ws/install/robot_localization/lib/robot_localization/navsat_transform_node
[2.281s] -- Up-to-date symlink: /home/student/ros2_ws/install/robot_localization/lib/robot_localization/ekf_node
[2.281s] -- Up-to-date symlink: /home/student/ros2_ws/install/robot_localization/lib/robot_localization/ukf_node
[2.281s] -- Up-to-date symlink: /home/student/ros2_ws/install/robot_localization/lib/robot_localization/robot_localization_listener_node
[2.281s] -- Up-to-date symlink: /home/student/ros2_ws/install/robot_localization/lib/librl_lib.so
[2.281s] -- Up-to-date symlink: /home/student/ros2_ws/install/robot_localization/share/ament_index/resource_index/package_run_dependencies/robot_localization
[2.282s] -- Up-to-date symlink: /home/student/ros2_ws/install/robot_localization/share/ament_index/resource_index/parent_prefix_path/robot_localization
[2.282s] -- Up-to-date symlink: /home/student/ros2_ws/install/robot_localization/share/robot_localization/environment/ament_prefix_path.sh
[2.282s] -- Up-to-date symlink: /home/student/ros2_ws/install/robot_localization/share/robot_localization/environment/ament_prefix_path.dsv
[2.282s] -- Up-to-date symlink: /home/student/ros2_ws/install/robot_localization/share/robot_localization/environment/path.sh
[2.282s] -- Up-to-date symlink: /home/student/ros2_ws/install/robot_localization/share/robot_localization/environment/path.dsv
[2.283s] -- Up-to-date symlink: /home/student/ros2_ws/install/robot_localization/share/robot_localization/local_setup.bash
[2.283s] -- Up-to-date symlink: /home/student/ros2_ws/install/robot_localization/share/robot_localization/local_setup.sh
[2.283s] -- Up-to-date symlink: /home/student/ros2_ws/install/robot_localization/share/robot_localization/local_setup.zsh
[2.283s] -- Up-to-date symlink: /home/student/ros2_ws/install/robot_localization/share/robot_localization/local_setup.dsv
[2.283s] -- Symlinking: /home/student/ros2_ws/install/robot_localization/share/robot_localization/package.dsv
[2.287s] -- Up-to-date symlink: /home/student/ros2_ws/install/robot_localization/share/ament_index/resource_index/packages/robot_localization
[2.287s] -- Up-to-date symlink: /home/student/ros2_ws/install/robot_localization/share/robot_localization/cmake/rosidl_cmake-extras.cmake
[2.287s] -- Up-to-date symlink: /home/student/ros2_ws/install/robot_localization/share/robot_localization/cmake/ament_cmake_export_dependencies-extras.cmake
[2.288s] -- Up-to-date symlink: /home/student/ros2_ws/install/robot_localization/share/robot_localization/cmake/ament_cmake_export_include_directories-extras.cmake
[2.288s] -- Up-to-date symlink: /home/student/ros2_ws/install/robot_localization/share/robot_localization/cmake/ament_cmake_export_libraries-extras.cmake
[2.288s] -- Up-to-date symlink: /home/student/ros2_ws/install/robot_localization/share/robot_localization/cmake/ament_cmake_export_targets-extras.cmake
[2.288s] -- Up-to-date symlink: /home/student/ros2_ws/install/robot_localization/share/robot_localization/cmake/rosidl_cmake_export_typesupport_targets-extras.cmake
[2.288s] -- Up-to-date symlink: /home/student/ros2_ws/install/robot_localization/share/robot_localization/cmake/rosidl_cmake_export_typesupport_libraries-extras.cmake
[2.288s] -- Up-to-date symlink: /home/student/ros2_ws/install/robot_localization/share/robot_localization/cmake/robot_localizationConfig.cmake
[2.289s] -- Up-to-date symlink: /home/student/ros2_ws/install/robot_localization/share/robot_localization/cmake/robot_localizationConfig-version.cmake
[2.289s] -- Up-to-date symlink: /home/student/ros2_ws/install/robot_localization/share/robot_localization/package.xml
[2.289s] -- Up-to-date: /home/student/ros2_ws/install/robot_localization/lib/librobot_localization__rosidl_generator_c.so
[2.289s] -- Up-to-date: /home/student/ros2_ws/install/robot_localization/lib/librobot_localization__rosidl_typesupport_fastrtps_c.so
[2.289s] -- Up-to-date: /home/student/ros2_ws/install/robot_localization/lib/librobot_localization__rosidl_typesupport_fastrtps_cpp.so
[2.290s] -- Up-to-date: /home/student/ros2_ws/install/robot_localization/lib/librobot_localization__rosidl_typesupport_introspection_c.so
[2.290s] -- Up-to-date: /home/student/ros2_ws/install/robot_localization/lib/librobot_localization__rosidl_typesupport_c.so
[2.290s] -- Up-to-date: /home/student/ros2_ws/install/robot_localization/lib/librobot_localization__rosidl_typesupport_introspection_cpp.so
[2.290s] -- Up-to-date: /home/student/ros2_ws/install/robot_localization/lib/librobot_localization__rosidl_typesupport_cpp.so
[2.292s] Listing '/home/student/ros2_ws/install/robot_localization/local/lib/python3.10/dist-packages/robot_localization'...
[2.292s] Listing '/home/student/ros2_ws/install/robot_localization/local/lib/python3.10/dist-packages/robot_localization/srv'...
[2.297s] -- Up-to-date: /home/student/ros2_ws/install/robot_localization/lib/librobot_localization__rosidl_generator_py.so
[2.298s] -- Up-to-date: /home/student/ros2_ws/install/robot_localization/share/robot_localization/test
[2.299s] -- Up-to-date: /home/student/ros2_ws/install/robot_localization/share/robot_localization/test/test3.bag
[2.300s] -- Up-to-date: /home/student/ros2_ws/install/robot_localization/share/robot_localization/test/test_se_node_interfaces.launch.py
[2.301s] -- Up-to-date: /home/student/ros2_ws/install/robot_localization/share/robot_localization/test/test_localization_node_bag_pose_tester.cpp
[2.301s] -- Up-to-date: /home/student/ros2_ws/install/robot_localization/share/robot_localization/test/test_ukf_localization_node_bag2.sh
[2.302s] -- Up-to-date: /home/student/ros2_ws/install/robot_localization/share/robot_localization/test/test_robot_localization_estimator.launch.py
[2.302s] -- Up-to-date: /home/student/ros2_ws/install/robot_localization/share/robot_localization/test/test_ekf_localization_node_bag2.launch.py
[2.302s] -- Up-to-date: /home/student/ros2_ws/install/robot_localization/share/robot_localization/test/test_ekf_localization_node_bag2.yaml
[2.302s] -- Up-to-date: /home/student/ros2_ws/install/robot_localization/share/robot_localization/test/test_filter_base_diagnostics_timestamps.cpp
[2.303s] -- Up-to-date: /home/student/ros2_ws/install/robot_localization/share/robot_localization/test/test_ukf_localization_node_bag1.launch.py
[2.303s] -- Up-to-date: /home/student/ros2_ws/install/robot_localization/share/robot_localization/test/test_ukf.cpp
[2.303s] -- Up-to-date: /home/student/ros2_ws/install/robot_localization/share/robot_localization/test/test_ekf_localization_node_bag3.sh
[2.303s] -- Up-to-date: /home/student/ros2_ws/install/robot_localization/share/robot_localization/test/test_ekf_localization_node_bag1.sh
[2.303s] -- Up-to-date: /home/student/ros2_ws/install/robot_localization/share/robot_localization/test/test_se_node_interfaces.yaml
[2.303s] -- Up-to-date: /home/student/ros2_ws/install/robot_localization/share/robot_localization/test/test_ekf_localization_node_bag3.launch.py
[2.303s] -- Up-to-date: /home/student/ros2_ws/install/robot_localization/share/robot_localization/test/test_ros_robot_localization_listener_publisher.cpp
[2.303s] -- Up-to-date: /home/student/ros2_ws/install/robot_localization/share/robot_localization/test/test_robot_localization_estimator.cpp
[2.304s] -- Up-to-date: /home/student/ros2_ws/install/robot_localization/share/robot_localization/test/test_ros_robot_localization_listener.yaml
[2.304s] -- Up-to-date: /home/student/ros2_ws/install/robot_localization/share/robot_localization/test/test_se_node_interfaces.cpp
[2.304s] -- Up-to-date: /home/student/ros2_ws/install/robot_localization/share/robot_localization/test/test_ukf_localization_node_bag3.launch.py
[2.304s] -- Up-to-date: /home/student/ros2_ws/install/robot_localization/share/robot_localization/test/test_ros_robot_localization_listener.cpp
[2.304s] -- Up-to-date: /home/student/ros2_ws/install/robot_localization/share/robot_localization/test/test_filter_base_diagnostics_timestamps.yaml
[2.304s] -- Up-to-date: /home/student/ros2_ws/install/robot_localization/share/robot_localization/test/test_ros_robot_localization_listener.launch.py
[2.305s] -- Up-to-date: /home/student/ros2_ws/install/robot_localization/share/robot_localization/test/test_filter_base_diagnostics_timestamps.launch.py
[2.305s] -- Up-to-date: /home/student/ros2_ws/install/robot_localization/share/robot_localization/test/test_ekf_localization_node_bag1.yaml
[2.306s] -- Up-to-date: /home/student/ros2_ws/install/robot_localization/share/robot_localization/test/test_ekf_localization_node_bag1.launch.py
[2.309s] -- Up-to-date: /home/student/ros2_ws/install/robot_localization/share/robot_localization/test/test2.bag
[2.311s] -- Up-to-date: /home/student/ros2_ws/install/robot_localization/share/robot_localization/test/test_ukf_localization_node_bag3.yaml
[2.311s] -- Up-to-date: /home/student/ros2_ws/install/robot_localization/share/robot_localization/test/test_ukf_localization_node_bag2.launch.py
[2.311s] -- Up-to-date: /home/student/ros2_ws/install/robot_localization/share/robot_localization/test/test1.bag
[2.311s] -- Up-to-date: /home/student/ros2_ws/install/robot_localization/share/robot_localization/test/test_ekf_localization_node_bag3.yaml
[2.312s] -- Up-to-date: /home/student/ros2_ws/install/robot_localization/share/robot_localization/test/test_filter_base.cpp
[2.312s] -- Up-to-date: /home/student/ros2_ws/install/robot_localization/share/robot_localization/test/test_ukf_localization_node_bag1.yaml
[2.312s] -- Up-to-date: /home/student/ros2_ws/install/robot_localization/share/robot_localization/test/test_ekf.cpp
[2.312s] -- Up-to-date: /home/student/ros2_ws/install/robot_localization/share/robot_localization/test/test_navsat_conversions.cpp
[2.313s] -- Up-to-date: /home/student/ros2_ws/install/robot_localization/share/robot_localization/test/test_ukf_localization_node_bag1.sh
[2.313s] -- Up-to-date: /home/student/ros2_ws/install/robot_localization/share/robot_localization/test/test_ekf_localization_node_bag2.sh
[2.313s] -- Up-to-date: /home/student/ros2_ws/install/robot_localization/share/robot_localization/test/test_ukf_localization_node_bag2.yaml
[2.314s] -- Up-to-date: /home/student/ros2_ws/install/robot_localization/share/robot_localization/test/test_ukf_localization_node_bag3.sh
[2.314s] -- Up-to-date: /home/student/ros2_ws/install/robot_localization/include/robot_localization
[2.315s] -- Up-to-date: /home/student/ros2_ws/install/robot_localization/include/robot_localization/robot_localization
[2.316s] -- Up-to-date: /home/student/ros2_ws/install/robot_localization/include/robot_localization/robot_localization/measurement.hpp
[2.316s] -- Up-to-date: /home/student/ros2_ws/install/robot_localization/include/robot_localization/robot_localization/ekf.hpp
[2.317s] -- Up-to-date: /home/student/ros2_ws/install/robot_localization/include/robot_localization/robot_localization/ros_robot_localization_listener.hpp
[2.317s] -- Up-to-date: /home/student/ros2_ws/install/robot_localization/include/robot_localization/robot_localization/filter_base.hpp
[2.318s] -- Up-to-date: /home/student/ros2_ws/install/robot_localization/include/robot_localization/robot_localization/filter_state.hpp
[2.318s] -- Up-to-date: /home/student/ros2_ws/install/robot_localization/include/robot_localization/robot_localization/navsat_conversions.hpp
[2.319s] -- Up-to-date: /home/student/ros2_ws/install/robot_localization/include/robot_localization/robot_localization/ros_filter.hpp
[2.319s] -- Up-to-date: /home/student/ros2_ws/install/robot_localization/include/robot_localization/robot_localization/ukf.hpp
[2.320s] -- Up-to-date: /home/student/ros2_ws/install/robot_localization/include/robot_localization/robot_localization/filter_utilities.hpp
[2.321s] -- Up-to-date: /home/student/ros2_ws/install/robot_localization/include/robot_localization/robot_localization/robot_localization_estimator.hpp
[2.321s] -- Up-to-date: /home/student/ros2_ws/install/robot_localization/include/robot_localization/robot_localization/filter_common.hpp
[2.322s] -- Up-to-date: /home/student/ros2_ws/install/robot_localization/include/robot_localization/robot_localization/ros_filter_utilities.hpp
[2.322s] -- Up-to-date: /home/student/ros2_ws/install/robot_localization/include/robot_localization/robot_localization/ros_filter_types.hpp
[2.322s] -- Up-to-date: /home/student/ros2_ws/install/robot_localization/include/robot_localization/robot_localization/navsat_transform.hpp
[2.323s] -- Up-to-date: /home/student/ros2_ws/install/robot_localization/share/robot_localization/params
[2.323s] -- Up-to-date: /home/student/ros2_ws/install/robot_localization/share/robot_localization/params/navsat_transform.yaml
[2.324s] -- Up-to-date: /home/student/ros2_ws/install/robot_localization/share/robot_localization/params/ukf.yaml
[2.325s] -- Up-to-date: /home/student/ros2_ws/install/robot_localization/share/robot_localization/params/dual_ekf_navsat_example.yaml
[2.326s] -- Up-to-date: /home/student/ros2_ws/install/robot_localization/share/robot_localization/params/ekf.yaml
[2.327s] -- Up-to-date: /home/student/ros2_ws/install/robot_localization/share/robot_localization/launch
[2.328s] -- Up-to-date: /home/student/ros2_ws/install/robot_localization/share/robot_localization/launch/dual_ekf_navsat_example.launch.py
[2.328s] -- Up-to-date: /home/student/ros2_ws/install/robot_localization/share/robot_localization/launch/ukf.launch.py
[2.328s] -- Up-to-date: /home/student/ros2_ws/install/robot_localization/share/robot_localization/launch/navsat_transform.launch.py
[2.329s] -- Up-to-date: /home/student/ros2_ws/install/robot_localization/share/robot_localization/launch/ekf.launch.py
[2.329s] -- Up-to-date: /home/student/ros2_ws/install/robot_localization/share/robot_localization/cmake/export_robot_localization__rosidl_generator_cExport.cmake
[2.329s] -- Up-to-date: /home/student/ros2_ws/install/robot_localization/share/robot_localization/cmake/export_robot_localization__rosidl_generator_cExport-relwithdebinfo.cmake
[2.330s] -- Up-to-date: /home/student/ros2_ws/install/robot_localization/share/robot_localization/cmake/export_robot_localization__rosidl_typesupport_fastrtps_cExport.cmake
[2.331s] -- Up-to-date: /home/student/ros2_ws/install/robot_localization/share/robot_localization/cmake/export_robot_localization__rosidl_typesupport_fastrtps_cExport-relwithdebinfo.cmake
[2.332s] -- Up-to-date: /home/student/ros2_ws/install/robot_localization/share/robot_localization/cmake/export_robot_localization__rosidl_generator_cppExport.cmake
[2.332s] -- Up-to-date: /home/student/ros2_ws/install/robot_localization/share/robot_localization/cmake/export_robot_localization__rosidl_typesupport_fastrtps_cppExport.cmake
[2.332s] -- Up-to-date: /home/student/ros2_ws/install/robot_localization/share/robot_localization/cmake/export_robot_localization__rosidl_typesupport_fastrtps_cppExport-relwithdebinfo.cmake
[2.332s] -- Up-to-date: /home/student/ros2_ws/install/robot_localization/share/robot_localization/cmake/robot_localization__rosidl_typesupport_introspection_cExport.cmake
[2.332s] -- Up-to-date: /home/student/ros2_ws/install/robot_localization/share/robot_localization/cmake/robot_localization__rosidl_typesupport_introspection_cExport-relwithdebinfo.cmake
[2.332s] -- Up-to-date: /home/student/ros2_ws/install/robot_localization/share/robot_localization/cmake/robot_localization__rosidl_typesupport_cExport.cmake
[2.332s] -- Up-to-date: /home/student/ros2_ws/install/robot_localization/share/robot_localization/cmake/robot_localization__rosidl_typesupport_cExport-relwithdebinfo.cmake
[2.334s] -- Up-to-date: /home/student/ros2_ws/install/robot_localization/share/robot_localization/cmake/robot_localization__rosidl_typesupport_introspection_cppExport.cmake
[2.334s] -- Up-to-date: /home/student/ros2_ws/install/robot_localization/share/robot_localization/cmake/robot_localization__rosidl_typesupport_introspection_cppExport-relwithdebinfo.cmake
[2.334s] -- Up-to-date: /home/student/ros2_ws/install/robot_localization/share/robot_localization/cmake/robot_localization__rosidl_typesupport_cppExport.cmake
[2.335s] -- Up-to-date: /home/student/ros2_ws/install/robot_localization/share/robot_localization/cmake/robot_localization__rosidl_typesupport_cppExport-relwithdebinfo.cmake
[2.336s] -- Up-to-date: /home/student/ros2_ws/install/robot_localization/share/robot_localization/cmake/export_robot_localization__rosidl_generator_pyExport.cmake
[2.343s] -- Up-to-date: /home/student/ros2_ws/install/robot_localization/share/robot_localization/cmake/export_robot_localization__rosidl_generator_pyExport-relwithdebinfo.cmake
[2.343s] Invoked command in '/home/student/ros2_ws/build/robot_localization' returned '0': CMAKE_PREFIX_PATH=${CMAKE_PREFIX_PATH}:/home/student/ros2_ws/install/turtlebot3_teleop:/home/student/ros2_ws/install/turtlebot3_example:/opt/ros/humble /usr/bin/cmake --install /home/student/ros2_ws/build/robot_localization
