[0.085s] Invoking command in '/home/student/ros2_ws/build/lab1': CMAKE_PREFIX_PATH=${CMAKE_PREFIX_PATH}:/home/student/ros2_ws/install/turtlebot3_teleop:/home/student/ros2_ws/install/turtlebot3_example:/opt/ros/humble /usr/bin/cmake /home/student/ros2_ws/src/lab1 -DCMAKE_INSTALL_PREFIX=/home/student/ros2_ws/install/lab1
[0.114s] -- Found ament_cmake: 1.3.10 (/opt/ros/humble/share/ament_cmake/cmake)
[0.441s] -- Override CMake install command with custom implementation using symlinks instead of copying resources
[0.454s] -- Found rclcpp: 16.0.10 (/opt/ros/humble/share/rclcpp/cmake)
[0.501s] -- Found rosidl_generator_c: 3.1.5 (/opt/ros/humble/share/rosidl_generator_c/cmake)
[0.505s] -- Found rosidl_adapter: 3.1.5 (/opt/ros/humble/share/rosidl_adapter/cmake)
[0.515s] -- Found rosidl_generator_cpp: 3.1.5 (/opt/ros/humble/share/rosidl_generator_cpp/cmake)
[0.531s] -- Using all available rosidl_typesupport_c: rosidl_typesupport_fastrtps_c;rosidl_typesupport_introspection_c
[0.553s] -- Using all available rosidl_typesupport_cpp: rosidl_typesupport_fastrtps_cpp;rosidl_typesupport_introspection_cpp
[0.608s] -- Found rmw_implementation_cmake: 6.1.2 (/opt/ros/humble/share/rmw_implementation_cmake/cmake)
[0.611s] -- Found rmw_fastrtps_cpp: 6.2.7 (/opt/ros/humble/share/rmw_fastrtps_cpp/cmake)
[0.828s] -- Using RMW implementation 'rmw_fastrtps_cpp' as default
[0.999s] -- Found sensor_msgs: 4.2.4 (/opt/ros/humble/share/sensor_msgs/cmake)
[1.056s] -- Found cv_bridge: 3.2.1 (/opt/ros/humble/share/cv_bridge/cmake)
[1.214s] -- Configuring done
[1.495s] -- Generating done
[1.499s] -- Build files have been written to: /home/student/ros2_ws/build/lab1
[1.578s] Invoked command in '/home/student/ros2_ws/build/lab1' returned '0': CMAKE_PREFIX_PATH=${CMAKE_PREFIX_PATH}:/home/student/ros2_ws/install/turtlebot3_teleop:/home/student/ros2_ws/install/turtlebot3_example:/opt/ros/humble /usr/bin/cmake /home/student/ros2_ws/src/lab1 -DCMAKE_INSTALL_PREFIX=/home/student/ros2_ws/install/lab1
[1.579s] Invoking command in '/home/student/ros2_ws/build/lab1': CMAKE_PREFIX_PATH=${CMAKE_PREFIX_PATH}:/home/student/ros2_ws/install/turtlebot3_teleop:/home/student/ros2_ws/install/turtlebot3_example:/opt/ros/humble /usr/bin/cmake --build /home/student/ros2_ws/build/lab1 -- -j8 -l8
[1.988s] [35m[1mConsolidate compiler generated dependencies of target labone[0m
[2.000s] [100%] Built target labone
[2.015s] Invoked command in '/home/student/ros2_ws/build/lab1' returned '0': CMAKE_PREFIX_PATH=${CMAKE_PREFIX_PATH}:/home/student/ros2_ws/install/turtlebot3_teleop:/home/student/ros2_ws/install/turtlebot3_example:/opt/ros/humble /usr/bin/cmake --build /home/student/ros2_ws/build/lab1 -- -j8 -l8
[2.210s] Invoking command in '/home/student/ros2_ws/build/lab1': CMAKE_PREFIX_PATH=${CMAKE_PREFIX_PATH}:/home/student/ros2_ws/install/turtlebot3_teleop:/home/student/ros2_ws/install/turtlebot3_example:/opt/ros/humble /usr/bin/cmake --install /home/student/ros2_ws/build/lab1
[2.228s] -- Install configuration: ""
[2.228s] -- Execute custom install script
[2.228s] -- Up-to-date symlink: /home/student/ros2_ws/install/lab1/lib/lab1/labone
[2.228s] -- Up-to-date symlink: /home/student/ros2_ws/install/lab1/share/ament_index/resource_index/package_run_dependencies/lab1
[2.228s] -- Up-to-date symlink: /home/student/ros2_ws/install/lab1/share/ament_index/resource_index/parent_prefix_path/lab1
[2.228s] -- Up-to-date symlink: /home/student/ros2_ws/install/lab1/share/lab1/environment/ament_prefix_path.sh
[2.228s] -- Up-to-date symlink: /home/student/ros2_ws/install/lab1/share/lab1/environment/ament_prefix_path.dsv
[2.229s] -- Up-to-date symlink: /home/student/ros2_ws/install/lab1/share/lab1/environment/path.sh
[2.229s] -- Up-to-date symlink: /home/student/ros2_ws/install/lab1/share/lab1/environment/path.dsv
[2.229s] -- Up-to-date symlink: /home/student/ros2_ws/install/lab1/share/lab1/local_setup.bash
[2.232s] -- Up-to-date symlink: /home/student/ros2_ws/install/lab1/share/lab1/local_setup.sh
[2.233s] -- Up-to-date symlink: /home/student/ros2_ws/install/lab1/share/lab1/local_setup.zsh
[2.233s] -- Up-to-date symlink: /home/student/ros2_ws/install/lab1/share/lab1/local_setup.dsv
[2.233s] -- Symlinking: /home/student/ros2_ws/install/lab1/share/lab1/package.dsv
[2.245s] -- Up-to-date symlink: /home/student/ros2_ws/install/lab1/share/ament_index/resource_index/packages/lab1
[2.245s] -- Up-to-date symlink: /home/student/ros2_ws/install/lab1/share/lab1/cmake/lab1Config.cmake
[2.246s] -- Up-to-date symlink: /home/student/ros2_ws/install/lab1/share/lab1/cmake/lab1Config-version.cmake
[2.246s] -- Up-to-date symlink: /home/student/ros2_ws/install/lab1/share/lab1/package.xml
[2.258s] Invoked command in '/home/student/ros2_ws/build/lab1' returned '0': CMAKE_PREFIX_PATH=${CMAKE_PREFIX_PATH}:/home/student/ros2_ws/install/turtlebot3_teleop:/home/student/ros2_ws/install/turtlebot3_example:/opt/ros/humble /usr/bin/cmake --install /home/student/ros2_ws/build/lab1
