[0.040s] Invoking command in '/home/student/ros2_ws/build/turtlebot3_description': CMAKE_PREFIX_PATH=${CMAKE_PREFIX_PATH}:/home/student/ros2_ws/install/turtlebot3_teleop:/home/student/ros2_ws/install/turtlebot3_example:/opt/ros/humble /usr/bin/cmake /home/student/ros2_ws/src/turtlebot3/turtlebot3_description -DAMENT_CMAKE_SYMLINK_INSTALL=1 -DCMAKE_INSTALL_PREFIX=/home/student/ros2_ws/install/turtlebot3_description
[0.160s] -- The C compiler identification is GNU 11.4.0
[0.339s] -- The CXX compiler identification is GNU 11.4.0
[0.352s] -- Detecting C compiler ABI info
[0.576s] -- Detecting C compiler ABI info - done
[0.592s] -- Check for working C compiler: /usr/bin/cc - skipped
[0.592s] -- Detecting C compile features
[0.593s] -- Detecting C compile features - done
[0.600s] -- Detecting CXX compiler ABI info
[0.803s] -- Detecting CXX compiler ABI info - done
[0.818s] -- Check for working CXX compiler: /usr/bin/c++ - skipped
[0.819s] -- Detecting CXX compile features
[0.820s] -- Detecting CXX compile features - done
[0.825s] -- Found ament_cmake: 1.3.10 (/opt/ros/humble/share/ament_cmake/cmake)
[1.221s] -- Found Python3: /usr/bin/python3 (found version "3.10.12") found components: Interpreter 
[1.360s] -- Override CMake install command with custom implementation using symlinks instead of copying resources
[1.409s] -- Found urdf: 2.6.1 (/opt/ros/humble/share/urdf/cmake)
[1.653s] -- Configuring done
[1.670s] -- Generating done
[1.672s] -- Build files have been written to: /home/student/ros2_ws/build/turtlebot3_description
[1.692s] Invoked command in '/home/student/ros2_ws/build/turtlebot3_description' returned '0': CMAKE_PREFIX_PATH=${CMAKE_PREFIX_PATH}:/home/student/ros2_ws/install/turtlebot3_teleop:/home/student/ros2_ws/install/turtlebot3_example:/opt/ros/humble /usr/bin/cmake /home/student/ros2_ws/src/turtlebot3/turtlebot3_description -DAMENT_CMAKE_SYMLINK_INSTALL=1 -DCMAKE_INSTALL_PREFIX=/home/student/ros2_ws/install/turtlebot3_description
[1.693s] Invoking command in '/home/student/ros2_ws/build/turtlebot3_description': CMAKE_PREFIX_PATH=${CMAKE_PREFIX_PATH}:/home/student/ros2_ws/install/turtlebot3_teleop:/home/student/ros2_ws/install/turtlebot3_example:/opt/ros/humble /usr/bin/cmake --build /home/student/ros2_ws/build/turtlebot3_description -- -j8 -l8
[1.968s] Invoked command in '/home/student/ros2_ws/build/turtlebot3_description' returned '0': CMAKE_PREFIX_PATH=${CMAKE_PREFIX_PATH}:/home/student/ros2_ws/install/turtlebot3_teleop:/home/student/ros2_ws/install/turtlebot3_example:/opt/ros/humble /usr/bin/cmake --build /home/student/ros2_ws/build/turtlebot3_description -- -j8 -l8
[2.234s] Invoking command in '/home/student/ros2_ws/build/turtlebot3_description': CMAKE_PREFIX_PATH=${CMAKE_PREFIX_PATH}:/home/student/ros2_ws/install/turtlebot3_teleop:/home/student/ros2_ws/install/turtlebot3_example:/opt/ros/humble /usr/bin/cmake --install /home/student/ros2_ws/build/turtlebot3_description
[3.046s] -- Install configuration: ""
[3.046s] -- Execute custom install script
[3.046s] -- Symlinking: /home/student/ros2_ws/install/turtlebot3_description/share/turtlebot3_description/meshes/bases/burger_base.stl
[3.047s] -- Symlinking: /home/student/ros2_ws/install/turtlebot3_description/share/turtlebot3_description/meshes/bases/waffle_base.stl
[3.047s] -- Symlinking: /home/student/ros2_ws/install/turtlebot3_description/share/turtlebot3_description/meshes/bases/waffle_pi_base.stl
[3.047s] -- Symlinking: /home/student/ros2_ws/install/turtlebot3_description/share/turtlebot3_description/meshes/sensors/astra.dae
[3.047s] -- Symlinking: /home/student/ros2_ws/install/turtlebot3_description/share/turtlebot3_description/meshes/sensors/astra.jpg
[3.048s] -- Symlinking: /home/student/ros2_ws/install/turtlebot3_description/share/turtlebot3_description/meshes/sensors/lds.stl
[3.048s] -- Symlinking: /home/student/ros2_ws/install/turtlebot3_description/share/turtlebot3_description/meshes/sensors/r200.dae
[3.048s] -- Symlinking: /home/student/ros2_ws/install/turtlebot3_description/share/turtlebot3_description/meshes/sensors/r200.jpg
[3.049s] -- Symlinking: /home/student/ros2_ws/install/turtlebot3_description/share/turtlebot3_description/meshes/wheels/left_tire.stl
[3.050s] -- Symlinking: /home/student/ros2_ws/install/turtlebot3_description/share/turtlebot3_description/meshes/wheels/right_tire.stl
[3.050s] -- Symlinking: /home/student/ros2_ws/install/turtlebot3_description/share/turtlebot3_description/rviz/model.rviz
[3.050s] -- Symlinking: /home/student/ros2_ws/install/turtlebot3_description/share/turtlebot3_description/urdf/common_properties.urdf
[3.051s] -- Symlinking: /home/student/ros2_ws/install/turtlebot3_description/share/turtlebot3_description/urdf/turtlebot3_burger.urdf
[3.051s] -- Symlinking: /home/student/ros2_ws/install/turtlebot3_description/share/turtlebot3_description/urdf/turtlebot3_waffle.urdf
[3.051s] -- Symlinking: /home/student/ros2_ws/install/turtlebot3_description/share/turtlebot3_description/urdf/turtlebot3_waffle_pi.urdf
[3.051s] -- Symlinking: /home/student/ros2_ws/install/turtlebot3_description/share/ament_index/resource_index/package_run_dependencies/turtlebot3_description
[3.051s] -- Symlinking: /home/student/ros2_ws/install/turtlebot3_description/share/ament_index/resource_index/parent_prefix_path/turtlebot3_description
[3.052s] -- Symlinking: /home/student/ros2_ws/install/turtlebot3_description/share/turtlebot3_description/environment/ament_prefix_path.sh
[3.052s] -- Symlinking: /home/student/ros2_ws/install/turtlebot3_description/share/turtlebot3_description/environment/ament_prefix_path.dsv
[3.056s] -- Symlinking: /home/student/ros2_ws/install/turtlebot3_description/share/turtlebot3_description/environment/path.sh
[3.056s] -- Symlinking: /home/student/ros2_ws/install/turtlebot3_description/share/turtlebot3_description/environment/path.dsv
[3.056s] -- Symlinking: /home/student/ros2_ws/install/turtlebot3_description/share/turtlebot3_description/local_setup.bash
[3.057s] -- Symlinking: /home/student/ros2_ws/install/turtlebot3_description/share/turtlebot3_description/local_setup.sh
[3.057s] -- Symlinking: /home/student/ros2_ws/install/turtlebot3_description/share/turtlebot3_description/local_setup.zsh
[3.070s] -- Symlinking: /home/student/ros2_ws/install/turtlebot3_description/share/turtlebot3_description/local_setup.dsv
[3.091s] -- Symlinking: /home/student/ros2_ws/install/turtlebot3_description/share/turtlebot3_description/package.dsv
[3.101s] -- Symlinking: /home/student/ros2_ws/install/turtlebot3_description/share/ament_index/resource_index/packages/turtlebot3_description
[3.123s] -- Symlinking: /home/student/ros2_ws/install/turtlebot3_description/share/turtlebot3_description/cmake/turtlebot3_descriptionConfig.cmake
[3.142s] -- Symlinking: /home/student/ros2_ws/install/turtlebot3_description/share/turtlebot3_description/cmake/turtlebot3_descriptionConfig-version.cmake
[3.164s] -- Symlinking: /home/student/ros2_ws/install/turtlebot3_description/share/turtlebot3_description/package.xml
[3.534s] Invoked command in '/home/student/ros2_ws/build/turtlebot3_description' returned '0': CMAKE_PREFIX_PATH=${CMAKE_PREFIX_PATH}:/home/student/ros2_ws/install/turtlebot3_teleop:/home/student/ros2_ws/install/turtlebot3_example:/opt/ros/humble /usr/bin/cmake --install /home/student/ros2_ws/build/turtlebot3_description
