[0.017s] Invoking command in '/home/student/ros2_ws/src/week2/build/week2': CMAKE_PREFIX_PATH=${CMAKE_PREFIX_PATH}:/home/student/ros2_ws/install/turtlebot3_teleop:/home/student/ros2_ws/install/turtlebot3_example:/opt/ros/humble /usr/bin/cmake --build /home/student/ros2_ws/src/week2/build/week2 -- -j8 -l8
[0.075s] [35m[1mConsolidate compiler generated dependencies of target week2[0m
[0.102s] [100%] Built target week2
[0.117s] Invoked command in '/home/student/ros2_ws/src/week2/build/week2' returned '0': CMAKE_PREFIX_PATH=${CMAKE_PREFIX_PATH}:/home/student/ros2_ws/install/turtlebot3_teleop:/home/student/ros2_ws/install/turtlebot3_example:/opt/ros/humble /usr/bin/cmake --build /home/student/ros2_ws/src/week2/build/week2 -- -j8 -l8
[0.165s] Invoking command in '/home/student/ros2_ws/src/week2/build/week2': CMAKE_PREFIX_PATH=${CMAKE_PREFIX_PATH}:/home/student/ros2_ws/install/turtlebot3_teleop:/home/student/ros2_ws/install/turtlebot3_example:/opt/ros/humble /usr/bin/cmake --install /home/student/ros2_ws/src/week2/build/week2
[0.175s] -- Install configuration: ""
[0.175s] -- Up-to-date: /home/student/ros2_ws/src/week2/install/week2/lib/week2/week2
[0.175s] -- Up-to-date: /home/student/ros2_ws/src/week2/install/week2/share/ament_index/resource_index/package_run_dependencies/week2
[0.175s] -- Up-to-date: /home/student/ros2_ws/src/week2/install/week2/share/ament_index/resource_index/parent_prefix_path/week2
[0.176s] -- Up-to-date: /home/student/ros2_ws/src/week2/install/week2/share/week2/environment/ament_prefix_path.sh
[0.176s] -- Up-to-date: /home/student/ros2_ws/src/week2/install/week2/share/week2/environment/ament_prefix_path.dsv
[0.176s] -- Up-to-date: /home/student/ros2_ws/src/week2/install/week2/share/week2/environment/path.sh
[0.176s] -- Up-to-date: /home/student/ros2_ws/src/week2/install/week2/share/week2/environment/path.dsv
[0.177s] -- Up-to-date: /home/student/ros2_ws/src/week2/install/week2/share/week2/local_setup.bash
[0.177s] -- Up-to-date: /home/student/ros2_ws/src/week2/install/week2/share/week2/local_setup.sh
[0.177s] -- Up-to-date: /home/student/ros2_ws/src/week2/install/week2/share/week2/local_setup.zsh
[0.177s] -- Up-to-date: /home/student/ros2_ws/src/week2/install/week2/share/week2/local_setup.dsv
[0.178s] -- Installing: /home/student/ros2_ws/src/week2/install/week2/share/week2/package.dsv
[0.178s] -- Up-to-date: /home/student/ros2_ws/src/week2/install/week2/share/ament_index/resource_index/packages/week2
[0.179s] -- Up-to-date: /home/student/ros2_ws/src/week2/install/week2/share/week2/cmake/week2Config.cmake
[0.179s] -- Up-to-date: /home/student/ros2_ws/src/week2/install/week2/share/week2/cmake/week2Config-version.cmake
[0.179s] -- Up-to-date: /home/student/ros2_ws/src/week2/install/week2/share/week2/package.xml
[0.180s] Invoked command in '/home/student/ros2_ws/src/week2/build/week2' returned '0': CMAKE_PREFIX_PATH=${CMAKE_PREFIX_PATH}:/home/student/ros2_ws/install/turtlebot3_teleop:/home/student/ros2_ws/install/turtlebot3_example:/opt/ros/humble /usr/bin/cmake --install /home/student/ros2_ws/src/week2/build/week2
