[0.041s] Invoking command in '/home/student/ros2_ws/build/turtlesim': CMAKE_PREFIX_PATH=${CMAKE_PREFIX_PATH}:/home/student/ros2_ws/install/turtlebot3_teleop:/home/student/ros2_ws/install/turtlebot3_example:/opt/ros/humble /usr/bin/cmake /home/student/ros2_ws/src/ros_tutorials/turtlesim -DCMAKE_INSTALL_PREFIX=/home/student/ros2_ws/install/turtlesim
[0.067s] -- Found ament_cmake: 1.3.10 (/opt/ros/humble/share/ament_cmake/cmake)
[0.342s] -- Override CMake install command with custom implementation using symlinks instead of copying resources
[0.355s] -- Found ament_index_cpp: 1.4.0 (/opt/ros/humble/share/ament_index_cpp/cmake)
[0.358s] -- Found geometry_msgs: 4.2.4 (/opt/ros/humble/share/geometry_msgs/cmake)
[0.415s] -- Found rosidl_generator_c: 3.1.5 (/opt/ros/humble/share/rosidl_generator_c/cmake)
[0.419s] -- Found rosidl_adapter: 3.1.5 (/opt/ros/humble/share/rosidl_adapter/cmake)
[0.428s] -- Found rosidl_generator_cpp: 3.1.5 (/opt/ros/humble/share/rosidl_generator_cpp/cmake)
[0.449s] -- Using all available rosidl_typesupport_c: rosidl_typesupport_fastrtps_c;rosidl_typesupport_introspection_c
[0.477s] -- Using all available rosidl_typesupport_cpp: rosidl_typesupport_fastrtps_cpp;rosidl_typesupport_introspection_cpp
[0.547s] -- Found rclcpp: 16.0.10 (/opt/ros/humble/share/rclcpp/cmake)
[0.592s] -- Found rmw_implementation_cmake: 6.1.2 (/opt/ros/humble/share/rmw_implementation_cmake/cmake)
[0.595s] -- Found rmw_fastrtps_cpp: 6.2.7 (/opt/ros/humble/share/rmw_fastrtps_cpp/cmake)
[0.808s] -- Using RMW implementation 'rmw_fastrtps_cpp' as default
[0.881s] -- Found rclcpp_action: 16.0.10 (/opt/ros/humble/share/rclcpp_action/cmake)
[0.937s] -- Found rosidl_default_generators: 1.2.0 (/opt/ros/humble/share/rosidl_default_generators/cmake)
[0.953s] -- Found std_srvs: 4.2.4 (/opt/ros/humble/share/std_srvs/cmake)
[1.714s] -- Found ament_cmake_ros: 0.10.0 (/opt/ros/humble/share/ament_cmake_ros/cmake)
[2.354s] -- Using all available rosidl_typesupport_c: rosidl_typesupport_fastrtps_c;rosidl_typesupport_introspection_c
[2.624s] -- Using all available rosidl_typesupport_cpp: rosidl_typesupport_fastrtps_cpp;rosidl_typesupport_introspection_cpp
[2.703s] -- Found python_cmake_module: 0.10.0 (/opt/ros/humble/share/python_cmake_module/cmake)
[2.760s] -- Using PYTHON_EXECUTABLE: /usr/bin/python3
[2.760s] -- Using PYTHON_INCLUDE_DIRS: /usr/include/python3.10
[2.760s] -- Using PYTHON_LIBRARIES: /usr/lib/x86_64-linux-gnu/libpython3.10.so
[2.906s] -- Configuring done
[3.075s] -- Generating done
[3.089s] -- Build files have been written to: /home/student/ros2_ws/build/turtlesim
[3.135s] Invoked command in '/home/student/ros2_ws/build/turtlesim' returned '0': CMAKE_PREFIX_PATH=${CMAKE_PREFIX_PATH}:/home/student/ros2_ws/install/turtlebot3_teleop:/home/student/ros2_ws/install/turtlebot3_example:/opt/ros/humble /usr/bin/cmake /home/student/ros2_ws/src/ros_tutorials/turtlesim -DCMAKE_INSTALL_PREFIX=/home/student/ros2_ws/install/turtlesim
[3.136s] Invoking command in '/home/student/ros2_ws/build/turtlesim': CMAKE_PREFIX_PATH=${CMAKE_PREFIX_PATH}:/home/student/ros2_ws/install/turtlebot3_teleop:/home/student/ros2_ws/install/turtlebot3_example:/opt/ros/humble /usr/bin/cmake --build /home/student/ros2_ws/build/turtlesim -- -j8 -l8
[3.251s] [35m[1mConsolidate compiler generated dependencies of target turtlesim__rosidl_generator_c[0m
[3.301s] [ 10%] Built target turtlesim__rosidl_generator_c
[3.318s] [ 11%] Built target turtlesim__cpp
[3.325s] [ 11%] Built target ament_cmake_python_symlink_turtlesim
[3.383s] [35m[1mConsolidate compiler generated dependencies of target turtlesim__rosidl_typesupport_fastrtps_c[0m
[3.383s] [35m[1mConsolidate compiler generated dependencies of target turtlesim__rosidl_typesupport_introspection_cpp[0m
[3.412s] [35m[1mConsolidate compiler generated dependencies of target turtlesim__rosidl_typesupport_c[0m
[3.439s] [ 21%] Built target turtlesim__rosidl_typesupport_introspection_cpp
[3.442s] [35m[1mConsolidate compiler generated dependencies of target turtlesim__rosidl_typesupport_introspection_c[0m
[3.468s] [ 31%] Built target turtlesim__rosidl_typesupport_fastrtps_c
[3.478s] [ 41%] Built target turtlesim__rosidl_typesupport_c
[3.484s] [35m[1mConsolidate compiler generated dependencies of target turtlesim__rosidl_typesupport_cpp[0m
[3.497s] [ 51%] Built target turtlesim__rosidl_typesupport_introspection_c
[3.500s] [35m[1mConsolidate compiler generated dependencies of target turtlesim__rosidl_typesupport_fastrtps_cpp[0m
[3.533s] [ 61%] Built target turtlesim__rosidl_typesupport_cpp
[3.581s] [ 71%] Built target turtlesim__rosidl_typesupport_fastrtps_cpp
[3.585s] [35m[1mConsolidate compiler generated dependencies of target turtle_teleop_key[0m
[3.586s] [35m[1mConsolidate compiler generated dependencies of target draw_square[0m
[3.615s] [35m[1mConsolidate compiler generated dependencies of target turtlesim_node[0m
[3.635s] [ 71%] Built target turtlesim
[3.647s] [35m[1mConsolidate compiler generated dependencies of target mimic[0m
[3.651s] [ 73%] Built target turtle_teleop_key
[3.653s] [ 75%] Built target draw_square
[3.687s] [ 81%] Built target turtlesim_node
[3.695s] [ 82%] Built target turtlesim__py
[3.699s] [ 84%] Built target mimic
[3.715s] [35m[1mConsolidate compiler generated dependencies of target turtlesim__rosidl_generator_py[0m
[3.747s] [ 93%] Built target turtlesim__rosidl_generator_py
[3.765s] [35m[1mConsolidate compiler generated dependencies of target turtlesim__rosidl_typesupport_fastrtps_c__pyext[0m
[3.766s] [35m[1mConsolidate compiler generated dependencies of target turtlesim__rosidl_typesupport_introspection_c__pyext[0m
[3.767s] [35m[1mConsolidate compiler generated dependencies of target turtlesim__rosidl_typesupport_c__pyext[0m
[3.802s] [ 95%] Built target turtlesim__rosidl_typesupport_c__pyext
[3.802s] [ 98%] Built target turtlesim__rosidl_typesupport_introspection_c__pyext
[3.802s] [100%] Built target turtlesim__rosidl_typesupport_fastrtps_c__pyext
[3.838s] running egg_info
[3.838s] writing turtlesim.egg-info/PKG-INFO
[3.838s] writing dependency_links to turtlesim.egg-info/dependency_links.txt
[3.838s] writing top-level names to turtlesim.egg-info/top_level.txt
[3.839s] reading manifest file 'turtlesim.egg-info/SOURCES.txt'
[3.840s] writing manifest file 'turtlesim.egg-info/SOURCES.txt'
[3.882s] [100%] Built target ament_cmake_python_build_turtlesim_egg
[3.910s] Invoked command in '/home/student/ros2_ws/build/turtlesim' returned '0': CMAKE_PREFIX_PATH=${CMAKE_PREFIX_PATH}:/home/student/ros2_ws/install/turtlebot3_teleop:/home/student/ros2_ws/install/turtlebot3_example:/opt/ros/humble /usr/bin/cmake --build /home/student/ros2_ws/build/turtlesim -- -j8 -l8
[4.834s] Invoking command in '/home/student/ros2_ws/build/turtlesim': CMAKE_PREFIX_PATH=${CMAKE_PREFIX_PATH}:/home/student/ros2_ws/install/turtlebot3_teleop:/home/student/ros2_ws/install/turtlebot3_example:/opt/ros/humble /usr/bin/cmake --install /home/student/ros2_ws/build/turtlesim
[4.846s] -- Install configuration: ""
[4.846s] -- Execute custom install script
[4.847s] -- Up-to-date symlink: /home/student/ros2_ws/install/turtlesim/share/ament_index/resource_index/rosidl_interfaces/turtlesim
[4.847s] -- Up-to-date symlink: /home/student/ros2_ws/install/turtlesim/include/turtlesim/turtlesim/action/detail/rotate_absolute__functions.h
[4.847s] -- Up-to-date symlink: /home/student/ros2_ws/install/turtlesim/include/turtlesim/turtlesim/action/detail/rotate_absolute__struct.h
[4.847s] -- Up-to-date symlink: /home/student/ros2_ws/install/turtlesim/include/turtlesim/turtlesim/action/detail/rotate_absolute__type_support.h
[4.847s] -- Up-to-date symlink: /home/student/ros2_ws/install/turtlesim/include/turtlesim/turtlesim/action/rotate_absolute.h
[4.847s] -- Up-to-date symlink: /home/student/ros2_ws/install/turtlesim/include/turtlesim/turtlesim/msg/color.h
[4.847s] -- Up-to-date symlink: /home/student/ros2_ws/install/turtlesim/include/turtlesim/turtlesim/msg/detail/color__functions.h
[4.848s] -- Up-to-date symlink: /home/student/ros2_ws/install/turtlesim/include/turtlesim/turtlesim/msg/detail/color__struct.h
[4.848s] -- Up-to-date symlink: /home/student/ros2_ws/install/turtlesim/include/turtlesim/turtlesim/msg/detail/color__type_support.h
[4.848s] -- Up-to-date symlink: /home/student/ros2_ws/install/turtlesim/include/turtlesim/turtlesim/msg/detail/pose__functions.h
[4.848s] -- Up-to-date symlink: /home/student/ros2_ws/install/turtlesim/include/turtlesim/turtlesim/msg/detail/pose__struct.h
[4.848s] -- Up-to-date symlink: /home/student/ros2_ws/install/turtlesim/include/turtlesim/turtlesim/msg/detail/pose__type_support.h
[4.848s] -- Up-to-date symlink: /home/student/ros2_ws/install/turtlesim/include/turtlesim/turtlesim/msg/pose.h
[4.848s] -- Up-to-date symlink: /home/student/ros2_ws/install/turtlesim/include/turtlesim/turtlesim/msg/rosidl_generator_c__visibility_control.h
[4.848s] -- Up-to-date symlink: /home/student/ros2_ws/install/turtlesim/include/turtlesim/turtlesim/srv/detail/kill__functions.h
[4.848s] -- Up-to-date symlink: /home/student/ros2_ws/install/turtlesim/include/turtlesim/turtlesim/srv/detail/kill__struct.h
[4.849s] -- Up-to-date symlink: /home/student/ros2_ws/install/turtlesim/include/turtlesim/turtlesim/srv/detail/kill__type_support.h
[4.849s] -- Up-to-date symlink: /home/student/ros2_ws/install/turtlesim/include/turtlesim/turtlesim/srv/detail/set_pen__functions.h
[4.849s] -- Up-to-date symlink: /home/student/ros2_ws/install/turtlesim/include/turtlesim/turtlesim/srv/detail/set_pen__struct.h
[4.849s] -- Up-to-date symlink: /home/student/ros2_ws/install/turtlesim/include/turtlesim/turtlesim/srv/detail/set_pen__type_support.h
[4.849s] -- Up-to-date symlink: /home/student/ros2_ws/install/turtlesim/include/turtlesim/turtlesim/srv/detail/spawn__functions.h
[4.849s] -- Up-to-date symlink: /home/student/ros2_ws/install/turtlesim/include/turtlesim/turtlesim/srv/detail/spawn__struct.h
[4.849s] -- Up-to-date symlink: /home/student/ros2_ws/install/turtlesim/include/turtlesim/turtlesim/srv/detail/spawn__type_support.h
[4.849s] -- Up-to-date symlink: /home/student/ros2_ws/install/turtlesim/include/turtlesim/turtlesim/srv/detail/teleport_absolute__functions.h
[4.849s] -- Up-to-date symlink: /home/student/ros2_ws/install/turtlesim/include/turtlesim/turtlesim/srv/detail/teleport_absolute__struct.h
[4.849s] -- Up-to-date symlink: /home/student/ros2_ws/install/turtlesim/include/turtlesim/turtlesim/srv/detail/teleport_absolute__type_support.h
[4.850s] -- Up-to-date symlink: /home/student/ros2_ws/install/turtlesim/include/turtlesim/turtlesim/srv/detail/teleport_relative__functions.h
[4.850s] -- Up-to-date symlink: /home/student/ros2_ws/install/turtlesim/include/turtlesim/turtlesim/srv/detail/teleport_relative__struct.h
[4.850s] -- Up-to-date symlink: /home/student/ros2_ws/install/turtlesim/include/turtlesim/turtlesim/srv/detail/teleport_relative__type_support.h
[4.850s] -- Up-to-date symlink: /home/student/ros2_ws/install/turtlesim/include/turtlesim/turtlesim/srv/kill.h
[4.850s] -- Up-to-date symlink: /home/student/ros2_ws/install/turtlesim/include/turtlesim/turtlesim/srv/set_pen.h
[4.850s] -- Up-to-date symlink: /home/student/ros2_ws/install/turtlesim/include/turtlesim/turtlesim/srv/spawn.h
[4.850s] -- Up-to-date symlink: /home/student/ros2_ws/install/turtlesim/include/turtlesim/turtlesim/srv/teleport_absolute.h
[4.850s] -- Up-to-date symlink: /home/student/ros2_ws/install/turtlesim/include/turtlesim/turtlesim/srv/teleport_relative.h
[4.850s] -- Up-to-date symlink: /home/student/ros2_ws/install/turtlesim/share/turtlesim/environment/library_path.sh
[4.851s] -- Up-to-date symlink: /home/student/ros2_ws/install/turtlesim/share/turtlesim/environment/library_path.dsv
[4.851s] -- Up-to-date symlink: /home/student/ros2_ws/install/turtlesim/include/turtlesim/turtlesim/action/detail/rotate_absolute__rosidl_typesupport_fastrtps_c.h
[4.851s] -- Up-to-date symlink: /home/student/ros2_ws/install/turtlesim/include/turtlesim/turtlesim/msg/detail/color__rosidl_typesupport_fastrtps_c.h
[4.851s] -- Up-to-date symlink: /home/student/ros2_ws/install/turtlesim/include/turtlesim/turtlesim/msg/detail/pose__rosidl_typesupport_fastrtps_c.h
[4.851s] -- Up-to-date symlink: /home/student/ros2_ws/install/turtlesim/include/turtlesim/turtlesim/msg/rosidl_typesupport_fastrtps_c__visibility_control.h
[4.851s] -- Up-to-date symlink: /home/student/ros2_ws/install/turtlesim/include/turtlesim/turtlesim/srv/detail/kill__rosidl_typesupport_fastrtps_c.h
[4.851s] -- Up-to-date symlink: /home/student/ros2_ws/install/turtlesim/include/turtlesim/turtlesim/srv/detail/set_pen__rosidl_typesupport_fastrtps_c.h
[4.851s] -- Up-to-date symlink: /home/student/ros2_ws/install/turtlesim/include/turtlesim/turtlesim/srv/detail/spawn__rosidl_typesupport_fastrtps_c.h
[4.851s] -- Up-to-date symlink: /home/student/ros2_ws/install/turtlesim/include/turtlesim/turtlesim/srv/detail/teleport_absolute__rosidl_typesupport_fastrtps_c.h
[4.851s] -- Up-to-date symlink: /home/student/ros2_ws/install/turtlesim/include/turtlesim/turtlesim/srv/detail/teleport_relative__rosidl_typesupport_fastrtps_c.h
[4.852s] -- Up-to-date symlink: /home/student/ros2_ws/install/turtlesim/include/turtlesim/turtlesim/action/detail/rotate_absolute__builder.hpp
[4.852s] -- Up-to-date symlink: /home/student/ros2_ws/install/turtlesim/include/turtlesim/turtlesim/action/detail/rotate_absolute__struct.hpp
[4.853s] -- Up-to-date symlink: /home/student/ros2_ws/install/turtlesim/include/turtlesim/turtlesim/action/detail/rotate_absolute__traits.hpp
[4.853s] -- Up-to-date symlink: /home/student/ros2_ws/install/turtlesim/include/turtlesim/turtlesim/action/rotate_absolute.hpp
[4.853s] -- Up-to-date symlink: /home/student/ros2_ws/install/turtlesim/include/turtlesim/turtlesim/msg/color.hpp
[4.853s] -- Up-to-date symlink: /home/student/ros2_ws/install/turtlesim/include/turtlesim/turtlesim/msg/detail/color__builder.hpp
[4.853s] -- Up-to-date symlink: /home/student/ros2_ws/install/turtlesim/include/turtlesim/turtlesim/msg/detail/color__struct.hpp
[4.853s] -- Up-to-date symlink: /home/student/ros2_ws/install/turtlesim/include/turtlesim/turtlesim/msg/detail/color__traits.hpp
[4.854s] -- Up-to-date symlink: /home/student/ros2_ws/install/turtlesim/include/turtlesim/turtlesim/msg/detail/pose__builder.hpp
[4.854s] -- Up-to-date symlink: /home/student/ros2_ws/install/turtlesim/include/turtlesim/turtlesim/msg/detail/pose__struct.hpp
[4.854s] -- Up-to-date symlink: /home/student/ros2_ws/install/turtlesim/include/turtlesim/turtlesim/msg/detail/pose__traits.hpp
[4.854s] -- Up-to-date symlink: /home/student/ros2_ws/install/turtlesim/include/turtlesim/turtlesim/msg/pose.hpp
[4.854s] -- Up-to-date symlink: /home/student/ros2_ws/install/turtlesim/include/turtlesim/turtlesim/srv/detail/kill__builder.hpp
[4.855s] -- Up-to-date symlink: /home/student/ros2_ws/install/turtlesim/include/turtlesim/turtlesim/srv/detail/kill__struct.hpp
[4.855s] -- Up-to-date symlink: /home/student/ros2_ws/install/turtlesim/include/turtlesim/turtlesim/srv/detail/kill__traits.hpp
[4.855s] -- Up-to-date symlink: /home/student/ros2_ws/install/turtlesim/include/turtlesim/turtlesim/srv/detail/set_pen__builder.hpp
[4.855s] -- Up-to-date symlink: /home/student/ros2_ws/install/turtlesim/include/turtlesim/turtlesim/srv/detail/set_pen__struct.hpp
[4.855s] -- Up-to-date symlink: /home/student/ros2_ws/install/turtlesim/include/turtlesim/turtlesim/srv/detail/set_pen__traits.hpp
[4.855s] -- Up-to-date symlink: /home/student/ros2_ws/install/turtlesim/include/turtlesim/turtlesim/srv/detail/spawn__builder.hpp
[4.856s] -- Up-to-date symlink: /home/student/ros2_ws/install/turtlesim/include/turtlesim/turtlesim/srv/detail/spawn__struct.hpp
[4.856s] -- Up-to-date symlink: /home/student/ros2_ws/install/turtlesim/include/turtlesim/turtlesim/srv/detail/spawn__traits.hpp
[4.856s] -- Up-to-date symlink: /home/student/ros2_ws/install/turtlesim/include/turtlesim/turtlesim/srv/detail/teleport_absolute__builder.hpp
[4.856s] -- Up-to-date symlink: /home/student/ros2_ws/install/turtlesim/include/turtlesim/turtlesim/srv/detail/teleport_absolute__struct.hpp
[4.856s] -- Up-to-date symlink: /home/student/ros2_ws/install/turtlesim/include/turtlesim/turtlesim/srv/detail/teleport_absolute__traits.hpp
[4.856s] -- Up-to-date symlink: /home/student/ros2_ws/install/turtlesim/include/turtlesim/turtlesim/srv/detail/teleport_relative__builder.hpp
[4.857s] -- Up-to-date symlink: /home/student/ros2_ws/install/turtlesim/include/turtlesim/turtlesim/srv/detail/teleport_relative__struct.hpp
[4.857s] -- Up-to-date symlink: /home/student/ros2_ws/install/turtlesim/include/turtlesim/turtlesim/srv/detail/teleport_relative__traits.hpp
[4.857s] -- Up-to-date symlink: /home/student/ros2_ws/install/turtlesim/include/turtlesim/turtlesim/srv/kill.hpp
[4.857s] -- Up-to-date symlink: /home/student/ros2_ws/install/turtlesim/include/turtlesim/turtlesim/srv/set_pen.hpp
[4.857s] -- Up-to-date symlink: /home/student/ros2_ws/install/turtlesim/include/turtlesim/turtlesim/srv/spawn.hpp
[4.857s] -- Up-to-date symlink: /home/student/ros2_ws/install/turtlesim/include/turtlesim/turtlesim/srv/teleport_absolute.hpp
[4.858s] -- Up-to-date symlink: /home/student/ros2_ws/install/turtlesim/include/turtlesim/turtlesim/srv/teleport_relative.hpp
[4.869s] -- Up-to-date symlink: /home/student/ros2_ws/install/turtlesim/include/turtlesim/turtlesim/action/detail/rotate_absolute__rosidl_typesupport_fastrtps_cpp.hpp
[4.870s] -- Up-to-date symlink: /home/student/ros2_ws/install/turtlesim/include/turtlesim/turtlesim/msg/detail/color__rosidl_typesupport_fastrtps_cpp.hpp
[4.870s] -- Up-to-date symlink: /home/student/ros2_ws/install/turtlesim/include/turtlesim/turtlesim/msg/detail/pose__rosidl_typesupport_fastrtps_cpp.hpp
[4.870s] -- Up-to-date symlink: /home/student/ros2_ws/install/turtlesim/include/turtlesim/turtlesim/msg/rosidl_typesupport_fastrtps_cpp__visibility_control.h
[4.870s] -- Up-to-date symlink: /home/student/ros2_ws/install/turtlesim/include/turtlesim/turtlesim/srv/detail/kill__rosidl_typesupport_fastrtps_cpp.hpp
[4.870s] -- Up-to-date symlink: /home/student/ros2_ws/install/turtlesim/include/turtlesim/turtlesim/srv/detail/set_pen__rosidl_typesupport_fastrtps_cpp.hpp
[4.871s] -- Up-to-date symlink: /home/student/ros2_ws/install/turtlesim/include/turtlesim/turtlesim/srv/detail/spawn__rosidl_typesupport_fastrtps_cpp.hpp
[4.871s] -- Up-to-date symlink: /home/student/ros2_ws/install/turtlesim/include/turtlesim/turtlesim/srv/detail/teleport_absolute__rosidl_typesupport_fastrtps_cpp.hpp
[4.871s] -- Up-to-date symlink: /home/student/ros2_ws/install/turtlesim/include/turtlesim/turtlesim/srv/detail/teleport_relative__rosidl_typesupport_fastrtps_cpp.hpp
[4.871s] -- Up-to-date symlink: /home/student/ros2_ws/install/turtlesim/include/turtlesim/turtlesim/action/detail/rotate_absolute__rosidl_typesupport_introspection_c.h
[4.871s] -- Up-to-date symlink: /home/student/ros2_ws/install/turtlesim/include/turtlesim/turtlesim/msg/detail/color__rosidl_typesupport_introspection_c.h
[4.872s] -- Up-to-date symlink: /home/student/ros2_ws/install/turtlesim/include/turtlesim/turtlesim/msg/detail/pose__rosidl_typesupport_introspection_c.h
[4.872s] -- Up-to-date symlink: /home/student/ros2_ws/install/turtlesim/include/turtlesim/turtlesim/msg/rosidl_typesupport_introspection_c__visibility_control.h
[4.872s] -- Up-to-date symlink: /home/student/ros2_ws/install/turtlesim/include/turtlesim/turtlesim/srv/detail/kill__rosidl_typesupport_introspection_c.h
[4.872s] -- Up-to-date symlink: /home/student/ros2_ws/install/turtlesim/include/turtlesim/turtlesim/srv/detail/set_pen__rosidl_typesupport_introspection_c.h
[4.873s] -- Up-to-date symlink: /home/student/ros2_ws/install/turtlesim/include/turtlesim/turtlesim/srv/detail/spawn__rosidl_typesupport_introspection_c.h
[4.873s] -- Up-to-date symlink: /home/student/ros2_ws/install/turtlesim/include/turtlesim/turtlesim/srv/detail/teleport_absolute__rosidl_typesupport_introspection_c.h
[4.873s] -- Up-to-date symlink: /home/student/ros2_ws/install/turtlesim/include/turtlesim/turtlesim/srv/detail/teleport_relative__rosidl_typesupport_introspection_c.h
[4.874s] -- Up-to-date symlink: /home/student/ros2_ws/install/turtlesim/include/turtlesim/turtlesim/action/detail/rotate_absolute__rosidl_typesupport_introspection_cpp.hpp
[4.874s] -- Up-to-date symlink: /home/student/ros2_ws/install/turtlesim/include/turtlesim/turtlesim/msg/detail/color__rosidl_typesupport_introspection_cpp.hpp
[4.874s] -- Up-to-date symlink: /home/student/ros2_ws/install/turtlesim/include/turtlesim/turtlesim/msg/detail/pose__rosidl_typesupport_introspection_cpp.hpp
[4.874s] -- Up-to-date symlink: /home/student/ros2_ws/install/turtlesim/include/turtlesim/turtlesim/srv/detail/kill__rosidl_typesupport_introspection_cpp.hpp
[4.875s] -- Up-to-date symlink: /home/student/ros2_ws/install/turtlesim/include/turtlesim/turtlesim/srv/detail/set_pen__rosidl_typesupport_introspection_cpp.hpp
[4.875s] -- Up-to-date symlink: /home/student/ros2_ws/install/turtlesim/include/turtlesim/turtlesim/srv/detail/spawn__rosidl_typesupport_introspection_cpp.hpp
[4.875s] -- Up-to-date symlink: /home/student/ros2_ws/install/turtlesim/include/turtlesim/turtlesim/srv/detail/teleport_absolute__rosidl_typesupport_introspection_cpp.hpp
[4.875s] -- Up-to-date symlink: /home/student/ros2_ws/install/turtlesim/include/turtlesim/turtlesim/srv/detail/teleport_relative__rosidl_typesupport_introspection_cpp.hpp
[4.876s] -- Up-to-date symlink: /home/student/ros2_ws/install/turtlesim/share/turtlesim/environment/pythonpath.sh
[4.883s] -- Up-to-date symlink: /home/student/ros2_ws/install/turtlesim/share/turtlesim/environment/pythonpath.dsv
[4.884s] -- Up-to-date symlink: /home/student/ros2_ws/install/turtlesim/local/lib/python3.10/dist-packages/turtlesim-1.4.2-py3.10.egg-info/PKG-INFO
[4.884s] -- Up-to-date symlink: /home/student/ros2_ws/install/turtlesim/local/lib/python3.10/dist-packages/turtlesim-1.4.2-py3.10.egg-info/SOURCES.txt
[4.884s] -- Up-to-date symlink: /home/student/ros2_ws/install/turtlesim/local/lib/python3.10/dist-packages/turtlesim-1.4.2-py3.10.egg-info/dependency_links.txt
[4.884s] -- Up-to-date symlink: /home/student/ros2_ws/install/turtlesim/local/lib/python3.10/dist-packages/turtlesim-1.4.2-py3.10.egg-info/top_level.txt
[4.884s] -- Up-to-date symlink: /home/student/ros2_ws/install/turtlesim/local/lib/python3.10/dist-packages/turtlesim/__init__.py
[4.885s] -- Up-to-date symlink: /home/student/ros2_ws/install/turtlesim/local/lib/python3.10/dist-packages/turtlesim/_turtlesim_s.ep.rosidl_typesupport_c.c
[4.885s] -- Up-to-date symlink: /home/student/ros2_ws/install/turtlesim/local/lib/python3.10/dist-packages/turtlesim/_turtlesim_s.ep.rosidl_typesupport_fastrtps_c.c
[4.885s] -- Up-to-date symlink: /home/student/ros2_ws/install/turtlesim/local/lib/python3.10/dist-packages/turtlesim/_turtlesim_s.ep.rosidl_typesupport_introspection_c.c
[4.885s] -- Up-to-date symlink: /home/student/ros2_ws/install/turtlesim/local/lib/python3.10/dist-packages/turtlesim/action/__init__.py
[4.885s] -- Up-to-date symlink: /home/student/ros2_ws/install/turtlesim/local/lib/python3.10/dist-packages/turtlesim/action/_rotate_absolute.py
[4.885s] -- Up-to-date symlink: /home/student/ros2_ws/install/turtlesim/local/lib/python3.10/dist-packages/turtlesim/action/_rotate_absolute_s.c
[4.886s] -- Up-to-date symlink: /home/student/ros2_ws/install/turtlesim/local/lib/python3.10/dist-packages/turtlesim/libturtlesim__rosidl_generator_py.so
[4.886s] -- Up-to-date symlink: /home/student/ros2_ws/install/turtlesim/local/lib/python3.10/dist-packages/turtlesim/msg/__init__.py
[4.886s] -- Up-to-date symlink: /home/student/ros2_ws/install/turtlesim/local/lib/python3.10/dist-packages/turtlesim/msg/_color.py
[4.886s] -- Up-to-date symlink: /home/student/ros2_ws/install/turtlesim/local/lib/python3.10/dist-packages/turtlesim/msg/_color_s.c
[4.886s] -- Up-to-date symlink: /home/student/ros2_ws/install/turtlesim/local/lib/python3.10/dist-packages/turtlesim/msg/_pose.py
[4.886s] -- Up-to-date symlink: /home/student/ros2_ws/install/turtlesim/local/lib/python3.10/dist-packages/turtlesim/msg/_pose_s.c
[4.886s] -- Up-to-date symlink: /home/student/ros2_ws/install/turtlesim/local/lib/python3.10/dist-packages/turtlesim/srv/__init__.py
[4.887s] -- Up-to-date symlink: /home/student/ros2_ws/install/turtlesim/local/lib/python3.10/dist-packages/turtlesim/srv/_kill.py
[4.887s] -- Up-to-date symlink: /home/student/ros2_ws/install/turtlesim/local/lib/python3.10/dist-packages/turtlesim/srv/_kill_s.c
[4.887s] -- Up-to-date symlink: /home/student/ros2_ws/install/turtlesim/local/lib/python3.10/dist-packages/turtlesim/srv/_set_pen.py
[4.887s] -- Up-to-date symlink: /home/student/ros2_ws/install/turtlesim/local/lib/python3.10/dist-packages/turtlesim/srv/_set_pen_s.c
[4.887s] -- Up-to-date symlink: /home/student/ros2_ws/install/turtlesim/local/lib/python3.10/dist-packages/turtlesim/srv/_spawn.py
[4.888s] -- Up-to-date symlink: /home/student/ros2_ws/install/turtlesim/local/lib/python3.10/dist-packages/turtlesim/srv/_spawn_s.c
[4.888s] -- Up-to-date symlink: /home/student/ros2_ws/install/turtlesim/local/lib/python3.10/dist-packages/turtlesim/srv/_teleport_absolute.py
[4.888s] -- Up-to-date symlink: /home/student/ros2_ws/install/turtlesim/local/lib/python3.10/dist-packages/turtlesim/srv/_teleport_absolute_s.c
[4.888s] -- Up-to-date symlink: /home/student/ros2_ws/install/turtlesim/local/lib/python3.10/dist-packages/turtlesim/srv/_teleport_relative.py
[4.888s] -- Up-to-date symlink: /home/student/ros2_ws/install/turtlesim/local/lib/python3.10/dist-packages/turtlesim/srv/_teleport_relative_s.c
[4.888s] -- Up-to-date symlink: /home/student/ros2_ws/install/turtlesim/local/lib/python3.10/dist-packages/turtlesim/turtlesim_s__rosidl_typesupport_c.cpython-310-x86_64-linux-gnu.so
[4.888s] -- Up-to-date symlink: /home/student/ros2_ws/install/turtlesim/local/lib/python3.10/dist-packages/turtlesim/turtlesim_s__rosidl_typesupport_fastrtps_c.cpython-310-x86_64-linux-gnu.so
[4.888s] -- Up-to-date symlink: /home/student/ros2_ws/install/turtlesim/local/lib/python3.10/dist-packages/turtlesim/turtlesim_s__rosidl_typesupport_introspection_c.cpython-310-x86_64-linux-gnu.so
[4.888s] -- Up-to-date symlink: /home/student/ros2_ws/install/turtlesim/local/lib/python3.10/dist-packages/turtlesim/turtlesim_s__rosidl_typesupport_fastrtps_c.cpython-310-x86_64-linux-gnu.so
[4.889s] -- Up-to-date symlink: /home/student/ros2_ws/install/turtlesim/local/lib/python3.10/dist-packages/turtlesim/turtlesim_s__rosidl_typesupport_introspection_c.cpython-310-x86_64-linux-gnu.so
[4.889s] -- Up-to-date symlink: /home/student/ros2_ws/install/turtlesim/local/lib/python3.10/dist-packages/turtlesim/turtlesim_s__rosidl_typesupport_c.cpython-310-x86_64-linux-gnu.so
[4.889s] -- Up-to-date symlink: /home/student/ros2_ws/install/turtlesim/share/turtlesim/action/RotateAbsolute.idl
[4.889s] -- Up-to-date symlink: /home/student/ros2_ws/install/turtlesim/share/turtlesim/msg/Color.idl
[4.889s] -- Up-to-date symlink: /home/student/ros2_ws/install/turtlesim/share/turtlesim/msg/Pose.idl
[4.889s] -- Up-to-date symlink: /home/student/ros2_ws/install/turtlesim/share/turtlesim/srv/Kill.idl
[4.889s] -- Up-to-date symlink: /home/student/ros2_ws/install/turtlesim/share/turtlesim/srv/SetPen.idl
[4.890s] -- Up-to-date symlink: /home/student/ros2_ws/install/turtlesim/share/turtlesim/srv/Spawn.idl
[4.890s] -- Up-to-date symlink: /home/student/ros2_ws/install/turtlesim/share/turtlesim/srv/TeleportAbsolute.idl
[4.890s] -- Up-to-date symlink: /home/student/ros2_ws/install/turtlesim/share/turtlesim/srv/TeleportRelative.idl
[4.890s] -- Up-to-date symlink: /home/student/ros2_ws/install/turtlesim/share/turtlesim/action/RotateAbsolute.action
[4.890s] -- Up-to-date symlink: /home/student/ros2_ws/install/turtlesim/share/turtlesim/msg/Color.msg
[4.891s] -- Up-to-date symlink: /home/student/ros2_ws/install/turtlesim/share/turtlesim/msg/Pose.msg
[4.891s] -- Up-to-date symlink: /home/student/ros2_ws/install/turtlesim/share/turtlesim/srv/Kill.srv
[4.891s] -- Up-to-date symlink: /home/student/ros2_ws/install/turtlesim/share/turtlesim/srv/Kill_Request.msg
[4.891s] -- Up-to-date symlink: /home/student/ros2_ws/install/turtlesim/share/turtlesim/srv/Kill_Response.msg
[4.891s] -- Up-to-date symlink: /home/student/ros2_ws/install/turtlesim/share/turtlesim/srv/SetPen.srv
[4.892s] -- Up-to-date symlink: /home/student/ros2_ws/install/turtlesim/share/turtlesim/srv/SetPen_Request.msg
[4.892s] -- Up-to-date symlink: /home/student/ros2_ws/install/turtlesim/share/turtlesim/srv/SetPen_Response.msg
[4.892s] -- Up-to-date symlink: /home/student/ros2_ws/install/turtlesim/share/turtlesim/srv/Spawn.srv
[4.895s] -- Up-to-date symlink: /home/student/ros2_ws/install/turtlesim/share/turtlesim/srv/Spawn_Request.msg
[4.895s] -- Up-to-date symlink: /home/student/ros2_ws/install/turtlesim/share/turtlesim/srv/Spawn_Response.msg
[4.895s] -- Up-to-date symlink: /home/student/ros2_ws/install/turtlesim/share/turtlesim/srv/TeleportAbsolute.srv
[4.895s] -- Up-to-date symlink: /home/student/ros2_ws/install/turtlesim/share/turtlesim/srv/TeleportAbsolute_Request.msg
[4.896s] -- Up-to-date symlink: /home/student/ros2_ws/install/turtlesim/share/turtlesim/srv/TeleportAbsolute_Response.msg
[4.896s] -- Up-to-date symlink: /home/student/ros2_ws/install/turtlesim/share/turtlesim/srv/TeleportRelative.srv
[4.896s] -- Up-to-date symlink: /home/student/ros2_ws/install/turtlesim/share/turtlesim/srv/TeleportRelative_Request.msg
[4.896s] -- Up-to-date symlink: /home/student/ros2_ws/install/turtlesim/share/turtlesim/srv/TeleportRelative_Response.msg
[4.896s] -- Up-to-date symlink: /home/student/ros2_ws/install/turtlesim/lib/turtlesim/turtlesim_node
[4.896s] -- Up-to-date symlink: /home/student/ros2_ws/install/turtlesim/lib/turtlesim/turtle_teleop_key
[4.896s] -- Up-to-date symlink: /home/student/ros2_ws/install/turtlesim/lib/turtlesim/draw_square
[4.896s] -- Up-to-date symlink: /home/student/ros2_ws/install/turtlesim/lib/turtlesim/mimic
[4.896s] -- Up-to-date symlink: /home/student/ros2_ws/install/turtlesim/share/turtlesim/launch/multisim.launch.py
[4.897s] -- Up-to-date symlink: /home/student/ros2_ws/install/turtlesim/share/ament_index/resource_index/package_run_dependencies/turtlesim
[4.897s] -- Up-to-date symlink: /home/student/ros2_ws/install/turtlesim/share/ament_index/resource_index/parent_prefix_path/turtlesim
[4.897s] -- Up-to-date symlink: /home/student/ros2_ws/install/turtlesim/share/turtlesim/environment/ament_prefix_path.sh
[4.897s] -- Up-to-date symlink: /home/student/ros2_ws/install/turtlesim/share/turtlesim/environment/ament_prefix_path.dsv
[4.897s] -- Up-to-date symlink: /home/student/ros2_ws/install/turtlesim/share/turtlesim/environment/path.sh
[4.897s] -- Up-to-date symlink: /home/student/ros2_ws/install/turtlesim/share/turtlesim/environment/path.dsv
[4.897s] -- Up-to-date symlink: /home/student/ros2_ws/install/turtlesim/share/turtlesim/local_setup.bash
[4.897s] -- Up-to-date symlink: /home/student/ros2_ws/install/turtlesim/share/turtlesim/local_setup.sh
[4.897s] -- Up-to-date symlink: /home/student/ros2_ws/install/turtlesim/share/turtlesim/local_setup.zsh
[4.897s] -- Up-to-date symlink: /home/student/ros2_ws/install/turtlesim/share/turtlesim/local_setup.dsv
[4.897s] -- Symlinking: /home/student/ros2_ws/install/turtlesim/share/turtlesim/package.dsv
[4.909s] -- Up-to-date symlink: /home/student/ros2_ws/install/turtlesim/share/ament_index/resource_index/packages/turtlesim
[4.909s] -- Up-to-date symlink: /home/student/ros2_ws/install/turtlesim/share/turtlesim/cmake/rosidl_cmake-extras.cmake
[4.911s] -- Up-to-date symlink: /home/student/ros2_ws/install/turtlesim/share/turtlesim/cmake/ament_cmake_export_dependencies-extras.cmake
[4.911s] -- Up-to-date symlink: /home/student/ros2_ws/install/turtlesim/share/turtlesim/cmake/ament_cmake_export_include_directories-extras.cmake
[4.914s] -- Up-to-date symlink: /home/student/ros2_ws/install/turtlesim/share/turtlesim/cmake/ament_cmake_export_libraries-extras.cmake
[4.914s] -- Up-to-date symlink: /home/student/ros2_ws/install/turtlesim/share/turtlesim/cmake/ament_cmake_export_targets-extras.cmake
[4.915s] -- Up-to-date symlink: /home/student/ros2_ws/install/turtlesim/share/turtlesim/cmake/rosidl_cmake_export_typesupport_targets-extras.cmake
[4.915s] -- Up-to-date symlink: /home/student/ros2_ws/install/turtlesim/share/turtlesim/cmake/rosidl_cmake_export_typesupport_libraries-extras.cmake
[4.915s] -- Up-to-date symlink: /home/student/ros2_ws/install/turtlesim/share/turtlesim/cmake/turtlesimConfig.cmake
[4.915s] -- Up-to-date symlink: /home/student/ros2_ws/install/turtlesim/share/turtlesim/cmake/turtlesimConfig-version.cmake
[4.915s] -- Up-to-date symlink: /home/student/ros2_ws/install/turtlesim/share/turtlesim/package.xml
[4.915s] -- Up-to-date: /home/student/ros2_ws/install/turtlesim/lib/libturtlesim__rosidl_generator_c.so
[4.916s] -- Up-to-date: /home/student/ros2_ws/install/turtlesim/lib/libturtlesim__rosidl_typesupport_fastrtps_c.so
[4.916s] -- Up-to-date: /home/student/ros2_ws/install/turtlesim/lib/libturtlesim__rosidl_typesupport_fastrtps_cpp.so
[4.917s] -- Up-to-date: /home/student/ros2_ws/install/turtlesim/lib/libturtlesim__rosidl_typesupport_introspection_c.so
[4.917s] -- Up-to-date: /home/student/ros2_ws/install/turtlesim/lib/libturtlesim__rosidl_typesupport_c.so
[4.918s] -- Up-to-date: /home/student/ros2_ws/install/turtlesim/lib/libturtlesim__rosidl_typesupport_introspection_cpp.so
[4.919s] -- Up-to-date: /home/student/ros2_ws/install/turtlesim/lib/libturtlesim__rosidl_typesupport_cpp.so
[5.004s] Listing '/home/student/ros2_ws/install/turtlesim/local/lib/python3.10/dist-packages/turtlesim'...
[5.005s] Compiling '/home/student/ros2_ws/install/turtlesim/local/lib/python3.10/dist-packages/turtlesim/__init__.py'...
[5.005s] Listing '/home/student/ros2_ws/install/turtlesim/local/lib/python3.10/dist-packages/turtlesim/action'...
[5.006s] Listing '/home/student/ros2_ws/install/turtlesim/local/lib/python3.10/dist-packages/turtlesim/msg'...
[5.006s] Listing '/home/student/ros2_ws/install/turtlesim/local/lib/python3.10/dist-packages/turtlesim/srv'...
[5.006s] -- Up-to-date: /home/student/ros2_ws/install/turtlesim/lib/libturtlesim__rosidl_generator_py.so
[5.007s] -- Up-to-date: /home/student/ros2_ws/install/turtlesim/share/turtlesim/images
[5.007s] -- Up-to-date: /home/student/ros2_ws/install/turtlesim/share/turtlesim/images/eloquent.png
[5.007s] -- Up-to-date: /home/student/ros2_ws/install/turtlesim/share/turtlesim/images/galactic.png
[5.007s] -- Up-to-date: /home/student/ros2_ws/install/turtlesim/share/turtlesim/images/foxy.png
[5.010s] -- Up-to-date: /home/student/ros2_ws/install/turtlesim/share/turtlesim/images/ardent.png
[5.010s] -- Up-to-date: /home/student/ros2_ws/install/turtlesim/share/turtlesim/images/bouncy.png
[5.010s] -- Up-to-date: /home/student/ros2_ws/install/turtlesim/share/turtlesim/images/humble.png
[5.010s] -- Up-to-date: /home/student/ros2_ws/install/turtlesim/share/turtlesim/images/rolling.png
[5.011s] -- Up-to-date: /home/student/ros2_ws/install/turtlesim/share/turtlesim/images/dashing.png
[5.011s] -- Up-to-date: /home/student/ros2_ws/install/turtlesim/share/turtlesim/images/crystal.png
[5.011s] -- Up-to-date: /home/student/ros2_ws/install/turtlesim/share/turtlesim/cmake/export_turtlesim__rosidl_generator_cExport.cmake
[5.012s] -- Up-to-date: /home/student/ros2_ws/install/turtlesim/share/turtlesim/cmake/export_turtlesim__rosidl_generator_cExport-noconfig.cmake
[5.013s] -- Up-to-date: /home/student/ros2_ws/install/turtlesim/share/turtlesim/cmake/export_turtlesim__rosidl_typesupport_fastrtps_cExport.cmake
[5.013s] -- Up-to-date: /home/student/ros2_ws/install/turtlesim/share/turtlesim/cmake/export_turtlesim__rosidl_typesupport_fastrtps_cExport-noconfig.cmake
[5.014s] -- Up-to-date: /home/student/ros2_ws/install/turtlesim/share/turtlesim/cmake/export_turtlesim__rosidl_generator_cppExport.cmake
[5.015s] -- Up-to-date: /home/student/ros2_ws/install/turtlesim/share/turtlesim/cmake/export_turtlesim__rosidl_typesupport_fastrtps_cppExport.cmake
[5.015s] -- Up-to-date: /home/student/ros2_ws/install/turtlesim/share/turtlesim/cmake/export_turtlesim__rosidl_typesupport_fastrtps_cppExport-noconfig.cmake
[5.015s] -- Up-to-date: /home/student/ros2_ws/install/turtlesim/share/turtlesim/cmake/turtlesim__rosidl_typesupport_introspection_cExport.cmake
[5.015s] -- Up-to-date: /home/student/ros2_ws/install/turtlesim/share/turtlesim/cmake/turtlesim__rosidl_typesupport_introspection_cExport-noconfig.cmake
[5.016s] -- Up-to-date: /home/student/ros2_ws/install/turtlesim/share/turtlesim/cmake/turtlesim__rosidl_typesupport_cExport.cmake
[5.016s] -- Up-to-date: /home/student/ros2_ws/install/turtlesim/share/turtlesim/cmake/turtlesim__rosidl_typesupport_cExport-noconfig.cmake
[5.016s] -- Up-to-date: /home/student/ros2_ws/install/turtlesim/share/turtlesim/cmake/turtlesim__rosidl_typesupport_introspection_cppExport.cmake
[5.016s] -- Up-to-date: /home/student/ros2_ws/install/turtlesim/share/turtlesim/cmake/turtlesim__rosidl_typesupport_introspection_cppExport-noconfig.cmake
[5.017s] -- Up-to-date: /home/student/ros2_ws/install/turtlesim/share/turtlesim/cmake/turtlesim__rosidl_typesupport_cppExport.cmake
[5.017s] -- Up-to-date: /home/student/ros2_ws/install/turtlesim/share/turtlesim/cmake/turtlesim__rosidl_typesupport_cppExport-noconfig.cmake
[5.017s] -- Up-to-date: /home/student/ros2_ws/install/turtlesim/share/turtlesim/cmake/export_turtlesim__rosidl_generator_pyExport.cmake
[5.017s] -- Up-to-date: /home/student/ros2_ws/install/turtlesim/share/turtlesim/cmake/export_turtlesim__rosidl_generator_pyExport-noconfig.cmake
[5.021s] Invoked command in '/home/student/ros2_ws/build/turtlesim' returned '0': CMAKE_PREFIX_PATH=${CMAKE_PREFIX_PATH}:/home/student/ros2_ws/install/turtlebot3_teleop:/home/student/ros2_ws/install/turtlebot3_example:/opt/ros/humble /usr/bin/cmake --install /home/student/ros2_ws/build/turtlesim
