[35m[1mConsolidate compiler generated dependencies of target week2[0m
[ 50%] [32mBuilding CXX object CMakeFiles/week2.dir/src/subscriber_member_function.cpp.o[0m
In file included from [01m[K/opt/ros/humble/include/rclcpp/rclcpp/logging.hpp:24[m[K,
                 from [01m[K/opt/ros/humble/include/rclcpp/rclcpp/client.hpp:40[m[K,
                 from [01m[K/opt/ros/humble/include/rclcpp/rclcpp/callback_group.hpp:24[m[K,
                 from [01m[K/opt/ros/humble/include/rclcpp/rclcpp/any_executable.hpp:20[m[K,
                 from [01m[K/opt/ros/humble/include/rclcpp/rclcpp/memory_strategy.hpp:25[m[K,
                 from [01m[K/opt/ros/humble/include/rclcpp/rclcpp/memory_strategies.hpp:18[m[K,
                 from [01m[K/opt/ros/humble/include/rclcpp/rclcpp/executor_options.hpp:20[m[K,
                 from [01m[K/opt/ros/humble/include/rclcpp/rclcpp/executor.hpp:37[m[K,
                 from [01m[K/opt/ros/humble/include/rclcpp/rclcpp/executors/multi_threaded_executor.hpp:25[m[K,
                 from [01m[K/opt/ros/humble/include/rclcpp/rclcpp/executors.hpp:21[m[K,
                 from [01m[K/opt/ros/humble/include/rclcpp/rclcpp/rclcpp.hpp:155[m[K,
                 from [01m[K/home/student/ros2_ws/src/week2/src/subscriber_member_function.cpp:18[m[K:
[01m[K/home/student/ros2_ws/src/week2/src/subscriber_member_function.cpp:[m[K In member function ‘[01m[Kvoid week2::topic_callback(sensor_msgs::msg::LaserScan) const[m[K’:
[01m[K/home/student/ros2_ws/src/week2/src/subscriber_member_function.cpp:40:69:[m[K [01;31m[Kerror: [m[Kbase operand of ‘[01m[K->[m[K’ has non-pointer type ‘[01m[Kconst LaserScan[m[K’ {aka ‘[01m[Kconst sensor_msgs::msg::LaserScan_<std::allocator<void> >[m[K’}
   40 | RCLCPP_INFO(this->get_logger(), "Angle_min: %f radians", msg[01;31m[K->[m[Kangle_min);
      |                                                             [01;31m[K^~[m[K

[01m[K/home/student/ros2_ws/src/week2/src/subscriber_member_function.cpp:41:69:[m[K [01;31m[Kerror: [m[Kbase operand of ‘[01m[K->[m[K’ has non-pointer type ‘[01m[Kconst LaserScan[m[K’ {aka ‘[01m[Kconst sensor_msgs::msg::LaserScan_<std::allocator<void> >[m[K’}
   41 | RCLCPP_INFO(this->get_logger(), "Angle_max: %f radians", msg[01;31m[K->[m[Kangle_max);
      |                                                             [01;31m[K^~[m[K

[01m[K/home/student/ros2_ws/src/week2/src/subscriber_member_function.cpp:42:75:[m[K [01;31m[Kerror: [m[Kbase operand of ‘[01m[K->[m[K’ has non-pointer type ‘[01m[Kconst LaserScan[m[K’ {aka ‘[01m[Kconst sensor_msgs::msg::LaserScan_<std::allocator<void> >[m[K’}
   42 | _INFO(this->get_logger(), "Angle_increment: %f radians", msg[01;31m[K->[m[Kangle_increment);
      |                                                             [01;31m[K^~[m[K

gmake[2]: *** [CMakeFiles/week2.dir/build.make:76: CMakeFiles/week2.dir/src/subscriber_member_function.cpp.o] Error 1
gmake[1]: *** [CMakeFiles/Makefile2:137: CMakeFiles/week2.dir/all] Error 2
gmake: *** [Makefile:146: all] Error 2
