[  1%] Built target robot_localization__cpp
[  2%] Built target gtest
[  9%] Built target robot_localization__rosidl_generator_c
[ 11%] Built target gtest_main
[ 11%] Built target ament_cmake_python_symlink_robot_localization
[ 18%] Built target robot_localization__rosidl_typesupport_cpp
[ 26%] Built target robot_localization__rosidl_typesupport_fastrtps_cpp
[ 34%] Built target robot_localization__rosidl_typesupport_fastrtps_c
[ 41%] Built target robot_localization__rosidl_typesupport_introspection_c
[ 48%] Built target robot_localization__rosidl_typesupport_c
[ 55%] Built target robot_localization__rosidl_typesupport_introspection_cpp
[ 55%] Built target robot_localization
[ 63%] Built target rl_lib
[ 64%] Built target robot_localization__py
[ 65%] Built target ekf_node
[ 67%] Built target ukf_node
[ 69%] Built target navsat_transform_node
[ 70%] Built target test_ukf
[ 72%] Built target test_ekf
[ 74%] Built target robot_localization_listener_node
[ 76%] Built target filter_base-test
[ 78%] Built target test_ros_robot_localization_listener
[ 79%] Built target test_robot_localization_estimator
[ 81%] Built target test_navsat_conversions
[ 82%] Built target test_ekf_node_interfaces
[ 84%] Built target test_ros_robot_localization_listener_publisher
[ 91%] Built target robot_localization__rosidl_generator_py
[ 93%] Built target test_filter_base_diagnostics_timestamps
[ 95%] Built target test_ukf_node_interfaces
[ 97%] Built target robot_localization__rosidl_typesupport_introspection_c__pyext
[100%] Built target robot_localization__rosidl_typesupport_c__pyext
[100%] Built target robot_localization__rosidl_typesupport_fastrtps_c__pyext
running egg_info
writing robot_localization.egg-info/PKG-INFO
writing dependency_links to robot_localization.egg-info/dependency_links.txt
writing top-level names to robot_localization.egg-info/top_level.txt
reading manifest file 'robot_localization.egg-info/SOURCES.txt'
writing manifest file 'robot_localization.egg-info/SOURCES.txt'
[100%] Built target ament_cmake_python_build_robot_localization_egg
