[0.453s] DEBUG:colcon:Command line arguments: ['/usr/bin/colcon', 'build']
[0.453s] DEBUG:colcon:Parsed command line arguments: Namespace(log_base=None, log_level=None, verb_name='build', build_base='build', install_base='install', merge_install=False, symlink_install=False, test_result_base=None, continue_on_error=False, executor='parallel', parallel_workers=8, event_handlers=None, ignore_user_meta=False, metas=['./colcon.meta'], base_paths=['.'], packages_ignore=None, packages_ignore_regex=None, paths=None, packages_up_to=None, packages_up_to_regex=None, packages_above=None, packages_above_and_dependencies=None, packages_above_depth=None, packages_select_by_dep=None, packages_skip_by_dep=None, packages_skip_up_to=None, packages_select_build_failed=False, packages_skip_build_finished=False, packages_select_test_failures=False, packages_skip_test_passed=False, packages_select=None, packages_skip=None, packages_select_regex=None, packages_skip_regex=None, packages_start=None, packages_end=None, allow_overriding=[], cmake_args=None, cmake_target=None, cmake_target_skip_unavailable=False, cmake_clean_cache=False, cmake_clean_first=False, cmake_force_configure=False, ament_cmake_args=None, catkin_cmake_args=None, catkin_skip_building_tests=False, mixin_files=None, mixin=None, verb_parser=<colcon_mixin.mixin.mixin_argument.MixinArgumentDecorator object at 0x7536bea1f4c0>, verb_extension=<colcon_core.verb.build.BuildVerb object at 0x7536bea1eaa0>, main=<bound method BuildVerb.main of <colcon_core.verb.build.BuildVerb object at 0x7536bea1eaa0>>, mixin_verb=('build',))
[1.687s] Level 1:colcon.colcon_core.package_discovery:discover_packages(colcon_meta) check parameters
[1.687s] Level 1:colcon.colcon_core.package_discovery:discover_packages(recursive) check parameters
[1.687s] Level 1:colcon.colcon_core.package_discovery:discover_packages(ignore) check parameters
[1.687s] Level 1:colcon.colcon_core.package_discovery:discover_packages(path) check parameters
[1.687s] Level 1:colcon.colcon_core.package_discovery:discover_packages(colcon_meta) discover
[1.687s] Level 1:colcon.colcon_core.package_discovery:discover_packages(recursive) discover
[1.687s] INFO:colcon.colcon_core.package_discovery:Crawling recursively for packages in '/home/student/ros2_ws/src/week2'
[1.688s] Level 1:colcon.colcon_core.package_identification:_identify(.) by extensions ['ignore', 'ignore_ament_install']
[1.688s] Level 1:colcon.colcon_core.package_identification:_identify(.) by extension 'ignore'
[1.688s] Level 1:colcon.colcon_core.package_identification:_identify(.) by extension 'ignore_ament_install'
[1.688s] Level 1:colcon.colcon_core.package_identification:_identify(.) by extensions ['colcon_pkg']
[1.688s] Level 1:colcon.colcon_core.package_identification:_identify(.) by extension 'colcon_pkg'
[1.688s] Level 1:colcon.colcon_core.package_identification:_identify(.) by extensions ['colcon_meta']
[1.688s] Level 1:colcon.colcon_core.package_identification:_identify(.) by extension 'colcon_meta'
[1.688s] Level 1:colcon.colcon_core.package_identification:_identify(.) by extensions ['ros']
[1.688s] Level 1:colcon.colcon_core.package_identification:_identify(.) by extension 'ros'
[1.703s] DEBUG:colcon.colcon_core.package_identification:Package '.' with type 'ros.ament_cmake' and name 'week2'
[1.704s] Level 1:colcon.colcon_core.package_discovery:discover_packages(recursive) using defaults
[1.704s] Level 1:colcon.colcon_core.package_discovery:discover_packages(ignore) discover
[1.704s] Level 1:colcon.colcon_core.package_discovery:discover_packages(ignore) using defaults
[1.704s] Level 1:colcon.colcon_core.package_discovery:discover_packages(path) discover
[1.704s] Level 1:colcon.colcon_core.package_discovery:discover_packages(path) using defaults
[1.797s] Level 1:colcon.colcon_core.package_discovery:discover_packages(prefix_path) check parameters
[1.797s] Level 1:colcon.colcon_core.package_discovery:discover_packages(prefix_path) discover
[1.811s] DEBUG:colcon.colcon_installed_package_information.package_discovery:Found 18 installed packages in /home/student/ros2_ws/install
[1.813s] DEBUG:colcon.colcon_installed_package_information.package_discovery:Found 371 installed packages in /opt/ros/humble
[1.815s] Level 1:colcon.colcon_core.package_discovery:discover_packages(prefix_path) using defaults
[1.918s] Level 5:colcon.colcon_core.verb:set package 'week2' build argument 'cmake_args' from command line to 'None'
[1.918s] Level 5:colcon.colcon_core.verb:set package 'week2' build argument 'cmake_target' from command line to 'None'
[1.918s] Level 5:colcon.colcon_core.verb:set package 'week2' build argument 'cmake_target_skip_unavailable' from command line to 'False'
[1.918s] Level 5:colcon.colcon_core.verb:set package 'week2' build argument 'cmake_clean_cache' from command line to 'False'
[1.918s] Level 5:colcon.colcon_core.verb:set package 'week2' build argument 'cmake_clean_first' from command line to 'False'
[1.918s] Level 5:colcon.colcon_core.verb:set package 'week2' build argument 'cmake_force_configure' from command line to 'False'
[1.918s] Level 5:colcon.colcon_core.verb:set package 'week2' build argument 'ament_cmake_args' from command line to 'None'
[1.918s] Level 5:colcon.colcon_core.verb:set package 'week2' build argument 'catkin_cmake_args' from command line to 'None'
[1.918s] Level 5:colcon.colcon_core.verb:set package 'week2' build argument 'catkin_skip_building_tests' from command line to 'False'
[1.918s] DEBUG:colcon.colcon_core.verb:Building package 'week2' with the following arguments: {'ament_cmake_args': None, 'build_base': '/home/student/ros2_ws/src/week2/build/week2', 'catkin_cmake_args': None, 'catkin_skip_building_tests': False, 'cmake_args': None, 'cmake_clean_cache': False, 'cmake_clean_first': False, 'cmake_force_configure': False, 'cmake_target': None, 'cmake_target_skip_unavailable': False, 'install_base': '/home/student/ros2_ws/src/week2/install/week2', 'merge_install': False, 'path': '/home/student/ros2_ws/src/week2', 'symlink_install': False, 'test_result_base': None}
[1.918s] INFO:colcon.colcon_core.executor:Executing jobs using 'parallel' executor
[1.920s] DEBUG:colcon.colcon_parallel_executor.executor.parallel:run_until_complete
[1.920s] INFO:colcon.colcon_ros.task.ament_cmake.build:Building ROS package in '/home/student/ros2_ws/src/week2' with build type 'ament_cmake'
[1.920s] INFO:colcon.colcon_cmake.task.cmake.build:Building CMake package in '/home/student/ros2_ws/src/week2'
[1.958s] INFO:colcon.colcon_core.plugin_system:Skipping extension 'colcon_core.shell.bat': Not used on non-Windows systems
[1.958s] INFO:colcon.colcon_core.shell:Skip shell extension 'powershell' for command environment: Not usable outside of PowerShell
[1.958s] DEBUG:colcon.colcon_core.shell:Skip shell extension 'dsv' for command environment
[1.995s] DEBUG:colcon.colcon_core.event_handler.log_command:Invoking command in '/home/student/ros2_ws/src/week2/build/week2': CMAKE_PREFIX_PATH=${CMAKE_PREFIX_PATH}:/home/student/ros2_ws/install/turtlebot3_teleop:/home/student/ros2_ws/install/turtlebot3_example:/opt/ros/humble /usr/bin/cmake --build /home/student/ros2_ws/src/week2/build/week2 -- -j8 -l8
[15.130s] DEBUG:colcon.colcon_core.event_handler.log_command:Invoked command in '/home/student/ros2_ws/src/week2/build/week2' returned '0': CMAKE_PREFIX_PATH=${CMAKE_PREFIX_PATH}:/home/student/ros2_ws/install/turtlebot3_teleop:/home/student/ros2_ws/install/turtlebot3_example:/opt/ros/humble /usr/bin/cmake --build /home/student/ros2_ws/src/week2/build/week2 -- -j8 -l8
[15.178s] DEBUG:colcon.colcon_core.event_handler.log_command:Invoking command in '/home/student/ros2_ws/src/week2/build/week2': CMAKE_PREFIX_PATH=${CMAKE_PREFIX_PATH}:/home/student/ros2_ws/install/turtlebot3_teleop:/home/student/ros2_ws/install/turtlebot3_example:/opt/ros/humble /usr/bin/cmake --install /home/student/ros2_ws/src/week2/build/week2
[15.223s] Level 1:colcon.colcon_core.environment:create_environment_scripts_only(week2)
[15.224s] DEBUG:colcon.colcon_core.event_handler.log_command:Invoked command in '/home/student/ros2_ws/src/week2/build/week2' returned '0': CMAKE_PREFIX_PATH=${CMAKE_PREFIX_PATH}:/home/student/ros2_ws/install/turtlebot3_teleop:/home/student/ros2_ws/install/turtlebot3_example:/opt/ros/humble /usr/bin/cmake --install /home/student/ros2_ws/src/week2/build/week2
[15.252s] Level 1:colcon.colcon_core.environment:checking '/home/student/ros2_ws/src/week2/install/week2' for CMake module files
[15.252s] Level 1:colcon.colcon_core.environment:checking '/home/student/ros2_ws/src/week2/install/week2' for CMake config files
[15.253s] Level 1:colcon.colcon_core.shell:create_environment_hook('week2', 'cmake_prefix_path')
[15.253s] INFO:colcon.colcon_core.shell:Creating environment hook '/home/student/ros2_ws/src/week2/install/week2/share/week2/hook/cmake_prefix_path.ps1'
[15.254s] INFO:colcon.colcon_core.shell:Creating environment descriptor '/home/student/ros2_ws/src/week2/install/week2/share/week2/hook/cmake_prefix_path.dsv'
[15.258s] INFO:colcon.colcon_core.shell:Creating environment hook '/home/student/ros2_ws/src/week2/install/week2/share/week2/hook/cmake_prefix_path.sh'
[15.262s] Level 1:colcon.colcon_core.environment:checking '/home/student/ros2_ws/src/week2/install/week2/lib'
[15.262s] Level 1:colcon.colcon_core.environment:checking '/home/student/ros2_ws/src/week2/install/week2/bin'
[15.262s] Level 1:colcon.colcon_core.environment:checking '/home/student/ros2_ws/src/week2/install/week2/lib/pkgconfig/week2.pc'
[15.263s] Level 1:colcon.colcon_core.environment:checking '/home/student/ros2_ws/src/week2/install/week2/lib/python3.10/site-packages'
[15.263s] Level 1:colcon.colcon_core.environment:checking '/home/student/ros2_ws/src/week2/install/week2/bin'
[15.263s] INFO:colcon.colcon_core.shell:Creating package script '/home/student/ros2_ws/src/week2/install/week2/share/week2/package.ps1'
[15.264s] INFO:colcon.colcon_core.shell:Creating package descriptor '/home/student/ros2_ws/src/week2/install/week2/share/week2/package.dsv'
[15.267s] INFO:colcon.colcon_core.shell:Creating package script '/home/student/ros2_ws/src/week2/install/week2/share/week2/package.sh'
[15.271s] INFO:colcon.colcon_core.shell:Creating package script '/home/student/ros2_ws/src/week2/install/week2/share/week2/package.bash'
[15.272s] INFO:colcon.colcon_core.shell:Creating package script '/home/student/ros2_ws/src/week2/install/week2/share/week2/package.zsh'
[15.276s] Level 1:colcon.colcon_core.environment:create_file_with_runtime_dependencies(/home/student/ros2_ws/src/week2/install/week2/share/colcon-core/packages/week2)
[15.316s] Level 1:colcon.colcon_core.environment:create_environment_scripts_only(week2)
[15.316s] Level 1:colcon.colcon_core.environment:checking '/home/student/ros2_ws/src/week2/install/week2' for CMake module files
[15.317s] Level 1:colcon.colcon_core.environment:checking '/home/student/ros2_ws/src/week2/install/week2' for CMake config files
[15.317s] Level 1:colcon.colcon_core.shell:create_environment_hook('week2', 'cmake_prefix_path')
[15.317s] INFO:colcon.colcon_core.shell:Creating environment hook '/home/student/ros2_ws/src/week2/install/week2/share/week2/hook/cmake_prefix_path.ps1'
[15.318s] INFO:colcon.colcon_core.shell:Creating environment descriptor '/home/student/ros2_ws/src/week2/install/week2/share/week2/hook/cmake_prefix_path.dsv'
[15.319s] INFO:colcon.colcon_core.shell:Creating environment hook '/home/student/ros2_ws/src/week2/install/week2/share/week2/hook/cmake_prefix_path.sh'
[15.319s] Level 1:colcon.colcon_core.environment:checking '/home/student/ros2_ws/src/week2/install/week2/lib'
[15.319s] Level 1:colcon.colcon_core.environment:checking '/home/student/ros2_ws/src/week2/install/week2/bin'
[15.320s] Level 1:colcon.colcon_core.environment:checking '/home/student/ros2_ws/src/week2/install/week2/lib/pkgconfig/week2.pc'
[15.320s] Level 1:colcon.colcon_core.environment:checking '/home/student/ros2_ws/src/week2/install/week2/lib/python3.10/site-packages'
[15.320s] Level 1:colcon.colcon_core.environment:checking '/home/student/ros2_ws/src/week2/install/week2/bin'
[15.321s] INFO:colcon.colcon_core.shell:Creating package script '/home/student/ros2_ws/src/week2/install/week2/share/week2/package.ps1'
[15.321s] INFO:colcon.colcon_core.shell:Creating package descriptor '/home/student/ros2_ws/src/week2/install/week2/share/week2/package.dsv'
[15.322s] INFO:colcon.colcon_core.shell:Creating package script '/home/student/ros2_ws/src/week2/install/week2/share/week2/package.sh'
[15.322s] INFO:colcon.colcon_core.shell:Creating package script '/home/student/ros2_ws/src/week2/install/week2/share/week2/package.bash'
[15.323s] INFO:colcon.colcon_core.shell:Creating package script '/home/student/ros2_ws/src/week2/install/week2/share/week2/package.zsh'
[15.323s] Level 1:colcon.colcon_core.environment:create_file_with_runtime_dependencies(/home/student/ros2_ws/src/week2/install/week2/share/colcon-core/packages/week2)
[15.324s] DEBUG:colcon.colcon_parallel_executor.executor.parallel:closing loop
[15.324s] DEBUG:colcon.colcon_parallel_executor.executor.parallel:loop closed
[15.324s] DEBUG:colcon.colcon_parallel_executor.executor.parallel:run_until_complete finished with '0'
[15.324s] DEBUG:colcon.colcon_core.event_reactor:joining thread
[15.342s] INFO:colcon.colcon_core.plugin_system:Skipping extension 'colcon_notification.desktop_notification.terminal_notifier': Not used on non-Darwin systems
[15.342s] INFO:colcon.colcon_core.plugin_system:Skipping extension 'colcon_notification.desktop_notification.win32': Not used on non-Windows systems
[15.342s] INFO:colcon.colcon_notification.desktop_notification:Sending desktop notification using 'notify2'
[15.364s] DEBUG:colcon.colcon_core.event_reactor:joined thread
[15.365s] INFO:colcon.colcon_core.shell:Creating prefix script '/home/student/ros2_ws/src/week2/install/local_setup.ps1'
[15.366s] INFO:colcon.colcon_core.shell:Creating prefix util module '/home/student/ros2_ws/src/week2/install/_local_setup_util_ps1.py'
[15.370s] INFO:colcon.colcon_core.shell:Creating prefix chain script '/home/student/ros2_ws/src/week2/install/setup.ps1'
[15.372s] INFO:colcon.colcon_core.shell:Creating prefix script '/home/student/ros2_ws/src/week2/install/local_setup.sh'
[15.376s] INFO:colcon.colcon_core.shell:Creating prefix util module '/home/student/ros2_ws/src/week2/install/_local_setup_util_sh.py'
[15.377s] INFO:colcon.colcon_core.shell:Creating prefix chain script '/home/student/ros2_ws/src/week2/install/setup.sh'
[15.393s] INFO:colcon.colcon_core.shell:Creating prefix script '/home/student/ros2_ws/src/week2/install/local_setup.bash'
[15.394s] INFO:colcon.colcon_core.shell:Creating prefix chain script '/home/student/ros2_ws/src/week2/install/setup.bash'
[15.396s] INFO:colcon.colcon_core.shell:Creating prefix script '/home/student/ros2_ws/src/week2/install/local_setup.zsh'
[15.399s] INFO:colcon.colcon_core.shell:Creating prefix chain script '/home/student/ros2_ws/src/week2/install/setup.zsh'
