[0.076s] Invoking command in '/home/student/ros2_ws/build/week5': CMAKE_PREFIX_PATH=${CMAKE_PREFIX_PATH}:/home/student/ros2_ws/install/turtlebot3_teleop:/home/student/ros2_ws/install/turtlebot3_example:/opt/ros/humble /usr/bin/cmake --build /home/student/ros2_ws/build/week5 -- -j8 -l8
[0.233s] [100%] Built target week5
[0.272s] Invoked command in '/home/student/ros2_ws/build/week5' returned '0': CMAKE_PREFIX_PATH=${CMAKE_PREFIX_PATH}:/home/student/ros2_ws/install/turtlebot3_teleop:/home/student/ros2_ws/install/turtlebot3_example:/opt/ros/humble /usr/bin/cmake --build /home/student/ros2_ws/build/week5 -- -j8 -l8
[0.378s] Invoking command in '/home/student/ros2_ws/build/week5': CMAKE_PREFIX_PATH=${CMAKE_PREFIX_PATH}:/home/student/ros2_ws/install/turtlebot3_teleop:/home/student/ros2_ws/install/turtlebot3_example:/opt/ros/humble /usr/bin/cmake --install /home/student/ros2_ws/build/week5
[0.398s] -- Install configuration: ""
[0.399s] -- Execute custom install script
[0.399s] -- Up-to-date symlink: /home/student/ros2_ws/install/week5/lib/week5/week5
[0.399s] -- Up-to-date symlink: /home/student/ros2_ws/install/week5/share/ament_index/resource_index/package_run_dependencies/week5
[0.400s] -- Up-to-date symlink: /home/student/ros2_ws/install/week5/share/ament_index/resource_index/parent_prefix_path/week5
[0.400s] -- Up-to-date symlink: /home/student/ros2_ws/install/week5/share/week5/environment/ament_prefix_path.sh
[0.400s] -- Up-to-date symlink: /home/student/ros2_ws/install/week5/share/week5/environment/ament_prefix_path.dsv
[0.400s] -- Up-to-date symlink: /home/student/ros2_ws/install/week5/share/week5/environment/path.sh
[0.401s] -- Up-to-date symlink: /home/student/ros2_ws/install/week5/share/week5/environment/path.dsv
[0.401s] -- Up-to-date symlink: /home/student/ros2_ws/install/week5/share/week5/local_setup.bash
[0.401s] -- Up-to-date symlink: /home/student/ros2_ws/install/week5/share/week5/local_setup.sh
[0.401s] -- Up-to-date symlink: /home/student/ros2_ws/install/week5/share/week5/local_setup.zsh
[0.402s] -- Up-to-date symlink: /home/student/ros2_ws/install/week5/share/week5/local_setup.dsv
[0.402s] -- Symlinking: /home/student/ros2_ws/install/week5/share/week5/package.dsv
[0.438s] -- Up-to-date symlink: /home/student/ros2_ws/install/week5/share/ament_index/resource_index/packages/week5
[0.438s] -- Up-to-date symlink: /home/student/ros2_ws/install/week5/share/week5/cmake/week5Config.cmake
[0.439s] -- Up-to-date symlink: /home/student/ros2_ws/install/week5/share/week5/cmake/week5Config-version.cmake
[0.439s] -- Up-to-date symlink: /home/student/ros2_ws/install/week5/share/week5/package.xml
[0.450s] Invoked command in '/home/student/ros2_ws/build/week5' returned '0': CMAKE_PREFIX_PATH=${CMAKE_PREFIX_PATH}:/home/student/ros2_ws/install/turtlebot3_teleop:/home/student/ros2_ws/install/turtlebot3_example:/opt/ros/humble /usr/bin/cmake --install /home/student/ros2_ws/build/week5
