[2.737s] Invoking command in '/home/student/ros2_ws/build/turtlebot3_teleop': PYTHONPATH=/home/student/ros2_ws/build/turtlebot3_teleop/prefix_override:/usr/lib/python3/dist-packages/colcon_core/task/python/colcon_distutils_commands:/home/student/ros2_ws/install/turtlebot3_teleop/lib/python3.10/site-packages:${PYTHONPATH} /usr/bin/python3 -W ignore:setup.py install is deprecated setup.py develop --editable --build-directory /home/student/ros2_ws/build/turtlebot3_teleop/build --no-deps symlink_data
[3.163s] running develop
[3.168s] /usr/lib/python3/dist-packages/setuptools/command/easy_install.py:158: EasyInstallDeprecationWarning: easy_install command is deprecated. Use build and pip and other standards-based tools.
[3.168s]   warnings.warn(
[3.456s] running egg_info
[3.456s] creating turtlebot3_teleop.egg-info
[3.456s] writing turtlebot3_teleop.egg-info/PKG-INFO
[3.456s] writing dependency_links to turtlebot3_teleop.egg-info/dependency_links.txt
[3.456s] writing entry points to turtlebot3_teleop.egg-info/entry_points.txt
[3.456s] writing requirements to turtlebot3_teleop.egg-info/requires.txt
[3.457s] writing top-level names to turtlebot3_teleop.egg-info/top_level.txt
[3.457s] writing manifest file 'turtlebot3_teleop.egg-info/SOURCES.txt'
[3.459s] reading manifest file 'turtlebot3_teleop.egg-info/SOURCES.txt'
[3.460s] writing manifest file 'turtlebot3_teleop.egg-info/SOURCES.txt'
[3.462s] running build_ext
[3.462s] Creating /home/student/ros2_ws/install/turtlebot3_teleop/lib/python3.10/site-packages/turtlebot3-teleop.egg-link (link to .)
[3.463s] Installing teleop_keyboard script to /home/student/ros2_ws/install/turtlebot3_teleop/lib/turtlebot3_teleop
[3.464s] 
[3.464s] Installed /home/student/ros2_ws/build/turtlebot3_teleop
[3.465s] running symlink_data
[3.465s] creating /home/student/ros2_ws/install/turtlebot3_teleop/share/ament_index
[3.466s] creating /home/student/ros2_ws/install/turtlebot3_teleop/share/ament_index/resource_index
[3.466s] creating /home/student/ros2_ws/install/turtlebot3_teleop/share/ament_index/resource_index/packages
[3.466s] symbolically linking /home/student/ros2_ws/build/turtlebot3_teleop/resource/turtlebot3_teleop -> /home/student/ros2_ws/install/turtlebot3_teleop/share/ament_index/resource_index/packages
[3.466s] symbolically linking /home/student/ros2_ws/build/turtlebot3_teleop/package.xml -> /home/student/ros2_ws/install/turtlebot3_teleop/share/turtlebot3_teleop
[3.512s] Invoked command in '/home/student/ros2_ws/build/turtlebot3_teleop' returned '0': PYTHONPATH=/home/student/ros2_ws/build/turtlebot3_teleop/prefix_override:/usr/lib/python3/dist-packages/colcon_core/task/python/colcon_distutils_commands:/home/student/ros2_ws/install/turtlebot3_teleop/lib/python3.10/site-packages:${PYTHONPATH} /usr/bin/python3 -W ignore:setup.py install is deprecated setup.py develop --editable --build-directory /home/student/ros2_ws/build/turtlebot3_teleop/build --no-deps symlink_data
