[0.085s] Invoking command in '/home/student/ros2_ws/build/dynamixel_sdk': CMAKE_PREFIX_PATH=${CMAKE_PREFIX_PATH}:/home/student/ros2_ws/install/turtlebot3_teleop:/home/student/ros2_ws/install/turtlebot3_example:/opt/ros/humble /usr/bin/cmake /home/student/ros2_ws/src/DynamixelSDK/dynamixel_sdk -DCMAKE_INSTALL_PREFIX=/home/student/ros2_ws/install/dynamixel_sdk
[0.305s] -- Found ament_cmake: 1.3.9 (/opt/ros/humble/share/ament_cmake/cmake)
[0.552s] -- Override CMake install command with custom implementation using symlinks instead of copying resources
[0.750s] -- Configuring done
[0.781s] -- Generating done
[0.783s] -- Build files have been written to: /home/student/ros2_ws/build/dynamixel_sdk
[0.790s] Invoked command in '/home/student/ros2_ws/build/dynamixel_sdk' returned '0': CMAKE_PREFIX_PATH=${CMAKE_PREFIX_PATH}:/home/student/ros2_ws/install/turtlebot3_teleop:/home/student/ros2_ws/install/turtlebot3_example:/opt/ros/humble /usr/bin/cmake /home/student/ros2_ws/src/DynamixelSDK/dynamixel_sdk -DCMAKE_INSTALL_PREFIX=/home/student/ros2_ws/install/dynamixel_sdk
[0.791s] Invoking command in '/home/student/ros2_ws/build/dynamixel_sdk': CMAKE_PREFIX_PATH=${CMAKE_PREFIX_PATH}:/home/student/ros2_ws/install/turtlebot3_teleop:/home/student/ros2_ws/install/turtlebot3_example:/opt/ros/humble /usr/bin/cmake --build /home/student/ros2_ws/build/dynamixel_sdk -- -j8 -l8
[0.884s] [35m[1mConsolidate compiler generated dependencies of target dynamixel_sdk[0m
[0.918s] [100%] Built target dynamixel_sdk
[0.961s] Invoked command in '/home/student/ros2_ws/build/dynamixel_sdk' returned '0': CMAKE_PREFIX_PATH=${CMAKE_PREFIX_PATH}:/home/student/ros2_ws/install/turtlebot3_teleop:/home/student/ros2_ws/install/turtlebot3_example:/opt/ros/humble /usr/bin/cmake --build /home/student/ros2_ws/build/dynamixel_sdk -- -j8 -l8
[1.066s] Invoking command in '/home/student/ros2_ws/build/dynamixel_sdk': CMAKE_PREFIX_PATH=${CMAKE_PREFIX_PATH}:/home/student/ros2_ws/install/turtlebot3_teleop:/home/student/ros2_ws/install/turtlebot3_example:/opt/ros/humble /usr/bin/cmake --install /home/student/ros2_ws/build/dynamixel_sdk
[1.085s] -- Install configuration: ""
[1.088s] -- Execute custom install script
[1.089s] -- Up-to-date symlink: /home/student/ros2_ws/install/dynamixel_sdk/include//dynamixel_sdk/dynamixel_sdk.h
[1.090s] -- Up-to-date symlink: /home/student/ros2_ws/install/dynamixel_sdk/include//dynamixel_sdk/group_bulk_read.h
[1.091s] -- Up-to-date symlink: /home/student/ros2_ws/install/dynamixel_sdk/include//dynamixel_sdk/group_bulk_write.h
[1.091s] -- Up-to-date symlink: /home/student/ros2_ws/install/dynamixel_sdk/include//dynamixel_sdk/group_sync_read.h
[1.091s] -- Up-to-date symlink: /home/student/ros2_ws/install/dynamixel_sdk/include//dynamixel_sdk/group_sync_write.h
[1.092s] -- Up-to-date symlink: /home/student/ros2_ws/install/dynamixel_sdk/include//dynamixel_sdk/packet_handler.h
[1.092s] -- Up-to-date symlink: /home/student/ros2_ws/install/dynamixel_sdk/include//dynamixel_sdk/port_handler.h
[1.092s] -- Up-to-date symlink: /home/student/ros2_ws/install/dynamixel_sdk/include//dynamixel_sdk/port_handler_arduino.h
[1.093s] -- Up-to-date symlink: /home/student/ros2_ws/install/dynamixel_sdk/include//dynamixel_sdk/port_handler_linux.h
[1.093s] -- Up-to-date symlink: /home/student/ros2_ws/install/dynamixel_sdk/include//dynamixel_sdk/port_handler_mac.h
[1.093s] -- Up-to-date symlink: /home/student/ros2_ws/install/dynamixel_sdk/include//dynamixel_sdk/port_handler_windows.h
[1.094s] -- Up-to-date symlink: /home/student/ros2_ws/install/dynamixel_sdk/include//dynamixel_sdk/protocol1_packet_handler.h
[1.094s] -- Up-to-date symlink: /home/student/ros2_ws/install/dynamixel_sdk/include//dynamixel_sdk/protocol2_packet_handler.h
[1.094s] -- Up-to-date symlink: /home/student/ros2_ws/install/dynamixel_sdk/lib/libdynamixel_sdk.so
[1.095s] -- Up-to-date symlink: /home/student/ros2_ws/install/dynamixel_sdk/share/dynamixel_sdk/environment/library_path.sh
[1.095s] -- Up-to-date symlink: /home/student/ros2_ws/install/dynamixel_sdk/share/dynamixel_sdk/environment/library_path.dsv
[1.103s] -- Up-to-date symlink: /home/student/ros2_ws/install/dynamixel_sdk/share/ament_index/resource_index/package_run_dependencies/dynamixel_sdk
[1.104s] -- Up-to-date symlink: /home/student/ros2_ws/install/dynamixel_sdk/share/ament_index/resource_index/parent_prefix_path/dynamixel_sdk
[1.104s] -- Up-to-date symlink: /home/student/ros2_ws/install/dynamixel_sdk/share/dynamixel_sdk/environment/ament_prefix_path.sh
[1.104s] -- Up-to-date symlink: /home/student/ros2_ws/install/dynamixel_sdk/share/dynamixel_sdk/environment/ament_prefix_path.dsv
[1.104s] -- Up-to-date symlink: /home/student/ros2_ws/install/dynamixel_sdk/share/dynamixel_sdk/environment/path.sh
[1.105s] -- Up-to-date symlink: /home/student/ros2_ws/install/dynamixel_sdk/share/dynamixel_sdk/environment/path.dsv
[1.105s] -- Up-to-date symlink: /home/student/ros2_ws/install/dynamixel_sdk/share/dynamixel_sdk/local_setup.bash
[1.105s] -- Up-to-date symlink: /home/student/ros2_ws/install/dynamixel_sdk/share/dynamixel_sdk/local_setup.sh
[1.105s] -- Up-to-date symlink: /home/student/ros2_ws/install/dynamixel_sdk/share/dynamixel_sdk/local_setup.zsh
[1.107s] -- Up-to-date symlink: /home/student/ros2_ws/install/dynamixel_sdk/share/dynamixel_sdk/local_setup.dsv
[1.107s] -- Symlinking: /home/student/ros2_ws/install/dynamixel_sdk/share/dynamixel_sdk/package.dsv
[1.116s] -- Up-to-date symlink: /home/student/ros2_ws/install/dynamixel_sdk/share/ament_index/resource_index/packages/dynamixel_sdk
[1.116s] -- Up-to-date symlink: /home/student/ros2_ws/install/dynamixel_sdk/share/dynamixel_sdk/cmake/ament_cmake_export_include_directories-extras.cmake
[1.116s] -- Up-to-date symlink: /home/student/ros2_ws/install/dynamixel_sdk/share/dynamixel_sdk/cmake/ament_cmake_export_libraries-extras.cmake
[1.116s] -- Up-to-date symlink: /home/student/ros2_ws/install/dynamixel_sdk/share/dynamixel_sdk/cmake/dynamixel_sdkConfig.cmake
[1.117s] -- Up-to-date symlink: /home/student/ros2_ws/install/dynamixel_sdk/share/dynamixel_sdk/cmake/dynamixel_sdkConfig-version.cmake
[1.117s] -- Up-to-date symlink: /home/student/ros2_ws/install/dynamixel_sdk/share/dynamixel_sdk/package.xml
[1.118s] Invoked command in '/home/student/ros2_ws/build/dynamixel_sdk' returned '0': CMAKE_PREFIX_PATH=${CMAKE_PREFIX_PATH}:/home/student/ros2_ws/install/turtlebot3_teleop:/home/student/ros2_ws/install/turtlebot3_example:/opt/ros/humble /usr/bin/cmake --install /home/student/ros2_ws/build/dynamixel_sdk
