-- Found ament_cmake: 1.3.10 (/opt/ros/humble/share/ament_cmake/cmake)
-- Found rclcpp: 16.0.10 (/opt/ros/humble/share/rclcpp/cmake)
-- Found rosidl_generator_c: 3.1.5 (/opt/ros/humble/share/rosidl_generator_c/cmake)
-- Found rosidl_adapter: 3.1.5 (/opt/ros/humble/share/rosidl_adapter/cmake)
-- Found rosidl_generator_cpp: 3.1.5 (/opt/ros/humble/share/rosidl_generator_cpp/cmake)
-- Using all available rosidl_typesupport_c: rosidl_typesupport_fastrtps_c;rosidl_typesupport_introspection_c
-- Using all available rosidl_typesupport_cpp: rosidl_typesupport_fastrtps_cpp;rosidl_typesupport_introspection_cpp
-- Found rmw_implementation_cmake: 6.1.2 (/opt/ros/humble/share/rmw_implementation_cmake/cmake)
-- Found rmw_fastrtps_cpp: 6.2.7 (/opt/ros/humble/share/rmw_fastrtps_cpp/cmake)
-- Using RMW implementation 'rmw_fastrtps_cpp' as default
-- Found sensor_msgs: 4.2.4 (/opt/ros/humble/share/sensor_msgs/cmake)
-- Found nav_msgs: 4.2.4 (/opt/ros/humble/share/nav_msgs/cmake)
-- Configuring done
-- Generating done
-- Build files have been written to: /home/student/ros2_ws/build/sprint_3
[ 50%] [32mBuilding CXX object CMakeFiles/cylinder_detection_node.dir/src/cylinder_detection_node.cpp.o[0m
[100%] [32m[1mLinking CXX executable cylinder_detection_node[0m
[100%] Built target cylinder_detection_node
-- Install configuration: ""
-- Installing: /home/student/ros2_ws/install/sprint_3/lib/sprint_3/cylinder_detection_node
-- Set runtime path of "/home/student/ros2_ws/install/sprint_3/lib/sprint_3/cylinder_detection_node" to ""
-- Installing: /home/student/ros2_ws/install/sprint_3/share/ament_index/resource_index/package_run_dependencies/sprint_3
-- Installing: /home/student/ros2_ws/install/sprint_3/share/ament_index/resource_index/parent_prefix_path/sprint_3
-- Up-to-date: /home/student/ros2_ws/install/sprint_3/share/sprint_3/environment/ament_prefix_path.sh
-- Installing: /home/student/ros2_ws/install/sprint_3/share/sprint_3/environment/ament_prefix_path.dsv
-- Up-to-date: /home/student/ros2_ws/install/sprint_3/share/sprint_3/environment/path.sh
-- Installing: /home/student/ros2_ws/install/sprint_3/share/sprint_3/environment/path.dsv
-- Up-to-date: /home/student/ros2_ws/install/sprint_3/share/sprint_3/local_setup.bash
-- Up-to-date: /home/student/ros2_ws/install/sprint_3/share/sprint_3/local_setup.sh
-- Up-to-date: /home/student/ros2_ws/install/sprint_3/share/sprint_3/local_setup.zsh
-- Installing: /home/student/ros2_ws/install/sprint_3/share/sprint_3/local_setup.dsv
-- Installing: /home/student/ros2_ws/install/sprint_3/share/sprint_3/package.dsv
-- Up-to-date: /home/student/ros2_ws/install/sprint_3/share/ament_index/resource_index/packages/sprint_3
-- Up-to-date: /home/student/ros2_ws/install/sprint_3/share/sprint_3/cmake/sprint_3Config.cmake
-- Up-to-date: /home/student/ros2_ws/install/sprint_3/share/sprint_3/cmake/sprint_3Config-version.cmake
-- Installing: /home/student/ros2_ws/install/sprint_3/share/sprint_3/package.xml
