-- Found ament_cmake: 1.3.9 (/opt/ros/humble/share/ament_cmake/cmake)
-- Found rclcpp: 16.0.9 (/opt/ros/humble/share/rclcpp/cmake)
-- Found rosidl_generator_c: 3.1.5 (/opt/ros/humble/share/rosidl_generator_c/cmake)
-- Found rosidl_adapter: 3.1.5 (/opt/ros/humble/share/rosidl_adapter/cmake)
-- Found rosidl_generator_cpp: 3.1.5 (/opt/ros/humble/share/rosidl_generator_cpp/cmake)
-- Using all available rosidl_typesupport_c: rosidl_typesupport_fastrtps_c;rosidl_typesupport_introspection_c
-- Using all available rosidl_typesupport_cpp: rosidl_typesupport_fastrtps_cpp;rosidl_typesupport_introspection_cpp
-- Found rmw_implementation_cmake: 6.1.2 (/opt/ros/humble/share/rmw_implementation_cmake/cmake)
-- Found rmw_fastrtps_cpp: 6.2.6 (/opt/ros/humble/share/rmw_fastrtps_cpp/cmake)
-- Found OpenSSL: /usr/lib/x86_64-linux-gnu/libcrypto.so (found version "3.0.2")  
-- Found FastRTPS: /opt/ros/humble/include  
-- Using RMW implementation 'rmw_fastrtps_cpp' as default
-- Looking for pthread.h
-- Looking for pthread.h - found
-- Performing Test CMAKE_HAVE_LIBC_PTHREAD
-- Performing Test CMAKE_HAVE_LIBC_PTHREAD - Success
-- Found Threads: TRUE  
-- Found sensor_msgs: 4.2.4 (/opt/ros/humble/share/sensor_msgs/cmake)
-- Configuring done
-- Generating done
-- Build files have been written to: /home/student/ros2_ws/build/week2
[ 50%] [32mBuilding CXX object CMakeFiles/week2.dir/src/subscriber_member_function.cpp.o[0m
[100%] [32m[1mLinking CXX executable week2[0m
[100%] Built target week2
-- Install configuration: ""
-- Installing: /home/student/ros2_ws/install/week2/lib/week2/week2
-- Set runtime path of "/home/student/ros2_ws/install/week2/lib/week2/week2" to ""
-- Up-to-date: /home/student/ros2_ws/install/week2/share/ament_index/resource_index/package_run_dependencies/week2
-- Installing: /home/student/ros2_ws/install/week2/share/ament_index/resource_index/parent_prefix_path/week2
-- Up-to-date: /home/student/ros2_ws/install/week2/share/week2/environment/ament_prefix_path.sh
-- Installing: /home/student/ros2_ws/install/week2/share/week2/environment/ament_prefix_path.dsv
-- Up-to-date: /home/student/ros2_ws/install/week2/share/week2/environment/path.sh
-- Installing: /home/student/ros2_ws/install/week2/share/week2/environment/path.dsv
-- Up-to-date: /home/student/ros2_ws/install/week2/share/week2/local_setup.bash
-- Up-to-date: /home/student/ros2_ws/install/week2/share/week2/local_setup.sh
-- Up-to-date: /home/student/ros2_ws/install/week2/share/week2/local_setup.zsh
-- Installing: /home/student/ros2_ws/install/week2/share/week2/local_setup.dsv
-- Installing: /home/student/ros2_ws/install/week2/share/week2/package.dsv
-- Up-to-date: /home/student/ros2_ws/install/week2/share/ament_index/resource_index/packages/week2
-- Up-to-date: /home/student/ros2_ws/install/week2/share/week2/cmake/week2Config.cmake
-- Up-to-date: /home/student/ros2_ws/install/week2/share/week2/cmake/week2Config-version.cmake
-- Up-to-date: /home/student/ros2_ws/install/week2/share/week2/package.xml
