[0.025s] Invoking command in '/home/student/ros2_ws/build/week2': CMAKE_PREFIX_PATH=${CMAKE_PREFIX_PATH}:/home/student/ros2_ws/install/turtlebot3_teleop:/home/student/ros2_ws/install/turtlebot3_example:/opt/ros/humble /usr/bin/cmake --build /home/student/ros2_ws/build/week2 -- -j8 -l8
[0.086s] -- Found ament_cmake: 1.3.9 (/opt/ros/humble/share/ament_cmake/cmake)
[0.265s] -- Found rclcpp: 16.0.9 (/opt/ros/humble/share/rclcpp/cmake)
[0.346s] -- Found rosidl_generator_c: 3.1.5 (/opt/ros/humble/share/rosidl_generator_c/cmake)
[0.356s] -- Found rosidl_adapter: 3.1.5 (/opt/ros/humble/share/rosidl_adapter/cmake)
[0.372s] -- Found rosidl_generator_cpp: 3.1.5 (/opt/ros/humble/share/rosidl_generator_cpp/cmake)
[0.393s] -- Using all available rosidl_typesupport_c: rosidl_typesupport_fastrtps_c;rosidl_typesupport_introspection_c
[0.424s] -- Using all available rosidl_typesupport_cpp: rosidl_typesupport_fastrtps_cpp;rosidl_typesupport_introspection_cpp
[0.543s] -- Found rmw_implementation_cmake: 6.1.2 (/opt/ros/humble/share/rmw_implementation_cmake/cmake)
[0.547s] -- Found rmw_fastrtps_cpp: 6.2.6 (/opt/ros/humble/share/rmw_fastrtps_cpp/cmake)
[0.696s] -- Found OpenSSL: /usr/lib/x86_64-linux-gnu/libcrypto.so (found version "3.0.2")  
[0.737s] -- Found FastRTPS: /opt/ros/humble/include  
[0.811s] -- Using RMW implementation 'rmw_fastrtps_cpp' as default
[0.830s] -- Looking for pthread.h
[0.937s] -- Looking for pthread.h - found
[0.940s] -- Performing Test CMAKE_HAVE_LIBC_PTHREAD
[1.045s] -- Performing Test CMAKE_HAVE_LIBC_PTHREAD - Success
[1.046s] -- Found Threads: TRUE  
[1.280s] -- Found sensor_msgs: 4.2.4 (/opt/ros/humble/share/sensor_msgs/cmake)
[1.576s] -- Configuring done
[1.751s] -- Generating done
[1.753s] -- Build files have been written to: /home/student/ros2_ws/build/week2
[1.820s] [ 50%] [32mBuilding CXX object CMakeFiles/week2.dir/src/subscriber_member_function.cpp.o[0m
[12.839s] [100%] [32m[1mLinking CXX executable week2[0m
[14.725s] [100%] Built target week2
[14.742s] Invoked command in '/home/student/ros2_ws/build/week2' returned '0': CMAKE_PREFIX_PATH=${CMAKE_PREFIX_PATH}:/home/student/ros2_ws/install/turtlebot3_teleop:/home/student/ros2_ws/install/turtlebot3_example:/opt/ros/humble /usr/bin/cmake --build /home/student/ros2_ws/build/week2 -- -j8 -l8
[14.801s] Invoking command in '/home/student/ros2_ws/build/week2': CMAKE_PREFIX_PATH=${CMAKE_PREFIX_PATH}:/home/student/ros2_ws/install/turtlebot3_teleop:/home/student/ros2_ws/install/turtlebot3_example:/opt/ros/humble /usr/bin/cmake --install /home/student/ros2_ws/build/week2
[14.814s] -- Install configuration: ""
[14.814s] -- Installing: /home/student/ros2_ws/install/week2/lib/week2/week2
[14.822s] -- Set runtime path of "/home/student/ros2_ws/install/week2/lib/week2/week2" to ""
[14.822s] -- Up-to-date: /home/student/ros2_ws/install/week2/share/ament_index/resource_index/package_run_dependencies/week2
[14.822s] -- Installing: /home/student/ros2_ws/install/week2/share/ament_index/resource_index/parent_prefix_path/week2
[14.822s] -- Up-to-date: /home/student/ros2_ws/install/week2/share/week2/environment/ament_prefix_path.sh
[14.822s] -- Installing: /home/student/ros2_ws/install/week2/share/week2/environment/ament_prefix_path.dsv
[14.823s] -- Up-to-date: /home/student/ros2_ws/install/week2/share/week2/environment/path.sh
[14.823s] -- Installing: /home/student/ros2_ws/install/week2/share/week2/environment/path.dsv
[14.823s] -- Up-to-date: /home/student/ros2_ws/install/week2/share/week2/local_setup.bash
[14.823s] -- Up-to-date: /home/student/ros2_ws/install/week2/share/week2/local_setup.sh
[14.823s] -- Up-to-date: /home/student/ros2_ws/install/week2/share/week2/local_setup.zsh
[14.823s] -- Installing: /home/student/ros2_ws/install/week2/share/week2/local_setup.dsv
[14.823s] -- Installing: /home/student/ros2_ws/install/week2/share/week2/package.dsv
[14.826s] -- Up-to-date: /home/student/ros2_ws/install/week2/share/ament_index/resource_index/packages/week2
[14.826s] -- Up-to-date: /home/student/ros2_ws/install/week2/share/week2/cmake/week2Config.cmake
[14.826s] -- Up-to-date: /home/student/ros2_ws/install/week2/share/week2/cmake/week2Config-version.cmake
[14.827s] -- Up-to-date: /home/student/ros2_ws/install/week2/share/week2/package.xml
[14.827s] Invoked command in '/home/student/ros2_ws/build/week2' returned '0': CMAKE_PREFIX_PATH=${CMAKE_PREFIX_PATH}:/home/student/ros2_ws/install/turtlebot3_teleop:/home/student/ros2_ws/install/turtlebot3_example:/opt/ros/humble /usr/bin/cmake --install /home/student/ros2_ws/build/week2
