[0.030s] Invoking command in '/home/student/ros2_ws/build/gazebo_map_creator': CMAKE_PREFIX_PATH=/home/student/ros2_ws/install/gazebo_map_creator_interface:/home/student/ros2_ws/install/gazebo_map_creator:/home/student/ros2_ws/install/week5:/home/student/ros2_ws/install/week4:/home/student/ros2_ws/install/week2:/home/student/ros2_ws/install/turtlesim:/home/student/ros2_ws/install/turtlebot3:/home/student/ros2_ws/install/turtlebot3_simulations:/home/student/ros2_ws/install/turtlebot3_bringup:/home/student/ros2_ws/install/turtlebot3_node:/home/student/ros2_ws/install/turtlebot3_navigation2:/home/student/ros2_ws/install/turtlebot3_fake_node:/home/student/ros2_ws/install/turtlebot3_msgs:/home/student/ros2_ws/install/turtlebot3_gazebo:/home/student/ros2_ws/install/turtlebot3_description:/home/student/ros2_ws/install/turtlebot3_cartographer:/home/student/ros2_ws/install/sprint2:/home/student/ros2_ws/install/robot_localization:/home/student/ros2_ws/install/lab1:/home/student/ros2_ws/install/dynamixel_sdk_examples:/home/student/ros2_ws/install/dynamixel_sdk_custom_interfaces:/home/student/ros2_ws/install/dynamixel_sdk:/home/student/ros2_ws/install/turtlebot3_teleop:/home/student/ros2_ws/install/turtlebot3_example:/opt/ros/humble LD_LIBRARY_PATH=/home/student/ros2_ws/install/gazebo_map_creator_interface/lib:/home/student/ros2_ws/install/gazebo_map_creator/lib:/home/student/ros2_ws/install/turtlesim/lib:/home/student/ros2_ws/install/turtlebot3_msgs/lib:/home/student/ros2_ws/install/robot_localization/lib:/home/student/ros2_ws/install/dynamixel_sdk_custom_interfaces/lib:/home/student/ros2_ws/install/dynamixel_sdk/lib:/usr/lib/x86_64-linux-gnu/gazebo-11/plugins:/opt/ros/humble/opt/rviz_ogre_vendor/lib:/opt/ros/humble/lib/x86_64-linux-gnu:/opt/ros/humble/lib:/usr/lib/x86_64-linux-gnu/gazebo-11/plugins /usr/bin/cmake /home/student/ros2_ws/src/gazebo_map_creator/gazebo_map_creator -DCMAKE_INSTALL_PREFIX=/home/student/ros2_ws/install/gazebo_map_creator
[0.060s] -- Found ament_cmake: 1.3.10 (/opt/ros/humble/share/ament_cmake/cmake)
[0.382s] -- Override CMake install command with custom implementation using symlinks instead of copying resources
[0.399s] -- Found builtin_interfaces: 1.2.1 (/opt/ros/humble/share/builtin_interfaces/cmake)
[0.453s] -- Found rosidl_generator_c: 3.1.5 (/opt/ros/humble/share/rosidl_generator_c/cmake)
[0.461s] -- Found rosidl_adapter: 3.1.5 (/opt/ros/humble/share/rosidl_adapter/cmake)
[0.471s] -- Found rosidl_generator_cpp: 3.1.5 (/opt/ros/humble/share/rosidl_generator_cpp/cmake)
[0.499s] -- Using all available rosidl_typesupport_c: rosidl_typesupport_fastrtps_c;rosidl_typesupport_introspection_c
[0.530s] -- Using all available rosidl_typesupport_cpp: rosidl_typesupport_fastrtps_cpp;rosidl_typesupport_introspection_cpp
[0.555s] -- Found gazebo_dev: 3.7.0 (/opt/ros/humble/share/gazebo_dev/cmake)
[0.637s] -- Found DART: /usr/include (Required is at least version "6.6") found components: dart 
[0.671s] -- Found Boost: /usr/lib/x86_64-linux-gnu/cmake/Boost-1.74.0/BoostConfig.cmake (found suitable version "1.74.0", minimum required is "1.40.0") found components: thread system filesystem program_options regex iostreams date_time 
[0.688s] -- Found Protobuf: /usr/lib/x86_64-linux-gnu/libprotobuf.so (found version "3.12.4") 
[0.690s] -- Looking for ignition-math6 -- found version 6.15.1
[0.697s] -- Searching for dependencies of ignition-math6
[0.699s] -- Looking for OGRE...
[0.710s] -- Found Ogre Ghadamon (1.9.0)
[0.710s] -- Found OGRE: optimized;/usr/lib/x86_64-linux-gnu/libOgreMain.so;debug;/usr/lib/x86_64-linux-gnu/libOgreMain.so
[0.725s] -- Looking for OGRE_Paging...
[0.726s] -- Found OGRE_Paging: optimized;/usr/lib/x86_64-linux-gnu/libOgrePaging.so;debug;/usr/lib/x86_64-linux-gnu/libOgrePaging.so
[0.726s] -- Looking for OGRE_Terrain...
[0.726s] -- Found OGRE_Terrain: optimized;/usr/lib/x86_64-linux-gnu/libOgreTerrain.so;debug;/usr/lib/x86_64-linux-gnu/libOgreTerrain.so
[0.726s] -- Looking for OGRE_Property...
[0.727s] -- Found OGRE_Property: optimized;/usr/lib/x86_64-linux-gnu/libOgreProperty.so;debug;/usr/lib/x86_64-linux-gnu/libOgreProperty.so
[0.727s] -- Looking for OGRE_RTShaderSystem...
[0.727s] -- Found OGRE_RTShaderSystem: optimized;/usr/lib/x86_64-linux-gnu/libOgreRTShaderSystem.so;debug;/usr/lib/x86_64-linux-gnu/libOgreRTShaderSystem.so
[0.727s] -- Looking for OGRE_Volume...
[0.728s] -- Found OGRE_Volume: optimized;/usr/lib/x86_64-linux-gnu/libOgreVolume.so;debug;/usr/lib/x86_64-linux-gnu/libOgreVolume.so
[0.728s] -- Looking for OGRE_Overlay...
[0.728s] -- Found OGRE_Overlay: optimized;/usr/lib/x86_64-linux-gnu/libOgreOverlay.so;debug;/usr/lib/x86_64-linux-gnu/libOgreOverlay.so
[1.104s] -- Looking for ignition-math6 -- found version 6.15.1
[1.104s] -- Looking for ignition-transport8 -- found version 8.2.1
[1.105s] -- Searching for dependencies of ignition-transport8
[1.146s] -- Found Protobuf: /usr/lib/x86_64-linux-gnu/libprotobuf.so (found suitable version "3.12.4", minimum required is "3") 
[1.177s] -- Config-file not installed for ZeroMQ -- checking for pkg-config
[1.212s] -- Checking for module 'libzmq >= 4'
[1.274s] --   Found libzmq , version 4.3.4
[1.369s] -- Checking for module 'uuid'
[1.410s] --   Found uuid, version 2.37.2
[1.485s] -- Looking for ignition-msgs5 -- found version 5.8.1
[1.486s] -- Searching for dependencies of ignition-msgs5
[1.525s] -- Looking for ignition-math6 -- found version 6.15.1
[1.534s] -- Checking for module 'tinyxml2'
[1.563s] --   Found tinyxml2, version 9.0.0
[1.631s] -- Looking for ignition-msgs5 -- found version 5.8.1
[1.631s] -- Looking for ignition-common3 -- found version 3.14.0
[1.632s] -- Searching for dependencies of ignition-common3
[1.632s] -- Looking for dlfcn.h - found
[1.633s] -- Looking for libdl - found
[1.657s] -- Searching for <ignition-common3> component [graphics]
[1.657s] -- Looking for ignition-common3-graphics -- found version 3.14.0
[1.658s] -- Searching for dependencies of ignition-common3-graphics
[1.659s] -- Looking for ignition-math6 -- found version 6.15.1
[1.674s] -- Looking for ignition-fuel_tools4 -- found version 4.4.0
[1.675s] -- Searching for dependencies of ignition-fuel_tools4
[1.788s] -- Checking for module 'jsoncpp'
[1.824s] --   Found jsoncpp, version 1.9.5
[1.948s] -- Checking for module 'libzip'
[1.974s] --   Found libzip, version 1.7.3
[2.078s] -- Looking for ignition-common3 -- found version 3.14.0
[2.079s] -- Looking for ignition-math6 -- found version 6.15.1
[2.079s] -- Looking for ignition-msgs5 -- found version 5.8.1
[2.090s] -- Gazebo version: 11.10
[2.091s] -- Found gazebo_ros: 3.7.0 (/opt/ros/humble/share/gazebo_ros/cmake)
[2.187s] -- Found rmw_implementation_cmake: 6.1.2 (/opt/ros/humble/share/rmw_implementation_cmake/cmake)
[2.191s] -- Found rmw_fastrtps_cpp: 6.2.7 (/opt/ros/humble/share/rmw_fastrtps_cpp/cmake)
[2.513s] -- Using RMW implementation 'rmw_fastrtps_cpp' as default
[2.644s] -- Found geometry_msgs: 4.2.4 (/opt/ros/humble/share/geometry_msgs/cmake)
[2.671s] -- Found gazebo_map_creator_interface: 3.5.3 (/home/student/ros2_ws/install/gazebo_map_creator_interface/share/gazebo_map_creator_interface/cmake)
[2.705s] -- Found rclpy: 3.3.14 (/opt/ros/humble/share/rclpy/cmake)
[2.742s] -- Eigen found (include: /usr/include/eigen3, version: 3.4.0)
[2.752s] -- Found Boost: /usr/lib/x86_64-linux-gnu/cmake/Boost-1.74.0/BoostConfig.cmake (found suitable version "1.74.0", minimum required is "1.65.0") found components: system filesystem date_time iostreams serialization 
[2.791s] -- FLANN found (include: /usr/include, lib: /usr/lib/x86_64-linux-gnu/libflann_cpp.so)
[3.441s] -- OpenNI found (version: 1.5.4.0, include: /usr/include/ni, lib: /usr/lib/libOpenNI.so;libusb::libusb)
[3.453s] -- OpenNI2 found (version: 2.2.0.33, include: /usr/include/openni2, lib: /usr/lib/x86_64-linux-gnu/libOpenNI2.so;libusb::libusb)
[3.453s] [0m** WARNING ** io features related to pcap will be disabled[0m
[3.778s] -- Eigen found (include: /usr/include/eigen3, version: 3.4.0)
[3.788s] -- OpenNI found (version: 1.5.4.0, include: /usr/include/ni, lib: /usr/lib/libOpenNI.so;libusb::libusb)
[3.799s] -- OpenNI2 found (version: 2.2.0.33, include: /usr/include/openni2, lib: /usr/lib/x86_64-linux-gnu/libOpenNI2.so;libusb::libusb)
[4.124s] -- Found Qhull version 8.0.2
[4.487s] -- OpenNI found (version: 1.5.4.0, include: /usr/include/ni, lib: /usr/lib/libOpenNI.so;libusb::libusb)
[4.771s] -- looking for PCL_COMMON
[4.772s] -- looking for PCL_KDTREE
[4.773s] -- looking for PCL_OCTREE
[4.774s] -- looking for PCL_SEARCH
[4.775s] -- looking for PCL_SAMPLE_CONSENSUS
[4.776s] -- looking for PCL_FILTERS
[4.777s] -- looking for PCL_2D
[4.778s] -- looking for PCL_GEOMETRY
[4.778s] -- looking for PCL_IO
[4.779s] -- looking for PCL_FEATURES
[4.780s] -- looking for PCL_ML
[4.781s] -- looking for PCL_SEGMENTATION
[4.782s] -- looking for PCL_VISUALIZATION
[4.783s] -- looking for PCL_SURFACE
[4.784s] -- looking for PCL_REGISTRATION
[4.785s] -- looking for PCL_KEYPOINTS
[4.786s] -- looking for PCL_TRACKING
[4.787s] -- looking for PCL_RECOGNITION
[4.787s] -- looking for PCL_STEREO
[4.788s] -- looking for PCL_APPS
[4.789s] -- looking for PCL_IN_HAND_SCANNER
[4.790s] -- looking for PCL_MODELER
[4.790s] -- looking for PCL_POINT_CLOUD_EDITOR
[4.791s] -- looking for PCL_OUTOFCORE
[4.792s] -- looking for PCL_PEOPLE
[4.960s] -- Configuring done
[5.042s] -- Generating done
[5.046s] -- Build files have been written to: /home/student/ros2_ws/build/gazebo_map_creator
[5.092s] Invoked command in '/home/student/ros2_ws/build/gazebo_map_creator' returned '0': CMAKE_PREFIX_PATH=/home/student/ros2_ws/install/gazebo_map_creator_interface:/home/student/ros2_ws/install/gazebo_map_creator:/home/student/ros2_ws/install/week5:/home/student/ros2_ws/install/week4:/home/student/ros2_ws/install/week2:/home/student/ros2_ws/install/turtlesim:/home/student/ros2_ws/install/turtlebot3:/home/student/ros2_ws/install/turtlebot3_simulations:/home/student/ros2_ws/install/turtlebot3_bringup:/home/student/ros2_ws/install/turtlebot3_node:/home/student/ros2_ws/install/turtlebot3_navigation2:/home/student/ros2_ws/install/turtlebot3_fake_node:/home/student/ros2_ws/install/turtlebot3_msgs:/home/student/ros2_ws/install/turtlebot3_gazebo:/home/student/ros2_ws/install/turtlebot3_description:/home/student/ros2_ws/install/turtlebot3_cartographer:/home/student/ros2_ws/install/sprint2:/home/student/ros2_ws/install/robot_localization:/home/student/ros2_ws/install/lab1:/home/student/ros2_ws/install/dynamixel_sdk_examples:/home/student/ros2_ws/install/dynamixel_sdk_custom_interfaces:/home/student/ros2_ws/install/dynamixel_sdk:/home/student/ros2_ws/install/turtlebot3_teleop:/home/student/ros2_ws/install/turtlebot3_example:/opt/ros/humble LD_LIBRARY_PATH=/home/student/ros2_ws/install/gazebo_map_creator_interface/lib:/home/student/ros2_ws/install/gazebo_map_creator/lib:/home/student/ros2_ws/install/turtlesim/lib:/home/student/ros2_ws/install/turtlebot3_msgs/lib:/home/student/ros2_ws/install/robot_localization/lib:/home/student/ros2_ws/install/dynamixel_sdk_custom_interfaces/lib:/home/student/ros2_ws/install/dynamixel_sdk/lib:/usr/lib/x86_64-linux-gnu/gazebo-11/plugins:/opt/ros/humble/opt/rviz_ogre_vendor/lib:/opt/ros/humble/lib/x86_64-linux-gnu:/opt/ros/humble/lib:/usr/lib/x86_64-linux-gnu/gazebo-11/plugins /usr/bin/cmake /home/student/ros2_ws/src/gazebo_map_creator/gazebo_map_creator -DCMAKE_INSTALL_PREFIX=/home/student/ros2_ws/install/gazebo_map_creator
[5.092s] Invoking command in '/home/student/ros2_ws/build/gazebo_map_creator': CMAKE_PREFIX_PATH=/home/student/ros2_ws/install/gazebo_map_creator_interface:/home/student/ros2_ws/install/gazebo_map_creator:/home/student/ros2_ws/install/week5:/home/student/ros2_ws/install/week4:/home/student/ros2_ws/install/week2:/home/student/ros2_ws/install/turtlesim:/home/student/ros2_ws/install/turtlebot3:/home/student/ros2_ws/install/turtlebot3_simulations:/home/student/ros2_ws/install/turtlebot3_bringup:/home/student/ros2_ws/install/turtlebot3_node:/home/student/ros2_ws/install/turtlebot3_navigation2:/home/student/ros2_ws/install/turtlebot3_fake_node:/home/student/ros2_ws/install/turtlebot3_msgs:/home/student/ros2_ws/install/turtlebot3_gazebo:/home/student/ros2_ws/install/turtlebot3_description:/home/student/ros2_ws/install/turtlebot3_cartographer:/home/student/ros2_ws/install/sprint2:/home/student/ros2_ws/install/robot_localization:/home/student/ros2_ws/install/lab1:/home/student/ros2_ws/install/dynamixel_sdk_examples:/home/student/ros2_ws/install/dynamixel_sdk_custom_interfaces:/home/student/ros2_ws/install/dynamixel_sdk:/home/student/ros2_ws/install/turtlebot3_teleop:/home/student/ros2_ws/install/turtlebot3_example:/opt/ros/humble LD_LIBRARY_PATH=/home/student/ros2_ws/install/gazebo_map_creator_interface/lib:/home/student/ros2_ws/install/gazebo_map_creator/lib:/home/student/ros2_ws/install/turtlesim/lib:/home/student/ros2_ws/install/turtlebot3_msgs/lib:/home/student/ros2_ws/install/robot_localization/lib:/home/student/ros2_ws/install/dynamixel_sdk_custom_interfaces/lib:/home/student/ros2_ws/install/dynamixel_sdk/lib:/usr/lib/x86_64-linux-gnu/gazebo-11/plugins:/opt/ros/humble/opt/rviz_ogre_vendor/lib:/opt/ros/humble/lib/x86_64-linux-gnu:/opt/ros/humble/lib:/usr/lib/x86_64-linux-gnu/gazebo-11/plugins /usr/bin/cmake --build /home/student/ros2_ws/build/gazebo_map_creator -- -j8 -l8
[5.181s] [35m[1mConsolidate compiler generated dependencies of target gazebo_map_creator[0m
[5.251s] [100%] Built target gazebo_map_creator
[5.272s] Invoked command in '/home/student/ros2_ws/build/gazebo_map_creator' returned '0': CMAKE_PREFIX_PATH=/home/student/ros2_ws/install/gazebo_map_creator_interface:/home/student/ros2_ws/install/gazebo_map_creator:/home/student/ros2_ws/install/week5:/home/student/ros2_ws/install/week4:/home/student/ros2_ws/install/week2:/home/student/ros2_ws/install/turtlesim:/home/student/ros2_ws/install/turtlebot3:/home/student/ros2_ws/install/turtlebot3_simulations:/home/student/ros2_ws/install/turtlebot3_bringup:/home/student/ros2_ws/install/turtlebot3_node:/home/student/ros2_ws/install/turtlebot3_navigation2:/home/student/ros2_ws/install/turtlebot3_fake_node:/home/student/ros2_ws/install/turtlebot3_msgs:/home/student/ros2_ws/install/turtlebot3_gazebo:/home/student/ros2_ws/install/turtlebot3_description:/home/student/ros2_ws/install/turtlebot3_cartographer:/home/student/ros2_ws/install/sprint2:/home/student/ros2_ws/install/robot_localization:/home/student/ros2_ws/install/lab1:/home/student/ros2_ws/install/dynamixel_sdk_examples:/home/student/ros2_ws/install/dynamixel_sdk_custom_interfaces:/home/student/ros2_ws/install/dynamixel_sdk:/home/student/ros2_ws/install/turtlebot3_teleop:/home/student/ros2_ws/install/turtlebot3_example:/opt/ros/humble LD_LIBRARY_PATH=/home/student/ros2_ws/install/gazebo_map_creator_interface/lib:/home/student/ros2_ws/install/gazebo_map_creator/lib:/home/student/ros2_ws/install/turtlesim/lib:/home/student/ros2_ws/install/turtlebot3_msgs/lib:/home/student/ros2_ws/install/robot_localization/lib:/home/student/ros2_ws/install/dynamixel_sdk_custom_interfaces/lib:/home/student/ros2_ws/install/dynamixel_sdk/lib:/usr/lib/x86_64-linux-gnu/gazebo-11/plugins:/opt/ros/humble/opt/rviz_ogre_vendor/lib:/opt/ros/humble/lib/x86_64-linux-gnu:/opt/ros/humble/lib:/usr/lib/x86_64-linux-gnu/gazebo-11/plugins /usr/bin/cmake --build /home/student/ros2_ws/build/gazebo_map_creator -- -j8 -l8
[5.324s] Invoking command in '/home/student/ros2_ws/build/gazebo_map_creator': CMAKE_PREFIX_PATH=/home/student/ros2_ws/install/gazebo_map_creator_interface:/home/student/ros2_ws/install/gazebo_map_creator:/home/student/ros2_ws/install/week5:/home/student/ros2_ws/install/week4:/home/student/ros2_ws/install/week2:/home/student/ros2_ws/install/turtlesim:/home/student/ros2_ws/install/turtlebot3:/home/student/ros2_ws/install/turtlebot3_simulations:/home/student/ros2_ws/install/turtlebot3_bringup:/home/student/ros2_ws/install/turtlebot3_node:/home/student/ros2_ws/install/turtlebot3_navigation2:/home/student/ros2_ws/install/turtlebot3_fake_node:/home/student/ros2_ws/install/turtlebot3_msgs:/home/student/ros2_ws/install/turtlebot3_gazebo:/home/student/ros2_ws/install/turtlebot3_description:/home/student/ros2_ws/install/turtlebot3_cartographer:/home/student/ros2_ws/install/sprint2:/home/student/ros2_ws/install/robot_localization:/home/student/ros2_ws/install/lab1:/home/student/ros2_ws/install/dynamixel_sdk_examples:/home/student/ros2_ws/install/dynamixel_sdk_custom_interfaces:/home/student/ros2_ws/install/dynamixel_sdk:/home/student/ros2_ws/install/turtlebot3_teleop:/home/student/ros2_ws/install/turtlebot3_example:/opt/ros/humble LD_LIBRARY_PATH=/home/student/ros2_ws/install/gazebo_map_creator_interface/lib:/home/student/ros2_ws/install/gazebo_map_creator/lib:/home/student/ros2_ws/install/turtlesim/lib:/home/student/ros2_ws/install/turtlebot3_msgs/lib:/home/student/ros2_ws/install/robot_localization/lib:/home/student/ros2_ws/install/dynamixel_sdk_custom_interfaces/lib:/home/student/ros2_ws/install/dynamixel_sdk/lib:/usr/lib/x86_64-linux-gnu/gazebo-11/plugins:/opt/ros/humble/opt/rviz_ogre_vendor/lib:/opt/ros/humble/lib/x86_64-linux-gnu:/opt/ros/humble/lib:/usr/lib/x86_64-linux-gnu/gazebo-11/plugins /usr/bin/cmake --install /home/student/ros2_ws/build/gazebo_map_creator
[5.332s] -- Install configuration: ""
[5.333s] -- Execute custom install script
[5.333s] -- Up-to-date symlink: /home/student/ros2_ws/install/gazebo_map_creator/share/gazebo_map_creator/environment/library_path.sh
[5.333s] -- Up-to-date symlink: /home/student/ros2_ws/install/gazebo_map_creator/share/gazebo_map_creator/environment/library_path.dsv
[5.334s] -- Up-to-date symlink: /home/student/ros2_ws/install/gazebo_map_creator/share/gazebo_map_creator/scripts/request_map.py
[5.334s] -- Up-to-date symlink: /home/student/ros2_ws/install/gazebo_map_creator/lib/libgazebo_map_creator.so
[5.334s] -- Up-to-date symlink: /home/student/ros2_ws/install/gazebo_map_creator/lib/gazebo_map_creator/request_map.py
[5.334s] -- Up-to-date symlink: /home/student/ros2_ws/install/gazebo_map_creator/share/ament_index/resource_index/package_run_dependencies/gazebo_map_creator
[5.335s] -- Up-to-date symlink: /home/student/ros2_ws/install/gazebo_map_creator/share/ament_index/resource_index/parent_prefix_path/gazebo_map_creator
[5.335s] -- Up-to-date symlink: /home/student/ros2_ws/install/gazebo_map_creator/share/gazebo_map_creator/environment/ament_prefix_path.sh
[5.335s] -- Up-to-date symlink: /home/student/ros2_ws/install/gazebo_map_creator/share/gazebo_map_creator/environment/ament_prefix_path.dsv
[5.335s] -- Up-to-date symlink: /home/student/ros2_ws/install/gazebo_map_creator/share/gazebo_map_creator/environment/path.sh
[5.341s] -- Up-to-date symlink: /home/student/ros2_ws/install/gazebo_map_creator/share/gazebo_map_creator/environment/path.dsv
[5.341s] -- Up-to-date symlink: /home/student/ros2_ws/install/gazebo_map_creator/share/gazebo_map_creator/local_setup.bash
[5.341s] -- Up-to-date symlink: /home/student/ros2_ws/install/gazebo_map_creator/share/gazebo_map_creator/local_setup.sh
[5.341s] -- Up-to-date symlink: /home/student/ros2_ws/install/gazebo_map_creator/share/gazebo_map_creator/local_setup.zsh
[5.341s] -- Up-to-date symlink: /home/student/ros2_ws/install/gazebo_map_creator/share/gazebo_map_creator/local_setup.dsv
[5.341s] -- Symlinking: /home/student/ros2_ws/install/gazebo_map_creator/share/gazebo_map_creator/package.dsv
[5.349s] -- Up-to-date symlink: /home/student/ros2_ws/install/gazebo_map_creator/share/ament_index/resource_index/packages/gazebo_map_creator
[5.349s] -- Up-to-date symlink: /home/student/ros2_ws/install/gazebo_map_creator/share/gazebo_map_creator/cmake/ament_cmake_export_libraries-extras.cmake
[5.349s] -- Up-to-date symlink: /home/student/ros2_ws/install/gazebo_map_creator/share/gazebo_map_creator/cmake/ament_cmake_export_dependencies-extras.cmake
[5.349s] -- Up-to-date symlink: /home/student/ros2_ws/install/gazebo_map_creator/share/gazebo_map_creator/cmake/gazebo_map_creatorConfig.cmake
[5.349s] -- Up-to-date symlink: /home/student/ros2_ws/install/gazebo_map_creator/share/gazebo_map_creator/cmake/gazebo_map_creatorConfig-version.cmake
[5.349s] -- Up-to-date symlink: /home/student/ros2_ws/install/gazebo_map_creator/share/gazebo_map_creator/package.xml
[5.352s] Invoked command in '/home/student/ros2_ws/build/gazebo_map_creator' returned '0': CMAKE_PREFIX_PATH=/home/student/ros2_ws/install/gazebo_map_creator_interface:/home/student/ros2_ws/install/gazebo_map_creator:/home/student/ros2_ws/install/week5:/home/student/ros2_ws/install/week4:/home/student/ros2_ws/install/week2:/home/student/ros2_ws/install/turtlesim:/home/student/ros2_ws/install/turtlebot3:/home/student/ros2_ws/install/turtlebot3_simulations:/home/student/ros2_ws/install/turtlebot3_bringup:/home/student/ros2_ws/install/turtlebot3_node:/home/student/ros2_ws/install/turtlebot3_navigation2:/home/student/ros2_ws/install/turtlebot3_fake_node:/home/student/ros2_ws/install/turtlebot3_msgs:/home/student/ros2_ws/install/turtlebot3_gazebo:/home/student/ros2_ws/install/turtlebot3_description:/home/student/ros2_ws/install/turtlebot3_cartographer:/home/student/ros2_ws/install/sprint2:/home/student/ros2_ws/install/robot_localization:/home/student/ros2_ws/install/lab1:/home/student/ros2_ws/install/dynamixel_sdk_examples:/home/student/ros2_ws/install/dynamixel_sdk_custom_interfaces:/home/student/ros2_ws/install/dynamixel_sdk:/home/student/ros2_ws/install/turtlebot3_teleop:/home/student/ros2_ws/install/turtlebot3_example:/opt/ros/humble LD_LIBRARY_PATH=/home/student/ros2_ws/install/gazebo_map_creator_interface/lib:/home/student/ros2_ws/install/gazebo_map_creator/lib:/home/student/ros2_ws/install/turtlesim/lib:/home/student/ros2_ws/install/turtlebot3_msgs/lib:/home/student/ros2_ws/install/robot_localization/lib:/home/student/ros2_ws/install/dynamixel_sdk_custom_interfaces/lib:/home/student/ros2_ws/install/dynamixel_sdk/lib:/usr/lib/x86_64-linux-gnu/gazebo-11/plugins:/opt/ros/humble/opt/rviz_ogre_vendor/lib:/opt/ros/humble/lib/x86_64-linux-gnu:/opt/ros/humble/lib:/usr/lib/x86_64-linux-gnu/gazebo-11/plugins /usr/bin/cmake --install /home/student/ros2_ws/build/gazebo_map_creator
