-- Found ament_cmake: 1.3.10 (/opt/ros/humble/share/ament_cmake/cmake)
-- Override CMake install command with custom implementation using symlinks instead of copying resources
-- Found rclcpp: 16.0.10 (/opt/ros/humble/share/rclcpp/cmake)
-- Found rosidl_generator_c: 3.1.5 (/opt/ros/humble/share/rosidl_generator_c/cmake)
-- Found rosidl_adapter: 3.1.5 (/opt/ros/humble/share/rosidl_adapter/cmake)
-- Found rosidl_generator_cpp: 3.1.5 (/opt/ros/humble/share/rosidl_generator_cpp/cmake)
-- Using all available rosidl_typesupport_c: rosidl_typesupport_fastrtps_c;rosidl_typesupport_introspection_c
-- Using all available rosidl_typesupport_cpp: rosidl_typesupport_fastrtps_cpp;rosidl_typesupport_introspection_cpp
-- Found rmw_implementation_cmake: 6.1.2 (/opt/ros/humble/share/rmw_implementation_cmake/cmake)
-- Found rmw_fastrtps_cpp: 6.2.7 (/opt/ros/humble/share/rmw_fastrtps_cpp/cmake)
-- Using RMW implementation 'rmw_fastrtps_cpp' as default
-- Found sensor_msgs: 4.2.4 (/opt/ros/humble/share/sensor_msgs/cmake)
-- Found cv_bridge: 3.2.1 (/opt/ros/humble/share/cv_bridge/cmake)
-- Configuring done
-- Generating done
-- Build files have been written to: /home/student/ros2_ws/build/week5
[35m[1mConsolidate compiler generated dependencies of target week5[0m
[100%] Built target week5
-- Install configuration: ""
-- Execute custom install script
-- Up-to-date symlink: /home/student/ros2_ws/install/week5/lib/week5/week5
-- Up-to-date symlink: /home/student/ros2_ws/install/week5/share/ament_index/resource_index/package_run_dependencies/week5
-- Up-to-date symlink: /home/student/ros2_ws/install/week5/share/ament_index/resource_index/parent_prefix_path/week5
-- Up-to-date symlink: /home/student/ros2_ws/install/week5/share/week5/environment/ament_prefix_path.sh
-- Up-to-date symlink: /home/student/ros2_ws/install/week5/share/week5/environment/ament_prefix_path.dsv
-- Up-to-date symlink: /home/student/ros2_ws/install/week5/share/week5/environment/path.sh
-- Up-to-date symlink: /home/student/ros2_ws/install/week5/share/week5/environment/path.dsv
-- Up-to-date symlink: /home/student/ros2_ws/install/week5/share/week5/local_setup.bash
-- Up-to-date symlink: /home/student/ros2_ws/install/week5/share/week5/local_setup.sh
-- Up-to-date symlink: /home/student/ros2_ws/install/week5/share/week5/local_setup.zsh
-- Up-to-date symlink: /home/student/ros2_ws/install/week5/share/week5/local_setup.dsv
-- Symlinking: /home/student/ros2_ws/install/week5/share/week5/package.dsv
-- Up-to-date symlink: /home/student/ros2_ws/install/week5/share/ament_index/resource_index/packages/week5
-- Up-to-date symlink: /home/student/ros2_ws/install/week5/share/week5/cmake/week5Config.cmake
-- Up-to-date symlink: /home/student/ros2_ws/install/week5/share/week5/cmake/week5Config-version.cmake
-- Up-to-date symlink: /home/student/ros2_ws/install/week5/share/week5/package.xml
