[1.156s] Invoking command in '/home/student/ros2_ws/build/turtlebot3_cartographer': CMAKE_PREFIX_PATH=${CMAKE_PREFIX_PATH}:/home/student/ros2_ws/install/turtlebot3_teleop:/home/student/ros2_ws/install/turtlebot3_example:/opt/ros/humble /usr/bin/cmake --build /home/student/ros2_ws/build/turtlebot3_cartographer -- -j8 -l8
[1.894s] Invoked command in '/home/student/ros2_ws/build/turtlebot3_cartographer' returned '0': CMAKE_PREFIX_PATH=${CMAKE_PREFIX_PATH}:/home/student/ros2_ws/install/turtlebot3_teleop:/home/student/ros2_ws/install/turtlebot3_example:/opt/ros/humble /usr/bin/cmake --build /home/student/ros2_ws/build/turtlebot3_cartographer -- -j8 -l8
[1.984s] Invoking command in '/home/student/ros2_ws/build/turtlebot3_cartographer': CMAKE_PREFIX_PATH=${CMAKE_PREFIX_PATH}:/home/student/ros2_ws/install/turtlebot3_teleop:/home/student/ros2_ws/install/turtlebot3_example:/opt/ros/humble /usr/bin/cmake --install /home/student/ros2_ws/build/turtlebot3_cartographer
[2.006s] -- Install configuration: ""
[2.108s] -- Execute custom install script
[2.202s] -- Up-to-date symlink: /home/student/ros2_ws/install/turtlebot3_cartographer/share/turtlebot3_cartographer/config/turtlebot3_lds_2d.lua
[2.203s] -- Up-to-date symlink: /home/student/ros2_ws/install/turtlebot3_cartographer/share/turtlebot3_cartographer/launch/cartographer.launch.py
[2.203s] -- Up-to-date symlink: /home/student/ros2_ws/install/turtlebot3_cartographer/share/turtlebot3_cartographer/launch/occupancy_grid.launch.py
[2.203s] -- Up-to-date symlink: /home/student/ros2_ws/install/turtlebot3_cartographer/share/turtlebot3_cartographer/rviz/tb3_cartographer.rviz
[2.203s] -- Up-to-date symlink: /home/student/ros2_ws/install/turtlebot3_cartographer/share/ament_index/resource_index/package_run_dependencies/turtlebot3_cartographer
[2.204s] -- Up-to-date symlink: /home/student/ros2_ws/install/turtlebot3_cartographer/share/ament_index/resource_index/parent_prefix_path/turtlebot3_cartographer
[2.204s] -- Up-to-date symlink: /home/student/ros2_ws/install/turtlebot3_cartographer/share/turtlebot3_cartographer/environment/ament_prefix_path.sh
[2.220s] -- Up-to-date symlink: /home/student/ros2_ws/install/turtlebot3_cartographer/share/turtlebot3_cartographer/environment/ament_prefix_path.dsv
[2.224s] -- Up-to-date symlink: /home/student/ros2_ws/install/turtlebot3_cartographer/share/turtlebot3_cartographer/environment/path.sh
[2.224s] -- Up-to-date symlink: /home/student/ros2_ws/install/turtlebot3_cartographer/share/turtlebot3_cartographer/environment/path.dsv
[2.224s] -- Up-to-date symlink: /home/student/ros2_ws/install/turtlebot3_cartographer/share/turtlebot3_cartographer/local_setup.bash
[2.225s] -- Up-to-date symlink: /home/student/ros2_ws/install/turtlebot3_cartographer/share/turtlebot3_cartographer/local_setup.sh
[2.225s] -- Up-to-date symlink: /home/student/ros2_ws/install/turtlebot3_cartographer/share/turtlebot3_cartographer/local_setup.zsh
[2.225s] -- Up-to-date symlink: /home/student/ros2_ws/install/turtlebot3_cartographer/share/turtlebot3_cartographer/local_setup.dsv
[2.226s] -- Symlinking: /home/student/ros2_ws/install/turtlebot3_cartographer/share/turtlebot3_cartographer/package.dsv
[2.239s] -- Up-to-date symlink: /home/student/ros2_ws/install/turtlebot3_cartographer/share/ament_index/resource_index/packages/turtlebot3_cartographer
[2.239s] -- Up-to-date symlink: /home/student/ros2_ws/install/turtlebot3_cartographer/share/turtlebot3_cartographer/cmake/turtlebot3_cartographerConfig.cmake
[2.239s] -- Up-to-date symlink: /home/student/ros2_ws/install/turtlebot3_cartographer/share/turtlebot3_cartographer/cmake/turtlebot3_cartographerConfig-version.cmake
[2.240s] -- Up-to-date symlink: /home/student/ros2_ws/install/turtlebot3_cartographer/share/turtlebot3_cartographer/package.xml
[2.248s] Invoked command in '/home/student/ros2_ws/build/turtlebot3_cartographer' returned '0': CMAKE_PREFIX_PATH=${CMAKE_PREFIX_PATH}:/home/student/ros2_ws/install/turtlebot3_teleop:/home/student/ros2_ws/install/turtlebot3_example:/opt/ros/humble /usr/bin/cmake --install /home/student/ros2_ws/build/turtlebot3_cartographer
