[0.012s] Invoking command in '/home/student/ros2_ws/src/week5/build/week5': CMAKE_PREFIX_PATH=/opt/ros/humble /usr/bin/cmake --build /home/student/ros2_ws/src/week5/build/week5 -- -j8 -l8
[0.039s] -- Found ament_cmake: 1.3.10 (/opt/ros/humble/share/ament_cmake/cmake)
[0.185s] -- Found rclcpp: 16.0.10 (/opt/ros/humble/share/rclcpp/cmake)
[0.278s] -- Found rosidl_generator_c: 3.1.5 (/opt/ros/humble/share/rosidl_generator_c/cmake)
[0.288s] -- Found rosidl_adapter: 3.1.5 (/opt/ros/humble/share/rosidl_adapter/cmake)
[0.301s] -- Found rosidl_generator_cpp: 3.1.5 (/opt/ros/humble/share/rosidl_generator_cpp/cmake)
[0.323s] -- Using all available rosidl_typesupport_c: rosidl_typesupport_fastrtps_c;rosidl_typesupport_introspection_c
[0.345s] -- Using all available rosidl_typesupport_cpp: rosidl_typesupport_fastrtps_cpp;rosidl_typesupport_introspection_cpp
[0.469s] -- Found rmw_implementation_cmake: 6.1.2 (/opt/ros/humble/share/rmw_implementation_cmake/cmake)
[0.485s] -- Found rmw_fastrtps_cpp: 6.2.7 (/opt/ros/humble/share/rmw_fastrtps_cpp/cmake)
[0.671s] -- Found OpenSSL: /usr/lib/x86_64-linux-gnu/libcrypto.so (found version "3.0.2")  
[0.718s] -- Found FastRTPS: /opt/ros/humble/include  
[0.768s] -- Using RMW implementation 'rmw_fastrtps_cpp' as default
[0.815s] -- Looking for pthread.h
[0.914s] -- Looking for pthread.h - found
[0.915s] -- Performing Test CMAKE_HAVE_LIBC_PTHREAD
[1.006s] -- Performing Test CMAKE_HAVE_LIBC_PTHREAD - Success
[1.009s] -- Found Threads: TRUE  
[1.130s] -- Found sensor_msgs: 4.2.4 (/opt/ros/humble/share/sensor_msgs/cmake)
[1.251s] -- Found cv_bridge: 3.2.1 (/opt/ros/humble/share/cv_bridge/cmake)
[1.274s] -- Found OpenCV: /usr (found version "4.5.4") 
[1.348s] -- Configuring done
[1.351s] [31mCMake Error at CMakeLists.txt:17 (add_executable):
[1.351s]   Cannot find source file:
[1.351s] 
[1.352s]     src/subscriber_member_function.cpp
[1.352s] 
[1.352s]   Tried extensions .c .C .c++ .cc .cpp .cxx .cu .mpp .m .M .mm .ixx .cppm .h
[1.352s]   .hh .h++ .hm .hpp .hxx .in .txx .f .F .for .f77 .f90 .f95 .f03 .hip .ispc
[1.352s] 
[1.352s] [0m
[1.365s] [31mCMake Error at CMakeLists.txt:17 (add_executable):
[1.366s]   No SOURCES given to target: week5
[1.366s] 
[1.366s] [0m
[1.366s] [0mCMake Generate step failed.  Build files cannot be regenerated correctly.[0m
[1.376s] gmake: *** [Makefile:226: cmake_check_build_system] Error 1
[1.378s] Invoked command in '/home/student/ros2_ws/src/week5/build/week5' returned '2': CMAKE_PREFIX_PATH=/opt/ros/humble /usr/bin/cmake --build /home/student/ros2_ws/src/week5/build/week5 -- -j8 -l8
