[0.740s] Invoking command in '/home/student/ros2_ws/build/custom_map_server': CMAKE_PREFIX_PATH=${CMAKE_PREFIX_PATH}:/home/student/ros2_ws/install/turtlebot3_teleop:/home/student/ros2_ws/install/turtlebot3_example:/opt/ros/humble /usr/bin/cmake --build /home/student/ros2_ws/build/custom_map_server -- -j8 -l8
[0.911s] [100%] Built target map_server
[0.991s] Invoked command in '/home/student/ros2_ws/build/custom_map_server' returned '0': CMAKE_PREFIX_PATH=${CMAKE_PREFIX_PATH}:/home/student/ros2_ws/install/turtlebot3_teleop:/home/student/ros2_ws/install/turtlebot3_example:/opt/ros/humble /usr/bin/cmake --build /home/student/ros2_ws/build/custom_map_server -- -j8 -l8
[1.340s] Invoking command in '/home/student/ros2_ws/build/custom_map_server': CMAKE_PREFIX_PATH=${CMAKE_PREFIX_PATH}:/home/student/ros2_ws/install/turtlebot3_teleop:/home/student/ros2_ws/install/turtlebot3_example:/opt/ros/humble /usr/bin/cmake --install /home/student/ros2_ws/build/custom_map_server
[1.369s] -- Install configuration: ""
[1.371s] -- Up-to-date: /home/student/ros2_ws/install/custom_map_server/lib/custom_map_server/map_server
[1.371s] -- Up-to-date: /home/student/ros2_ws/install/custom_map_server/share/custom_map_server//data
[1.371s] -- Up-to-date: /home/student/ros2_ws/install/custom_map_server/share/custom_map_server//data/map.pgm
[1.372s] -- Up-to-date: /home/student/ros2_ws/install/custom_map_server/share/ament_index/resource_index/package_run_dependencies/custom_map_server
[1.372s] -- Up-to-date: /home/student/ros2_ws/install/custom_map_server/share/ament_index/resource_index/parent_prefix_path/custom_map_server
[1.372s] -- Up-to-date: /home/student/ros2_ws/install/custom_map_server/share/custom_map_server/environment/ament_prefix_path.sh
[1.372s] -- Up-to-date: /home/student/ros2_ws/install/custom_map_server/share/custom_map_server/environment/ament_prefix_path.dsv
[1.372s] -- Up-to-date: /home/student/ros2_ws/install/custom_map_server/share/custom_map_server/environment/path.sh
[1.372s] -- Up-to-date: /home/student/ros2_ws/install/custom_map_server/share/custom_map_server/environment/path.dsv
[1.372s] -- Up-to-date: /home/student/ros2_ws/install/custom_map_server/share/custom_map_server/local_setup.bash
[1.373s] -- Up-to-date: /home/student/ros2_ws/install/custom_map_server/share/custom_map_server/local_setup.sh
[1.374s] -- Up-to-date: /home/student/ros2_ws/install/custom_map_server/share/custom_map_server/local_setup.zsh
[1.374s] -- Up-to-date: /home/student/ros2_ws/install/custom_map_server/share/custom_map_server/local_setup.dsv
[1.375s] -- Installing: /home/student/ros2_ws/install/custom_map_server/share/custom_map_server/package.dsv
[1.376s] -- Up-to-date: /home/student/ros2_ws/install/custom_map_server/share/ament_index/resource_index/packages/custom_map_server
[1.376s] -- Up-to-date: /home/student/ros2_ws/install/custom_map_server/share/custom_map_server/cmake/custom_map_serverConfig.cmake
[1.376s] -- Up-to-date: /home/student/ros2_ws/install/custom_map_server/share/custom_map_server/cmake/custom_map_serverConfig-version.cmake
[1.376s] -- Up-to-date: /home/student/ros2_ws/install/custom_map_server/share/custom_map_server/package.xml
[1.443s] Invoked command in '/home/student/ros2_ws/build/custom_map_server' returned '0': CMAKE_PREFIX_PATH=${CMAKE_PREFIX_PATH}:/home/student/ros2_ws/install/turtlebot3_teleop:/home/student/ros2_ws/install/turtlebot3_example:/opt/ros/humble /usr/bin/cmake --install /home/student/ros2_ws/build/custom_map_server
