[0.031s] Invoking command in '/home/student/ros2_ws/build/lab1': CMAKE_PREFIX_PATH=${CMAKE_PREFIX_PATH}:/home/student/ros2_ws/install/turtlebot3_teleop:/home/student/ros2_ws/install/turtlebot3_example:/opt/ros/humble /usr/bin/cmake /home/student/ros2_ws/src/lab1 -DCMAKE_INSTALL_PREFIX=/home/student/ros2_ws/install/lab1
[0.750s] -- The C compiler identification is GNU 11.4.0
[1.260s] -- The CXX compiler identification is GNU 11.4.0
[1.273s] -- Detecting C compiler ABI info
[1.417s] -- Detecting C compiler ABI info - done
[1.429s] -- Check for working C compiler: /usr/bin/cc - skipped
[1.430s] -- Detecting C compile features
[1.431s] -- Detecting C compile features - done
[1.435s] -- Detecting CXX compiler ABI info
[1.590s] -- Detecting CXX compiler ABI info - done
[1.609s] -- Check for working CXX compiler: /usr/bin/c++ - skipped
[1.609s] -- Detecting CXX compile features
[1.610s] -- Detecting CXX compile features - done
[1.616s] -- Found ament_cmake: 1.3.9 (/opt/ros/humble/share/ament_cmake/cmake)
[1.905s] -- Found Python3: /usr/bin/python3 (found version "3.10.12") found components: Interpreter 
[2.091s] -- Found ament_lint_auto: 0.12.11 (/opt/ros/humble/share/ament_lint_auto/cmake)
[2.252s] -- Added test 'cppcheck' to perform static code analysis on C / C++ code
[2.252s] -- Configured cppcheck include dirs: 
[2.252s] -- Configured cppcheck exclude dirs and/or files: 
[2.257s] -- Added test 'lint_cmake' to check CMake code style
[2.259s] -- Added test 'uncrustify' to check C / C++ code style
[2.259s] -- Configured uncrustify additional arguments: 
[2.260s] -- Added test 'xmllint' to check XML markup files
[2.263s] -- Configuring done
[2.267s] -- Generating done
[2.269s] -- Build files have been written to: /home/student/ros2_ws/build/lab1
[2.277s] Invoked command in '/home/student/ros2_ws/build/lab1' returned '0': CMAKE_PREFIX_PATH=${CMAKE_PREFIX_PATH}:/home/student/ros2_ws/install/turtlebot3_teleop:/home/student/ros2_ws/install/turtlebot3_example:/opt/ros/humble /usr/bin/cmake /home/student/ros2_ws/src/lab1 -DCMAKE_INSTALL_PREFIX=/home/student/ros2_ws/install/lab1
[2.279s] Invoking command in '/home/student/ros2_ws/build/lab1': CMAKE_PREFIX_PATH=${CMAKE_PREFIX_PATH}:/home/student/ros2_ws/install/turtlebot3_teleop:/home/student/ros2_ws/install/turtlebot3_example:/opt/ros/humble /usr/bin/cmake --build /home/student/ros2_ws/build/lab1 -- -j8 -l8
[2.337s] Invoked command in '/home/student/ros2_ws/build/lab1' returned '0': CMAKE_PREFIX_PATH=${CMAKE_PREFIX_PATH}:/home/student/ros2_ws/install/turtlebot3_teleop:/home/student/ros2_ws/install/turtlebot3_example:/opt/ros/humble /usr/bin/cmake --build /home/student/ros2_ws/build/lab1 -- -j8 -l8
[2.377s] Invoking command in '/home/student/ros2_ws/build/lab1': CMAKE_PREFIX_PATH=${CMAKE_PREFIX_PATH}:/home/student/ros2_ws/install/turtlebot3_teleop:/home/student/ros2_ws/install/turtlebot3_example:/opt/ros/humble /usr/bin/cmake --install /home/student/ros2_ws/build/lab1
[2.391s] -- Install configuration: ""
[2.392s] -- Installing: /home/student/ros2_ws/install/lab1/share/ament_index/resource_index/package_run_dependencies/lab1
[2.392s] -- Installing: /home/student/ros2_ws/install/lab1/share/ament_index/resource_index/parent_prefix_path/lab1
[2.393s] -- Installing: /home/student/ros2_ws/install/lab1/share/lab1/environment/ament_prefix_path.sh
[2.393s] -- Installing: /home/student/ros2_ws/install/lab1/share/lab1/environment/ament_prefix_path.dsv
[2.393s] -- Installing: /home/student/ros2_ws/install/lab1/share/lab1/environment/path.sh
[2.394s] -- Installing: /home/student/ros2_ws/install/lab1/share/lab1/environment/path.dsv
[2.394s] -- Installing: /home/student/ros2_ws/install/lab1/share/lab1/local_setup.bash
[2.395s] -- Installing: /home/student/ros2_ws/install/lab1/share/lab1/local_setup.sh
[2.395s] -- Installing: /home/student/ros2_ws/install/lab1/share/lab1/local_setup.zsh
[2.395s] -- Installing: /home/student/ros2_ws/install/lab1/share/lab1/local_setup.dsv
[2.395s] -- Installing: /home/student/ros2_ws/install/lab1/share/lab1/package.dsv
[2.397s] -- Installing: /home/student/ros2_ws/install/lab1/share/ament_index/resource_index/packages/lab1
[2.398s] -- Installing: /home/student/ros2_ws/install/lab1/share/lab1/cmake/lab1Config.cmake
[2.398s] -- Installing: /home/student/ros2_ws/install/lab1/share/lab1/cmake/lab1Config-version.cmake
[2.398s] -- Installing: /home/student/ros2_ws/install/lab1/share/lab1/package.xml
[2.409s] Invoked command in '/home/student/ros2_ws/build/lab1' returned '0': CMAKE_PREFIX_PATH=${CMAKE_PREFIX_PATH}:/home/student/ros2_ws/install/turtlebot3_teleop:/home/student/ros2_ws/install/turtlebot3_example:/opt/ros/humble /usr/bin/cmake --install /home/student/ros2_ws/build/lab1
