[0.031s] Invoking command in '/home/student/ros2_ws/build/sprint_3': CMAKE_PREFIX_PATH=${CMAKE_PREFIX_PATH}:/home/student/ros2_ws/install/turtlebot3_teleop:/home/student/ros2_ws/install/turtlebot3_example:/opt/ros/humble /usr/bin/cmake /home/student/ros2_ws/src/sprint_3 -DCMAKE_INSTALL_PREFIX=/home/student/ros2_ws/install/sprint_3
[0.239s] -- The C compiler identification is GNU 11.4.0
[0.419s] -- The CXX compiler identification is GNU 11.4.0
[0.436s] -- Detecting C compiler ABI info
[0.776s] -- Detecting C compiler ABI info - done
[0.802s] -- Check for working C compiler: /usr/bin/cc - skipped
[0.802s] -- Detecting C compile features
[0.803s] -- Detecting C compile features - done
[0.808s] -- Detecting CXX compiler ABI info
[1.023s] -- Detecting CXX compiler ABI info - done
[1.049s] -- Check for working CXX compiler: /usr/bin/c++ - skipped
[1.049s] -- Detecting CXX compile features
[1.050s] -- Detecting CXX compile features - done
[1.051s] -- Found ament_cmake: 1.3.10 (/opt/ros/humble/share/ament_cmake/cmake)
[1.383s] -- Found Python3: /usr/bin/python3 (found version "3.10.12") found components: Interpreter 
[1.607s] -- Found rclcpp: 16.0.10 (/opt/ros/humble/share/rclcpp/cmake)
[1.693s] -- Found rosidl_generator_c: 3.1.5 (/opt/ros/humble/share/rosidl_generator_c/cmake)
[1.707s] -- Found rosidl_adapter: 3.1.5 (/opt/ros/humble/share/rosidl_adapter/cmake)
[1.723s] -- Found rosidl_generator_cpp: 3.1.5 (/opt/ros/humble/share/rosidl_generator_cpp/cmake)
[1.743s] -- Using all available rosidl_typesupport_c: rosidl_typesupport_fastrtps_c;rosidl_typesupport_introspection_c
[1.771s] -- Using all available rosidl_typesupport_cpp: rosidl_typesupport_fastrtps_cpp;rosidl_typesupport_introspection_cpp
[1.854s] -- Found rmw_implementation_cmake: 6.1.2 (/opt/ros/humble/share/rmw_implementation_cmake/cmake)
[1.860s] -- Found rmw_fastrtps_cpp: 6.2.7 (/opt/ros/humble/share/rmw_fastrtps_cpp/cmake)
[2.126s] -- Found OpenSSL: /usr/lib/x86_64-linux-gnu/libcrypto.so (found version "3.0.2")  
[2.146s] -- Found FastRTPS: /opt/ros/humble/include  
[2.247s] -- Using RMW implementation 'rmw_fastrtps_cpp' as default
[2.272s] -- Looking for pthread.h
[2.430s] -- Looking for pthread.h - found
[2.431s] -- Performing Test CMAKE_HAVE_LIBC_PTHREAD
[2.570s] -- Performing Test CMAKE_HAVE_LIBC_PTHREAD - Success
[2.579s] -- Found Threads: TRUE  
[2.694s] -- Found ament_lint_auto: 0.12.11 (/opt/ros/humble/share/ament_lint_auto/cmake)
[2.916s] -- Added test 'lint_cmake' to check CMake code style
[2.927s] -- Added test 'xmllint' to check XML markup files
[2.931s] -- Configuring done
[2.938s] -- Generating done
[2.941s] -- Build files have been written to: /home/student/ros2_ws/build/sprint_3
[2.959s] Invoked command in '/home/student/ros2_ws/build/sprint_3' returned '0': CMAKE_PREFIX_PATH=${CMAKE_PREFIX_PATH}:/home/student/ros2_ws/install/turtlebot3_teleop:/home/student/ros2_ws/install/turtlebot3_example:/opt/ros/humble /usr/bin/cmake /home/student/ros2_ws/src/sprint_3 -DCMAKE_INSTALL_PREFIX=/home/student/ros2_ws/install/sprint_3
[2.962s] Invoking command in '/home/student/ros2_ws/build/sprint_3': CMAKE_PREFIX_PATH=${CMAKE_PREFIX_PATH}:/home/student/ros2_ws/install/turtlebot3_teleop:/home/student/ros2_ws/install/turtlebot3_example:/opt/ros/humble /usr/bin/cmake --build /home/student/ros2_ws/build/sprint_3 -- -j8 -l8
[3.025s] Invoked command in '/home/student/ros2_ws/build/sprint_3' returned '0': CMAKE_PREFIX_PATH=${CMAKE_PREFIX_PATH}:/home/student/ros2_ws/install/turtlebot3_teleop:/home/student/ros2_ws/install/turtlebot3_example:/opt/ros/humble /usr/bin/cmake --build /home/student/ros2_ws/build/sprint_3 -- -j8 -l8
[3.064s] Invoking command in '/home/student/ros2_ws/build/sprint_3': CMAKE_PREFIX_PATH=${CMAKE_PREFIX_PATH}:/home/student/ros2_ws/install/turtlebot3_teleop:/home/student/ros2_ws/install/turtlebot3_example:/opt/ros/humble /usr/bin/cmake --install /home/student/ros2_ws/build/sprint_3
[3.077s] -- Install configuration: ""
[3.078s] -- Installing: /home/student/ros2_ws/install/sprint_3/share/ament_index/resource_index/package_run_dependencies/sprint_3
[3.078s] -- Installing: /home/student/ros2_ws/install/sprint_3/share/ament_index/resource_index/parent_prefix_path/sprint_3
[3.078s] -- Installing: /home/student/ros2_ws/install/sprint_3/share/sprint_3/environment/ament_prefix_path.sh
[3.078s] -- Installing: /home/student/ros2_ws/install/sprint_3/share/sprint_3/environment/ament_prefix_path.dsv
[3.079s] -- Installing: /home/student/ros2_ws/install/sprint_3/share/sprint_3/environment/path.sh
[3.079s] -- Installing: /home/student/ros2_ws/install/sprint_3/share/sprint_3/environment/path.dsv
[3.079s] -- Installing: /home/student/ros2_ws/install/sprint_3/share/sprint_3/local_setup.bash
[3.079s] -- Installing: /home/student/ros2_ws/install/sprint_3/share/sprint_3/local_setup.sh
[3.079s] -- Installing: /home/student/ros2_ws/install/sprint_3/share/sprint_3/local_setup.zsh
[3.079s] -- Installing: /home/student/ros2_ws/install/sprint_3/share/sprint_3/local_setup.dsv
[3.079s] -- Installing: /home/student/ros2_ws/install/sprint_3/share/sprint_3/package.dsv
[3.080s] -- Installing: /home/student/ros2_ws/install/sprint_3/share/ament_index/resource_index/packages/sprint_3
[3.080s] -- Installing: /home/student/ros2_ws/install/sprint_3/share/sprint_3/cmake/sprint_3Config.cmake
[3.080s] -- Installing: /home/student/ros2_ws/install/sprint_3/share/sprint_3/cmake/sprint_3Config-version.cmake
[3.080s] -- Installing: /home/student/ros2_ws/install/sprint_3/share/sprint_3/package.xml
[3.083s] Invoked command in '/home/student/ros2_ws/build/sprint_3' returned '0': CMAKE_PREFIX_PATH=${CMAKE_PREFIX_PATH}:/home/student/ros2_ws/install/turtlebot3_teleop:/home/student/ros2_ws/install/turtlebot3_example:/opt/ros/humble /usr/bin/cmake --install /home/student/ros2_ws/build/sprint_3
