[0.093s] Invoking command in '/home/student/ros2_ws/build/sprint2': CMAKE_PREFIX_PATH=${CMAKE_PREFIX_PATH}:/home/student/ros2_ws/install/turtlebot3_teleop:/home/student/ros2_ws/install/turtlebot3_example:/opt/ros/humble /usr/bin/cmake /home/student/ros2_ws/src/sprint2 -DAMENT_CMAKE_SYMLINK_INSTALL=1 -DCMAKE_INSTALL_PREFIX=/home/student/ros2_ws/install/sprint2
[3.045s] -- The C compiler identification is GNU 11.4.0
[3.046s] -- The CXX compiler identification is GNU 11.4.0
[3.046s] -- Detecting C compiler ABI info
[3.046s] -- Detecting C compiler ABI info - done
[3.046s] -- Check for working C compiler: /usr/bin/cc - skipped
[3.046s] -- Detecting C compile features
[3.047s] -- Detecting C compile features - done
[3.047s] -- Detecting CXX compiler ABI info
[3.047s] -- Detecting CXX compiler ABI info - done
[3.047s] -- Check for working CXX compiler: /usr/bin/c++ - skipped
[3.047s] -- Detecting CXX compile features
[3.047s] -- Detecting CXX compile features - done
[3.048s] -- Found ament_cmake: 1.3.10 (/opt/ros/humble/share/ament_cmake/cmake)
[3.147s] -- Found Python3: /usr/bin/python3 (found version "3.10.12") found components: Interpreter 
[3.370s] -- Override CMake install command with custom implementation using symlinks instead of copying resources
[3.496s] -- Found rclcpp: 16.0.10 (/opt/ros/humble/share/rclcpp/cmake)
[3.682s] -- Found rosidl_generator_c: 3.1.5 (/opt/ros/humble/share/rosidl_generator_c/cmake)
[3.704s] -- Found rosidl_adapter: 3.1.5 (/opt/ros/humble/share/rosidl_adapter/cmake)
[3.736s] -- Found rosidl_generator_cpp: 3.1.5 (/opt/ros/humble/share/rosidl_generator_cpp/cmake)
[3.796s] -- Using all available rosidl_typesupport_c: rosidl_typesupport_fastrtps_c;rosidl_typesupport_introspection_c
[3.887s] -- Using all available rosidl_typesupport_cpp: rosidl_typesupport_fastrtps_cpp;rosidl_typesupport_introspection_cpp
[4.076s] -- Found rmw_implementation_cmake: 6.1.2 (/opt/ros/humble/share/rmw_implementation_cmake/cmake)
[4.100s] -- Found rmw_fastrtps_cpp: 6.2.7 (/opt/ros/humble/share/rmw_fastrtps_cpp/cmake)
[4.488s] -- Found OpenSSL: /usr/lib/x86_64-linux-gnu/libcrypto.so (found version "3.0.2")  
[4.641s] -- Found FastRTPS: /opt/ros/humble/include  
[4.835s] -- Using RMW implementation 'rmw_fastrtps_cpp' as default
[4.858s] -- Looking for pthread.h
[5.149s] -- Looking for pthread.h - found
[5.150s] -- Performing Test CMAKE_HAVE_LIBC_PTHREAD
[5.841s] -- Performing Test CMAKE_HAVE_LIBC_PTHREAD - Success
[5.843s] -- Found Threads: TRUE  
[6.031s] -- Found sensor_msgs: 4.2.4 (/opt/ros/humble/share/sensor_msgs/cmake)
[6.126s] -- Found nav_msgs: 4.2.4 (/opt/ros/humble/share/nav_msgs/cmake)
[6.248s] -- Found OpenCV: /usr (found version "4.5.4") 
[6.497s] -- Configuring done
[6.576s] -- Generating done
[6.589s] -- Build files have been written to: /home/student/ros2_ws/build/sprint2
[6.672s] Invoked command in '/home/student/ros2_ws/build/sprint2' returned '0': CMAKE_PREFIX_PATH=${CMAKE_PREFIX_PATH}:/home/student/ros2_ws/install/turtlebot3_teleop:/home/student/ros2_ws/install/turtlebot3_example:/opt/ros/humble /usr/bin/cmake /home/student/ros2_ws/src/sprint2 -DAMENT_CMAKE_SYMLINK_INSTALL=1 -DCMAKE_INSTALL_PREFIX=/home/student/ros2_ws/install/sprint2
[6.672s] Invoking command in '/home/student/ros2_ws/build/sprint2': CMAKE_PREFIX_PATH=${CMAKE_PREFIX_PATH}:/home/student/ros2_ws/install/turtlebot3_teleop:/home/student/ros2_ws/install/turtlebot3_example:/opt/ros/humble /usr/bin/cmake --build /home/student/ros2_ws/build/sprint2 -- -j8 -l8
[11.418s] [ 50%] [32mBuilding CXX object CMakeFiles/sprint2.dir/src/publisher_member_function.cpp.o[0m
[55.743s] [100%] [32m[1mLinking CXX executable sprint2[0m
[58.316s] [100%] Built target sprint2
[58.354s] Invoked command in '/home/student/ros2_ws/build/sprint2' returned '0': CMAKE_PREFIX_PATH=${CMAKE_PREFIX_PATH}:/home/student/ros2_ws/install/turtlebot3_teleop:/home/student/ros2_ws/install/turtlebot3_example:/opt/ros/humble /usr/bin/cmake --build /home/student/ros2_ws/build/sprint2 -- -j8 -l8
[58.522s] Invoking command in '/home/student/ros2_ws/build/sprint2': CMAKE_PREFIX_PATH=${CMAKE_PREFIX_PATH}:/home/student/ros2_ws/install/turtlebot3_teleop:/home/student/ros2_ws/install/turtlebot3_example:/opt/ros/humble /usr/bin/cmake --install /home/student/ros2_ws/build/sprint2
[59.627s] -- Install configuration: ""
[59.629s] -- Execute custom install script
[59.629s] -- Symlinking: /home/student/ros2_ws/install/sprint2/lib/sprint2/sprint2
[59.629s] -- Symlinking: /home/student/ros2_ws/install/sprint2/share/ament_index/resource_index/package_run_dependencies/sprint2
[59.630s] -- Symlinking: /home/student/ros2_ws/install/sprint2/share/ament_index/resource_index/parent_prefix_path/sprint2
[59.630s] -- Symlinking: /home/student/ros2_ws/install/sprint2/share/sprint2/environment/ament_prefix_path.sh
[59.630s] -- Symlinking: /home/student/ros2_ws/install/sprint2/share/sprint2/environment/ament_prefix_path.dsv
[59.630s] -- Symlinking: /home/student/ros2_ws/install/sprint2/share/sprint2/environment/path.sh
[59.630s] -- Symlinking: /home/student/ros2_ws/install/sprint2/share/sprint2/environment/path.dsv
[59.630s] -- Symlinking: /home/student/ros2_ws/install/sprint2/share/sprint2/local_setup.bash
[59.631s] -- Symlinking: /home/student/ros2_ws/install/sprint2/share/sprint2/local_setup.sh
[59.631s] -- Symlinking: /home/student/ros2_ws/install/sprint2/share/sprint2/local_setup.zsh
[59.631s] -- Symlinking: /home/student/ros2_ws/install/sprint2/share/sprint2/local_setup.dsv
[59.631s] -- Symlinking: /home/student/ros2_ws/install/sprint2/share/sprint2/package.dsv
[59.631s] -- Symlinking: /home/student/ros2_ws/install/sprint2/share/ament_index/resource_index/packages/sprint2
[59.631s] -- Symlinking: /home/student/ros2_ws/install/sprint2/share/sprint2/cmake/sprint2Config.cmake
[59.631s] -- Symlinking: /home/student/ros2_ws/install/sprint2/share/sprint2/cmake/sprint2Config-version.cmake
[59.631s] -- Symlinking: /home/student/ros2_ws/install/sprint2/share/sprint2/package.xml
[59.648s] Invoked command in '/home/student/ros2_ws/build/sprint2' returned '0': CMAKE_PREFIX_PATH=${CMAKE_PREFIX_PATH}:/home/student/ros2_ws/install/turtlebot3_teleop:/home/student/ros2_ws/install/turtlebot3_example:/opt/ros/humble /usr/bin/cmake --install /home/student/ros2_ws/build/sprint2
