[1.338s] DEBUG:colcon:Command line arguments: ['/usr/bin/colcon', 'build']
[1.338s] DEBUG:colcon:Parsed command line arguments: Namespace(log_base=None, log_level=None, verb_name='build', build_base='build', install_base='install', merge_install=False, symlink_install=False, test_result_base=None, continue_on_error=False, executor='parallel', parallel_workers=8, event_handlers=None, ignore_user_meta=False, metas=['./colcon.meta'], base_paths=['.'], packages_ignore=None, packages_ignore_regex=None, paths=None, packages_up_to=None, packages_up_to_regex=None, packages_above=None, packages_above_and_dependencies=None, packages_above_depth=None, packages_select_by_dep=None, packages_skip_by_dep=None, packages_skip_up_to=None, packages_select_build_failed=False, packages_skip_build_finished=False, packages_select_test_failures=False, packages_skip_test_passed=False, packages_select=None, packages_skip=None, packages_select_regex=None, packages_skip_regex=None, packages_start=None, packages_end=None, allow_overriding=[], cmake_args=None, cmake_target=None, cmake_target_skip_unavailable=False, cmake_clean_cache=False, cmake_clean_first=False, cmake_force_configure=False, ament_cmake_args=None, catkin_cmake_args=None, catkin_skip_building_tests=False, mixin_files=None, mixin=None, verb_parser=<colcon_mixin.mixin.mixin_argument.MixinArgumentDecorator object at 0x7209c742f160>, verb_extension=<colcon_core.verb.build.BuildVerb object at 0x7209c742e740>, main=<bound method BuildVerb.main of <colcon_core.verb.build.BuildVerb object at 0x7209c742e740>>, mixin_verb=('build',))
[2.554s] Level 1:colcon.colcon_core.package_discovery:discover_packages(colcon_meta) check parameters
[2.554s] Level 1:colcon.colcon_core.package_discovery:discover_packages(recursive) check parameters
[2.554s] Level 1:colcon.colcon_core.package_discovery:discover_packages(ignore) check parameters
[2.554s] Level 1:colcon.colcon_core.package_discovery:discover_packages(path) check parameters
[2.554s] Level 1:colcon.colcon_core.package_discovery:discover_packages(colcon_meta) discover
[2.554s] Level 1:colcon.colcon_core.package_discovery:discover_packages(recursive) discover
[2.554s] INFO:colcon.colcon_core.package_discovery:Crawling recursively for packages in '/home/student/ros2_ws/src/week5'
[2.554s] Level 1:colcon.colcon_core.package_identification:_identify(.) by extensions ['ignore', 'ignore_ament_install']
[2.555s] Level 1:colcon.colcon_core.package_identification:_identify(.) by extension 'ignore'
[2.555s] Level 1:colcon.colcon_core.package_identification:_identify(.) by extension 'ignore_ament_install'
[2.555s] Level 1:colcon.colcon_core.package_identification:_identify(.) by extensions ['colcon_pkg']
[2.555s] Level 1:colcon.colcon_core.package_identification:_identify(.) by extension 'colcon_pkg'
[2.555s] Level 1:colcon.colcon_core.package_identification:_identify(.) by extensions ['colcon_meta']
[2.555s] Level 1:colcon.colcon_core.package_identification:_identify(.) by extension 'colcon_meta'
[2.556s] Level 1:colcon.colcon_core.package_identification:_identify(.) by extensions ['ros']
[2.556s] Level 1:colcon.colcon_core.package_identification:_identify(.) by extension 'ros'
[2.588s] DEBUG:colcon.colcon_core.package_identification:Package '.' with type 'ros.ament_cmake' and name 'week5'
[2.588s] Level 1:colcon.colcon_core.package_discovery:discover_packages(recursive) using defaults
[2.589s] Level 1:colcon.colcon_core.package_discovery:discover_packages(ignore) discover
[2.589s] Level 1:colcon.colcon_core.package_discovery:discover_packages(ignore) using defaults
[2.589s] Level 1:colcon.colcon_core.package_discovery:discover_packages(path) discover
[2.589s] Level 1:colcon.colcon_core.package_discovery:discover_packages(path) using defaults
[2.661s] Level 1:colcon.colcon_core.package_discovery:discover_packages(prefix_path) check parameters
[2.661s] Level 1:colcon.colcon_core.package_discovery:discover_packages(prefix_path) discover
[2.666s] DEBUG:colcon.colcon_installed_package_information.package_discovery:Found 370 installed packages in /opt/ros/humble
[2.668s] Level 1:colcon.colcon_core.package_discovery:discover_packages(prefix_path) using defaults
[2.718s] Level 5:colcon.colcon_core.verb:set package 'week5' build argument 'cmake_args' from command line to 'None'
[2.718s] Level 5:colcon.colcon_core.verb:set package 'week5' build argument 'cmake_target' from command line to 'None'
[2.718s] Level 5:colcon.colcon_core.verb:set package 'week5' build argument 'cmake_target_skip_unavailable' from command line to 'False'
[2.718s] Level 5:colcon.colcon_core.verb:set package 'week5' build argument 'cmake_clean_cache' from command line to 'False'
[2.718s] Level 5:colcon.colcon_core.verb:set package 'week5' build argument 'cmake_clean_first' from command line to 'False'
[2.718s] Level 5:colcon.colcon_core.verb:set package 'week5' build argument 'cmake_force_configure' from command line to 'False'
[2.718s] Level 5:colcon.colcon_core.verb:set package 'week5' build argument 'ament_cmake_args' from command line to 'None'
[2.718s] Level 5:colcon.colcon_core.verb:set package 'week5' build argument 'catkin_cmake_args' from command line to 'None'
[2.718s] Level 5:colcon.colcon_core.verb:set package 'week5' build argument 'catkin_skip_building_tests' from command line to 'False'
[2.718s] DEBUG:colcon.colcon_core.verb:Building package 'week5' with the following arguments: {'ament_cmake_args': None, 'build_base': '/home/student/ros2_ws/src/week5/build/week5', 'catkin_cmake_args': None, 'catkin_skip_building_tests': False, 'cmake_args': None, 'cmake_clean_cache': False, 'cmake_clean_first': False, 'cmake_force_configure': False, 'cmake_target': None, 'cmake_target_skip_unavailable': False, 'install_base': '/home/student/ros2_ws/src/week5/install/week5', 'merge_install': False, 'path': '/home/student/ros2_ws/src/week5', 'symlink_install': False, 'test_result_base': None}
[2.718s] INFO:colcon.colcon_core.executor:Executing jobs using 'parallel' executor
[2.720s] DEBUG:colcon.colcon_parallel_executor.executor.parallel:run_until_complete
[2.720s] INFO:colcon.colcon_ros.task.ament_cmake.build:Building ROS package in '/home/student/ros2_ws/src/week5' with build type 'ament_cmake'
[2.720s] INFO:colcon.colcon_cmake.task.cmake.build:Building CMake package in '/home/student/ros2_ws/src/week5'
[2.730s] INFO:colcon.colcon_core.plugin_system:Skipping extension 'colcon_core.shell.bat': Not used on non-Windows systems
[2.730s] INFO:colcon.colcon_core.shell:Skip shell extension 'powershell' for command environment: Not usable outside of PowerShell
[2.730s] DEBUG:colcon.colcon_core.shell:Skip shell extension 'dsv' for command environment
[2.740s] DEBUG:colcon.colcon_core.event_handler.log_command:Invoking command in '/home/student/ros2_ws/src/week5/build/week5': CMAKE_PREFIX_PATH=/opt/ros/humble /usr/bin/cmake /home/student/ros2_ws/src/week5 -DCMAKE_INSTALL_PREFIX=/home/student/ros2_ws/src/week5/install/week5
[4.601s] DEBUG:colcon.colcon_core.event_handler.log_command:Invoked command in '/home/student/ros2_ws/src/week5/build/week5' returned '0': CMAKE_PREFIX_PATH=/opt/ros/humble /usr/bin/cmake /home/student/ros2_ws/src/week5 -DCMAKE_INSTALL_PREFIX=/home/student/ros2_ws/src/week5/install/week5
[4.604s] DEBUG:colcon.colcon_core.event_handler.log_command:Invoking command in '/home/student/ros2_ws/src/week5/build/week5': CMAKE_PREFIX_PATH=/opt/ros/humble /usr/bin/cmake --build /home/student/ros2_ws/src/week5/build/week5 -- -j8 -l8
[4.652s] DEBUG:colcon.colcon_core.event_handler.log_command:Invoked command in '/home/student/ros2_ws/src/week5/build/week5' returned '0': CMAKE_PREFIX_PATH=/opt/ros/humble /usr/bin/cmake --build /home/student/ros2_ws/src/week5/build/week5 -- -j8 -l8
[4.690s] DEBUG:colcon.colcon_core.event_handler.log_command:Invoking command in '/home/student/ros2_ws/src/week5/build/week5': CMAKE_PREFIX_PATH=/opt/ros/humble /usr/bin/cmake --install /home/student/ros2_ws/src/week5/build/week5
[4.703s] Level 1:colcon.colcon_core.environment:create_environment_scripts_only(week5)
[4.703s] DEBUG:colcon.colcon_core.event_handler.log_command:Invoked command in '/home/student/ros2_ws/src/week5/build/week5' returned '0': CMAKE_PREFIX_PATH=/opt/ros/humble /usr/bin/cmake --install /home/student/ros2_ws/src/week5/build/week5
[4.707s] Level 1:colcon.colcon_core.environment:checking '/home/student/ros2_ws/src/week5/install/week5' for CMake module files
[4.708s] Level 1:colcon.colcon_core.environment:checking '/home/student/ros2_ws/src/week5/install/week5' for CMake config files
[4.708s] Level 1:colcon.colcon_core.shell:create_environment_hook('week5', 'cmake_prefix_path')
[4.708s] INFO:colcon.colcon_core.shell:Creating environment hook '/home/student/ros2_ws/src/week5/install/week5/share/week5/hook/cmake_prefix_path.ps1'
[4.709s] INFO:colcon.colcon_core.shell:Creating environment descriptor '/home/student/ros2_ws/src/week5/install/week5/share/week5/hook/cmake_prefix_path.dsv'
[4.713s] INFO:colcon.colcon_core.shell:Creating environment hook '/home/student/ros2_ws/src/week5/install/week5/share/week5/hook/cmake_prefix_path.sh'
[4.714s] Level 1:colcon.colcon_core.environment:checking '/home/student/ros2_ws/src/week5/install/week5/bin'
[4.714s] Level 1:colcon.colcon_core.environment:checking '/home/student/ros2_ws/src/week5/install/week5/lib/pkgconfig/week5.pc'
[4.715s] Level 1:colcon.colcon_core.environment:checking '/home/student/ros2_ws/src/week5/install/week5/lib/python3.10/site-packages'
[4.715s] Level 1:colcon.colcon_core.environment:checking '/home/student/ros2_ws/src/week5/install/week5/bin'
[4.715s] INFO:colcon.colcon_core.shell:Creating package script '/home/student/ros2_ws/src/week5/install/week5/share/week5/package.ps1'
[4.716s] INFO:colcon.colcon_core.shell:Creating package descriptor '/home/student/ros2_ws/src/week5/install/week5/share/week5/package.dsv'
[4.717s] INFO:colcon.colcon_core.shell:Creating package script '/home/student/ros2_ws/src/week5/install/week5/share/week5/package.sh'
[4.717s] INFO:colcon.colcon_core.shell:Creating package script '/home/student/ros2_ws/src/week5/install/week5/share/week5/package.bash'
[4.718s] INFO:colcon.colcon_core.shell:Creating package script '/home/student/ros2_ws/src/week5/install/week5/share/week5/package.zsh'
[4.722s] Level 1:colcon.colcon_core.environment:create_file_with_runtime_dependencies(/home/student/ros2_ws/src/week5/install/week5/share/colcon-core/packages/week5)
[4.751s] Level 1:colcon.colcon_core.environment:create_environment_scripts_only(week5)
[4.752s] Level 1:colcon.colcon_core.environment:checking '/home/student/ros2_ws/src/week5/install/week5' for CMake module files
[4.752s] Level 1:colcon.colcon_core.environment:checking '/home/student/ros2_ws/src/week5/install/week5' for CMake config files
[4.752s] Level 1:colcon.colcon_core.shell:create_environment_hook('week5', 'cmake_prefix_path')
[4.753s] INFO:colcon.colcon_core.shell:Creating environment hook '/home/student/ros2_ws/src/week5/install/week5/share/week5/hook/cmake_prefix_path.ps1'
[4.753s] INFO:colcon.colcon_core.shell:Creating environment descriptor '/home/student/ros2_ws/src/week5/install/week5/share/week5/hook/cmake_prefix_path.dsv'
[4.754s] INFO:colcon.colcon_core.shell:Creating environment hook '/home/student/ros2_ws/src/week5/install/week5/share/week5/hook/cmake_prefix_path.sh'
[4.754s] Level 1:colcon.colcon_core.environment:checking '/home/student/ros2_ws/src/week5/install/week5/bin'
[4.754s] Level 1:colcon.colcon_core.environment:checking '/home/student/ros2_ws/src/week5/install/week5/lib/pkgconfig/week5.pc'
[4.754s] Level 1:colcon.colcon_core.environment:checking '/home/student/ros2_ws/src/week5/install/week5/lib/python3.10/site-packages'
[4.755s] Level 1:colcon.colcon_core.environment:checking '/home/student/ros2_ws/src/week5/install/week5/bin'
[4.755s] INFO:colcon.colcon_core.shell:Creating package script '/home/student/ros2_ws/src/week5/install/week5/share/week5/package.ps1'
[4.755s] INFO:colcon.colcon_core.shell:Creating package descriptor '/home/student/ros2_ws/src/week5/install/week5/share/week5/package.dsv'
[4.756s] INFO:colcon.colcon_core.shell:Creating package script '/home/student/ros2_ws/src/week5/install/week5/share/week5/package.sh'
[4.756s] INFO:colcon.colcon_core.shell:Creating package script '/home/student/ros2_ws/src/week5/install/week5/share/week5/package.bash'
[4.757s] INFO:colcon.colcon_core.shell:Creating package script '/home/student/ros2_ws/src/week5/install/week5/share/week5/package.zsh'
[4.757s] Level 1:colcon.colcon_core.environment:create_file_with_runtime_dependencies(/home/student/ros2_ws/src/week5/install/week5/share/colcon-core/packages/week5)
[4.757s] DEBUG:colcon.colcon_parallel_executor.executor.parallel:closing loop
[4.758s] DEBUG:colcon.colcon_parallel_executor.executor.parallel:loop closed
[4.758s] DEBUG:colcon.colcon_parallel_executor.executor.parallel:run_until_complete finished with '0'
[4.758s] DEBUG:colcon.colcon_core.event_reactor:joining thread
[4.768s] INFO:colcon.colcon_core.plugin_system:Skipping extension 'colcon_notification.desktop_notification.terminal_notifier': Not used on non-Darwin systems
[4.768s] INFO:colcon.colcon_core.plugin_system:Skipping extension 'colcon_notification.desktop_notification.win32': Not used on non-Windows systems
[4.769s] INFO:colcon.colcon_notification.desktop_notification:Sending desktop notification using 'notify2'
[4.792s] DEBUG:colcon.colcon_core.event_reactor:joined thread
[4.792s] INFO:colcon.colcon_core.shell:Creating prefix script '/home/student/ros2_ws/src/week5/install/local_setup.ps1'
[4.794s] INFO:colcon.colcon_core.shell:Creating prefix util module '/home/student/ros2_ws/src/week5/install/_local_setup_util_ps1.py'
[4.798s] INFO:colcon.colcon_core.shell:Creating prefix chain script '/home/student/ros2_ws/src/week5/install/setup.ps1'
[4.799s] INFO:colcon.colcon_core.shell:Creating prefix script '/home/student/ros2_ws/src/week5/install/local_setup.sh'
[4.800s] INFO:colcon.colcon_core.shell:Creating prefix util module '/home/student/ros2_ws/src/week5/install/_local_setup_util_sh.py'
[4.801s] INFO:colcon.colcon_core.shell:Creating prefix chain script '/home/student/ros2_ws/src/week5/install/setup.sh'
[4.815s] INFO:colcon.colcon_core.shell:Creating prefix script '/home/student/ros2_ws/src/week5/install/local_setup.bash'
[4.816s] INFO:colcon.colcon_core.shell:Creating prefix chain script '/home/student/ros2_ws/src/week5/install/setup.bash'
[4.817s] INFO:colcon.colcon_core.shell:Creating prefix script '/home/student/ros2_ws/src/week5/install/local_setup.zsh'
[4.817s] INFO:colcon.colcon_core.shell:Creating prefix chain script '/home/student/ros2_ws/src/week5/install/setup.zsh'
