[0.116s] DEBUG:colcon:Command line arguments: ['/usr/bin/colcon', 'build']
[0.116s] DEBUG:colcon:Parsed command line arguments: Namespace(log_base=None, log_level=None, verb_name='build', build_base='build', install_base='install', merge_install=False, symlink_install=False, test_result_base=None, continue_on_error=False, executor='parallel', parallel_workers=8, event_handlers=None, ignore_user_meta=False, metas=['./colcon.meta'], base_paths=['.'], packages_ignore=None, packages_ignore_regex=None, paths=None, packages_up_to=None, packages_up_to_regex=None, packages_above=None, packages_above_and_dependencies=None, packages_above_depth=None, packages_select_by_dep=None, packages_skip_by_dep=None, packages_skip_up_to=None, packages_select_build_failed=False, packages_skip_build_finished=False, packages_select_test_failures=False, packages_skip_test_passed=False, packages_select=None, packages_skip=None, packages_select_regex=None, packages_skip_regex=None, packages_start=None, packages_end=None, allow_overriding=[], cmake_args=None, cmake_target=None, cmake_target_skip_unavailable=False, cmake_clean_cache=False, cmake_clean_first=False, cmake_force_configure=False, ament_cmake_args=None, catkin_cmake_args=None, catkin_skip_building_tests=False, mixin_files=None, mixin=None, verb_parser=<colcon_mixin.mixin.mixin_argument.MixinArgumentDecorator object at 0x71f80c8334c0>, verb_extension=<colcon_core.verb.build.BuildVerb object at 0x71f80c832aa0>, main=<bound method BuildVerb.main of <colcon_core.verb.build.BuildVerb object at 0x71f80c832aa0>>, mixin_verb=('build',))
[0.303s] Level 1:colcon.colcon_core.package_discovery:discover_packages(colcon_meta) check parameters
[0.303s] Level 1:colcon.colcon_core.package_discovery:discover_packages(recursive) check parameters
[0.303s] Level 1:colcon.colcon_core.package_discovery:discover_packages(ignore) check parameters
[0.303s] Level 1:colcon.colcon_core.package_discovery:discover_packages(path) check parameters
[0.303s] Level 1:colcon.colcon_core.package_discovery:discover_packages(colcon_meta) discover
[0.303s] Level 1:colcon.colcon_core.package_discovery:discover_packages(recursive) discover
[0.303s] INFO:colcon.colcon_core.package_discovery:Crawling recursively for packages in '/home/student/ros2_ws/src/week2'
[0.303s] Level 1:colcon.colcon_core.package_identification:_identify(.) by extensions ['ignore', 'ignore_ament_install']
[0.304s] Level 1:colcon.colcon_core.package_identification:_identify(.) by extension 'ignore'
[0.304s] Level 1:colcon.colcon_core.package_identification:_identify(.) by extension 'ignore_ament_install'
[0.304s] Level 1:colcon.colcon_core.package_identification:_identify(.) by extensions ['colcon_pkg']
[0.304s] Level 1:colcon.colcon_core.package_identification:_identify(.) by extension 'colcon_pkg'
[0.304s] Level 1:colcon.colcon_core.package_identification:_identify(.) by extensions ['colcon_meta']
[0.304s] Level 1:colcon.colcon_core.package_identification:_identify(.) by extension 'colcon_meta'
[0.304s] Level 1:colcon.colcon_core.package_identification:_identify(.) by extensions ['ros']
[0.304s] Level 1:colcon.colcon_core.package_identification:_identify(.) by extension 'ros'
[0.319s] DEBUG:colcon.colcon_core.package_identification:Package '.' with type 'ros.ament_cmake' and name 'week2'
[0.319s] Level 1:colcon.colcon_core.package_discovery:discover_packages(recursive) using defaults
[0.319s] Level 1:colcon.colcon_core.package_discovery:discover_packages(ignore) discover
[0.319s] Level 1:colcon.colcon_core.package_discovery:discover_packages(ignore) using defaults
[0.320s] Level 1:colcon.colcon_core.package_discovery:discover_packages(path) discover
[0.320s] Level 1:colcon.colcon_core.package_discovery:discover_packages(path) using defaults
[0.356s] Level 1:colcon.colcon_core.package_discovery:discover_packages(prefix_path) check parameters
[0.356s] Level 1:colcon.colcon_core.package_discovery:discover_packages(prefix_path) discover
[0.358s] DEBUG:colcon.colcon_installed_package_information.package_discovery:Found 18 installed packages in /home/student/ros2_ws/install
[0.360s] DEBUG:colcon.colcon_installed_package_information.package_discovery:Found 371 installed packages in /opt/ros/humble
[0.362s] Level 1:colcon.colcon_core.package_discovery:discover_packages(prefix_path) using defaults
[0.415s] Level 5:colcon.colcon_core.verb:set package 'week2' build argument 'cmake_args' from command line to 'None'
[0.416s] Level 5:colcon.colcon_core.verb:set package 'week2' build argument 'cmake_target' from command line to 'None'
[0.416s] Level 5:colcon.colcon_core.verb:set package 'week2' build argument 'cmake_target_skip_unavailable' from command line to 'False'
[0.416s] Level 5:colcon.colcon_core.verb:set package 'week2' build argument 'cmake_clean_cache' from command line to 'False'
[0.416s] Level 5:colcon.colcon_core.verb:set package 'week2' build argument 'cmake_clean_first' from command line to 'False'
[0.416s] Level 5:colcon.colcon_core.verb:set package 'week2' build argument 'cmake_force_configure' from command line to 'False'
[0.416s] Level 5:colcon.colcon_core.verb:set package 'week2' build argument 'ament_cmake_args' from command line to 'None'
[0.416s] Level 5:colcon.colcon_core.verb:set package 'week2' build argument 'catkin_cmake_args' from command line to 'None'
[0.416s] Level 5:colcon.colcon_core.verb:set package 'week2' build argument 'catkin_skip_building_tests' from command line to 'False'
[0.416s] DEBUG:colcon.colcon_core.verb:Building package 'week2' with the following arguments: {'ament_cmake_args': None, 'build_base': '/home/student/ros2_ws/src/week2/build/week2', 'catkin_cmake_args': None, 'catkin_skip_building_tests': False, 'cmake_args': None, 'cmake_clean_cache': False, 'cmake_clean_first': False, 'cmake_force_configure': False, 'cmake_target': None, 'cmake_target_skip_unavailable': False, 'install_base': '/home/student/ros2_ws/src/week2/install/week2', 'merge_install': False, 'path': '/home/student/ros2_ws/src/week2', 'symlink_install': False, 'test_result_base': None}
[0.416s] INFO:colcon.colcon_core.executor:Executing jobs using 'parallel' executor
[0.417s] DEBUG:colcon.colcon_parallel_executor.executor.parallel:run_until_complete
[0.418s] INFO:colcon.colcon_ros.task.ament_cmake.build:Building ROS package in '/home/student/ros2_ws/src/week2' with build type 'ament_cmake'
[0.418s] INFO:colcon.colcon_cmake.task.cmake.build:Building CMake package in '/home/student/ros2_ws/src/week2'
[0.420s] INFO:colcon.colcon_core.plugin_system:Skipping extension 'colcon_core.shell.bat': Not used on non-Windows systems
[0.420s] INFO:colcon.colcon_core.shell:Skip shell extension 'powershell' for command environment: Not usable outside of PowerShell
[0.420s] DEBUG:colcon.colcon_core.shell:Skip shell extension 'dsv' for command environment
[0.435s] DEBUG:colcon.colcon_core.event_handler.log_command:Invoking command in '/home/student/ros2_ws/src/week2/build/week2': CMAKE_PREFIX_PATH=${CMAKE_PREFIX_PATH}:/home/student/ros2_ws/install/turtlebot3_teleop:/home/student/ros2_ws/install/turtlebot3_example:/opt/ros/humble /usr/bin/cmake --build /home/student/ros2_ws/src/week2/build/week2 -- -j8 -l8
[12.038s] DEBUG:colcon.colcon_core.event_handler.log_command:Invoked command in '/home/student/ros2_ws/src/week2/build/week2' returned '0': CMAKE_PREFIX_PATH=${CMAKE_PREFIX_PATH}:/home/student/ros2_ws/install/turtlebot3_teleop:/home/student/ros2_ws/install/turtlebot3_example:/opt/ros/humble /usr/bin/cmake --build /home/student/ros2_ws/src/week2/build/week2 -- -j8 -l8
[12.084s] DEBUG:colcon.colcon_core.event_handler.log_command:Invoking command in '/home/student/ros2_ws/src/week2/build/week2': CMAKE_PREFIX_PATH=${CMAKE_PREFIX_PATH}:/home/student/ros2_ws/install/turtlebot3_teleop:/home/student/ros2_ws/install/turtlebot3_example:/opt/ros/humble /usr/bin/cmake --install /home/student/ros2_ws/src/week2/build/week2
[12.104s] Level 1:colcon.colcon_core.environment:create_environment_scripts_only(week2)
[12.106s] DEBUG:colcon.colcon_core.event_handler.log_command:Invoked command in '/home/student/ros2_ws/src/week2/build/week2' returned '0': CMAKE_PREFIX_PATH=${CMAKE_PREFIX_PATH}:/home/student/ros2_ws/install/turtlebot3_teleop:/home/student/ros2_ws/install/turtlebot3_example:/opt/ros/humble /usr/bin/cmake --install /home/student/ros2_ws/src/week2/build/week2
[12.108s] Level 1:colcon.colcon_core.environment:checking '/home/student/ros2_ws/src/week2/install/week2' for CMake module files
[12.108s] Level 1:colcon.colcon_core.environment:checking '/home/student/ros2_ws/src/week2/install/week2' for CMake config files
[12.109s] Level 1:colcon.colcon_core.shell:create_environment_hook('week2', 'cmake_prefix_path')
[12.109s] INFO:colcon.colcon_core.shell:Creating environment hook '/home/student/ros2_ws/src/week2/install/week2/share/week2/hook/cmake_prefix_path.ps1'
[12.110s] INFO:colcon.colcon_core.shell:Creating environment descriptor '/home/student/ros2_ws/src/week2/install/week2/share/week2/hook/cmake_prefix_path.dsv'
[12.110s] INFO:colcon.colcon_core.shell:Creating environment hook '/home/student/ros2_ws/src/week2/install/week2/share/week2/hook/cmake_prefix_path.sh'
[12.111s] Level 1:colcon.colcon_core.environment:checking '/home/student/ros2_ws/src/week2/install/week2/lib'
[12.111s] Level 1:colcon.colcon_core.environment:checking '/home/student/ros2_ws/src/week2/install/week2/bin'
[12.111s] Level 1:colcon.colcon_core.environment:checking '/home/student/ros2_ws/src/week2/install/week2/lib/pkgconfig/week2.pc'
[12.112s] Level 1:colcon.colcon_core.environment:checking '/home/student/ros2_ws/src/week2/install/week2/lib/python3.10/site-packages'
[12.112s] Level 1:colcon.colcon_core.environment:checking '/home/student/ros2_ws/src/week2/install/week2/bin'
[12.112s] INFO:colcon.colcon_core.shell:Creating package script '/home/student/ros2_ws/src/week2/install/week2/share/week2/package.ps1'
[12.113s] INFO:colcon.colcon_core.shell:Creating package descriptor '/home/student/ros2_ws/src/week2/install/week2/share/week2/package.dsv'
[12.114s] INFO:colcon.colcon_core.shell:Creating package script '/home/student/ros2_ws/src/week2/install/week2/share/week2/package.sh'
[12.114s] INFO:colcon.colcon_core.shell:Creating package script '/home/student/ros2_ws/src/week2/install/week2/share/week2/package.bash'
[12.115s] INFO:colcon.colcon_core.shell:Creating package script '/home/student/ros2_ws/src/week2/install/week2/share/week2/package.zsh'
[12.116s] Level 1:colcon.colcon_core.environment:create_file_with_runtime_dependencies(/home/student/ros2_ws/src/week2/install/week2/share/colcon-core/packages/week2)
[12.150s] Level 1:colcon.colcon_core.environment:create_environment_scripts_only(week2)
[12.150s] Level 1:colcon.colcon_core.environment:checking '/home/student/ros2_ws/src/week2/install/week2' for CMake module files
[12.151s] Level 1:colcon.colcon_core.environment:checking '/home/student/ros2_ws/src/week2/install/week2' for CMake config files
[12.151s] Level 1:colcon.colcon_core.shell:create_environment_hook('week2', 'cmake_prefix_path')
[12.151s] INFO:colcon.colcon_core.shell:Creating environment hook '/home/student/ros2_ws/src/week2/install/week2/share/week2/hook/cmake_prefix_path.ps1'
[12.152s] INFO:colcon.colcon_core.shell:Creating environment descriptor '/home/student/ros2_ws/src/week2/install/week2/share/week2/hook/cmake_prefix_path.dsv'
[12.152s] INFO:colcon.colcon_core.shell:Creating environment hook '/home/student/ros2_ws/src/week2/install/week2/share/week2/hook/cmake_prefix_path.sh'
[12.153s] Level 1:colcon.colcon_core.environment:checking '/home/student/ros2_ws/src/week2/install/week2/lib'
[12.153s] Level 1:colcon.colcon_core.environment:checking '/home/student/ros2_ws/src/week2/install/week2/bin'
[12.153s] Level 1:colcon.colcon_core.environment:checking '/home/student/ros2_ws/src/week2/install/week2/lib/pkgconfig/week2.pc'
[12.153s] Level 1:colcon.colcon_core.environment:checking '/home/student/ros2_ws/src/week2/install/week2/lib/python3.10/site-packages'
[12.154s] Level 1:colcon.colcon_core.environment:checking '/home/student/ros2_ws/src/week2/install/week2/bin'
[12.154s] INFO:colcon.colcon_core.shell:Creating package script '/home/student/ros2_ws/src/week2/install/week2/share/week2/package.ps1'
[12.154s] INFO:colcon.colcon_core.shell:Creating package descriptor '/home/student/ros2_ws/src/week2/install/week2/share/week2/package.dsv'
[12.155s] INFO:colcon.colcon_core.shell:Creating package script '/home/student/ros2_ws/src/week2/install/week2/share/week2/package.sh'
[12.155s] INFO:colcon.colcon_core.shell:Creating package script '/home/student/ros2_ws/src/week2/install/week2/share/week2/package.bash'
[12.156s] INFO:colcon.colcon_core.shell:Creating package script '/home/student/ros2_ws/src/week2/install/week2/share/week2/package.zsh'
[12.156s] Level 1:colcon.colcon_core.environment:create_file_with_runtime_dependencies(/home/student/ros2_ws/src/week2/install/week2/share/colcon-core/packages/week2)
[12.156s] DEBUG:colcon.colcon_parallel_executor.executor.parallel:closing loop
[12.157s] DEBUG:colcon.colcon_parallel_executor.executor.parallel:loop closed
[12.157s] DEBUG:colcon.colcon_parallel_executor.executor.parallel:run_until_complete finished with '0'
[12.157s] DEBUG:colcon.colcon_core.event_reactor:joining thread
[12.163s] INFO:colcon.colcon_core.plugin_system:Skipping extension 'colcon_notification.desktop_notification.terminal_notifier': Not used on non-Darwin systems
[12.163s] INFO:colcon.colcon_core.plugin_system:Skipping extension 'colcon_notification.desktop_notification.win32': Not used on non-Windows systems
[12.163s] INFO:colcon.colcon_notification.desktop_notification:Sending desktop notification using 'notify2'
[12.176s] DEBUG:colcon.colcon_core.event_reactor:joined thread
[12.177s] INFO:colcon.colcon_core.shell:Creating prefix script '/home/student/ros2_ws/src/week2/install/local_setup.ps1'
[12.178s] INFO:colcon.colcon_core.shell:Creating prefix util module '/home/student/ros2_ws/src/week2/install/_local_setup_util_ps1.py'
[12.179s] INFO:colcon.colcon_core.shell:Creating prefix chain script '/home/student/ros2_ws/src/week2/install/setup.ps1'
[12.181s] INFO:colcon.colcon_core.shell:Creating prefix script '/home/student/ros2_ws/src/week2/install/local_setup.sh'
[12.182s] INFO:colcon.colcon_core.shell:Creating prefix util module '/home/student/ros2_ws/src/week2/install/_local_setup_util_sh.py'
[12.183s] INFO:colcon.colcon_core.shell:Creating prefix chain script '/home/student/ros2_ws/src/week2/install/setup.sh'
[12.185s] INFO:colcon.colcon_core.shell:Creating prefix script '/home/student/ros2_ws/src/week2/install/local_setup.bash'
[12.186s] INFO:colcon.colcon_core.shell:Creating prefix chain script '/home/student/ros2_ws/src/week2/install/setup.bash'
[12.188s] INFO:colcon.colcon_core.shell:Creating prefix script '/home/student/ros2_ws/src/week2/install/local_setup.zsh'
[12.189s] INFO:colcon.colcon_core.shell:Creating prefix chain script '/home/student/ros2_ws/src/week2/install/setup.zsh'
