[0.818s] Invoking command in '/home/student/ros2_ws/build/turtlebot3_example': AMENT_PREFIX_PATH=/home/student/ros2_ws/install/turtlebot3_msgs:${AMENT_PREFIX_PATH} CMAKE_PREFIX_PATH=/home/student/ros2_ws/install/turtlebot3_msgs LD_LIBRARY_PATH=/home/student/ros2_ws/install/turtlebot3_msgs/lib:${LD_LIBRARY_PATH} PYTHONPATH=/home/student/ros2_ws/build/turtlebot3_example/prefix_override:/usr/lib/python3/dist-packages/colcon_core/task/python/colcon_distutils_commands:/home/student/ros2_ws/install/turtlebot3_example/lib/python3.10/site-packages:/home/student/ros2_ws/install/turtlebot3_msgs/local/lib/python3.10/dist-packages:${PYTHONPATH} /usr/bin/python3 -W ignore:setup.py install is deprecated setup.py develop --editable --build-directory /home/student/ros2_ws/build/turtlebot3_example/build --no-deps symlink_data
[1.201s] running develop
[1.202s] /usr/lib/python3/dist-packages/setuptools/command/easy_install.py:158: EasyInstallDeprecationWarning: easy_install command is deprecated. Use build and pip and other standards-based tools.
[1.202s]   warnings.warn(
[1.388s] running egg_info
[1.388s] creating turtlebot3_example.egg-info
[1.388s] writing turtlebot3_example.egg-info/PKG-INFO
[1.389s] writing dependency_links to turtlebot3_example.egg-info/dependency_links.txt
[1.389s] writing entry points to turtlebot3_example.egg-info/entry_points.txt
[1.389s] writing requirements to turtlebot3_example.egg-info/requires.txt
[1.389s] writing top-level names to turtlebot3_example.egg-info/top_level.txt
[1.389s] writing manifest file 'turtlebot3_example.egg-info/SOURCES.txt'
[1.393s] reading manifest file 'turtlebot3_example.egg-info/SOURCES.txt'
[1.393s] writing manifest file 'turtlebot3_example.egg-info/SOURCES.txt'
[1.395s] running build_ext
[1.395s] Creating /home/student/ros2_ws/install/turtlebot3_example/lib/python3.10/site-packages/turtlebot3-example.egg-link (link to .)
[1.396s] Installing turtlebot3_obstacle_detection script to /home/student/ros2_ws/install/turtlebot3_example/lib/turtlebot3_example
[1.396s] Installing turtlebot3_patrol_client script to /home/student/ros2_ws/install/turtlebot3_example/lib/turtlebot3_example
[1.396s] Installing turtlebot3_patrol_server script to /home/student/ros2_ws/install/turtlebot3_example/lib/turtlebot3_example
[1.396s] Installing turtlebot3_position_control script to /home/student/ros2_ws/install/turtlebot3_example/lib/turtlebot3_example
[1.397s] 
[1.397s] Installed /home/student/ros2_ws/build/turtlebot3_example
[1.397s] running symlink_data
[1.397s] creating /home/student/ros2_ws/install/turtlebot3_example/share/ament_index
[1.397s] creating /home/student/ros2_ws/install/turtlebot3_example/share/ament_index/resource_index
[1.397s] creating /home/student/ros2_ws/install/turtlebot3_example/share/ament_index/resource_index/packages
[1.397s] symbolically linking /home/student/ros2_ws/build/turtlebot3_example/resource/turtlebot3_example -> /home/student/ros2_ws/install/turtlebot3_example/share/ament_index/resource_index/packages
[1.397s] symbolically linking /home/student/ros2_ws/build/turtlebot3_example/package.xml -> /home/student/ros2_ws/install/turtlebot3_example/share/turtlebot3_example
[1.440s] Invoked command in '/home/student/ros2_ws/build/turtlebot3_example' returned '0': AMENT_PREFIX_PATH=/home/student/ros2_ws/install/turtlebot3_msgs:${AMENT_PREFIX_PATH} CMAKE_PREFIX_PATH=/home/student/ros2_ws/install/turtlebot3_msgs LD_LIBRARY_PATH=/home/student/ros2_ws/install/turtlebot3_msgs/lib:${LD_LIBRARY_PATH} PYTHONPATH=/home/student/ros2_ws/build/turtlebot3_example/prefix_override:/usr/lib/python3/dist-packages/colcon_core/task/python/colcon_distutils_commands:/home/student/ros2_ws/install/turtlebot3_example/lib/python3.10/site-packages:/home/student/ros2_ws/install/turtlebot3_msgs/local/lib/python3.10/dist-packages:${PYTHONPATH} /usr/bin/python3 -W ignore:setup.py install is deprecated setup.py develop --editable --build-directory /home/student/ros2_ws/build/turtlebot3_example/build --no-deps symlink_data
