[0.112s] DEBUG:colcon:Command line arguments: ['/usr/bin/colcon', 'build']
[0.112s] DEBUG:colcon:Parsed command line arguments: Namespace(log_base=None, log_level=None, verb_name='build', build_base='build', install_base='install', merge_install=False, symlink_install=False, test_result_base=None, continue_on_error=False, executor='parallel', parallel_workers=8, event_handlers=None, ignore_user_meta=False, metas=['./colcon.meta'], base_paths=['.'], packages_ignore=None, packages_ignore_regex=None, paths=None, packages_up_to=None, packages_up_to_regex=None, packages_above=None, packages_above_and_dependencies=None, packages_above_depth=None, packages_select_by_dep=None, packages_skip_by_dep=None, packages_skip_up_to=None, packages_select_build_failed=False, packages_skip_build_finished=False, packages_select_test_failures=False, packages_skip_test_passed=False, packages_select=None, packages_skip=None, packages_select_regex=None, packages_skip_regex=None, packages_start=None, packages_end=None, allow_overriding=[], cmake_args=None, cmake_target=None, cmake_target_skip_unavailable=False, cmake_clean_cache=False, cmake_clean_first=False, cmake_force_configure=False, ament_cmake_args=None, catkin_cmake_args=None, catkin_skip_building_tests=False, mixin_files=None, mixin=None, verb_parser=<colcon_mixin.mixin.mixin_argument.MixinArgumentDecorator object at 0x765c07a2b190>, verb_extension=<colcon_core.verb.build.BuildVerb object at 0x765c07a2a770>, main=<bound method BuildVerb.main of <colcon_core.verb.build.BuildVerb object at 0x765c07a2a770>>, mixin_verb=('build',))
[0.301s] Level 1:colcon.colcon_core.package_discovery:discover_packages(colcon_meta) check parameters
[0.301s] Level 1:colcon.colcon_core.package_discovery:discover_packages(recursive) check parameters
[0.301s] Level 1:colcon.colcon_core.package_discovery:discover_packages(ignore) check parameters
[0.301s] Level 1:colcon.colcon_core.package_discovery:discover_packages(path) check parameters
[0.301s] Level 1:colcon.colcon_core.package_discovery:discover_packages(colcon_meta) discover
[0.301s] Level 1:colcon.colcon_core.package_discovery:discover_packages(recursive) discover
[0.301s] INFO:colcon.colcon_core.package_discovery:Crawling recursively for packages in '/home/student/ros2_ws/src/week2'
[0.301s] Level 1:colcon.colcon_core.package_identification:_identify(.) by extensions ['ignore', 'ignore_ament_install']
[0.301s] Level 1:colcon.colcon_core.package_identification:_identify(.) by extension 'ignore'
[0.301s] Level 1:colcon.colcon_core.package_identification:_identify(.) by extension 'ignore_ament_install'
[0.301s] Level 1:colcon.colcon_core.package_identification:_identify(.) by extensions ['colcon_pkg']
[0.301s] Level 1:colcon.colcon_core.package_identification:_identify(.) by extension 'colcon_pkg'
[0.301s] Level 1:colcon.colcon_core.package_identification:_identify(.) by extensions ['colcon_meta']
[0.301s] Level 1:colcon.colcon_core.package_identification:_identify(.) by extension 'colcon_meta'
[0.302s] Level 1:colcon.colcon_core.package_identification:_identify(.) by extensions ['ros']
[0.302s] Level 1:colcon.colcon_core.package_identification:_identify(.) by extension 'ros'
[0.316s] DEBUG:colcon.colcon_core.package_identification:Package '.' with type 'ros.ament_cmake' and name 'week2'
[0.316s] Level 1:colcon.colcon_core.package_discovery:discover_packages(recursive) using defaults
[0.316s] Level 1:colcon.colcon_core.package_discovery:discover_packages(ignore) discover
[0.316s] Level 1:colcon.colcon_core.package_discovery:discover_packages(ignore) using defaults
[0.316s] Level 1:colcon.colcon_core.package_discovery:discover_packages(path) discover
[0.316s] Level 1:colcon.colcon_core.package_discovery:discover_packages(path) using defaults
[0.348s] Level 1:colcon.colcon_core.package_discovery:discover_packages(prefix_path) check parameters
[0.348s] Level 1:colcon.colcon_core.package_discovery:discover_packages(prefix_path) discover
[0.351s] DEBUG:colcon.colcon_installed_package_information.package_discovery:Found 371 installed packages in /opt/ros/humble
[0.353s] Level 1:colcon.colcon_core.package_discovery:discover_packages(prefix_path) using defaults
[0.401s] Level 5:colcon.colcon_core.verb:set package 'week2' build argument 'cmake_args' from command line to 'None'
[0.401s] Level 5:colcon.colcon_core.verb:set package 'week2' build argument 'cmake_target' from command line to 'None'
[0.401s] Level 5:colcon.colcon_core.verb:set package 'week2' build argument 'cmake_target_skip_unavailable' from command line to 'False'
[0.401s] Level 5:colcon.colcon_core.verb:set package 'week2' build argument 'cmake_clean_cache' from command line to 'False'
[0.401s] Level 5:colcon.colcon_core.verb:set package 'week2' build argument 'cmake_clean_first' from command line to 'False'
[0.401s] Level 5:colcon.colcon_core.verb:set package 'week2' build argument 'cmake_force_configure' from command line to 'False'
[0.401s] Level 5:colcon.colcon_core.verb:set package 'week2' build argument 'ament_cmake_args' from command line to 'None'
[0.401s] Level 5:colcon.colcon_core.verb:set package 'week2' build argument 'catkin_cmake_args' from command line to 'None'
[0.401s] Level 5:colcon.colcon_core.verb:set package 'week2' build argument 'catkin_skip_building_tests' from command line to 'False'
[0.402s] DEBUG:colcon.colcon_core.verb:Building package 'week2' with the following arguments: {'ament_cmake_args': None, 'build_base': '/home/student/ros2_ws/src/week2/build/week2', 'catkin_cmake_args': None, 'catkin_skip_building_tests': False, 'cmake_args': None, 'cmake_clean_cache': False, 'cmake_clean_first': False, 'cmake_force_configure': False, 'cmake_target': None, 'cmake_target_skip_unavailable': False, 'install_base': '/home/student/ros2_ws/src/week2/install/week2', 'merge_install': False, 'path': '/home/student/ros2_ws/src/week2', 'symlink_install': False, 'test_result_base': None}
[0.402s] INFO:colcon.colcon_core.executor:Executing jobs using 'parallel' executor
[0.403s] DEBUG:colcon.colcon_parallel_executor.executor.parallel:run_until_complete
[0.403s] INFO:colcon.colcon_ros.task.ament_cmake.build:Building ROS package in '/home/student/ros2_ws/src/week2' with build type 'ament_cmake'
[0.403s] INFO:colcon.colcon_cmake.task.cmake.build:Building CMake package in '/home/student/ros2_ws/src/week2'
[0.405s] INFO:colcon.colcon_core.plugin_system:Skipping extension 'colcon_core.shell.bat': Not used on non-Windows systems
[0.405s] INFO:colcon.colcon_core.shell:Skip shell extension 'powershell' for command environment: Not usable outside of PowerShell
[0.405s] DEBUG:colcon.colcon_core.shell:Skip shell extension 'dsv' for command environment
[0.415s] DEBUG:colcon.colcon_core.event_handler.log_command:Invoking command in '/home/student/ros2_ws/src/week2/build/week2': CMAKE_PREFIX_PATH=/opt/ros/humble /usr/bin/cmake --build /home/student/ros2_ws/src/week2/build/week2 -- -j8 -l8
[11.487s] DEBUG:colcon.colcon_core.event_handler.log_command:Invoked command in '/home/student/ros2_ws/src/week2/build/week2' returned '0': CMAKE_PREFIX_PATH=/opt/ros/humble /usr/bin/cmake --build /home/student/ros2_ws/src/week2/build/week2 -- -j8 -l8
[11.529s] DEBUG:colcon.colcon_core.event_handler.log_command:Invoking command in '/home/student/ros2_ws/src/week2/build/week2': CMAKE_PREFIX_PATH=/opt/ros/humble /usr/bin/cmake --install /home/student/ros2_ws/src/week2/build/week2
[11.551s] Level 1:colcon.colcon_core.environment:create_environment_scripts_only(week2)
[11.552s] DEBUG:colcon.colcon_core.event_handler.log_command:Invoked command in '/home/student/ros2_ws/src/week2/build/week2' returned '0': CMAKE_PREFIX_PATH=/opt/ros/humble /usr/bin/cmake --install /home/student/ros2_ws/src/week2/build/week2
[11.555s] Level 1:colcon.colcon_core.environment:checking '/home/student/ros2_ws/src/week2/install/week2' for CMake module files
[11.555s] Level 1:colcon.colcon_core.environment:checking '/home/student/ros2_ws/src/week2/install/week2' for CMake config files
[11.555s] Level 1:colcon.colcon_core.shell:create_environment_hook('week2', 'cmake_prefix_path')
[11.556s] INFO:colcon.colcon_core.shell:Creating environment hook '/home/student/ros2_ws/src/week2/install/week2/share/week2/hook/cmake_prefix_path.ps1'
[11.557s] INFO:colcon.colcon_core.shell:Creating environment descriptor '/home/student/ros2_ws/src/week2/install/week2/share/week2/hook/cmake_prefix_path.dsv'
[11.557s] INFO:colcon.colcon_core.shell:Creating environment hook '/home/student/ros2_ws/src/week2/install/week2/share/week2/hook/cmake_prefix_path.sh'
[11.558s] Level 1:colcon.colcon_core.environment:checking '/home/student/ros2_ws/src/week2/install/week2/lib'
[11.558s] Level 1:colcon.colcon_core.environment:checking '/home/student/ros2_ws/src/week2/install/week2/bin'
[11.558s] Level 1:colcon.colcon_core.environment:checking '/home/student/ros2_ws/src/week2/install/week2/lib/pkgconfig/week2.pc'
[11.559s] Level 1:colcon.colcon_core.environment:checking '/home/student/ros2_ws/src/week2/install/week2/lib/python3.10/site-packages'
[11.559s] Level 1:colcon.colcon_core.environment:checking '/home/student/ros2_ws/src/week2/install/week2/bin'
[11.559s] INFO:colcon.colcon_core.shell:Creating package script '/home/student/ros2_ws/src/week2/install/week2/share/week2/package.ps1'
[11.560s] INFO:colcon.colcon_core.shell:Creating package descriptor '/home/student/ros2_ws/src/week2/install/week2/share/week2/package.dsv'
[11.561s] INFO:colcon.colcon_core.shell:Creating package script '/home/student/ros2_ws/src/week2/install/week2/share/week2/package.sh'
[11.561s] INFO:colcon.colcon_core.shell:Creating package script '/home/student/ros2_ws/src/week2/install/week2/share/week2/package.bash'
[11.562s] INFO:colcon.colcon_core.shell:Creating package script '/home/student/ros2_ws/src/week2/install/week2/share/week2/package.zsh'
[11.563s] Level 1:colcon.colcon_core.environment:create_file_with_runtime_dependencies(/home/student/ros2_ws/src/week2/install/week2/share/colcon-core/packages/week2)
[11.593s] Level 1:colcon.colcon_core.environment:create_environment_scripts_only(week2)
[11.593s] Level 1:colcon.colcon_core.environment:checking '/home/student/ros2_ws/src/week2/install/week2' for CMake module files
[11.594s] Level 1:colcon.colcon_core.environment:checking '/home/student/ros2_ws/src/week2/install/week2' for CMake config files
[11.594s] Level 1:colcon.colcon_core.shell:create_environment_hook('week2', 'cmake_prefix_path')
[11.595s] INFO:colcon.colcon_core.shell:Creating environment hook '/home/student/ros2_ws/src/week2/install/week2/share/week2/hook/cmake_prefix_path.ps1'
[11.595s] INFO:colcon.colcon_core.shell:Creating environment descriptor '/home/student/ros2_ws/src/week2/install/week2/share/week2/hook/cmake_prefix_path.dsv'
[11.596s] INFO:colcon.colcon_core.shell:Creating environment hook '/home/student/ros2_ws/src/week2/install/week2/share/week2/hook/cmake_prefix_path.sh'
[11.596s] Level 1:colcon.colcon_core.environment:checking '/home/student/ros2_ws/src/week2/install/week2/lib'
[11.596s] Level 1:colcon.colcon_core.environment:checking '/home/student/ros2_ws/src/week2/install/week2/bin'
[11.597s] Level 1:colcon.colcon_core.environment:checking '/home/student/ros2_ws/src/week2/install/week2/lib/pkgconfig/week2.pc'
[11.597s] Level 1:colcon.colcon_core.environment:checking '/home/student/ros2_ws/src/week2/install/week2/lib/python3.10/site-packages'
[11.597s] Level 1:colcon.colcon_core.environment:checking '/home/student/ros2_ws/src/week2/install/week2/bin'
[11.598s] INFO:colcon.colcon_core.shell:Creating package script '/home/student/ros2_ws/src/week2/install/week2/share/week2/package.ps1'
[11.598s] INFO:colcon.colcon_core.shell:Creating package descriptor '/home/student/ros2_ws/src/week2/install/week2/share/week2/package.dsv'
[11.599s] INFO:colcon.colcon_core.shell:Creating package script '/home/student/ros2_ws/src/week2/install/week2/share/week2/package.sh'
[11.599s] INFO:colcon.colcon_core.shell:Creating package script '/home/student/ros2_ws/src/week2/install/week2/share/week2/package.bash'
[11.600s] INFO:colcon.colcon_core.shell:Creating package script '/home/student/ros2_ws/src/week2/install/week2/share/week2/package.zsh'
[11.600s] Level 1:colcon.colcon_core.environment:create_file_with_runtime_dependencies(/home/student/ros2_ws/src/week2/install/week2/share/colcon-core/packages/week2)
[11.600s] DEBUG:colcon.colcon_parallel_executor.executor.parallel:closing loop
[11.601s] DEBUG:colcon.colcon_parallel_executor.executor.parallel:loop closed
[11.601s] DEBUG:colcon.colcon_parallel_executor.executor.parallel:run_until_complete finished with '0'
[11.601s] DEBUG:colcon.colcon_core.event_reactor:joining thread
[11.607s] INFO:colcon.colcon_core.plugin_system:Skipping extension 'colcon_notification.desktop_notification.terminal_notifier': Not used on non-Darwin systems
[11.607s] INFO:colcon.colcon_core.plugin_system:Skipping extension 'colcon_notification.desktop_notification.win32': Not used on non-Windows systems
[11.607s] INFO:colcon.colcon_notification.desktop_notification:Sending desktop notification using 'notify2'
[11.626s] DEBUG:colcon.colcon_core.event_reactor:joined thread
[11.627s] INFO:colcon.colcon_core.shell:Creating prefix script '/home/student/ros2_ws/src/week2/install/local_setup.ps1'
[11.628s] INFO:colcon.colcon_core.shell:Creating prefix util module '/home/student/ros2_ws/src/week2/install/_local_setup_util_ps1.py'
[11.629s] INFO:colcon.colcon_core.shell:Creating prefix chain script '/home/student/ros2_ws/src/week2/install/setup.ps1'
[11.630s] INFO:colcon.colcon_core.shell:Creating prefix script '/home/student/ros2_ws/src/week2/install/local_setup.sh'
[11.631s] INFO:colcon.colcon_core.shell:Creating prefix util module '/home/student/ros2_ws/src/week2/install/_local_setup_util_sh.py'
[11.632s] INFO:colcon.colcon_core.shell:Creating prefix chain script '/home/student/ros2_ws/src/week2/install/setup.sh'
[11.633s] INFO:colcon.colcon_core.shell:Creating prefix script '/home/student/ros2_ws/src/week2/install/local_setup.bash'
[11.633s] INFO:colcon.colcon_core.shell:Creating prefix chain script '/home/student/ros2_ws/src/week2/install/setup.bash'
[11.634s] INFO:colcon.colcon_core.shell:Creating prefix script '/home/student/ros2_ws/src/week2/install/local_setup.zsh'
[11.635s] INFO:colcon.colcon_core.shell:Creating prefix chain script '/home/student/ros2_ws/src/week2/install/setup.zsh'
