[0.046s] Invoking command in '/home/student/ros2_ws/build/robot_localization': CMAKE_PREFIX_PATH=${CMAKE_PREFIX_PATH}:/home/student/ros2_ws/install/turtlebot3_teleop:/home/student/ros2_ws/install/turtlebot3_example:/opt/ros/humble /usr/bin/cmake --build /home/student/ros2_ws/build/robot_localization -- -j8 -l8
[0.192s] [  2%] Built target gtest_main
[0.220s] [  3%] Built target robot_localization__cpp
[0.222s] [ 10%] Built target robot_localization__rosidl_generator_c
[0.222s] [ 10%] Built target ament_cmake_python_symlink_robot_localization
[0.226s] [ 11%] Built target gtest
[0.300s] [ 18%] Built target robot_localization__rosidl_typesupport_cpp
[0.321s] [ 25%] Built target robot_localization__rosidl_typesupport_introspection_cpp
[0.331s] [ 33%] Built target robot_localization__rosidl_typesupport_fastrtps_c
[0.350s] [ 41%] Built target robot_localization__rosidl_typesupport_fastrtps_cpp
[0.354s] [ 48%] Built target robot_localization__rosidl_typesupport_introspection_c
[0.391s] [ 55%] Built target robot_localization__rosidl_typesupport_c
[0.441s] [ 63%] Built target rl_lib
[0.452s] [ 63%] Built target robot_localization
[0.512s] [ 65%] Built target filter_base-test
[0.515s] [ 67%] Built target ukf_node
[0.547s] [ 69%] Built target navsat_transform_node
[0.549s] [ 70%] Built target ekf_node
[0.557s] [ 72%] Built target robot_localization_listener_node
[0.567s] [ 74%] Built target test_ekf
[0.642s] [ 76%] Built target test_ros_robot_localization_listener
[0.670s] [ 78%] Built target test_ros_robot_localization_listener_publisher
[0.708s] [ 80%] Built target test_ukf_node_interfaces
[0.713s] [ 81%] Built target test_ukf
[0.760s] [ 82%] Built target test_robot_localization_estimator
[0.762s] [ 83%] Built target robot_localization__py
[0.763s] [ 85%] Built target test_navsat_conversions
[0.806s] [ 87%] Built target test_filter_base_diagnostics_timestamps
[0.816s] [ 88%] Built target test_ekf_node_interfaces
[0.840s] running egg_info
[0.842s] writing robot_localization.egg-info/PKG-INFO
[0.843s] writing dependency_links to robot_localization.egg-info/dependency_links.txt
[0.843s] writing top-level names to robot_localization.egg-info/top_level.txt
[0.889s] reading manifest file 'robot_localization.egg-info/SOURCES.txt'
[0.890s] writing manifest file 'robot_localization.egg-info/SOURCES.txt'
[0.890s] [ 95%] Built target robot_localization__rosidl_generator_py
[0.950s] [ 95%] Built target ament_cmake_python_build_robot_localization_egg
[0.976s] [ 97%] Built target robot_localization__rosidl_typesupport_introspection_c__pyext
[0.979s] [ 98%] Built target robot_localization__rosidl_typesupport_fastrtps_c__pyext
[1.005s] [100%] Built target robot_localization__rosidl_typesupport_c__pyext
[1.068s] Invoked command in '/home/student/ros2_ws/build/robot_localization' returned '0': CMAKE_PREFIX_PATH=${CMAKE_PREFIX_PATH}:/home/student/ros2_ws/install/turtlebot3_teleop:/home/student/ros2_ws/install/turtlebot3_example:/opt/ros/humble /usr/bin/cmake --build /home/student/ros2_ws/build/robot_localization -- -j8 -l8
[1.888s] Invoking command in '/home/student/ros2_ws/build/robot_localization': CMAKE_PREFIX_PATH=${CMAKE_PREFIX_PATH}:/home/student/ros2_ws/install/turtlebot3_teleop:/home/student/ros2_ws/install/turtlebot3_example:/opt/ros/humble /usr/bin/cmake --install /home/student/ros2_ws/build/robot_localization
