[0.014s] Invoking command in '/home/student/ros2_ws/build/week2': CMAKE_PREFIX_PATH=${CMAKE_PREFIX_PATH}:/home/student/ros2_ws/install/turtlebot3_teleop:/home/student/ros2_ws/install/turtlebot3_example:/opt/ros/humble /usr/bin/cmake --build /home/student/ros2_ws/build/week2 -- -j8 -l8
[0.069s] [35m[1mConsolidate compiler generated dependencies of target week2[0m
[0.094s] [ 50%] [32mBuilding CXX object CMakeFiles/week2.dir/src/subscriber_member_function.cpp.o[0m
[8.871s] [100%] [32m[1mLinking CXX executable week2[0m
[10.510s] [100%] Built target week2
[10.523s] Invoked command in '/home/student/ros2_ws/build/week2' returned '0': CMAKE_PREFIX_PATH=${CMAKE_PREFIX_PATH}:/home/student/ros2_ws/install/turtlebot3_teleop:/home/student/ros2_ws/install/turtlebot3_example:/opt/ros/humble /usr/bin/cmake --build /home/student/ros2_ws/build/week2 -- -j8 -l8
[10.568s] Invoking command in '/home/student/ros2_ws/build/week2': CMAKE_PREFIX_PATH=${CMAKE_PREFIX_PATH}:/home/student/ros2_ws/install/turtlebot3_teleop:/home/student/ros2_ws/install/turtlebot3_example:/opt/ros/humble /usr/bin/cmake --install /home/student/ros2_ws/build/week2
[10.578s] -- Install configuration: ""
[10.578s] -- Installing: /home/student/ros2_ws/install/week2/lib/week2/week2
[10.584s] -- Set runtime path of "/home/student/ros2_ws/install/week2/lib/week2/week2" to ""
[10.584s] -- Up-to-date: /home/student/ros2_ws/install/week2/share/ament_index/resource_index/package_run_dependencies/week2
[10.584s] -- Up-to-date: /home/student/ros2_ws/install/week2/share/ament_index/resource_index/parent_prefix_path/week2
[10.585s] -- Up-to-date: /home/student/ros2_ws/install/week2/share/week2/environment/ament_prefix_path.sh
[10.585s] -- Up-to-date: /home/student/ros2_ws/install/week2/share/week2/environment/ament_prefix_path.dsv
[10.585s] -- Up-to-date: /home/student/ros2_ws/install/week2/share/week2/environment/path.sh
[10.585s] -- Up-to-date: /home/student/ros2_ws/install/week2/share/week2/environment/path.dsv
[10.585s] -- Up-to-date: /home/student/ros2_ws/install/week2/share/week2/local_setup.bash
[10.585s] -- Up-to-date: /home/student/ros2_ws/install/week2/share/week2/local_setup.sh
[10.585s] -- Up-to-date: /home/student/ros2_ws/install/week2/share/week2/local_setup.zsh
[10.585s] -- Up-to-date: /home/student/ros2_ws/install/week2/share/week2/local_setup.dsv
[10.585s] -- Installing: /home/student/ros2_ws/install/week2/share/week2/package.dsv
[10.586s] -- Up-to-date: /home/student/ros2_ws/install/week2/share/ament_index/resource_index/packages/week2
[10.586s] -- Up-to-date: /home/student/ros2_ws/install/week2/share/week2/cmake/week2Config.cmake
[10.586s] -- Up-to-date: /home/student/ros2_ws/install/week2/share/week2/cmake/week2Config-version.cmake
[10.586s] -- Up-to-date: /home/student/ros2_ws/install/week2/share/week2/package.xml
[10.587s] Invoked command in '/home/student/ros2_ws/build/week2' returned '0': CMAKE_PREFIX_PATH=${CMAKE_PREFIX_PATH}:/home/student/ros2_ws/install/turtlebot3_teleop:/home/student/ros2_ws/install/turtlebot3_example:/opt/ros/humble /usr/bin/cmake --install /home/student/ros2_ws/build/week2
