[0.034s] Invoking command in '/home/student/ros2_ws/build/week2': CMAKE_PREFIX_PATH=${CMAKE_PREFIX_PATH}:/home/student/ros2_ws/install/turtlebot3_teleop:/home/student/ros2_ws/install/turtlebot3_example:/opt/ros/humble /usr/bin/cmake /home/student/ros2_ws/src/week2 -DCMAKE_INSTALL_PREFIX=/home/student/ros2_ws/install/week2
[0.554s] -- The C compiler identification is GNU 11.4.0
[1.058s] -- The CXX compiler identification is GNU 11.4.0
[1.077s] -- Detecting C compiler ABI info
[1.211s] -- Detecting C compiler ABI info - done
[1.226s] -- Check for working C compiler: /usr/bin/cc - skipped
[1.227s] -- Detecting C compile features
[1.241s] -- Detecting C compile features - done
[1.247s] -- Detecting CXX compiler ABI info
[1.390s] -- Detecting CXX compiler ABI info - done
[1.403s] -- Check for working CXX compiler: /usr/bin/c++ - skipped
[1.404s] -- Detecting CXX compile features
[1.404s] -- Detecting CXX compile features - done
[1.411s] -- Found ament_cmake: 1.3.9 (/opt/ros/humble/share/ament_cmake/cmake)
[1.720s] -- Found Python3: /usr/bin/python3 (found version "3.10.12") found components: Interpreter 
[1.904s] -- Found ament_lint_auto: 0.12.11 (/opt/ros/humble/share/ament_lint_auto/cmake)
[2.055s] -- Added test 'cppcheck' to perform static code analysis on C / C++ code
[2.056s] -- Configured cppcheck include dirs: 
[2.056s] -- Configured cppcheck exclude dirs and/or files: 
[2.059s] -- Added test 'lint_cmake' to check CMake code style
[2.062s] -- Added test 'uncrustify' to check C / C++ code style
[2.062s] -- Configured uncrustify additional arguments: 
[2.063s] -- Added test 'xmllint' to check XML markup files
[2.066s] -- Configuring done
[2.070s] -- Generating done
[2.072s] -- Build files have been written to: /home/student/ros2_ws/build/week2
[2.083s] Invoked command in '/home/student/ros2_ws/build/week2' returned '0': CMAKE_PREFIX_PATH=${CMAKE_PREFIX_PATH}:/home/student/ros2_ws/install/turtlebot3_teleop:/home/student/ros2_ws/install/turtlebot3_example:/opt/ros/humble /usr/bin/cmake /home/student/ros2_ws/src/week2 -DCMAKE_INSTALL_PREFIX=/home/student/ros2_ws/install/week2
[2.086s] Invoking command in '/home/student/ros2_ws/build/week2': CMAKE_PREFIX_PATH=${CMAKE_PREFIX_PATH}:/home/student/ros2_ws/install/turtlebot3_teleop:/home/student/ros2_ws/install/turtlebot3_example:/opt/ros/humble /usr/bin/cmake --build /home/student/ros2_ws/build/week2 -- -j8 -l8
[2.148s] Invoked command in '/home/student/ros2_ws/build/week2' returned '0': CMAKE_PREFIX_PATH=${CMAKE_PREFIX_PATH}:/home/student/ros2_ws/install/turtlebot3_teleop:/home/student/ros2_ws/install/turtlebot3_example:/opt/ros/humble /usr/bin/cmake --build /home/student/ros2_ws/build/week2 -- -j8 -l8
[2.183s] Invoking command in '/home/student/ros2_ws/build/week2': CMAKE_PREFIX_PATH=${CMAKE_PREFIX_PATH}:/home/student/ros2_ws/install/turtlebot3_teleop:/home/student/ros2_ws/install/turtlebot3_example:/opt/ros/humble /usr/bin/cmake --install /home/student/ros2_ws/build/week2
[2.194s] -- Install configuration: ""
[2.194s] -- Installing: /home/student/ros2_ws/install/week2/share/ament_index/resource_index/package_run_dependencies/week2
[2.194s] -- Installing: /home/student/ros2_ws/install/week2/share/ament_index/resource_index/parent_prefix_path/week2
[2.195s] -- Installing: /home/student/ros2_ws/install/week2/share/week2/environment/ament_prefix_path.sh
[2.195s] -- Installing: /home/student/ros2_ws/install/week2/share/week2/environment/ament_prefix_path.dsv
[2.195s] -- Installing: /home/student/ros2_ws/install/week2/share/week2/environment/path.sh
[2.196s] -- Installing: /home/student/ros2_ws/install/week2/share/week2/environment/path.dsv
[2.196s] -- Installing: /home/student/ros2_ws/install/week2/share/week2/local_setup.bash
[2.196s] -- Installing: /home/student/ros2_ws/install/week2/share/week2/local_setup.sh
[2.197s] -- Installing: /home/student/ros2_ws/install/week2/share/week2/local_setup.zsh
[2.197s] -- Installing: /home/student/ros2_ws/install/week2/share/week2/local_setup.dsv
[2.198s] -- Installing: /home/student/ros2_ws/install/week2/share/week2/package.dsv
[2.198s] -- Installing: /home/student/ros2_ws/install/week2/share/ament_index/resource_index/packages/week2
[2.198s] -- Installing: /home/student/ros2_ws/install/week2/share/week2/cmake/week2Config.cmake
[2.199s] -- Installing: /home/student/ros2_ws/install/week2/share/week2/cmake/week2Config-version.cmake
[2.199s] -- Installing: /home/student/ros2_ws/install/week2/share/week2/package.xml
[2.202s] Invoked command in '/home/student/ros2_ws/build/week2' returned '0': CMAKE_PREFIX_PATH=${CMAKE_PREFIX_PATH}:/home/student/ros2_ws/install/turtlebot3_teleop:/home/student/ros2_ws/install/turtlebot3_example:/opt/ros/humble /usr/bin/cmake --install /home/student/ros2_ws/build/week2
