[0.051s] Invoking command in '/home/student/ros2_ws/build/lab1': CMAKE_PREFIX_PATH=${CMAKE_PREFIX_PATH}:/home/student/ros2_ws/install/turtlebot3_teleop:/home/student/ros2_ws/install/turtlebot3_example:/opt/ros/humble /usr/bin/cmake --build /home/student/ros2_ws/build/lab1 -- -j8 -l8
[0.183s] [100%] Built target labone
[0.214s] Invoked command in '/home/student/ros2_ws/build/lab1' returned '0': CMAKE_PREFIX_PATH=${CMAKE_PREFIX_PATH}:/home/student/ros2_ws/install/turtlebot3_teleop:/home/student/ros2_ws/install/turtlebot3_example:/opt/ros/humble /usr/bin/cmake --build /home/student/ros2_ws/build/lab1 -- -j8 -l8
[0.320s] Invoking command in '/home/student/ros2_ws/build/lab1': CMAKE_PREFIX_PATH=${CMAKE_PREFIX_PATH}:/home/student/ros2_ws/install/turtlebot3_teleop:/home/student/ros2_ws/install/turtlebot3_example:/opt/ros/humble /usr/bin/cmake --install /home/student/ros2_ws/build/lab1
[0.334s] -- Install configuration: ""
[0.335s] -- Execute custom install script
[0.335s] -- Up-to-date symlink: /home/student/ros2_ws/install/lab1/lib/lab1/labone
[0.336s] -- Up-to-date symlink: /home/student/ros2_ws/install/lab1/share/ament_index/resource_index/package_run_dependencies/lab1
[0.336s] -- Up-to-date symlink: /home/student/ros2_ws/install/lab1/share/ament_index/resource_index/parent_prefix_path/lab1
[0.337s] -- Up-to-date symlink: /home/student/ros2_ws/install/lab1/share/lab1/environment/ament_prefix_path.sh
[0.338s] -- Up-to-date symlink: /home/student/ros2_ws/install/lab1/share/lab1/environment/ament_prefix_path.dsv
[0.338s] -- Up-to-date symlink: /home/student/ros2_ws/install/lab1/share/lab1/environment/path.sh
[0.338s] -- Up-to-date symlink: /home/student/ros2_ws/install/lab1/share/lab1/environment/path.dsv
[0.339s] -- Up-to-date symlink: /home/student/ros2_ws/install/lab1/share/lab1/local_setup.bash
[0.339s] -- Up-to-date symlink: /home/student/ros2_ws/install/lab1/share/lab1/local_setup.sh
[0.339s] -- Up-to-date symlink: /home/student/ros2_ws/install/lab1/share/lab1/local_setup.zsh
[0.340s] -- Up-to-date symlink: /home/student/ros2_ws/install/lab1/share/lab1/local_setup.dsv
[0.340s] -- Symlinking: /home/student/ros2_ws/install/lab1/share/lab1/package.dsv
[0.364s] -- Up-to-date symlink: /home/student/ros2_ws/install/lab1/share/ament_index/resource_index/packages/lab1
[0.364s] -- Up-to-date symlink: /home/student/ros2_ws/install/lab1/share/lab1/cmake/lab1Config.cmake
[0.364s] -- Up-to-date symlink: /home/student/ros2_ws/install/lab1/share/lab1/cmake/lab1Config-version.cmake
[0.364s] -- Up-to-date symlink: /home/student/ros2_ws/install/lab1/share/lab1/package.xml
[0.385s] Invoked command in '/home/student/ros2_ws/build/lab1' returned '0': CMAKE_PREFIX_PATH=${CMAKE_PREFIX_PATH}:/home/student/ros2_ws/install/turtlebot3_teleop:/home/student/ros2_ws/install/turtlebot3_example:/opt/ros/humble /usr/bin/cmake --install /home/student/ros2_ws/build/lab1
