[1.307s] DEBUG:colcon:Command line arguments: ['/usr/bin/colcon', 'build']
[1.307s] DEBUG:colcon:Parsed command line arguments: Namespace(log_base=None, log_level=None, verb_name='build', build_base='build', install_base='install', merge_install=False, symlink_install=False, test_result_base=None, continue_on_error=False, executor='parallel', parallel_workers=8, event_handlers=None, ignore_user_meta=False, metas=['./colcon.meta'], base_paths=['.'], packages_ignore=None, packages_ignore_regex=None, paths=None, packages_up_to=None, packages_up_to_regex=None, packages_above=None, packages_above_and_dependencies=None, packages_above_depth=None, packages_select_by_dep=None, packages_skip_by_dep=None, packages_skip_up_to=None, packages_select_build_failed=False, packages_skip_build_finished=False, packages_select_test_failures=False, packages_skip_test_passed=False, packages_select=None, packages_skip=None, packages_select_regex=None, packages_skip_regex=None, packages_start=None, packages_end=None, allow_overriding=[], cmake_args=None, cmake_target=None, cmake_target_skip_unavailable=False, cmake_clean_cache=False, cmake_clean_first=False, cmake_force_configure=False, ament_cmake_args=None, catkin_cmake_args=None, catkin_skip_building_tests=False, mixin_files=None, mixin=None, verb_parser=<colcon_mixin.mixin.mixin_argument.MixinArgumentDecorator object at 0x76f9180034c0>, verb_extension=<colcon_core.verb.build.BuildVerb object at 0x76f918002aa0>, main=<bound method BuildVerb.main of <colcon_core.verb.build.BuildVerb object at 0x76f918002aa0>>, mixin_verb=('build',))
[2.575s] Level 1:colcon.colcon_core.package_discovery:discover_packages(colcon_meta) check parameters
[2.575s] Level 1:colcon.colcon_core.package_discovery:discover_packages(recursive) check parameters
[2.575s] Level 1:colcon.colcon_core.package_discovery:discover_packages(ignore) check parameters
[2.575s] Level 1:colcon.colcon_core.package_discovery:discover_packages(path) check parameters
[2.575s] Level 1:colcon.colcon_core.package_discovery:discover_packages(colcon_meta) discover
[2.575s] Level 1:colcon.colcon_core.package_discovery:discover_packages(recursive) discover
[2.575s] INFO:colcon.colcon_core.package_discovery:Crawling recursively for packages in '/home/student/ros2_ws/src/week2'
[2.575s] Level 1:colcon.colcon_core.package_identification:_identify(.) by extensions ['ignore', 'ignore_ament_install']
[2.576s] Level 1:colcon.colcon_core.package_identification:_identify(.) by extension 'ignore'
[2.576s] Level 1:colcon.colcon_core.package_identification:_identify(.) by extension 'ignore_ament_install'
[2.576s] Level 1:colcon.colcon_core.package_identification:_identify(.) by extensions ['colcon_pkg']
[2.576s] Level 1:colcon.colcon_core.package_identification:_identify(.) by extension 'colcon_pkg'
[2.576s] Level 1:colcon.colcon_core.package_identification:_identify(.) by extensions ['colcon_meta']
[2.576s] Level 1:colcon.colcon_core.package_identification:_identify(.) by extension 'colcon_meta'
[2.576s] Level 1:colcon.colcon_core.package_identification:_identify(.) by extensions ['ros']
[2.576s] Level 1:colcon.colcon_core.package_identification:_identify(.) by extension 'ros'
[2.612s] DEBUG:colcon.colcon_core.package_identification:Package '.' with type 'ros.ament_cmake' and name 'week2'
[2.612s] Level 1:colcon.colcon_core.package_discovery:discover_packages(recursive) using defaults
[2.612s] Level 1:colcon.colcon_core.package_discovery:discover_packages(ignore) discover
[2.612s] Level 1:colcon.colcon_core.package_discovery:discover_packages(ignore) using defaults
[2.612s] Level 1:colcon.colcon_core.package_discovery:discover_packages(path) discover
[2.612s] Level 1:colcon.colcon_core.package_discovery:discover_packages(path) using defaults
[2.689s] Level 1:colcon.colcon_core.package_discovery:discover_packages(prefix_path) check parameters
[2.689s] Level 1:colcon.colcon_core.package_discovery:discover_packages(prefix_path) discover
[2.698s] DEBUG:colcon.colcon_installed_package_information.package_discovery:Found 18 installed packages in /home/student/ros2_ws/install
[2.700s] DEBUG:colcon.colcon_installed_package_information.package_discovery:Found 371 installed packages in /opt/ros/humble
[2.702s] Level 1:colcon.colcon_core.package_discovery:discover_packages(prefix_path) using defaults
[2.801s] Level 5:colcon.colcon_core.verb:set package 'week2' build argument 'cmake_args' from command line to 'None'
[2.801s] Level 5:colcon.colcon_core.verb:set package 'week2' build argument 'cmake_target' from command line to 'None'
[2.801s] Level 5:colcon.colcon_core.verb:set package 'week2' build argument 'cmake_target_skip_unavailable' from command line to 'False'
[2.801s] Level 5:colcon.colcon_core.verb:set package 'week2' build argument 'cmake_clean_cache' from command line to 'False'
[2.801s] Level 5:colcon.colcon_core.verb:set package 'week2' build argument 'cmake_clean_first' from command line to 'False'
[2.801s] Level 5:colcon.colcon_core.verb:set package 'week2' build argument 'cmake_force_configure' from command line to 'False'
[2.801s] Level 5:colcon.colcon_core.verb:set package 'week2' build argument 'ament_cmake_args' from command line to 'None'
[2.801s] Level 5:colcon.colcon_core.verb:set package 'week2' build argument 'catkin_cmake_args' from command line to 'None'
[2.801s] Level 5:colcon.colcon_core.verb:set package 'week2' build argument 'catkin_skip_building_tests' from command line to 'False'
[2.802s] DEBUG:colcon.colcon_core.verb:Building package 'week2' with the following arguments: {'ament_cmake_args': None, 'build_base': '/home/student/ros2_ws/src/week2/build/week2', 'catkin_cmake_args': None, 'catkin_skip_building_tests': False, 'cmake_args': None, 'cmake_clean_cache': False, 'cmake_clean_first': False, 'cmake_force_configure': False, 'cmake_target': None, 'cmake_target_skip_unavailable': False, 'install_base': '/home/student/ros2_ws/src/week2/install/week2', 'merge_install': False, 'path': '/home/student/ros2_ws/src/week2', 'symlink_install': False, 'test_result_base': None}
[2.802s] INFO:colcon.colcon_core.executor:Executing jobs using 'parallel' executor
[2.804s] DEBUG:colcon.colcon_parallel_executor.executor.parallel:run_until_complete
[2.805s] INFO:colcon.colcon_ros.task.ament_cmake.build:Building ROS package in '/home/student/ros2_ws/src/week2' with build type 'ament_cmake'
[2.805s] INFO:colcon.colcon_cmake.task.cmake.build:Building CMake package in '/home/student/ros2_ws/src/week2'
[2.824s] INFO:colcon.colcon_core.plugin_system:Skipping extension 'colcon_core.shell.bat': Not used on non-Windows systems
[2.824s] INFO:colcon.colcon_core.shell:Skip shell extension 'powershell' for command environment: Not usable outside of PowerShell
[2.824s] DEBUG:colcon.colcon_core.shell:Skip shell extension 'dsv' for command environment
[2.842s] DEBUG:colcon.colcon_core.event_handler.log_command:Invoking command in '/home/student/ros2_ws/src/week2/build/week2': CMAKE_PREFIX_PATH=${CMAKE_PREFIX_PATH}:/home/student/ros2_ws/install/turtlebot3_teleop:/home/student/ros2_ws/install/turtlebot3_example:/opt/ros/humble /usr/bin/cmake --build /home/student/ros2_ws/src/week2/build/week2 -- -j8 -l8
[16.345s] DEBUG:colcon.colcon_core.event_handler.log_command:Invoked command in '/home/student/ros2_ws/src/week2/build/week2' returned '0': CMAKE_PREFIX_PATH=${CMAKE_PREFIX_PATH}:/home/student/ros2_ws/install/turtlebot3_teleop:/home/student/ros2_ws/install/turtlebot3_example:/opt/ros/humble /usr/bin/cmake --build /home/student/ros2_ws/src/week2/build/week2 -- -j8 -l8
[16.391s] DEBUG:colcon.colcon_core.event_handler.log_command:Invoking command in '/home/student/ros2_ws/src/week2/build/week2': CMAKE_PREFIX_PATH=${CMAKE_PREFIX_PATH}:/home/student/ros2_ws/install/turtlebot3_teleop:/home/student/ros2_ws/install/turtlebot3_example:/opt/ros/humble /usr/bin/cmake --install /home/student/ros2_ws/src/week2/build/week2
[16.432s] Level 1:colcon.colcon_core.environment:create_environment_scripts_only(week2)
[16.433s] DEBUG:colcon.colcon_core.event_handler.log_command:Invoked command in '/home/student/ros2_ws/src/week2/build/week2' returned '0': CMAKE_PREFIX_PATH=${CMAKE_PREFIX_PATH}:/home/student/ros2_ws/install/turtlebot3_teleop:/home/student/ros2_ws/install/turtlebot3_example:/opt/ros/humble /usr/bin/cmake --install /home/student/ros2_ws/src/week2/build/week2
[16.438s] Level 1:colcon.colcon_core.environment:checking '/home/student/ros2_ws/src/week2/install/week2' for CMake module files
[16.438s] Level 1:colcon.colcon_core.environment:checking '/home/student/ros2_ws/src/week2/install/week2' for CMake config files
[16.439s] Level 1:colcon.colcon_core.shell:create_environment_hook('week2', 'cmake_prefix_path')
[16.439s] INFO:colcon.colcon_core.shell:Creating environment hook '/home/student/ros2_ws/src/week2/install/week2/share/week2/hook/cmake_prefix_path.ps1'
[16.440s] INFO:colcon.colcon_core.shell:Creating environment descriptor '/home/student/ros2_ws/src/week2/install/week2/share/week2/hook/cmake_prefix_path.dsv'
[16.443s] INFO:colcon.colcon_core.shell:Creating environment hook '/home/student/ros2_ws/src/week2/install/week2/share/week2/hook/cmake_prefix_path.sh'
[16.448s] Level 1:colcon.colcon_core.environment:checking '/home/student/ros2_ws/src/week2/install/week2/lib'
[16.448s] Level 1:colcon.colcon_core.environment:checking '/home/student/ros2_ws/src/week2/install/week2/bin'
[16.448s] Level 1:colcon.colcon_core.environment:checking '/home/student/ros2_ws/src/week2/install/week2/lib/pkgconfig/week2.pc'
[16.448s] Level 1:colcon.colcon_core.environment:checking '/home/student/ros2_ws/src/week2/install/week2/lib/python3.10/site-packages'
[16.448s] Level 1:colcon.colcon_core.environment:checking '/home/student/ros2_ws/src/week2/install/week2/bin'
[16.449s] INFO:colcon.colcon_core.shell:Creating package script '/home/student/ros2_ws/src/week2/install/week2/share/week2/package.ps1'
[16.450s] INFO:colcon.colcon_core.shell:Creating package descriptor '/home/student/ros2_ws/src/week2/install/week2/share/week2/package.dsv'
[16.453s] INFO:colcon.colcon_core.shell:Creating package script '/home/student/ros2_ws/src/week2/install/week2/share/week2/package.sh'
[16.457s] INFO:colcon.colcon_core.shell:Creating package script '/home/student/ros2_ws/src/week2/install/week2/share/week2/package.bash'
[16.458s] INFO:colcon.colcon_core.shell:Creating package script '/home/student/ros2_ws/src/week2/install/week2/share/week2/package.zsh'
[16.463s] Level 1:colcon.colcon_core.environment:create_file_with_runtime_dependencies(/home/student/ros2_ws/src/week2/install/week2/share/colcon-core/packages/week2)
[16.500s] Level 1:colcon.colcon_core.environment:create_environment_scripts_only(week2)
[16.500s] Level 1:colcon.colcon_core.environment:checking '/home/student/ros2_ws/src/week2/install/week2' for CMake module files
[16.501s] Level 1:colcon.colcon_core.environment:checking '/home/student/ros2_ws/src/week2/install/week2' for CMake config files
[16.501s] Level 1:colcon.colcon_core.shell:create_environment_hook('week2', 'cmake_prefix_path')
[16.501s] INFO:colcon.colcon_core.shell:Creating environment hook '/home/student/ros2_ws/src/week2/install/week2/share/week2/hook/cmake_prefix_path.ps1'
[16.502s] INFO:colcon.colcon_core.shell:Creating environment descriptor '/home/student/ros2_ws/src/week2/install/week2/share/week2/hook/cmake_prefix_path.dsv'
[16.502s] INFO:colcon.colcon_core.shell:Creating environment hook '/home/student/ros2_ws/src/week2/install/week2/share/week2/hook/cmake_prefix_path.sh'
[16.503s] Level 1:colcon.colcon_core.environment:checking '/home/student/ros2_ws/src/week2/install/week2/lib'
[16.503s] Level 1:colcon.colcon_core.environment:checking '/home/student/ros2_ws/src/week2/install/week2/bin'
[16.503s] Level 1:colcon.colcon_core.environment:checking '/home/student/ros2_ws/src/week2/install/week2/lib/pkgconfig/week2.pc'
[16.503s] Level 1:colcon.colcon_core.environment:checking '/home/student/ros2_ws/src/week2/install/week2/lib/python3.10/site-packages'
[16.504s] Level 1:colcon.colcon_core.environment:checking '/home/student/ros2_ws/src/week2/install/week2/bin'
[16.504s] INFO:colcon.colcon_core.shell:Creating package script '/home/student/ros2_ws/src/week2/install/week2/share/week2/package.ps1'
[16.504s] INFO:colcon.colcon_core.shell:Creating package descriptor '/home/student/ros2_ws/src/week2/install/week2/share/week2/package.dsv'
[16.505s] INFO:colcon.colcon_core.shell:Creating package script '/home/student/ros2_ws/src/week2/install/week2/share/week2/package.sh'
[16.505s] INFO:colcon.colcon_core.shell:Creating package script '/home/student/ros2_ws/src/week2/install/week2/share/week2/package.bash'
[16.506s] INFO:colcon.colcon_core.shell:Creating package script '/home/student/ros2_ws/src/week2/install/week2/share/week2/package.zsh'
[16.506s] Level 1:colcon.colcon_core.environment:create_file_with_runtime_dependencies(/home/student/ros2_ws/src/week2/install/week2/share/colcon-core/packages/week2)
[16.507s] DEBUG:colcon.colcon_parallel_executor.executor.parallel:closing loop
[16.507s] DEBUG:colcon.colcon_parallel_executor.executor.parallel:loop closed
[16.507s] DEBUG:colcon.colcon_parallel_executor.executor.parallel:run_until_complete finished with '0'
[16.507s] DEBUG:colcon.colcon_core.event_reactor:joining thread
[16.517s] INFO:colcon.colcon_core.plugin_system:Skipping extension 'colcon_notification.desktop_notification.terminal_notifier': Not used on non-Darwin systems
[16.517s] INFO:colcon.colcon_core.plugin_system:Skipping extension 'colcon_notification.desktop_notification.win32': Not used on non-Windows systems
[16.517s] INFO:colcon.colcon_notification.desktop_notification:Sending desktop notification using 'notify2'
[16.538s] DEBUG:colcon.colcon_core.event_reactor:joined thread
[16.538s] INFO:colcon.colcon_core.shell:Creating prefix script '/home/student/ros2_ws/src/week2/install/local_setup.ps1'
[16.540s] INFO:colcon.colcon_core.shell:Creating prefix util module '/home/student/ros2_ws/src/week2/install/_local_setup_util_ps1.py'
[16.544s] INFO:colcon.colcon_core.shell:Creating prefix chain script '/home/student/ros2_ws/src/week2/install/setup.ps1'
[16.546s] INFO:colcon.colcon_core.shell:Creating prefix script '/home/student/ros2_ws/src/week2/install/local_setup.sh'
[16.549s] INFO:colcon.colcon_core.shell:Creating prefix util module '/home/student/ros2_ws/src/week2/install/_local_setup_util_sh.py'
[16.550s] INFO:colcon.colcon_core.shell:Creating prefix chain script '/home/student/ros2_ws/src/week2/install/setup.sh'
[16.554s] INFO:colcon.colcon_core.shell:Creating prefix script '/home/student/ros2_ws/src/week2/install/local_setup.bash'
[16.555s] INFO:colcon.colcon_core.shell:Creating prefix chain script '/home/student/ros2_ws/src/week2/install/setup.bash'
[16.557s] INFO:colcon.colcon_core.shell:Creating prefix script '/home/student/ros2_ws/src/week2/install/local_setup.zsh'
[16.560s] INFO:colcon.colcon_core.shell:Creating prefix chain script '/home/student/ros2_ws/src/week2/install/setup.zsh'
