[100%] Built target map_server
-- Install configuration: ""
-- Up-to-date: /home/student/ros2_ws/install/custom_map_server/lib/custom_map_server/map_server
-- Up-to-date: /home/student/ros2_ws/install/custom_map_server/share/custom_map_server//data
-- Up-to-date: /home/student/ros2_ws/install/custom_map_server/share/custom_map_server//data/map.pgm
-- Up-to-date: /home/student/ros2_ws/install/custom_map_server/share/ament_index/resource_index/package_run_dependencies/custom_map_server
-- Up-to-date: /home/student/ros2_ws/install/custom_map_server/share/ament_index/resource_index/parent_prefix_path/custom_map_server
-- Up-to-date: /home/student/ros2_ws/install/custom_map_server/share/custom_map_server/environment/ament_prefix_path.sh
-- Up-to-date: /home/student/ros2_ws/install/custom_map_server/share/custom_map_server/environment/ament_prefix_path.dsv
-- Up-to-date: /home/student/ros2_ws/install/custom_map_server/share/custom_map_server/environment/path.sh
-- Up-to-date: /home/student/ros2_ws/install/custom_map_server/share/custom_map_server/environment/path.dsv
-- Up-to-date: /home/student/ros2_ws/install/custom_map_server/share/custom_map_server/local_setup.bash
-- Up-to-date: /home/student/ros2_ws/install/custom_map_server/share/custom_map_server/local_setup.sh
-- Up-to-date: /home/student/ros2_ws/install/custom_map_server/share/custom_map_server/local_setup.zsh
-- Up-to-date: /home/student/ros2_ws/install/custom_map_server/share/custom_map_server/local_setup.dsv
-- Installing: /home/student/ros2_ws/install/custom_map_server/share/custom_map_server/package.dsv
-- Up-to-date: /home/student/ros2_ws/install/custom_map_server/share/ament_index/resource_index/packages/custom_map_server
-- Up-to-date: /home/student/ros2_ws/install/custom_map_server/share/custom_map_server/cmake/custom_map_serverConfig.cmake
-- Up-to-date: /home/student/ros2_ws/install/custom_map_server/share/custom_map_server/cmake/custom_map_serverConfig-version.cmake
-- Up-to-date: /home/student/ros2_ws/install/custom_map_server/share/custom_map_server/package.xml
