[1.664s] Invoking command in '/home/student/ros2_ws/build/turtlebot3_teleop': PYTHONPATH=/home/student/ros2_ws/build/turtlebot3_teleop/prefix_override:/usr/lib/python3/dist-packages/colcon_core/task/python/colcon_distutils_commands:/home/student/ros2_ws/install/turtlebot3_teleop/lib/python3.10/site-packages:${PYTHONPATH} /usr/bin/python3 -W ignore:setup.py install is deprecated setup.py develop --editable --build-directory /home/student/ros2_ws/build/turtlebot3_teleop/build --no-deps symlink_data
[5.874s] running develop
[5.874s] running egg_info
[5.875s] creating turtlebot3_teleop.egg-info
[5.875s] writing turtlebot3_teleop.egg-info/PKG-INFO
[5.875s] writing dependency_links to turtlebot3_teleop.egg-info/dependency_links.txt
[5.875s] writing entry points to turtlebot3_teleop.egg-info/entry_points.txt
[5.875s] writing requirements to turtlebot3_teleop.egg-info/requires.txt
[5.875s] writing top-level names to turtlebot3_teleop.egg-info/top_level.txt
[5.876s] writing manifest file 'turtlebot3_teleop.egg-info/SOURCES.txt'
[5.876s] reading manifest file 'turtlebot3_teleop.egg-info/SOURCES.txt'
[5.876s] writing manifest file 'turtlebot3_teleop.egg-info/SOURCES.txt'
[5.876s] running build_ext
[5.876s] Creating /home/student/ros2_ws/install/turtlebot3_teleop/lib/python3.10/site-packages/turtlebot3-teleop.egg-link (link to .)
[5.876s] Installing teleop_keyboard script to /home/student/ros2_ws/install/turtlebot3_teleop/lib/turtlebot3_teleop
[5.876s] 
[5.876s] Installed /home/student/ros2_ws/build/turtlebot3_teleop
[5.877s] running symlink_data
[5.877s] creating /home/student/ros2_ws/install/turtlebot3_teleop/share/ament_index
[5.877s] creating /home/student/ros2_ws/install/turtlebot3_teleop/share/ament_index/resource_index
[5.877s] creating /home/student/ros2_ws/install/turtlebot3_teleop/share/ament_index/resource_index/packages
[5.877s] symbolically linking /home/student/ros2_ws/build/turtlebot3_teleop/resource/turtlebot3_teleop -> /home/student/ros2_ws/install/turtlebot3_teleop/share/ament_index/resource_index/packages
[5.877s] symbolically linking /home/student/ros2_ws/build/turtlebot3_teleop/package.xml -> /home/student/ros2_ws/install/turtlebot3_teleop/share/turtlebot3_teleop
[5.897s] /usr/lib/python3/dist-packages/setuptools/command/easy_install.py:158: EasyInstallDeprecationWarning: easy_install command is deprecated. Use build and pip and other standards-based tools.
[5.897s]   warnings.warn(
[5.912s] Invoked command in '/home/student/ros2_ws/build/turtlebot3_teleop' returned '0': PYTHONPATH=/home/student/ros2_ws/build/turtlebot3_teleop/prefix_override:/usr/lib/python3/dist-packages/colcon_core/task/python/colcon_distutils_commands:/home/student/ros2_ws/install/turtlebot3_teleop/lib/python3.10/site-packages:${PYTHONPATH} /usr/bin/python3 -W ignore:setup.py install is deprecated setup.py develop --editable --build-directory /home/student/ros2_ws/build/turtlebot3_teleop/build --no-deps symlink_data
