[0.046s] Invoking command in '/home/student/ros2_ws/build/lab1': CMAKE_PREFIX_PATH=/opt/ros/humble /usr/bin/cmake --build /home/student/ros2_ws/build/lab1 -- -j8 -l8
[0.083s] -- Found ament_cmake: 1.3.9 (/opt/ros/humble/share/ament_cmake/cmake)
[0.303s] -- Found rclcpp: 16.0.9 (/opt/ros/humble/share/rclcpp/cmake)
[0.350s] -- Found rosidl_generator_c: 3.1.5 (/opt/ros/humble/share/rosidl_generator_c/cmake)
[0.354s] -- Found rosidl_adapter: 3.1.5 (/opt/ros/humble/share/rosidl_adapter/cmake)
[0.364s] -- Found rosidl_generator_cpp: 3.1.5 (/opt/ros/humble/share/rosidl_generator_cpp/cmake)
[0.384s] -- Using all available rosidl_typesupport_c: rosidl_typesupport_fastrtps_c;rosidl_typesupport_introspection_c
[0.416s] -- Using all available rosidl_typesupport_cpp: rosidl_typesupport_fastrtps_cpp;rosidl_typesupport_introspection_cpp
[0.521s] -- Found rmw_implementation_cmake: 6.1.2 (/opt/ros/humble/share/rmw_implementation_cmake/cmake)
[0.524s] -- Found rmw_fastrtps_cpp: 6.2.6 (/opt/ros/humble/share/rmw_fastrtps_cpp/cmake)
[0.727s] -- Using RMW implementation 'rmw_fastrtps_cpp' as default
[0.990s] -- Configuring done
[0.999s] -- Generating done
[1.001s] -- Build files have been written to: /home/student/ros2_ws/build/lab1
[1.048s] [ 50%] [32mBuilding CXX object CMakeFiles/labone.dir/src/subscriber_member_function.cpp.o[0m
[1.503s] [01m[K/home/student/ros2_ws/src/lab1/src/subscriber_member_function.cpp:17:10:[m[K [01;31m[Kfatal error: [m[Ksensor_msgs/msg/Image.hpp: No such file or directory
[1.504s]    17 | #include [01;31m[K"sensor_msgs/msg/Image.hpp"[m[K
[1.504s]       |          [01;31m[K^~~~~~~~~~~~~~~~~~~~~~~~~~~[m[K
[1.504s] compilation terminated.
[1.505s] gmake[2]: *** [CMakeFiles/labone.dir/build.make:76: CMakeFiles/labone.dir/src/subscriber_member_function.cpp.o] Error 1
[1.505s] gmake[1]: *** [CMakeFiles/Makefile2:137: CMakeFiles/labone.dir/all] Error 2
[1.505s] gmake: *** [Makefile:146: all] Error 2
[1.508s] Invoked command in '/home/student/ros2_ws/build/lab1' returned '2': CMAKE_PREFIX_PATH=/opt/ros/humble /usr/bin/cmake --build /home/student/ros2_ws/build/lab1 -- -j8 -l8
