[0.443s] Invoking command in '/home/student/ros2_ws/build/custom_map_server': CMAKE_PREFIX_PATH=${CMAKE_PREFIX_PATH}:/home/student/ros2_ws/install/turtlebot3_teleop:/home/student/ros2_ws/install/turtlebot3_example:/opt/ros/humble /usr/bin/cmake /home/student/ros2_ws/src/map_server -DCMAKE_INSTALL_PREFIX=/home/student/ros2_ws/install/custom_map_server
[0.535s] -- The C compiler identification is GNU 11.4.0
[0.686s] -- The CXX compiler identification is GNU 11.4.0
[0.699s] -- Detecting C compiler ABI info
[0.886s] -- Detecting C compiler ABI info - done
[0.903s] -- Check for working C compiler: /usr/bin/cc - skipped
[0.903s] -- Detecting C compile features
[0.904s] -- Detecting C compile features - done
[0.910s] -- Detecting CXX compiler ABI info
[1.252s] -- Detecting CXX compiler ABI info - done
[1.270s] -- Check for working CXX compiler: /usr/bin/c++ - skipped
[1.270s] -- Detecting CXX compile features
[1.271s] -- Detecting CXX compile features - done
[1.283s] -- Found ament_cmake: 1.3.10 (/opt/ros/humble/share/ament_cmake/cmake)
[1.662s] -- Found Python3: /usr/bin/python3 (found version "3.10.12") found components: Interpreter 
[1.891s] -- Found rclcpp: 16.0.10 (/opt/ros/humble/share/rclcpp/cmake)
[2.008s] -- Found rosidl_generator_c: 3.1.5 (/opt/ros/humble/share/rosidl_generator_c/cmake)
[2.023s] -- Found rosidl_adapter: 3.1.5 (/opt/ros/humble/share/rosidl_adapter/cmake)
[2.044s] -- Found rosidl_generator_cpp: 3.1.5 (/opt/ros/humble/share/rosidl_generator_cpp/cmake)
[2.073s] -- Using all available rosidl_typesupport_c: rosidl_typesupport_fastrtps_c;rosidl_typesupport_introspection_c
[2.112s] -- Using all available rosidl_typesupport_cpp: rosidl_typesupport_fastrtps_cpp;rosidl_typesupport_introspection_cpp
[2.224s] -- Found rmw_implementation_cmake: 6.1.2 (/opt/ros/humble/share/rmw_implementation_cmake/cmake)
[2.231s] -- Found rmw_fastrtps_cpp: 6.2.7 (/opt/ros/humble/share/rmw_fastrtps_cpp/cmake)
[2.384s] -- Found OpenSSL: /usr/lib/x86_64-linux-gnu/libcrypto.so (found version "3.0.2")  
[2.421s] -- Found FastRTPS: /opt/ros/humble/include  
[2.479s] -- Using RMW implementation 'rmw_fastrtps_cpp' as default
[2.495s] -- Looking for pthread.h
[2.591s] -- Looking for pthread.h - found
[2.592s] -- Performing Test CMAKE_HAVE_LIBC_PTHREAD
[2.752s] -- Performing Test CMAKE_HAVE_LIBC_PTHREAD - Success
[2.754s] -- Found Threads: TRUE  
[2.853s] -- Found sensor_msgs: 4.2.4 (/opt/ros/humble/share/sensor_msgs/cmake)
[2.919s] -- Found nav_msgs: 4.2.4 (/opt/ros/humble/share/nav_msgs/cmake)
[2.966s] -- Found OpenCV: /usr (found version "4.5.4") 
[2.973s] -- Found cv_bridge: 3.2.1 (/opt/ros/humble/share/cv_bridge/cmake)
[2.981s] -- Found tf2: 0.25.8 (/opt/ros/humble/share/tf2/cmake)
[3.109s] -- Configuring done
[3.134s] -- Generating done
[3.137s] -- Build files have been written to: /home/student/ros2_ws/build/custom_map_server
[3.166s] Invoked command in '/home/student/ros2_ws/build/custom_map_server' returned '0': CMAKE_PREFIX_PATH=${CMAKE_PREFIX_PATH}:/home/student/ros2_ws/install/turtlebot3_teleop:/home/student/ros2_ws/install/turtlebot3_example:/opt/ros/humble /usr/bin/cmake /home/student/ros2_ws/src/map_server -DCMAKE_INSTALL_PREFIX=/home/student/ros2_ws/install/custom_map_server
[3.169s] Invoking command in '/home/student/ros2_ws/build/custom_map_server': CMAKE_PREFIX_PATH=${CMAKE_PREFIX_PATH}:/home/student/ros2_ws/install/turtlebot3_teleop:/home/student/ros2_ws/install/turtlebot3_example:/opt/ros/humble /usr/bin/cmake --build /home/student/ros2_ws/build/custom_map_server -- -j8 -l8
[3.277s] [ 50%] [32mBuilding CXX object CMakeFiles/map_server.dir/src/map_server.cpp.o[0m
[10.539s] [100%] [32m[1mLinking CXX executable map_server[0m
[11.095s] [100%] Built target map_server
[11.112s] Invoked command in '/home/student/ros2_ws/build/custom_map_server' returned '0': CMAKE_PREFIX_PATH=${CMAKE_PREFIX_PATH}:/home/student/ros2_ws/install/turtlebot3_teleop:/home/student/ros2_ws/install/turtlebot3_example:/opt/ros/humble /usr/bin/cmake --build /home/student/ros2_ws/build/custom_map_server -- -j8 -l8
[11.157s] Invoking command in '/home/student/ros2_ws/build/custom_map_server': CMAKE_PREFIX_PATH=${CMAKE_PREFIX_PATH}:/home/student/ros2_ws/install/turtlebot3_teleop:/home/student/ros2_ws/install/turtlebot3_example:/opt/ros/humble /usr/bin/cmake --install /home/student/ros2_ws/build/custom_map_server
[11.168s] -- Install configuration: ""
[11.168s] -- Installing: /home/student/ros2_ws/install/custom_map_server/lib/custom_map_server/map_server
[11.171s] -- Set runtime path of "/home/student/ros2_ws/install/custom_map_server/lib/custom_map_server/map_server" to ""
[11.171s] -- Installing: /home/student/ros2_ws/install/custom_map_server/share/custom_map_server//data
[11.172s] -- Installing: /home/student/ros2_ws/install/custom_map_server/share/custom_map_server//data/map.pgm
[11.186s] -- Installing: /home/student/ros2_ws/install/custom_map_server/share/ament_index/resource_index/package_run_dependencies/custom_map_server
[11.186s] -- Installing: /home/student/ros2_ws/install/custom_map_server/share/ament_index/resource_index/parent_prefix_path/custom_map_server
[11.187s] -- Installing: /home/student/ros2_ws/install/custom_map_server/share/custom_map_server/environment/ament_prefix_path.sh
[11.187s] -- Installing: /home/student/ros2_ws/install/custom_map_server/share/custom_map_server/environment/ament_prefix_path.dsv
[11.187s] -- Installing: /home/student/ros2_ws/install/custom_map_server/share/custom_map_server/environment/path.sh
[11.187s] -- Installing: /home/student/ros2_ws/install/custom_map_server/share/custom_map_server/environment/path.dsv
[11.187s] -- Installing: /home/student/ros2_ws/install/custom_map_server/share/custom_map_server/local_setup.bash
[11.188s] -- Installing: /home/student/ros2_ws/install/custom_map_server/share/custom_map_server/local_setup.sh
[11.188s] -- Installing: /home/student/ros2_ws/install/custom_map_server/share/custom_map_server/local_setup.zsh
[11.188s] -- Installing: /home/student/ros2_ws/install/custom_map_server/share/custom_map_server/local_setup.dsv
[11.188s] -- Installing: /home/student/ros2_ws/install/custom_map_server/share/custom_map_server/package.dsv
[11.189s] -- Installing: /home/student/ros2_ws/install/custom_map_server/share/ament_index/resource_index/packages/custom_map_server
[11.189s] -- Installing: /home/student/ros2_ws/install/custom_map_server/share/custom_map_server/cmake/custom_map_serverConfig.cmake
[11.189s] -- Installing: /home/student/ros2_ws/install/custom_map_server/share/custom_map_server/cmake/custom_map_serverConfig-version.cmake
[11.189s] -- Installing: /home/student/ros2_ws/install/custom_map_server/share/custom_map_server/package.xml
[11.194s] Invoked command in '/home/student/ros2_ws/build/custom_map_server' returned '0': CMAKE_PREFIX_PATH=${CMAKE_PREFIX_PATH}:/home/student/ros2_ws/install/turtlebot3_teleop:/home/student/ros2_ws/install/turtlebot3_example:/opt/ros/humble /usr/bin/cmake --install /home/student/ros2_ws/build/custom_map_server
