[35m[1mConsolidate compiler generated dependencies of target week2[0m
[ 50%] [32mBuilding CXX object CMakeFiles/week2.dir/src/subscriber_member_function.cpp.o[0m
[01m[K/home/student/ros2_ws/src/week2/src/subscriber_member_function.cpp:[m[K In member function ‘[01m[Kvoid week2::topic_callback(sensor_msgs::msg::LaserScan_<std::allocator<void> >::SharedPtr) const[m[K’:
[01m[K/home/student/ros2_ws/src/week2/src/subscriber_member_function.cpp:25:15:[m[K [01;35m[Kwarning: [m[K‘[01m[Kcount_[m[K’ is used uninitialized [[01;35m[K]8;;https://gcc.gnu.org/onlinedocs/gcc/Warning-Options.html#index-Wuninitialized-Wuninitialized]8;;[m[K]
   25 |         [01;35m[Kcount_++[m[K;
      |         [01;35m[K~~~~~~^~[m[K
[100%] [32m[1mLinking CXX executable week2[0m
[100%] Built target week2
-- Install configuration: ""
-- Installing: /home/student/ros2_ws/src/week2/install/week2/lib/week2/week2
-- Set runtime path of "/home/student/ros2_ws/src/week2/install/week2/lib/week2/week2" to ""
-- Up-to-date: /home/student/ros2_ws/src/week2/install/week2/share/ament_index/resource_index/package_run_dependencies/week2
-- Up-to-date: /home/student/ros2_ws/src/week2/install/week2/share/ament_index/resource_index/parent_prefix_path/week2
-- Up-to-date: /home/student/ros2_ws/src/week2/install/week2/share/week2/environment/ament_prefix_path.sh
-- Up-to-date: /home/student/ros2_ws/src/week2/install/week2/share/week2/environment/ament_prefix_path.dsv
-- Up-to-date: /home/student/ros2_ws/src/week2/install/week2/share/week2/environment/path.sh
-- Up-to-date: /home/student/ros2_ws/src/week2/install/week2/share/week2/environment/path.dsv
-- Up-to-date: /home/student/ros2_ws/src/week2/install/week2/share/week2/local_setup.bash
-- Up-to-date: /home/student/ros2_ws/src/week2/install/week2/share/week2/local_setup.sh
-- Up-to-date: /home/student/ros2_ws/src/week2/install/week2/share/week2/local_setup.zsh
-- Up-to-date: /home/student/ros2_ws/src/week2/install/week2/share/week2/local_setup.dsv
-- Installing: /home/student/ros2_ws/src/week2/install/week2/share/week2/package.dsv
-- Up-to-date: /home/student/ros2_ws/src/week2/install/week2/share/ament_index/resource_index/packages/week2
-- Up-to-date: /home/student/ros2_ws/src/week2/install/week2/share/week2/cmake/week2Config.cmake
-- Up-to-date: /home/student/ros2_ws/src/week2/install/week2/share/week2/cmake/week2Config-version.cmake
-- Up-to-date: /home/student/ros2_ws/src/week2/install/week2/share/week2/package.xml
