[0.071s] Invoking command in '/home/student/ros2_ws/build/week4': CMAKE_PREFIX_PATH=${CMAKE_PREFIX_PATH}:/home/student/ros2_ws/install/turtlebot3_teleop:/home/student/ros2_ws/install/turtlebot3_example:/opt/ros/humble /usr/bin/cmake /home/student/ros2_ws/src/week4 -DAMENT_CMAKE_SYMLINK_INSTALL=1 -DCMAKE_INSTALL_PREFIX=/home/student/ros2_ws/install/week4
[10.958s] -- The C compiler identification is GNU 11.4.0
[10.958s] -- The CXX compiler identification is GNU 11.4.0
[10.958s] -- Detecting C compiler ABI info
[10.958s] -- Detecting C compiler ABI info - done
[10.959s] -- Check for working C compiler: /usr/bin/cc - skipped
[10.959s] -- Detecting C compile features
[10.959s] -- Detecting C compile features - done
[10.959s] -- Detecting CXX compiler ABI info
[10.959s] -- Detecting CXX compiler ABI info - done
[10.959s] -- Check for working CXX compiler: /usr/bin/c++ - skipped
[10.960s] -- Detecting CXX compile features
[10.960s] -- Detecting CXX compile features - done
[10.960s] -- Found ament_cmake: 1.3.10 (/opt/ros/humble/share/ament_cmake/cmake)
[10.960s] -- Found Python3: /usr/bin/python3 (found version "3.10.12") found components: Interpreter 
[10.960s] -- Override CMake install command with custom implementation using symlinks instead of copying resources
[10.960s] -- Found rclcpp: 16.0.10 (/opt/ros/humble/share/rclcpp/cmake)
[10.960s] -- Found rosidl_generator_c: 3.1.5 (/opt/ros/humble/share/rosidl_generator_c/cmake)
[10.961s] -- Found rosidl_adapter: 3.1.5 (/opt/ros/humble/share/rosidl_adapter/cmake)
[10.961s] -- Found rosidl_generator_cpp: 3.1.5 (/opt/ros/humble/share/rosidl_generator_cpp/cmake)
[10.961s] -- Using all available rosidl_typesupport_c: rosidl_typesupport_fastrtps_c;rosidl_typesupport_introspection_c
[10.961s] -- Using all available rosidl_typesupport_cpp: rosidl_typesupport_fastrtps_cpp;rosidl_typesupport_introspection_cpp
[10.961s] -- Found rmw_implementation_cmake: 6.1.2 (/opt/ros/humble/share/rmw_implementation_cmake/cmake)
[10.962s] -- Found rmw_fastrtps_cpp: 6.2.7 (/opt/ros/humble/share/rmw_fastrtps_cpp/cmake)
[10.962s] -- Found OpenSSL: /usr/lib/x86_64-linux-gnu/libcrypto.so (found version "3.0.2")  
[10.962s] -- Found FastRTPS: /opt/ros/humble/include  
[10.962s] -- Using RMW implementation 'rmw_fastrtps_cpp' as default
[10.963s] -- Looking for pthread.h
[10.963s] -- Looking for pthread.h - found
[10.963s] -- Performing Test CMAKE_HAVE_LIBC_PTHREAD
[10.963s] -- Performing Test CMAKE_HAVE_LIBC_PTHREAD - Success
[10.964s] -- Found Threads: TRUE  
[10.964s] -- Found sensor_msgs: 4.2.4 (/opt/ros/humble/share/sensor_msgs/cmake)
[10.964s] -- Found cv_bridge: 3.2.1 (/opt/ros/humble/share/cv_bridge/cmake)
[10.964s] -- Found OpenCV: /usr (found version "4.5.4") 
[10.965s] -- Found nav_msgs: 4.2.4 (/opt/ros/humble/share/nav_msgs/cmake)
[10.965s] -- Found tf2: 0.25.8 (/opt/ros/humble/share/tf2/cmake)
[10.966s] -- Found tf2_geometry_msgs: 0.25.8 (/opt/ros/humble/share/tf2_geometry_msgs/cmake)
[10.966s] -- Found eigen3_cmake_module: 0.1.1 (/opt/ros/humble/share/eigen3_cmake_module/cmake)
[10.966s] -- Found Eigen3: TRUE (found version "3.4.0") 
[10.966s] -- Ensuring Eigen3 include directory is part of orocos-kdl CMake target
[10.966s] -- Configuring done
[10.966s] -- Generating done
[10.966s] -- Build files have been written to: /home/student/ros2_ws/build/week4
[10.997s] Invoked command in '/home/student/ros2_ws/build/week4' returned '0': CMAKE_PREFIX_PATH=${CMAKE_PREFIX_PATH}:/home/student/ros2_ws/install/turtlebot3_teleop:/home/student/ros2_ws/install/turtlebot3_example:/opt/ros/humble /usr/bin/cmake /home/student/ros2_ws/src/week4 -DAMENT_CMAKE_SYMLINK_INSTALL=1 -DCMAKE_INSTALL_PREFIX=/home/student/ros2_ws/install/week4
[11.020s] Invoking command in '/home/student/ros2_ws/build/week4': CMAKE_PREFIX_PATH=${CMAKE_PREFIX_PATH}:/home/student/ros2_ws/install/turtlebot3_teleop:/home/student/ros2_ws/install/turtlebot3_example:/opt/ros/humble /usr/bin/cmake --build /home/student/ros2_ws/build/week4 -- -j8 -l8
[23.889s] [ 50%] [32mBuilding CXX object CMakeFiles/week4.dir/src/week4.cpp.o[0m
[36.372s] [100%] [32m[1mLinking CXX executable week4[0m
[39.841s] [100%] Built target week4
[39.874s] Invoked command in '/home/student/ros2_ws/build/week4' returned '0': CMAKE_PREFIX_PATH=${CMAKE_PREFIX_PATH}:/home/student/ros2_ws/install/turtlebot3_teleop:/home/student/ros2_ws/install/turtlebot3_example:/opt/ros/humble /usr/bin/cmake --build /home/student/ros2_ws/build/week4 -- -j8 -l8
[39.950s] Invoking command in '/home/student/ros2_ws/build/week4': CMAKE_PREFIX_PATH=${CMAKE_PREFIX_PATH}:/home/student/ros2_ws/install/turtlebot3_teleop:/home/student/ros2_ws/install/turtlebot3_example:/opt/ros/humble /usr/bin/cmake --install /home/student/ros2_ws/build/week4
[42.168s] -- Install configuration: ""
[42.170s] -- Execute custom install script
[42.171s] -- Symlinking: /home/student/ros2_ws/install/week4/lib/week4/week4
[42.171s] -- Symlinking: /home/student/ros2_ws/install/week4/share/ament_index/resource_index/package_run_dependencies/week4
[42.171s] -- Symlinking: /home/student/ros2_ws/install/week4/share/ament_index/resource_index/parent_prefix_path/week4
[42.171s] -- Symlinking: /home/student/ros2_ws/install/week4/share/week4/environment/ament_prefix_path.sh
[42.171s] -- Symlinking: /home/student/ros2_ws/install/week4/share/week4/environment/ament_prefix_path.dsv
[42.171s] -- Symlinking: /home/student/ros2_ws/install/week4/share/week4/environment/path.sh
[42.172s] -- Symlinking: /home/student/ros2_ws/install/week4/share/week4/environment/path.dsv
[42.172s] -- Symlinking: /home/student/ros2_ws/install/week4/share/week4/local_setup.bash
[42.172s] -- Symlinking: /home/student/ros2_ws/install/week4/share/week4/local_setup.sh
[42.172s] -- Symlinking: /home/student/ros2_ws/install/week4/share/week4/local_setup.zsh
[42.172s] -- Symlinking: /home/student/ros2_ws/install/week4/share/week4/local_setup.dsv
[42.172s] -- Symlinking: /home/student/ros2_ws/install/week4/share/week4/package.dsv
[42.173s] -- Symlinking: /home/student/ros2_ws/install/week4/share/ament_index/resource_index/packages/week4
[42.173s] -- Symlinking: /home/student/ros2_ws/install/week4/share/week4/cmake/week4Config.cmake
[42.173s] -- Symlinking: /home/student/ros2_ws/install/week4/share/week4/cmake/week4Config-version.cmake
[42.173s] -- Symlinking: /home/student/ros2_ws/install/week4/share/week4/package.xml
[42.187s] Invoked command in '/home/student/ros2_ws/build/week4' returned '0': CMAKE_PREFIX_PATH=${CMAKE_PREFIX_PATH}:/home/student/ros2_ws/install/turtlebot3_teleop:/home/student/ros2_ws/install/turtlebot3_example:/opt/ros/humble /usr/bin/cmake --install /home/student/ros2_ws/build/week4
