[0.044s] Invoking command in '/home/student/ros2_ws/build/turtlebot3_navigation2': CMAKE_PREFIX_PATH=/opt/ros/humble /usr/bin/cmake --build /home/student/ros2_ws/build/turtlebot3_navigation2 -- -j8 -l8
[0.556s] Invoked command in '/home/student/ros2_ws/build/turtlebot3_navigation2' returned '0': CMAKE_PREFIX_PATH=/opt/ros/humble /usr/bin/cmake --build /home/student/ros2_ws/build/turtlebot3_navigation2 -- -j8 -l8
[0.615s] Invoking command in '/home/student/ros2_ws/build/turtlebot3_navigation2': CMAKE_PREFIX_PATH=/opt/ros/humble /usr/bin/cmake --install /home/student/ros2_ws/build/turtlebot3_navigation2
[0.629s] -- Install configuration: ""
[0.630s] -- Execute custom install script
[0.635s] -- Up-to-date symlink: /home/student/ros2_ws/install/turtlebot3_navigation2/share/turtlebot3_navigation2/launch/navigation2.launch.py
[0.636s] -- Up-to-date symlink: /home/student/ros2_ws/install/turtlebot3_navigation2/share/turtlebot3_navigation2/map/map.pgm
[0.636s] -- Up-to-date symlink: /home/student/ros2_ws/install/turtlebot3_navigation2/share/turtlebot3_navigation2/map/map.yaml
[0.636s] -- Up-to-date symlink: /home/student/ros2_ws/install/turtlebot3_navigation2/share/turtlebot3_navigation2/param/burger.yaml
[0.636s] -- Up-to-date symlink: /home/student/ros2_ws/install/turtlebot3_navigation2/share/turtlebot3_navigation2/param/waffle.yaml
[0.636s] -- Up-to-date symlink: /home/student/ros2_ws/install/turtlebot3_navigation2/share/turtlebot3_navigation2/param/waffle_pi.yaml
[0.636s] -- Up-to-date symlink: /home/student/ros2_ws/install/turtlebot3_navigation2/share/turtlebot3_navigation2/rviz/tb3_navigation2.rviz
[0.642s] -- Up-to-date symlink: /home/student/ros2_ws/install/turtlebot3_navigation2/share/ament_index/resource_index/package_run_dependencies/turtlebot3_navigation2
[0.642s] -- Up-to-date symlink: /home/student/ros2_ws/install/turtlebot3_navigation2/share/ament_index/resource_index/parent_prefix_path/turtlebot3_navigation2
[0.642s] -- Up-to-date symlink: /home/student/ros2_ws/install/turtlebot3_navigation2/share/turtlebot3_navigation2/environment/ament_prefix_path.sh
[0.643s] -- Up-to-date symlink: /home/student/ros2_ws/install/turtlebot3_navigation2/share/turtlebot3_navigation2/environment/ament_prefix_path.dsv
[0.643s] -- Up-to-date symlink: /home/student/ros2_ws/install/turtlebot3_navigation2/share/turtlebot3_navigation2/environment/path.sh
[0.643s] -- Up-to-date symlink: /home/student/ros2_ws/install/turtlebot3_navigation2/share/turtlebot3_navigation2/environment/path.dsv
[0.643s] -- Up-to-date symlink: /home/student/ros2_ws/install/turtlebot3_navigation2/share/turtlebot3_navigation2/local_setup.bash
[0.644s] -- Up-to-date symlink: /home/student/ros2_ws/install/turtlebot3_navigation2/share/turtlebot3_navigation2/local_setup.sh
[0.648s] -- Up-to-date symlink: /home/student/ros2_ws/install/turtlebot3_navigation2/share/turtlebot3_navigation2/local_setup.zsh
[0.649s] -- Up-to-date symlink: /home/student/ros2_ws/install/turtlebot3_navigation2/share/turtlebot3_navigation2/local_setup.dsv
[0.649s] -- Symlinking: /home/student/ros2_ws/install/turtlebot3_navigation2/share/turtlebot3_navigation2/package.dsv
[0.679s] -- Up-to-date symlink: /home/student/ros2_ws/install/turtlebot3_navigation2/share/ament_index/resource_index/packages/turtlebot3_navigation2
[0.680s] -- Up-to-date symlink: /home/student/ros2_ws/install/turtlebot3_navigation2/share/turtlebot3_navigation2/cmake/turtlebot3_navigation2Config.cmake
[0.681s] -- Up-to-date symlink: /home/student/ros2_ws/install/turtlebot3_navigation2/share/turtlebot3_navigation2/cmake/turtlebot3_navigation2Config-version.cmake
[0.681s] -- Up-to-date symlink: /home/student/ros2_ws/install/turtlebot3_navigation2/share/turtlebot3_navigation2/package.xml
[0.711s] Invoked command in '/home/student/ros2_ws/build/turtlebot3_navigation2' returned '0': CMAKE_PREFIX_PATH=/opt/ros/humble /usr/bin/cmake --install /home/student/ros2_ws/build/turtlebot3_navigation2
