[0.065s] Invoking command in '/home/student/ros2_ws/build/sprint_3': CMAKE_PREFIX_PATH=${CMAKE_PREFIX_PATH}:/home/student/ros2_ws/install/turtlebot3_teleop:/home/student/ros2_ws/install/turtlebot3_example:/opt/ros/humble /usr/bin/cmake --build /home/student/ros2_ws/build/sprint_3 -- -j8 -l8
[0.197s] [35m[1mConsolidate compiler generated dependencies of target cylinder_detection_node[0m
[0.278s] [ 50%] [32mBuilding CXX object CMakeFiles/cylinder_detection_node.dir/src/cylinder_detection_node.cpp.o[0m
[11.110s] [100%] [32m[1mLinking CXX executable cylinder_detection_node[0m
[11.640s] [100%] Built target cylinder_detection_node
[11.655s] Invoked command in '/home/student/ros2_ws/build/sprint_3' returned '0': CMAKE_PREFIX_PATH=${CMAKE_PREFIX_PATH}:/home/student/ros2_ws/install/turtlebot3_teleop:/home/student/ros2_ws/install/turtlebot3_example:/opt/ros/humble /usr/bin/cmake --build /home/student/ros2_ws/build/sprint_3 -- -j8 -l8
[11.695s] Invoking command in '/home/student/ros2_ws/build/sprint_3': CMAKE_PREFIX_PATH=${CMAKE_PREFIX_PATH}:/home/student/ros2_ws/install/turtlebot3_teleop:/home/student/ros2_ws/install/turtlebot3_example:/opt/ros/humble /usr/bin/cmake --install /home/student/ros2_ws/build/sprint_3
[11.705s] -- Install configuration: ""
[11.705s] -- Installing: /home/student/ros2_ws/install/sprint_3/lib/sprint_3/cylinder_detection_node
[11.712s] -- Set runtime path of "/home/student/ros2_ws/install/sprint_3/lib/sprint_3/cylinder_detection_node" to ""
[11.712s] -- Up-to-date: /home/student/ros2_ws/install/sprint_3/share/ament_index/resource_index/package_run_dependencies/sprint_3
[11.712s] -- Up-to-date: /home/student/ros2_ws/install/sprint_3/share/ament_index/resource_index/parent_prefix_path/sprint_3
[11.713s] -- Up-to-date: /home/student/ros2_ws/install/sprint_3/share/sprint_3/environment/ament_prefix_path.sh
[11.713s] -- Up-to-date: /home/student/ros2_ws/install/sprint_3/share/sprint_3/environment/ament_prefix_path.dsv
[11.713s] -- Up-to-date: /home/student/ros2_ws/install/sprint_3/share/sprint_3/environment/path.sh
[11.713s] -- Up-to-date: /home/student/ros2_ws/install/sprint_3/share/sprint_3/environment/path.dsv
[11.713s] -- Up-to-date: /home/student/ros2_ws/install/sprint_3/share/sprint_3/local_setup.bash
[11.713s] -- Up-to-date: /home/student/ros2_ws/install/sprint_3/share/sprint_3/local_setup.sh
[11.713s] -- Up-to-date: /home/student/ros2_ws/install/sprint_3/share/sprint_3/local_setup.zsh
[11.713s] -- Up-to-date: /home/student/ros2_ws/install/sprint_3/share/sprint_3/local_setup.dsv
[11.714s] -- Installing: /home/student/ros2_ws/install/sprint_3/share/sprint_3/package.dsv
[11.714s] -- Up-to-date: /home/student/ros2_ws/install/sprint_3/share/ament_index/resource_index/packages/sprint_3
[11.714s] -- Up-to-date: /home/student/ros2_ws/install/sprint_3/share/sprint_3/cmake/sprint_3Config.cmake
[11.714s] -- Up-to-date: /home/student/ros2_ws/install/sprint_3/share/sprint_3/cmake/sprint_3Config-version.cmake
[11.714s] -- Up-to-date: /home/student/ros2_ws/install/sprint_3/share/sprint_3/package.xml
[11.716s] Invoked command in '/home/student/ros2_ws/build/sprint_3' returned '0': CMAKE_PREFIX_PATH=${CMAKE_PREFIX_PATH}:/home/student/ros2_ws/install/turtlebot3_teleop:/home/student/ros2_ws/install/turtlebot3_example:/opt/ros/humble /usr/bin/cmake --install /home/student/ros2_ws/build/sprint_3
