[0.079s] Invoking command in '/home/student/ros2_ws/build/sprint_3': CMAKE_PREFIX_PATH=${CMAKE_PREFIX_PATH}:/home/student/ros2_ws/install/turtlebot3_teleop:/home/student/ros2_ws/install/turtlebot3_example:/opt/ros/humble /usr/bin/cmake --build /home/student/ros2_ws/build/sprint_3 -- -j8 -l8
[0.312s] -- Found ament_cmake: 1.3.10 (/opt/ros/humble/share/ament_cmake/cmake)
[0.735s] -- Found rclcpp: 16.0.10 (/opt/ros/humble/share/rclcpp/cmake)
[0.845s] -- Found rosidl_generator_c: 3.1.5 (/opt/ros/humble/share/rosidl_generator_c/cmake)
[0.854s] -- Found rosidl_adapter: 3.1.5 (/opt/ros/humble/share/rosidl_adapter/cmake)
[0.875s] -- Found rosidl_generator_cpp: 3.1.5 (/opt/ros/humble/share/rosidl_generator_cpp/cmake)
[0.898s] -- Using all available rosidl_typesupport_c: rosidl_typesupport_fastrtps_c;rosidl_typesupport_introspection_c
[0.927s] -- Using all available rosidl_typesupport_cpp: rosidl_typesupport_fastrtps_cpp;rosidl_typesupport_introspection_cpp
[1.052s] -- Found rmw_implementation_cmake: 6.1.2 (/opt/ros/humble/share/rmw_implementation_cmake/cmake)
[1.056s] -- Found rmw_fastrtps_cpp: 6.2.7 (/opt/ros/humble/share/rmw_fastrtps_cpp/cmake)
[1.383s] -- Using RMW implementation 'rmw_fastrtps_cpp' as default
[1.596s] -- Found sensor_msgs: 4.2.4 (/opt/ros/humble/share/sensor_msgs/cmake)
[1.767s] -- Found OpenCV: /usr (found version "4.5.4") 
[1.775s] -- Found ament_lint_auto: 0.12.11 (/opt/ros/humble/share/ament_lint_auto/cmake)
[2.024s] -- Added test 'cppcheck' to perform static code analysis on C / C++ code
[2.024s] -- Configured cppcheck include dirs: $<BUILD_INTERFACE:/home/student/ros2_ws/src/sprint_3/include>
[2.025s] -- Configured cppcheck exclude dirs and/or files: 
[2.027s] -- Added test 'lint_cmake' to check CMake code style
[2.032s] -- Added test 'uncrustify' to check C / C++ code style
[2.032s] -- Configured uncrustify additional arguments: 
[2.033s] -- Added test 'xmllint' to check XML markup files
[2.033s] -- Configuring done
[2.034s] [31mCMake Error at CMakeLists.txt:16 (add_executable):
[2.034s]   Cannot find source file:
[2.034s] 
[2.034s]     src/cylinder_detection_node.cpp
[2.034s] 
[2.035s]   Tried extensions .c .C .c++ .cc .cpp .cxx .cu .mpp .m .M .mm .ixx .cppm .h
[2.035s]   .hh .h++ .hm .hpp .hxx .in .txx .f .F .for .f77 .f90 .f95 .f03 .hip .ispc
[2.035s] 
[2.035s] [0m
[2.036s] [31mCMake Error at CMakeLists.txt:16 (add_executable):
[2.036s]   No SOURCES given to target: cylinder_detection_node
[2.036s] 
[2.036s] [0m
[2.036s] [0mCMake Generate step failed.  Build files cannot be regenerated correctly.[0m
[2.046s] gmake: *** [Makefile:226: cmake_check_build_system] Error 1
[2.049s] Invoked command in '/home/student/ros2_ws/build/sprint_3' returned '2': CMAKE_PREFIX_PATH=${CMAKE_PREFIX_PATH}:/home/student/ros2_ws/install/turtlebot3_teleop:/home/student/ros2_ws/install/turtlebot3_example:/opt/ros/humble /usr/bin/cmake --build /home/student/ros2_ws/build/sprint_3 -- -j8 -l8
