[0.046s] Invoking command in '/home/student/ros2_ws/build/week2': CMAKE_PREFIX_PATH=/opt/ros/humble /usr/bin/cmake --build /home/student/ros2_ws/build/week2 -- -j8 -l8
[0.120s] Invoked command in '/home/student/ros2_ws/build/week2' returned '0': CMAKE_PREFIX_PATH=/opt/ros/humble /usr/bin/cmake --build /home/student/ros2_ws/build/week2 -- -j8 -l8
[0.195s] Invoking command in '/home/student/ros2_ws/build/week2': CMAKE_PREFIX_PATH=/opt/ros/humble /usr/bin/cmake --install /home/student/ros2_ws/build/week2
[0.218s] -- Install configuration: ""
[0.218s] -- Up-to-date: /home/student/ros2_ws/install/week2/share/ament_index/resource_index/package_run_dependencies/week2
[0.218s] -- Up-to-date: /home/student/ros2_ws/install/week2/share/ament_index/resource_index/parent_prefix_path/week2
[0.219s] -- Up-to-date: /home/student/ros2_ws/install/week2/share/week2/environment/ament_prefix_path.sh
[0.219s] -- Up-to-date: /home/student/ros2_ws/install/week2/share/week2/environment/ament_prefix_path.dsv
[0.220s] -- Up-to-date: /home/student/ros2_ws/install/week2/share/week2/environment/path.sh
[0.221s] -- Up-to-date: /home/student/ros2_ws/install/week2/share/week2/environment/path.dsv
[0.222s] -- Up-to-date: /home/student/ros2_ws/install/week2/share/week2/local_setup.bash
[0.222s] -- Up-to-date: /home/student/ros2_ws/install/week2/share/week2/local_setup.sh
[0.222s] -- Up-to-date: /home/student/ros2_ws/install/week2/share/week2/local_setup.zsh
[0.223s] -- Up-to-date: /home/student/ros2_ws/install/week2/share/week2/local_setup.dsv
[0.223s] -- Installing: /home/student/ros2_ws/install/week2/share/week2/package.dsv
[0.224s] -- Up-to-date: /home/student/ros2_ws/install/week2/share/ament_index/resource_index/packages/week2
[0.224s] -- Up-to-date: /home/student/ros2_ws/install/week2/share/week2/cmake/week2Config.cmake
[0.224s] -- Up-to-date: /home/student/ros2_ws/install/week2/share/week2/cmake/week2Config-version.cmake
[0.225s] -- Up-to-date: /home/student/ros2_ws/install/week2/share/week2/package.xml
[0.225s] Invoked command in '/home/student/ros2_ws/build/week2' returned '0': CMAKE_PREFIX_PATH=/opt/ros/humble /usr/bin/cmake --install /home/student/ros2_ws/build/week2
