[1.482s] Invoking command in '/home/student/ros2_ws/build/map_server': CMAKE_PREFIX_PATH=${CMAKE_PREFIX_PATH}:/home/student/ros2_ws/install/turtlebot3_teleop:/home/student/ros2_ws/install/turtlebot3_example:/opt/ros/humble /usr/bin/cmake /home/student/ros2_ws/src/map_server -DCMAKE_INSTALL_PREFIX=/home/student/ros2_ws/install/map_server
[3.784s] -- The C compiler identification is GNU 11.4.0
[4.249s] -- The CXX compiler identification is GNU 11.4.0
[4.285s] -- Detecting C compiler ABI info
[4.478s] -- Detecting C compiler ABI info - done
[4.489s] -- Check for working C compiler: /usr/bin/cc - skipped
[4.490s] -- Detecting C compile features
[4.495s] -- Detecting C compile features - done
[4.500s] -- Detecting CXX compiler ABI info
[4.698s] -- Detecting CXX compiler ABI info - done
[4.749s] -- Check for working CXX compiler: /usr/bin/c++ - skipped
[4.749s] -- Detecting CXX compile features
[4.749s] -- Detecting CXX compile features - done
[4.751s] -- Found ament_cmake: 1.3.10 (/opt/ros/humble/share/ament_cmake/cmake)
[5.077s] -- Found Python3: /usr/bin/python3 (found version "3.10.12") found components: Interpreter 
[5.483s] -- Found rclcpp: 16.0.10 (/opt/ros/humble/share/rclcpp/cmake)
[5.646s] -- Found rosidl_generator_c: 3.1.5 (/opt/ros/humble/share/rosidl_generator_c/cmake)
[5.665s] -- Found rosidl_adapter: 3.1.5 (/opt/ros/humble/share/rosidl_adapter/cmake)
[5.702s] -- Found rosidl_generator_cpp: 3.1.5 (/opt/ros/humble/share/rosidl_generator_cpp/cmake)
[5.735s] -- Using all available rosidl_typesupport_c: rosidl_typesupport_fastrtps_c;rosidl_typesupport_introspection_c
[5.830s] -- Using all available rosidl_typesupport_cpp: rosidl_typesupport_fastrtps_cpp;rosidl_typesupport_introspection_cpp
[6.035s] -- Found rmw_implementation_cmake: 6.1.2 (/opt/ros/humble/share/rmw_implementation_cmake/cmake)
[6.065s] -- Found rmw_fastrtps_cpp: 6.2.7 (/opt/ros/humble/share/rmw_fastrtps_cpp/cmake)
[6.268s] -- Found OpenSSL: /usr/lib/x86_64-linux-gnu/libcrypto.so (found version "3.0.2")  
[6.312s] -- Found FastRTPS: /opt/ros/humble/include  
[6.373s] -- Using RMW implementation 'rmw_fastrtps_cpp' as default
[6.426s] -- Looking for pthread.h
[6.541s] -- Looking for pthread.h - found
[6.542s] -- Performing Test CMAKE_HAVE_LIBC_PTHREAD
[6.650s] -- Performing Test CMAKE_HAVE_LIBC_PTHREAD - Success
[6.651s] -- Found Threads: TRUE  
[6.765s] -- Found sensor_msgs: 4.2.4 (/opt/ros/humble/share/sensor_msgs/cmake)
[6.827s] -- Found nav_msgs: 4.2.4 (/opt/ros/humble/share/nav_msgs/cmake)
[6.869s] -- Found OpenCV: /usr (found version "4.5.4") 
[6.873s] -- Found cv_bridge: 3.2.1 (/opt/ros/humble/share/cv_bridge/cmake)
[6.881s] -- Found tf2: 0.25.8 (/opt/ros/humble/share/tf2/cmake)
[6.999s] -- Configuring done
[7.015s] -- Generating done
[7.016s] -- Build files have been written to: /home/student/ros2_ws/build/map_server
[7.034s] Invoked command in '/home/student/ros2_ws/build/map_server' returned '0': CMAKE_PREFIX_PATH=${CMAKE_PREFIX_PATH}:/home/student/ros2_ws/install/turtlebot3_teleop:/home/student/ros2_ws/install/turtlebot3_example:/opt/ros/humble /usr/bin/cmake /home/student/ros2_ws/src/map_server -DCMAKE_INSTALL_PREFIX=/home/student/ros2_ws/install/map_server
[7.037s] Invoking command in '/home/student/ros2_ws/build/map_server': CMAKE_PREFIX_PATH=${CMAKE_PREFIX_PATH}:/home/student/ros2_ws/install/turtlebot3_teleop:/home/student/ros2_ws/install/turtlebot3_example:/opt/ros/humble /usr/bin/cmake --build /home/student/ros2_ws/build/map_server -- -j8 -l8
[7.116s] [ 50%] [32mBuilding CXX object CMakeFiles/map_server.dir/src/map_server.cpp.o[0m
[14.862s] [100%] [32m[1mLinking CXX executable map_server[0m
[16.142s] [100%] Built target map_server
[16.158s] Invoked command in '/home/student/ros2_ws/build/map_server' returned '0': CMAKE_PREFIX_PATH=${CMAKE_PREFIX_PATH}:/home/student/ros2_ws/install/turtlebot3_teleop:/home/student/ros2_ws/install/turtlebot3_example:/opt/ros/humble /usr/bin/cmake --build /home/student/ros2_ws/build/map_server -- -j8 -l8
[16.200s] Invoking command in '/home/student/ros2_ws/build/map_server': CMAKE_PREFIX_PATH=${CMAKE_PREFIX_PATH}:/home/student/ros2_ws/install/turtlebot3_teleop:/home/student/ros2_ws/install/turtlebot3_example:/opt/ros/humble /usr/bin/cmake --install /home/student/ros2_ws/build/map_server
[16.211s] -- Install configuration: ""
[16.212s] -- Installing: /home/student/ros2_ws/install/map_server/lib/map_server/map_server
[16.214s] -- Set runtime path of "/home/student/ros2_ws/install/map_server/lib/map_server/map_server" to ""
[16.214s] -- Installing: /home/student/ros2_ws/install/map_server/share/map_server//data
[16.215s] -- Installing: /home/student/ros2_ws/install/map_server/share/map_server//data/map.pgm
[16.229s] -- Installing: /home/student/ros2_ws/install/map_server/share/ament_index/resource_index/package_run_dependencies/map_server
[16.229s] -- Installing: /home/student/ros2_ws/install/map_server/share/ament_index/resource_index/parent_prefix_path/map_server
[16.229s] -- Installing: /home/student/ros2_ws/install/map_server/share/map_server/environment/ament_prefix_path.sh
[16.229s] -- Installing: /home/student/ros2_ws/install/map_server/share/map_server/environment/ament_prefix_path.dsv
[16.229s] -- Installing: /home/student/ros2_ws/install/map_server/share/map_server/environment/path.sh
[16.230s] -- Installing: /home/student/ros2_ws/install/map_server/share/map_server/environment/path.dsv
[16.230s] -- Installing: /home/student/ros2_ws/install/map_server/share/map_server/local_setup.bash
[16.230s] -- Installing: /home/student/ros2_ws/install/map_server/share/map_server/local_setup.sh
[16.230s] -- Installing: /home/student/ros2_ws/install/map_server/share/map_server/local_setup.zsh
[16.230s] -- Installing: /home/student/ros2_ws/install/map_server/share/map_server/local_setup.dsv
[16.231s] -- Installing: /home/student/ros2_ws/install/map_server/share/map_server/package.dsv
[16.231s] -- Installing: /home/student/ros2_ws/install/map_server/share/ament_index/resource_index/packages/map_server
[16.231s] -- Installing: /home/student/ros2_ws/install/map_server/share/map_server/cmake/map_serverConfig.cmake
[16.231s] -- Installing: /home/student/ros2_ws/install/map_server/share/map_server/cmake/map_serverConfig-version.cmake
[16.232s] -- Installing: /home/student/ros2_ws/install/map_server/share/map_server/package.xml
[16.235s] Invoked command in '/home/student/ros2_ws/build/map_server' returned '0': CMAKE_PREFIX_PATH=${CMAKE_PREFIX_PATH}:/home/student/ros2_ws/install/turtlebot3_teleop:/home/student/ros2_ws/install/turtlebot3_example:/opt/ros/humble /usr/bin/cmake --install /home/student/ros2_ws/build/map_server
