[0.060s] Invoking command in '/home/student/ros2_ws/build/sprint2': CMAKE_PREFIX_PATH=${CMAKE_PREFIX_PATH}:/home/student/ros2_ws/install/turtlebot3_teleop:/home/student/ros2_ws/install/turtlebot3_example:/opt/ros/humble /usr/bin/cmake --build /home/student/ros2_ws/build/sprint2 -- -j8 -l8
[0.214s] [100%] Built target sprint2
[0.239s] Invoked command in '/home/student/ros2_ws/build/sprint2' returned '0': CMAKE_PREFIX_PATH=${CMAKE_PREFIX_PATH}:/home/student/ros2_ws/install/turtlebot3_teleop:/home/student/ros2_ws/install/turtlebot3_example:/opt/ros/humble /usr/bin/cmake --build /home/student/ros2_ws/build/sprint2 -- -j8 -l8
[0.313s] Invoking command in '/home/student/ros2_ws/build/sprint2': CMAKE_PREFIX_PATH=${CMAKE_PREFIX_PATH}:/home/student/ros2_ws/install/turtlebot3_teleop:/home/student/ros2_ws/install/turtlebot3_example:/opt/ros/humble /usr/bin/cmake --install /home/student/ros2_ws/build/sprint2
[0.329s] -- Install configuration: ""
[0.331s] -- Execute custom install script
[0.332s] -- Up-to-date symlink: /home/student/ros2_ws/install/sprint2/lib/sprint2/sprint2
[0.333s] -- Up-to-date symlink: /home/student/ros2_ws/install/sprint2/share/ament_index/resource_index/package_run_dependencies/sprint2
[0.334s] -- Up-to-date symlink: /home/student/ros2_ws/install/sprint2/share/ament_index/resource_index/parent_prefix_path/sprint2
[0.335s] -- Up-to-date symlink: /home/student/ros2_ws/install/sprint2/share/sprint2/environment/ament_prefix_path.sh
[0.336s] -- Up-to-date symlink: /home/student/ros2_ws/install/sprint2/share/sprint2/environment/ament_prefix_path.dsv
[0.337s] -- Up-to-date symlink: /home/student/ros2_ws/install/sprint2/share/sprint2/environment/path.sh
[0.338s] -- Up-to-date symlink: /home/student/ros2_ws/install/sprint2/share/sprint2/environment/path.dsv
[0.339s] -- Up-to-date symlink: /home/student/ros2_ws/install/sprint2/share/sprint2/local_setup.bash
[0.340s] -- Up-to-date symlink: /home/student/ros2_ws/install/sprint2/share/sprint2/local_setup.sh
[0.341s] -- Up-to-date symlink: /home/student/ros2_ws/install/sprint2/share/sprint2/local_setup.zsh
[0.341s] -- Up-to-date symlink: /home/student/ros2_ws/install/sprint2/share/sprint2/local_setup.dsv
[0.342s] -- Symlinking: /home/student/ros2_ws/install/sprint2/share/sprint2/package.dsv
[0.362s] -- Up-to-date symlink: /home/student/ros2_ws/install/sprint2/share/ament_index/resource_index/packages/sprint2
[0.363s] -- Up-to-date symlink: /home/student/ros2_ws/install/sprint2/share/sprint2/cmake/sprint2Config.cmake
[0.363s] -- Up-to-date symlink: /home/student/ros2_ws/install/sprint2/share/sprint2/cmake/sprint2Config-version.cmake
[0.363s] -- Up-to-date symlink: /home/student/ros2_ws/install/sprint2/share/sprint2/package.xml
[0.367s] Invoked command in '/home/student/ros2_ws/build/sprint2' returned '0': CMAKE_PREFIX_PATH=${CMAKE_PREFIX_PATH}:/home/student/ros2_ws/install/turtlebot3_teleop:/home/student/ros2_ws/install/turtlebot3_example:/opt/ros/humble /usr/bin/cmake --install /home/student/ros2_ws/build/sprint2
