[0.051s] Invoking command in '/home/student/ros2_ws/build/week5': CMAKE_PREFIX_PATH=${CMAKE_PREFIX_PATH}:/home/student/ros2_ws/install/turtlebot3_teleop:/home/student/ros2_ws/install/turtlebot3_example:/opt/ros/humble /usr/bin/cmake /home/student/ros2_ws/src/week5 -DAMENT_CMAKE_SYMLINK_INSTALL=1 -DCMAKE_INSTALL_PREFIX=/home/student/ros2_ws/install/week5
[1.313s] -- The C compiler identification is GNU 11.4.0
[1.313s] -- The CXX compiler identification is GNU 11.4.0
[1.313s] -- Detecting C compiler ABI info
[1.313s] -- Detecting C compiler ABI info - done
[1.313s] -- Check for working C compiler: /usr/bin/cc - skipped
[1.314s] -- Detecting C compile features
[1.314s] -- Detecting C compile features - done
[1.314s] -- Detecting CXX compiler ABI info
[1.315s] -- Detecting CXX compiler ABI info - done
[1.315s] -- Check for working CXX compiler: /usr/bin/c++ - skipped
[1.316s] -- Detecting CXX compile features
[1.316s] -- Detecting CXX compile features - done
[1.317s] -- Found ament_cmake: 1.3.10 (/opt/ros/humble/share/ament_cmake/cmake)
[1.317s] -- Found Python3: /usr/bin/python3 (found version "3.10.12") found components: Interpreter 
[1.396s] -- Override CMake install command with custom implementation using symlinks instead of copying resources
[1.478s] -- Found rclcpp: 16.0.10 (/opt/ros/humble/share/rclcpp/cmake)
[1.573s] -- Found rosidl_generator_c: 3.1.5 (/opt/ros/humble/share/rosidl_generator_c/cmake)
[1.592s] -- Found rosidl_adapter: 3.1.5 (/opt/ros/humble/share/rosidl_adapter/cmake)
[1.606s] -- Found rosidl_generator_cpp: 3.1.5 (/opt/ros/humble/share/rosidl_generator_cpp/cmake)
[1.627s] -- Using all available rosidl_typesupport_c: rosidl_typesupport_fastrtps_c;rosidl_typesupport_introspection_c
[1.661s] -- Using all available rosidl_typesupport_cpp: rosidl_typesupport_fastrtps_cpp;rosidl_typesupport_introspection_cpp
[1.851s] -- Found rmw_implementation_cmake: 6.1.2 (/opt/ros/humble/share/rmw_implementation_cmake/cmake)
[1.862s] -- Found rmw_fastrtps_cpp: 6.2.7 (/opt/ros/humble/share/rmw_fastrtps_cpp/cmake)
[2.233s] -- Found OpenSSL: /usr/lib/x86_64-linux-gnu/libcrypto.so (found version "3.0.2")  
[2.317s] -- Found FastRTPS: /opt/ros/humble/include  
[2.412s] -- Using RMW implementation 'rmw_fastrtps_cpp' as default
[2.447s] -- Looking for pthread.h
[2.605s] -- Looking for pthread.h - found
[2.606s] -- Performing Test CMAKE_HAVE_LIBC_PTHREAD
[2.862s] -- Performing Test CMAKE_HAVE_LIBC_PTHREAD - Success
[2.862s] -- Found Threads: TRUE  
[3.012s] -- Found sensor_msgs: 4.2.4 (/opt/ros/humble/share/sensor_msgs/cmake)
[3.113s] -- Found cv_bridge: 3.2.1 (/opt/ros/humble/share/cv_bridge/cmake)
[3.190s] -- Found OpenCV: /usr (found version "4.5.4") 
[3.417s] -- Configuring done
[3.764s] -- Generating done
[3.779s] -- Build files have been written to: /home/student/ros2_ws/build/week5
[3.830s] Invoked command in '/home/student/ros2_ws/build/week5' returned '0': CMAKE_PREFIX_PATH=${CMAKE_PREFIX_PATH}:/home/student/ros2_ws/install/turtlebot3_teleop:/home/student/ros2_ws/install/turtlebot3_example:/opt/ros/humble /usr/bin/cmake /home/student/ros2_ws/src/week5 -DAMENT_CMAKE_SYMLINK_INSTALL=1 -DCMAKE_INSTALL_PREFIX=/home/student/ros2_ws/install/week5
[3.830s] Invoking command in '/home/student/ros2_ws/build/week5': CMAKE_PREFIX_PATH=${CMAKE_PREFIX_PATH}:/home/student/ros2_ws/install/turtlebot3_teleop:/home/student/ros2_ws/install/turtlebot3_example:/opt/ros/humble /usr/bin/cmake --build /home/student/ros2_ws/build/week5 -- -j8 -l8
[4.640s] [ 50%] [32mBuilding CXX object CMakeFiles/week5.dir/src/publisher_member_function.cpp.o[0m
[23.538s] [100%] [32m[1mLinking CXX executable week5[0m
[27.636s] [100%] Built target week5
[27.663s] Invoked command in '/home/student/ros2_ws/build/week5' returned '0': CMAKE_PREFIX_PATH=${CMAKE_PREFIX_PATH}:/home/student/ros2_ws/install/turtlebot3_teleop:/home/student/ros2_ws/install/turtlebot3_example:/opt/ros/humble /usr/bin/cmake --build /home/student/ros2_ws/build/week5 -- -j8 -l8
[27.726s] Invoking command in '/home/student/ros2_ws/build/week5': CMAKE_PREFIX_PATH=${CMAKE_PREFIX_PATH}:/home/student/ros2_ws/install/turtlebot3_teleop:/home/student/ros2_ws/install/turtlebot3_example:/opt/ros/humble /usr/bin/cmake --install /home/student/ros2_ws/build/week5
[31.911s] -- Install configuration: ""
[31.911s] -- Execute custom install script
[31.914s] -- Symlinking: /home/student/ros2_ws/install/week5/lib/week5/week5
[31.914s] -- Symlinking: /home/student/ros2_ws/install/week5/share/ament_index/resource_index/package_run_dependencies/week5
[31.914s] -- Symlinking: /home/student/ros2_ws/install/week5/share/ament_index/resource_index/parent_prefix_path/week5
[31.914s] -- Symlinking: /home/student/ros2_ws/install/week5/share/week5/environment/ament_prefix_path.sh
[31.915s] -- Symlinking: /home/student/ros2_ws/install/week5/share/week5/environment/ament_prefix_path.dsv
[31.915s] -- Symlinking: /home/student/ros2_ws/install/week5/share/week5/environment/path.sh
[31.915s] -- Symlinking: /home/student/ros2_ws/install/week5/share/week5/environment/path.dsv
[31.915s] -- Symlinking: /home/student/ros2_ws/install/week5/share/week5/local_setup.bash
[31.916s] -- Symlinking: /home/student/ros2_ws/install/week5/share/week5/local_setup.sh
[31.916s] -- Symlinking: /home/student/ros2_ws/install/week5/share/week5/local_setup.zsh
[31.916s] -- Symlinking: /home/student/ros2_ws/install/week5/share/week5/local_setup.dsv
[31.916s] -- Symlinking: /home/student/ros2_ws/install/week5/share/week5/package.dsv
[31.917s] -- Symlinking: /home/student/ros2_ws/install/week5/share/ament_index/resource_index/packages/week5
[31.917s] -- Symlinking: /home/student/ros2_ws/install/week5/share/week5/cmake/week5Config.cmake
[31.918s] -- Symlinking: /home/student/ros2_ws/install/week5/share/week5/cmake/week5Config-version.cmake
[31.918s] -- Symlinking: /home/student/ros2_ws/install/week5/share/week5/package.xml
[31.923s] Invoked command in '/home/student/ros2_ws/build/week5' returned '0': CMAKE_PREFIX_PATH=${CMAKE_PREFIX_PATH}:/home/student/ros2_ws/install/turtlebot3_teleop:/home/student/ros2_ws/install/turtlebot3_example:/opt/ros/humble /usr/bin/cmake --install /home/student/ros2_ws/build/week5
