[0.075s] Invoking command in '/home/student/ros2_ws/build/turtlebot3_node': CMAKE_PREFIX_PATH=/home/student/ros2_ws/install/turtlebot3_msgs:/home/student/ros2_ws/install/dynamixel_sdk:/home/student/ros2_ws/install/week5:/home/student/ros2_ws/install/week4:/home/student/ros2_ws/install/week2:/home/student/ros2_ws/install/turtlesim:/home/student/ros2_ws/install/turtlebot3:/home/student/ros2_ws/install/turtlebot3_simulations:/home/student/ros2_ws/install/turtlebot3_bringup:/home/student/ros2_ws/install/turtlebot3_node:/home/student/ros2_ws/install/turtlebot3_navigation2:/home/student/ros2_ws/install/turtlebot3_fake_node:/home/student/ros2_ws/install/turtlebot3_gazebo:/home/student/ros2_ws/install/turtlebot3_description:/home/student/ros2_ws/install/turtlebot3_cartographer:/home/student/ros2_ws/install/sprint2:/home/student/ros2_ws/install/robot_localization:/home/student/ros2_ws/install/lab1:/home/student/ros2_ws/install/dynamixel_sdk_examples:/home/student/ros2_ws/install/dynamixel_sdk_custom_interfaces:/home/student/ros2_ws/install/turtlebot3_teleop:/home/student/ros2_ws/install/turtlebot3_example:/opt/ros/humble LD_LIBRARY_PATH=/home/student/ros2_ws/install/turtlebot3_msgs/lib:/home/student/ros2_ws/install/dynamixel_sdk/lib:/home/student/ros2_ws/install/turtlesim/lib:/home/student/ros2_ws/install/robot_localization/lib:/home/student/ros2_ws/install/dynamixel_sdk_custom_interfaces/lib:/usr/lib/x86_64-linux-gnu/gazebo-11/plugins:/opt/ros/humble/opt/rviz_ogre_vendor/lib:/opt/ros/humble/lib/x86_64-linux-gnu:/opt/ros/humble/lib:/usr/lib/x86_64-linux-gnu/gazebo-11/plugins /usr/bin/cmake /home/student/ros2_ws/src/turtlebot3/turtlebot3_node -DAMENT_CMAKE_SYMLINK_INSTALL=1 -DCMAKE_INSTALL_PREFIX=/home/student/ros2_ws/install/turtlebot3_node
[3.074s] -- The C compiler identification is GNU 11.4.0
[3.093s] -- The CXX compiler identification is GNU 11.4.0
[3.096s] -- Detecting C compiler ABI info
[3.096s] -- Detecting C compiler ABI info - done
[3.097s] -- Check for working C compiler: /usr/bin/cc - skipped
[3.097s] -- Detecting C compile features
[3.097s] -- Detecting C compile features - done
[3.097s] -- Detecting CXX compiler ABI info
[3.097s] -- Detecting CXX compiler ABI info - done
[3.097s] -- Check for working CXX compiler: /usr/bin/c++ - skipped
[3.097s] -- Detecting CXX compile features
[3.098s] -- Detecting CXX compile features - done
[3.098s] -- Found ament_cmake: 1.3.10 (/opt/ros/humble/share/ament_cmake/cmake)
[3.098s] -- Found Python3: /usr/bin/python3 (found version "3.10.12") found components: Interpreter 
[3.098s] -- Override CMake install command with custom implementation using symlinks instead of copying resources
[3.098s] -- Found dynamixel_sdk: 3.7.60 (/home/student/ros2_ws/install/dynamixel_sdk/share/dynamixel_sdk/cmake)
[3.098s] -- Found geometry_msgs: 4.2.4 (/opt/ros/humble/share/geometry_msgs/cmake)
[3.098s] -- Found rosidl_generator_c: 3.1.5 (/opt/ros/humble/share/rosidl_generator_c/cmake)
[3.099s] -- Found rosidl_adapter: 3.1.5 (/opt/ros/humble/share/rosidl_adapter/cmake)
[3.099s] -- Found rosidl_generator_cpp: 3.1.5 (/opt/ros/humble/share/rosidl_generator_cpp/cmake)
[3.099s] -- Using all available rosidl_typesupport_c: rosidl_typesupport_fastrtps_c;rosidl_typesupport_introspection_c
[3.099s] -- Using all available rosidl_typesupport_cpp: rosidl_typesupport_fastrtps_cpp;rosidl_typesupport_introspection_cpp
[3.099s] -- Found message_filters: 4.3.5 (/opt/ros/humble/share/message_filters/cmake)
[3.100s] -- Found rmw_implementation_cmake: 6.1.2 (/opt/ros/humble/share/rmw_implementation_cmake/cmake)
[3.100s] -- Found rmw_fastrtps_cpp: 6.2.7 (/opt/ros/humble/share/rmw_fastrtps_cpp/cmake)
[3.100s] -- Found OpenSSL: /usr/lib/x86_64-linux-gnu/libcrypto.so (found version "3.0.2")  
[3.100s] -- Found FastRTPS: /opt/ros/humble/include  
[3.100s] -- Using RMW implementation 'rmw_fastrtps_cpp' as default
[3.100s] -- Looking for pthread.h
[3.101s] -- Looking for pthread.h - found
[3.101s] -- Performing Test CMAKE_HAVE_LIBC_PTHREAD
[3.102s] -- Performing Test CMAKE_HAVE_LIBC_PTHREAD - Success
[3.103s] -- Found Threads: TRUE  
[3.206s] -- Found nav_msgs: 4.2.4 (/opt/ros/humble/share/nav_msgs/cmake)
[3.243s] -- Found sensor_msgs: 4.2.4 (/opt/ros/humble/share/sensor_msgs/cmake)
[3.280s] -- Found std_srvs: 4.2.4 (/opt/ros/humble/share/std_srvs/cmake)
[3.305s] -- Found tf2: 0.25.8 (/opt/ros/humble/share/tf2/cmake)
[3.327s] -- Found tf2_ros: 0.25.8 (/opt/ros/humble/share/tf2_ros/cmake)
[3.523s] -- Found turtlebot3_msgs: 2.2.3 (/home/student/ros2_ws/install/turtlebot3_msgs/share/turtlebot3_msgs/cmake)
[3.799s] -- Configuring done
[3.866s] -- Generating done
[3.869s] -- Build files have been written to: /home/student/ros2_ws/build/turtlebot3_node
[3.910s] Invoked command in '/home/student/ros2_ws/build/turtlebot3_node' returned '0': CMAKE_PREFIX_PATH=/home/student/ros2_ws/install/turtlebot3_msgs:/home/student/ros2_ws/install/dynamixel_sdk:/home/student/ros2_ws/install/week5:/home/student/ros2_ws/install/week4:/home/student/ros2_ws/install/week2:/home/student/ros2_ws/install/turtlesim:/home/student/ros2_ws/install/turtlebot3:/home/student/ros2_ws/install/turtlebot3_simulations:/home/student/ros2_ws/install/turtlebot3_bringup:/home/student/ros2_ws/install/turtlebot3_node:/home/student/ros2_ws/install/turtlebot3_navigation2:/home/student/ros2_ws/install/turtlebot3_fake_node:/home/student/ros2_ws/install/turtlebot3_gazebo:/home/student/ros2_ws/install/turtlebot3_description:/home/student/ros2_ws/install/turtlebot3_cartographer:/home/student/ros2_ws/install/sprint2:/home/student/ros2_ws/install/robot_localization:/home/student/ros2_ws/install/lab1:/home/student/ros2_ws/install/dynamixel_sdk_examples:/home/student/ros2_ws/install/dynamixel_sdk_custom_interfaces:/home/student/ros2_ws/install/turtlebot3_teleop:/home/student/ros2_ws/install/turtlebot3_example:/opt/ros/humble LD_LIBRARY_PATH=/home/student/ros2_ws/install/turtlebot3_msgs/lib:/home/student/ros2_ws/install/dynamixel_sdk/lib:/home/student/ros2_ws/install/turtlesim/lib:/home/student/ros2_ws/install/robot_localization/lib:/home/student/ros2_ws/install/dynamixel_sdk_custom_interfaces/lib:/usr/lib/x86_64-linux-gnu/gazebo-11/plugins:/opt/ros/humble/opt/rviz_ogre_vendor/lib:/opt/ros/humble/lib/x86_64-linux-gnu:/opt/ros/humble/lib:/usr/lib/x86_64-linux-gnu/gazebo-11/plugins /usr/bin/cmake /home/student/ros2_ws/src/turtlebot3/turtlebot3_node -DAMENT_CMAKE_SYMLINK_INSTALL=1 -DCMAKE_INSTALL_PREFIX=/home/student/ros2_ws/install/turtlebot3_node
[3.911s] Invoking command in '/home/student/ros2_ws/build/turtlebot3_node': CMAKE_PREFIX_PATH=/home/student/ros2_ws/install/turtlebot3_msgs:/home/student/ros2_ws/install/dynamixel_sdk:/home/student/ros2_ws/install/week5:/home/student/ros2_ws/install/week4:/home/student/ros2_ws/install/week2:/home/student/ros2_ws/install/turtlesim:/home/student/ros2_ws/install/turtlebot3:/home/student/ros2_ws/install/turtlebot3_simulations:/home/student/ros2_ws/install/turtlebot3_bringup:/home/student/ros2_ws/install/turtlebot3_node:/home/student/ros2_ws/install/turtlebot3_navigation2:/home/student/ros2_ws/install/turtlebot3_fake_node:/home/student/ros2_ws/install/turtlebot3_gazebo:/home/student/ros2_ws/install/turtlebot3_description:/home/student/ros2_ws/install/turtlebot3_cartographer:/home/student/ros2_ws/install/sprint2:/home/student/ros2_ws/install/robot_localization:/home/student/ros2_ws/install/lab1:/home/student/ros2_ws/install/dynamixel_sdk_examples:/home/student/ros2_ws/install/dynamixel_sdk_custom_interfaces:/home/student/ros2_ws/install/turtlebot3_teleop:/home/student/ros2_ws/install/turtlebot3_example:/opt/ros/humble LD_LIBRARY_PATH=/home/student/ros2_ws/install/turtlebot3_msgs/lib:/home/student/ros2_ws/install/dynamixel_sdk/lib:/home/student/ros2_ws/install/turtlesim/lib:/home/student/ros2_ws/install/robot_localization/lib:/home/student/ros2_ws/install/dynamixel_sdk_custom_interfaces/lib:/usr/lib/x86_64-linux-gnu/gazebo-11/plugins:/opt/ros/humble/opt/rviz_ogre_vendor/lib:/opt/ros/humble/lib/x86_64-linux-gnu:/opt/ros/humble/lib:/usr/lib/x86_64-linux-gnu/gazebo-11/plugins /usr/bin/cmake --build /home/student/ros2_ws/build/turtlebot3_node -- -j8 -l8
[7.726s] [  7%] [32mBuilding CXX object CMakeFiles/turtlebot3_node_lib.dir/src/devices/motor_power.cpp.o[0m
[11.960s] [ 14%] [32mBuilding CXX object CMakeFiles/turtlebot3_node_lib.dir/src/sensors/battery_state.cpp.o[0m
[20.349s] [ 21%] [32mBuilding CXX object CMakeFiles/turtlebot3_node_lib.dir/src/sensors/imu.cpp.o[0m
[29.224s] [ 28%] [32mBuilding CXX object CMakeFiles/turtlebot3_node_lib.dir/src/sensors/joint_state.cpp.o[0m
[36.175s] [ 35%] [32mBuilding CXX object CMakeFiles/turtlebot3_node_lib.dir/src/sensors/sensor_state.cpp.o[0m
[42.276s] [ 42%] [32mBuilding CXX object CMakeFiles/turtlebot3_node_lib.dir/src/turtlebot3.cpp.o[0m
[59.742s] [ 50%] [32mBuilding CXX object CMakeFiles/turtlebot3_node_lib.dir/src/odometry.cpp.o[0m
[78.577s] [ 57%] [32mBuilding CXX object CMakeFiles/turtlebot3_node_lib.dir/src/dynamixel_sdk_wrapper.cpp.o[0m
[79.247s] [ 64%] [32mBuilding CXX object CMakeFiles/turtlebot3_node_lib.dir/src/diff_drive_controller.cpp.o[0m
[83.218s] [ 71%] [32mBuilding CXX object CMakeFiles/turtlebot3_node_lib.dir/src/devices/reset.cpp.o[0m
[88.002s] [ 78%] [32mBuilding CXX object CMakeFiles/turtlebot3_node_lib.dir/src/devices/sound.cpp.o[0m
[92.815s] [ 85%] [32m[1mLinking CXX static library libturtlebot3_node_lib.a[0m
[93.667s] [ 85%] Built target turtlebot3_node_lib
[93.698s] [ 92%] [32mBuilding CXX object CMakeFiles/turtlebot3_ros.dir/src/node_main.cpp.o[0m
[98.248s] [100%] [32m[1mLinking CXX executable turtlebot3_ros[0m
[100.583s] [100%] Built target turtlebot3_ros
[100.605s] Invoked command in '/home/student/ros2_ws/build/turtlebot3_node' returned '0': CMAKE_PREFIX_PATH=/home/student/ros2_ws/install/turtlebot3_msgs:/home/student/ros2_ws/install/dynamixel_sdk:/home/student/ros2_ws/install/week5:/home/student/ros2_ws/install/week4:/home/student/ros2_ws/install/week2:/home/student/ros2_ws/install/turtlesim:/home/student/ros2_ws/install/turtlebot3:/home/student/ros2_ws/install/turtlebot3_simulations:/home/student/ros2_ws/install/turtlebot3_bringup:/home/student/ros2_ws/install/turtlebot3_node:/home/student/ros2_ws/install/turtlebot3_navigation2:/home/student/ros2_ws/install/turtlebot3_fake_node:/home/student/ros2_ws/install/turtlebot3_gazebo:/home/student/ros2_ws/install/turtlebot3_description:/home/student/ros2_ws/install/turtlebot3_cartographer:/home/student/ros2_ws/install/sprint2:/home/student/ros2_ws/install/robot_localization:/home/student/ros2_ws/install/lab1:/home/student/ros2_ws/install/dynamixel_sdk_examples:/home/student/ros2_ws/install/dynamixel_sdk_custom_interfaces:/home/student/ros2_ws/install/turtlebot3_teleop:/home/student/ros2_ws/install/turtlebot3_example:/opt/ros/humble LD_LIBRARY_PATH=/home/student/ros2_ws/install/turtlebot3_msgs/lib:/home/student/ros2_ws/install/dynamixel_sdk/lib:/home/student/ros2_ws/install/turtlesim/lib:/home/student/ros2_ws/install/robot_localization/lib:/home/student/ros2_ws/install/dynamixel_sdk_custom_interfaces/lib:/usr/lib/x86_64-linux-gnu/gazebo-11/plugins:/opt/ros/humble/opt/rviz_ogre_vendor/lib:/opt/ros/humble/lib/x86_64-linux-gnu:/opt/ros/humble/lib:/usr/lib/x86_64-linux-gnu/gazebo-11/plugins /usr/bin/cmake --build /home/student/ros2_ws/build/turtlebot3_node -- -j8 -l8
[100.694s] Invoking command in '/home/student/ros2_ws/build/turtlebot3_node': CMAKE_PREFIX_PATH=/home/student/ros2_ws/install/turtlebot3_msgs:/home/student/ros2_ws/install/dynamixel_sdk:/home/student/ros2_ws/install/week5:/home/student/ros2_ws/install/week4:/home/student/ros2_ws/install/week2:/home/student/ros2_ws/install/turtlesim:/home/student/ros2_ws/install/turtlebot3:/home/student/ros2_ws/install/turtlebot3_simulations:/home/student/ros2_ws/install/turtlebot3_bringup:/home/student/ros2_ws/install/turtlebot3_node:/home/student/ros2_ws/install/turtlebot3_navigation2:/home/student/ros2_ws/install/turtlebot3_fake_node:/home/student/ros2_ws/install/turtlebot3_gazebo:/home/student/ros2_ws/install/turtlebot3_description:/home/student/ros2_ws/install/turtlebot3_cartographer:/home/student/ros2_ws/install/sprint2:/home/student/ros2_ws/install/robot_localization:/home/student/ros2_ws/install/lab1:/home/student/ros2_ws/install/dynamixel_sdk_examples:/home/student/ros2_ws/install/dynamixel_sdk_custom_interfaces:/home/student/ros2_ws/install/turtlebot3_teleop:/home/student/ros2_ws/install/turtlebot3_example:/opt/ros/humble LD_LIBRARY_PATH=/home/student/ros2_ws/install/turtlebot3_msgs/lib:/home/student/ros2_ws/install/dynamixel_sdk/lib:/home/student/ros2_ws/install/turtlesim/lib:/home/student/ros2_ws/install/robot_localization/lib:/home/student/ros2_ws/install/dynamixel_sdk_custom_interfaces/lib:/usr/lib/x86_64-linux-gnu/gazebo-11/plugins:/opt/ros/humble/opt/rviz_ogre_vendor/lib:/opt/ros/humble/lib/x86_64-linux-gnu:/opt/ros/humble/lib:/usr/lib/x86_64-linux-gnu/gazebo-11/plugins /usr/bin/cmake --install /home/student/ros2_ws/build/turtlebot3_node
[100.704s] -- Install configuration: ""
[100.704s] -- Execute custom install script
[100.705s] -- Symlinking: /home/student/ros2_ws/install/turtlebot3_node/share/turtlebot3_node/param/burger.yaml
[100.720s] -- Symlinking: /home/student/ros2_ws/install/turtlebot3_node/share/turtlebot3_node/param/waffle.yaml
[100.732s] -- Symlinking: /home/student/ros2_ws/install/turtlebot3_node/share/turtlebot3_node/param/waffle_pi.yaml
[100.747s] -- Symlinking: /home/student/ros2_ws/install/turtlebot3_node/lib/turtlebot3_node/turtlebot3_ros
[100.760s] -- Symlinking: /home/student/ros2_ws/install/turtlebot3_node/share/ament_index/resource_index/package_run_dependencies/turtlebot3_node
[100.773s] -- Symlinking: /home/student/ros2_ws/install/turtlebot3_node/share/ament_index/resource_index/parent_prefix_path/turtlebot3_node
[100.786s] -- Symlinking: /home/student/ros2_ws/install/turtlebot3_node/share/turtlebot3_node/environment/ament_prefix_path.sh
[100.800s] -- Symlinking: /home/student/ros2_ws/install/turtlebot3_node/share/turtlebot3_node/environment/ament_prefix_path.dsv
[100.816s] -- Symlinking: /home/student/ros2_ws/install/turtlebot3_node/share/turtlebot3_node/environment/path.sh
[100.828s] -- Symlinking: /home/student/ros2_ws/install/turtlebot3_node/share/turtlebot3_node/environment/path.dsv
[100.841s] -- Symlinking: /home/student/ros2_ws/install/turtlebot3_node/share/turtlebot3_node/local_setup.bash
[100.855s] -- Symlinking: /home/student/ros2_ws/install/turtlebot3_node/share/turtlebot3_node/local_setup.sh
[100.868s] -- Symlinking: /home/student/ros2_ws/install/turtlebot3_node/share/turtlebot3_node/local_setup.zsh
[100.881s] -- Symlinking: /home/student/ros2_ws/install/turtlebot3_node/share/turtlebot3_node/local_setup.dsv
[100.896s] -- Symlinking: /home/student/ros2_ws/install/turtlebot3_node/share/turtlebot3_node/package.dsv
[100.911s] -- Symlinking: /home/student/ros2_ws/install/turtlebot3_node/share/ament_index/resource_index/packages/turtlebot3_node
[100.923s] -- Symlinking: /home/student/ros2_ws/install/turtlebot3_node/share/turtlebot3_node/cmake/ament_cmake_export_include_directories-extras.cmake
[100.934s] -- Symlinking: /home/student/ros2_ws/install/turtlebot3_node/share/turtlebot3_node/cmake/turtlebot3_nodeConfig.cmake
[100.949s] -- Symlinking: /home/student/ros2_ws/install/turtlebot3_node/share/turtlebot3_node/cmake/turtlebot3_nodeConfig-version.cmake
[100.965s] -- Symlinking: /home/student/ros2_ws/install/turtlebot3_node/share/turtlebot3_node/package.xml
[100.979s] Invoked command in '/home/student/ros2_ws/build/turtlebot3_node' returned '0': CMAKE_PREFIX_PATH=/home/student/ros2_ws/install/turtlebot3_msgs:/home/student/ros2_ws/install/dynamixel_sdk:/home/student/ros2_ws/install/week5:/home/student/ros2_ws/install/week4:/home/student/ros2_ws/install/week2:/home/student/ros2_ws/install/turtlesim:/home/student/ros2_ws/install/turtlebot3:/home/student/ros2_ws/install/turtlebot3_simulations:/home/student/ros2_ws/install/turtlebot3_bringup:/home/student/ros2_ws/install/turtlebot3_node:/home/student/ros2_ws/install/turtlebot3_navigation2:/home/student/ros2_ws/install/turtlebot3_fake_node:/home/student/ros2_ws/install/turtlebot3_gazebo:/home/student/ros2_ws/install/turtlebot3_description:/home/student/ros2_ws/install/turtlebot3_cartographer:/home/student/ros2_ws/install/sprint2:/home/student/ros2_ws/install/robot_localization:/home/student/ros2_ws/install/lab1:/home/student/ros2_ws/install/dynamixel_sdk_examples:/home/student/ros2_ws/install/dynamixel_sdk_custom_interfaces:/home/student/ros2_ws/install/turtlebot3_teleop:/home/student/ros2_ws/install/turtlebot3_example:/opt/ros/humble LD_LIBRARY_PATH=/home/student/ros2_ws/install/turtlebot3_msgs/lib:/home/student/ros2_ws/install/dynamixel_sdk/lib:/home/student/ros2_ws/install/turtlesim/lib:/home/student/ros2_ws/install/robot_localization/lib:/home/student/ros2_ws/install/dynamixel_sdk_custom_interfaces/lib:/usr/lib/x86_64-linux-gnu/gazebo-11/plugins:/opt/ros/humble/opt/rviz_ogre_vendor/lib:/opt/ros/humble/lib/x86_64-linux-gnu:/opt/ros/humble/lib:/usr/lib/x86_64-linux-gnu/gazebo-11/plugins /usr/bin/cmake --install /home/student/ros2_ws/build/turtlebot3_node
