[0.665s] Invoking command in '/home/student/ros2_ws/build/sprint2': CMAKE_PREFIX_PATH=${CMAKE_PREFIX_PATH}:/home/student/ros2_ws/install/turtlebot3_teleop:/home/student/ros2_ws/install/turtlebot3_example:/opt/ros/humble /usr/bin/cmake --build /home/student/ros2_ws/build/sprint2 -- -j8 -l8
[0.867s] [100%] Built target sprint2
[1.461s] Invoked command in '/home/student/ros2_ws/build/sprint2' returned '0': CMAKE_PREFIX_PATH=${CMAKE_PREFIX_PATH}:/home/student/ros2_ws/install/turtlebot3_teleop:/home/student/ros2_ws/install/turtlebot3_example:/opt/ros/humble /usr/bin/cmake --build /home/student/ros2_ws/build/sprint2 -- -j8 -l8
[1.555s] Invoking command in '/home/student/ros2_ws/build/sprint2': CMAKE_PREFIX_PATH=${CMAKE_PREFIX_PATH}:/home/student/ros2_ws/install/turtlebot3_teleop:/home/student/ros2_ws/install/turtlebot3_example:/opt/ros/humble /usr/bin/cmake --install /home/student/ros2_ws/build/sprint2
[1.574s] -- Install configuration: ""
[1.575s] -- Execute custom install script
[1.576s] -- Up-to-date symlink: /home/student/ros2_ws/install/sprint2/lib/sprint2/sprint2
[1.577s] -- Up-to-date symlink: /home/student/ros2_ws/install/sprint2/share/ament_index/resource_index/package_run_dependencies/sprint2
[1.577s] -- Up-to-date symlink: /home/student/ros2_ws/install/sprint2/share/ament_index/resource_index/parent_prefix_path/sprint2
[1.577s] -- Up-to-date symlink: /home/student/ros2_ws/install/sprint2/share/sprint2/environment/ament_prefix_path.sh
[1.578s] -- Up-to-date symlink: /home/student/ros2_ws/install/sprint2/share/sprint2/environment/ament_prefix_path.dsv
[1.578s] -- Up-to-date symlink: /home/student/ros2_ws/install/sprint2/share/sprint2/environment/path.sh
[1.578s] -- Up-to-date symlink: /home/student/ros2_ws/install/sprint2/share/sprint2/environment/path.dsv
[1.579s] -- Up-to-date symlink: /home/student/ros2_ws/install/sprint2/share/sprint2/local_setup.bash
[1.579s] -- Up-to-date symlink: /home/student/ros2_ws/install/sprint2/share/sprint2/local_setup.sh
[1.579s] -- Up-to-date symlink: /home/student/ros2_ws/install/sprint2/share/sprint2/local_setup.zsh
[1.579s] -- Up-to-date symlink: /home/student/ros2_ws/install/sprint2/share/sprint2/local_setup.dsv
[1.580s] -- Symlinking: /home/student/ros2_ws/install/sprint2/share/sprint2/package.dsv
[1.603s] -- Up-to-date symlink: /home/student/ros2_ws/install/sprint2/share/ament_index/resource_index/packages/sprint2
[1.604s] -- Up-to-date symlink: /home/student/ros2_ws/install/sprint2/share/sprint2/cmake/sprint2Config.cmake
[1.605s] -- Up-to-date symlink: /home/student/ros2_ws/install/sprint2/share/sprint2/cmake/sprint2Config-version.cmake
[1.605s] -- Up-to-date symlink: /home/student/ros2_ws/install/sprint2/share/sprint2/package.xml
[1.608s] Invoked command in '/home/student/ros2_ws/build/sprint2' returned '0': CMAKE_PREFIX_PATH=${CMAKE_PREFIX_PATH}:/home/student/ros2_ws/install/turtlebot3_teleop:/home/student/ros2_ws/install/turtlebot3_example:/opt/ros/humble /usr/bin/cmake --install /home/student/ros2_ws/build/sprint2
