[1.994s] Invoking command in '/home/student/ros2_ws/src/turtlebot3/turtlebot3_teleop': PYTHONPATH=/home/student/ros2_ws/build/turtlebot3_teleop/prefix_override:/usr/lib/python3/dist-packages/colcon_core/task/python/colcon_distutils_commands:/home/student/ros2_ws/install/turtlebot3_teleop/lib/python3.10/site-packages:${PYTHONPATH} /usr/bin/python3 -W ignore:setup.py install is deprecated setup.py egg_info --egg-base ../../../build/turtlebot3_teleop build --build-base /home/student/ros2_ws/build/turtlebot3_teleop/build install --record /home/student/ros2_ws/build/turtlebot3_teleop/install.log --single-version-externally-managed install_data
[2.397s] running egg_info
[2.398s] writing ../../../build/turtlebot3_teleop/turtlebot3_teleop.egg-info/PKG-INFO
[2.398s] writing dependency_links to ../../../build/turtlebot3_teleop/turtlebot3_teleop.egg-info/dependency_links.txt
[2.398s] writing entry points to ../../../build/turtlebot3_teleop/turtlebot3_teleop.egg-info/entry_points.txt
[2.399s] writing requirements to ../../../build/turtlebot3_teleop/turtlebot3_teleop.egg-info/requires.txt
[2.399s] writing top-level names to ../../../build/turtlebot3_teleop/turtlebot3_teleop.egg-info/top_level.txt
[2.401s] reading manifest file '../../../build/turtlebot3_teleop/turtlebot3_teleop.egg-info/SOURCES.txt'
[2.402s] writing manifest file '../../../build/turtlebot3_teleop/turtlebot3_teleop.egg-info/SOURCES.txt'
[2.402s] running build
[2.402s] running build_py
[2.403s] running install
[2.403s] running install_lib
[2.404s] running install_data
[2.405s] running install_egg_info
[2.407s] removing '/home/student/ros2_ws/install/turtlebot3_teleop/lib/python3.10/site-packages/turtlebot3_teleop-2.1.5-py3.10.egg-info' (and everything under it)
[2.407s] Copying ../../../build/turtlebot3_teleop/turtlebot3_teleop.egg-info to /home/student/ros2_ws/install/turtlebot3_teleop/lib/python3.10/site-packages/turtlebot3_teleop-2.1.5-py3.10.egg-info
[2.408s] running install_scripts
[2.435s] Installing teleop_keyboard script to /home/student/ros2_ws/install/turtlebot3_teleop/lib/turtlebot3_teleop
[2.435s] writing list of installed files to '/home/student/ros2_ws/build/turtlebot3_teleop/install.log'
[2.494s] Invoked command in '/home/student/ros2_ws/src/turtlebot3/turtlebot3_teleop' returned '0': PYTHONPATH=/home/student/ros2_ws/build/turtlebot3_teleop/prefix_override:/usr/lib/python3/dist-packages/colcon_core/task/python/colcon_distutils_commands:/home/student/ros2_ws/install/turtlebot3_teleop/lib/python3.10/site-packages:${PYTHONPATH} /usr/bin/python3 -W ignore:setup.py install is deprecated setup.py egg_info --egg-base ../../../build/turtlebot3_teleop build --build-base /home/student/ros2_ws/build/turtlebot3_teleop/build install --record /home/student/ros2_ws/build/turtlebot3_teleop/install.log --single-version-externally-managed install_data
