[0.019s] Invoking command in '/home/student/ros2_ws/src/week5/build/week5': CMAKE_PREFIX_PATH=/opt/ros/humble /usr/bin/cmake /home/student/ros2_ws/src/week5 -DCMAKE_INSTALL_PREFIX=/home/student/ros2_ws/src/week5/install/week5
[0.645s] -- The C compiler identification is GNU 11.4.0
[1.015s] -- The CXX compiler identification is GNU 11.4.0
[1.044s] -- Detecting C compiler ABI info
[1.185s] -- Detecting C compiler ABI info - done
[1.196s] -- Check for working C compiler: /usr/bin/cc - skipped
[1.199s] -- Detecting C compile features
[1.203s] -- Detecting C compile features - done
[1.207s] -- Detecting CXX compiler ABI info
[1.324s] -- Detecting CXX compiler ABI info - done
[1.333s] -- Check for working CXX compiler: /usr/bin/c++ - skipped
[1.333s] -- Detecting CXX compile features
[1.333s] -- Detecting CXX compile features - done
[1.355s] -- Found ament_cmake: 1.3.10 (/opt/ros/humble/share/ament_cmake/cmake)
[1.556s] -- Found Python3: /usr/bin/python3 (found version "3.10.12") found components: Interpreter 
[1.721s] -- Found ament_lint_auto: 0.12.11 (/opt/ros/humble/share/ament_lint_auto/cmake)
[1.848s] -- Added test 'cppcheck' to perform static code analysis on C / C++ code
[1.848s] -- Configured cppcheck include dirs: 
[1.848s] -- Configured cppcheck exclude dirs and/or files: 
[1.850s] -- Added test 'lint_cmake' to check CMake code style
[1.860s] -- Added test 'uncrustify' to check C / C++ code style
[1.861s] -- Configured uncrustify additional arguments: 
[1.867s] -- Added test 'xmllint' to check XML markup files
[1.869s] -- Configuring done
[1.873s] -- Generating done
[1.875s] -- Build files have been written to: /home/student/ros2_ws/src/week5/build/week5
[1.881s] Invoked command in '/home/student/ros2_ws/src/week5/build/week5' returned '0': CMAKE_PREFIX_PATH=/opt/ros/humble /usr/bin/cmake /home/student/ros2_ws/src/week5 -DCMAKE_INSTALL_PREFIX=/home/student/ros2_ws/src/week5/install/week5
[1.883s] Invoking command in '/home/student/ros2_ws/src/week5/build/week5': CMAKE_PREFIX_PATH=/opt/ros/humble /usr/bin/cmake --build /home/student/ros2_ws/src/week5/build/week5 -- -j8 -l8
[1.931s] Invoked command in '/home/student/ros2_ws/src/week5/build/week5' returned '0': CMAKE_PREFIX_PATH=/opt/ros/humble /usr/bin/cmake --build /home/student/ros2_ws/src/week5/build/week5 -- -j8 -l8
[1.969s] Invoking command in '/home/student/ros2_ws/src/week5/build/week5': CMAKE_PREFIX_PATH=/opt/ros/humble /usr/bin/cmake --install /home/student/ros2_ws/src/week5/build/week5
[1.978s] -- Install configuration: ""
[1.978s] -- Installing: /home/student/ros2_ws/src/week5/install/week5/share/ament_index/resource_index/package_run_dependencies/week5
[1.978s] -- Installing: /home/student/ros2_ws/src/week5/install/week5/share/ament_index/resource_index/parent_prefix_path/week5
[1.979s] -- Installing: /home/student/ros2_ws/src/week5/install/week5/share/week5/environment/ament_prefix_path.sh
[1.979s] -- Installing: /home/student/ros2_ws/src/week5/install/week5/share/week5/environment/ament_prefix_path.dsv
[1.979s] -- Installing: /home/student/ros2_ws/src/week5/install/week5/share/week5/environment/path.sh
[1.979s] -- Installing: /home/student/ros2_ws/src/week5/install/week5/share/week5/environment/path.dsv
[1.979s] -- Installing: /home/student/ros2_ws/src/week5/install/week5/share/week5/local_setup.bash
[1.979s] -- Installing: /home/student/ros2_ws/src/week5/install/week5/share/week5/local_setup.sh
[1.980s] -- Installing: /home/student/ros2_ws/src/week5/install/week5/share/week5/local_setup.zsh
[1.980s] -- Installing: /home/student/ros2_ws/src/week5/install/week5/share/week5/local_setup.dsv
[1.980s] -- Installing: /home/student/ros2_ws/src/week5/install/week5/share/week5/package.dsv
[1.980s] -- Installing: /home/student/ros2_ws/src/week5/install/week5/share/ament_index/resource_index/packages/week5
[1.980s] -- Installing: /home/student/ros2_ws/src/week5/install/week5/share/week5/cmake/week5Config.cmake
[1.980s] -- Installing: /home/student/ros2_ws/src/week5/install/week5/share/week5/cmake/week5Config-version.cmake
[1.981s] -- Installing: /home/student/ros2_ws/src/week5/install/week5/share/week5/package.xml
[1.983s] Invoked command in '/home/student/ros2_ws/src/week5/build/week5' returned '0': CMAKE_PREFIX_PATH=/opt/ros/humble /usr/bin/cmake --install /home/student/ros2_ws/src/week5/build/week5
