[0.395s] Invoking command in '/home/student/ros2_ws/build/map_server': CMAKE_PREFIX_PATH=${CMAKE_PREFIX_PATH}:/home/student/ros2_ws/install/turtlebot3_teleop:/home/student/ros2_ws/install/turtlebot3_example:/opt/ros/humble /usr/bin/cmake --build /home/student/ros2_ws/build/map_server -- -j8 -l8
[0.498s] [35m[1mConsolidate compiler generated dependencies of target map_server[0m
[0.549s] [100%] Built target map_server
[0.576s] Invoked command in '/home/student/ros2_ws/build/map_server' returned '0': CMAKE_PREFIX_PATH=${CMAKE_PREFIX_PATH}:/home/student/ros2_ws/install/turtlebot3_teleop:/home/student/ros2_ws/install/turtlebot3_example:/opt/ros/humble /usr/bin/cmake --build /home/student/ros2_ws/build/map_server -- -j8 -l8
[0.664s] Invoking command in '/home/student/ros2_ws/build/map_server': CMAKE_PREFIX_PATH=${CMAKE_PREFIX_PATH}:/home/student/ros2_ws/install/turtlebot3_teleop:/home/student/ros2_ws/install/turtlebot3_example:/opt/ros/humble /usr/bin/cmake --install /home/student/ros2_ws/build/map_server
[0.685s] -- Install configuration: ""
[0.686s] -- Up-to-date: /home/student/ros2_ws/install/map_server/lib/map_server/map_server
[0.687s] -- Up-to-date: /home/student/ros2_ws/install/map_server/share/map_server//data
[0.687s] -- Up-to-date: /home/student/ros2_ws/install/map_server/share/map_server//data/map.pgm
[0.688s] -- Up-to-date: /home/student/ros2_ws/install/map_server/share/ament_index/resource_index/package_run_dependencies/map_server
[0.688s] -- Up-to-date: /home/student/ros2_ws/install/map_server/share/ament_index/resource_index/parent_prefix_path/map_server
[0.689s] -- Up-to-date: /home/student/ros2_ws/install/map_server/share/map_server/environment/ament_prefix_path.sh
[0.689s] -- Up-to-date: /home/student/ros2_ws/install/map_server/share/map_server/environment/ament_prefix_path.dsv
[0.689s] -- Up-to-date: /home/student/ros2_ws/install/map_server/share/map_server/environment/path.sh
[0.690s] -- Up-to-date: /home/student/ros2_ws/install/map_server/share/map_server/environment/path.dsv
[0.690s] -- Up-to-date: /home/student/ros2_ws/install/map_server/share/map_server/local_setup.bash
[0.691s] -- Up-to-date: /home/student/ros2_ws/install/map_server/share/map_server/local_setup.sh
[0.691s] -- Up-to-date: /home/student/ros2_ws/install/map_server/share/map_server/local_setup.zsh
[0.692s] -- Up-to-date: /home/student/ros2_ws/install/map_server/share/map_server/local_setup.dsv
[0.692s] -- Installing: /home/student/ros2_ws/install/map_server/share/map_server/package.dsv
[0.693s] -- Up-to-date: /home/student/ros2_ws/install/map_server/share/ament_index/resource_index/packages/map_server
[0.693s] -- Up-to-date: /home/student/ros2_ws/install/map_server/share/map_server/cmake/map_serverConfig.cmake
[0.694s] -- Up-to-date: /home/student/ros2_ws/install/map_server/share/map_server/cmake/map_serverConfig-version.cmake
[0.695s] -- Up-to-date: /home/student/ros2_ws/install/map_server/share/map_server/package.xml
[0.701s] Invoked command in '/home/student/ros2_ws/build/map_server' returned '0': CMAKE_PREFIX_PATH=${CMAKE_PREFIX_PATH}:/home/student/ros2_ws/install/turtlebot3_teleop:/home/student/ros2_ws/install/turtlebot3_example:/opt/ros/humble /usr/bin/cmake --install /home/student/ros2_ws/build/map_server
