[0.058s] Invoking command in '/home/student/ros2_ws/build/sprint_3': CMAKE_PREFIX_PATH=${CMAKE_PREFIX_PATH}:/home/student/ros2_ws/install/turtlebot3_teleop:/home/student/ros2_ws/install/turtlebot3_example:/opt/ros/humble /usr/bin/cmake --build /home/student/ros2_ws/build/sprint_3 -- -j8 -l8
[0.173s] Invoked command in '/home/student/ros2_ws/build/sprint_3' returned '0': CMAKE_PREFIX_PATH=${CMAKE_PREFIX_PATH}:/home/student/ros2_ws/install/turtlebot3_teleop:/home/student/ros2_ws/install/turtlebot3_example:/opt/ros/humble /usr/bin/cmake --build /home/student/ros2_ws/build/sprint_3 -- -j8 -l8
[0.338s] Invoking command in '/home/student/ros2_ws/build/sprint_3': CMAKE_PREFIX_PATH=${CMAKE_PREFIX_PATH}:/home/student/ros2_ws/install/turtlebot3_teleop:/home/student/ros2_ws/install/turtlebot3_example:/opt/ros/humble /usr/bin/cmake --install /home/student/ros2_ws/build/sprint_3
[0.373s] -- Install configuration: ""
[0.373s] -- Up-to-date: /home/student/ros2_ws/install/sprint_3/share/ament_index/resource_index/package_run_dependencies/sprint_3
[0.373s] -- Up-to-date: /home/student/ros2_ws/install/sprint_3/share/ament_index/resource_index/parent_prefix_path/sprint_3
[0.374s] -- Up-to-date: /home/student/ros2_ws/install/sprint_3/share/sprint_3/environment/ament_prefix_path.sh
[0.374s] -- Up-to-date: /home/student/ros2_ws/install/sprint_3/share/sprint_3/environment/ament_prefix_path.dsv
[0.374s] -- Up-to-date: /home/student/ros2_ws/install/sprint_3/share/sprint_3/environment/path.sh
[0.374s] -- Up-to-date: /home/student/ros2_ws/install/sprint_3/share/sprint_3/environment/path.dsv
[0.374s] -- Up-to-date: /home/student/ros2_ws/install/sprint_3/share/sprint_3/local_setup.bash
[0.374s] -- Up-to-date: /home/student/ros2_ws/install/sprint_3/share/sprint_3/local_setup.sh
[0.375s] -- Up-to-date: /home/student/ros2_ws/install/sprint_3/share/sprint_3/local_setup.zsh
[0.375s] -- Up-to-date: /home/student/ros2_ws/install/sprint_3/share/sprint_3/local_setup.dsv
[0.376s] -- Up-to-date: /home/student/ros2_ws/install/sprint_3/share/sprint_3/package.dsv
[0.376s] -- Up-to-date: /home/student/ros2_ws/install/sprint_3/share/ament_index/resource_index/packages/sprint_3
[0.377s] -- Up-to-date: /home/student/ros2_ws/install/sprint_3/share/sprint_3/cmake/sprint_3Config.cmake
[0.377s] -- Up-to-date: /home/student/ros2_ws/install/sprint_3/share/sprint_3/cmake/sprint_3Config-version.cmake
[0.377s] -- Up-to-date: /home/student/ros2_ws/install/sprint_3/share/sprint_3/package.xml
[0.442s] Invoked command in '/home/student/ros2_ws/build/sprint_3' returned '0': CMAKE_PREFIX_PATH=${CMAKE_PREFIX_PATH}:/home/student/ros2_ws/install/turtlebot3_teleop:/home/student/ros2_ws/install/turtlebot3_example:/opt/ros/humble /usr/bin/cmake --install /home/student/ros2_ws/build/sprint_3
