[  1%] Built target robot_localization__cpp
[  3%] Built target gtest_main
[  4%] Built target gtest
[ 11%] Built target robot_localization__rosidl_generator_c
[ 11%] Built target ament_cmake_python_symlink_robot_localization
[ 20%] Built target robot_localization__rosidl_typesupport_cpp
[ 25%] Built target robot_localization__rosidl_typesupport_introspection_cpp
[ 33%] Built target robot_localization__rosidl_typesupport_fastrtps_c
[ 41%] Built target robot_localization__rosidl_typesupport_fastrtps_cpp
[ 48%] Built target robot_localization__rosidl_typesupport_c
[ 55%] Built target robot_localization__rosidl_typesupport_introspection_c
[ 63%] Built target rl_lib
[ 63%] Built target robot_localization
[ 64%] Built target ekf_node
[ 66%] Built target ukf_node
[ 68%] Built target navsat_transform_node
[ 70%] Built target test_ukf
[ 71%] Built target test_ekf
[ 73%] Built target filter_base-test
[ 75%] Built target robot_localization_listener_node
[ 77%] Built target test_ros_robot_localization_listener_publisher
[ 79%] Built target test_navsat_conversions
[ 80%] Built target test_robot_localization_estimator
[ 81%] Built target robot_localization__py
[ 83%] Built target test_ros_robot_localization_listener
[ 85%] Built target test_filter_base_diagnostics_timestamps
[ 87%] Built target test_ukf_node_interfaces
[ 94%] Built target robot_localization__rosidl_generator_py
[ 95%] Built target test_ekf_node_interfaces
[ 97%] Built target robot_localization__rosidl_typesupport_c__pyext
[ 98%] Built target robot_localization__rosidl_typesupport_fastrtps_c__pyext
[100%] Built target robot_localization__rosidl_typesupport_introspection_c__pyext
running egg_info
writing robot_localization.egg-info/PKG-INFO
writing dependency_links to robot_localization.egg-info/dependency_links.txt
writing top-level names to robot_localization.egg-info/top_level.txt
reading manifest file 'robot_localization.egg-info/SOURCES.txt'
writing manifest file 'robot_localization.egg-info/SOURCES.txt'
[100%] Built target ament_cmake_python_build_robot_localization_egg
