[0.059s] Invoking command in '/home/student/ros2_ws/build/sprint_3': CMAKE_PREFIX_PATH=${CMAKE_PREFIX_PATH}:/home/student/ros2_ws/install/turtlebot3_teleop:/home/student/ros2_ws/install/turtlebot3_example:/opt/ros/humble /usr/bin/cmake --build /home/student/ros2_ws/build/sprint_3 -- -j8 -l8
[0.235s] [35m[1mConsolidate compiler generated dependencies of target cylinder_detection_node[0m
[0.339s] [ 50%] [32mBuilding CXX object CMakeFiles/cylinder_detection_node.dir/src/cylinder_detection_node.cpp.o[0m
[10.869s] [100%] [32m[1mLinking CXX executable cylinder_detection_node[0m
[12.379s] [100%] Built target cylinder_detection_node
[12.393s] Invoked command in '/home/student/ros2_ws/build/sprint_3' returned '0': CMAKE_PREFIX_PATH=${CMAKE_PREFIX_PATH}:/home/student/ros2_ws/install/turtlebot3_teleop:/home/student/ros2_ws/install/turtlebot3_example:/opt/ros/humble /usr/bin/cmake --build /home/student/ros2_ws/build/sprint_3 -- -j8 -l8
[12.431s] Invoking command in '/home/student/ros2_ws/build/sprint_3': CMAKE_PREFIX_PATH=${CMAKE_PREFIX_PATH}:/home/student/ros2_ws/install/turtlebot3_teleop:/home/student/ros2_ws/install/turtlebot3_example:/opt/ros/humble /usr/bin/cmake --install /home/student/ros2_ws/build/sprint_3
[12.441s] -- Install configuration: ""
[12.451s] -- Installing: /home/student/ros2_ws/install/sprint_3/lib/sprint_3/cylinder_detection_node
[12.457s] -- Set runtime path of "/home/student/ros2_ws/install/sprint_3/lib/sprint_3/cylinder_detection_node" to ""
[12.458s] -- Up-to-date: /home/student/ros2_ws/install/sprint_3/share/ament_index/resource_index/package_run_dependencies/sprint_3
[12.458s] -- Up-to-date: /home/student/ros2_ws/install/sprint_3/share/ament_index/resource_index/parent_prefix_path/sprint_3
[12.458s] -- Up-to-date: /home/student/ros2_ws/install/sprint_3/share/sprint_3/environment/ament_prefix_path.sh
[12.458s] -- Up-to-date: /home/student/ros2_ws/install/sprint_3/share/sprint_3/environment/ament_prefix_path.dsv
[12.458s] -- Up-to-date: /home/student/ros2_ws/install/sprint_3/share/sprint_3/environment/path.sh
[12.458s] -- Up-to-date: /home/student/ros2_ws/install/sprint_3/share/sprint_3/environment/path.dsv
[12.458s] -- Up-to-date: /home/student/ros2_ws/install/sprint_3/share/sprint_3/local_setup.bash
[12.458s] -- Up-to-date: /home/student/ros2_ws/install/sprint_3/share/sprint_3/local_setup.sh
[12.458s] -- Up-to-date: /home/student/ros2_ws/install/sprint_3/share/sprint_3/local_setup.zsh
[12.458s] -- Up-to-date: /home/student/ros2_ws/install/sprint_3/share/sprint_3/local_setup.dsv
[12.458s] -- Installing: /home/student/ros2_ws/install/sprint_3/share/sprint_3/package.dsv
[12.461s] -- Up-to-date: /home/student/ros2_ws/install/sprint_3/share/ament_index/resource_index/packages/sprint_3
[12.462s] -- Up-to-date: /home/student/ros2_ws/install/sprint_3/share/sprint_3/cmake/sprint_3Config.cmake
[12.462s] -- Up-to-date: /home/student/ros2_ws/install/sprint_3/share/sprint_3/cmake/sprint_3Config-version.cmake
[12.462s] -- Up-to-date: /home/student/ros2_ws/install/sprint_3/share/sprint_3/package.xml
[12.464s] Invoked command in '/home/student/ros2_ws/build/sprint_3' returned '0': CMAKE_PREFIX_PATH=${CMAKE_PREFIX_PATH}:/home/student/ros2_ws/install/turtlebot3_teleop:/home/student/ros2_ws/install/turtlebot3_example:/opt/ros/humble /usr/bin/cmake --install /home/student/ros2_ws/build/sprint_3
