[ 50%] [32mBuilding CXX object CMakeFiles/map_server.dir/src/map_server.cpp.o[0m
[100%] [32m[1mLinking CXX executable map_server[0m
[100%] Built target map_server
-- Install configuration: ""
-- Installing: /home/student/ros2_ws/install/map_server/lib/map_server/map_server
-- Set runtime path of "/home/student/ros2_ws/install/map_server/lib/map_server/map_server" to ""
-- Up-to-date: /home/student/ros2_ws/install/map_server/share/map_server//data
-- Up-to-date: /home/student/ros2_ws/install/map_server/share/map_server//data/map.pgm
-- Up-to-date: /home/student/ros2_ws/install/map_server/share/ament_index/resource_index/package_run_dependencies/map_server
-- Up-to-date: /home/student/ros2_ws/install/map_server/share/ament_index/resource_index/parent_prefix_path/map_server
-- Up-to-date: /home/student/ros2_ws/install/map_server/share/map_server/environment/ament_prefix_path.sh
-- Up-to-date: /home/student/ros2_ws/install/map_server/share/map_server/environment/ament_prefix_path.dsv
-- Up-to-date: /home/student/ros2_ws/install/map_server/share/map_server/environment/path.sh
-- Up-to-date: /home/student/ros2_ws/install/map_server/share/map_server/environment/path.dsv
-- Up-to-date: /home/student/ros2_ws/install/map_server/share/map_server/local_setup.bash
-- Up-to-date: /home/student/ros2_ws/install/map_server/share/map_server/local_setup.sh
-- Up-to-date: /home/student/ros2_ws/install/map_server/share/map_server/local_setup.zsh
-- Up-to-date: /home/student/ros2_ws/install/map_server/share/map_server/local_setup.dsv
-- Installing: /home/student/ros2_ws/install/map_server/share/map_server/package.dsv
-- Up-to-date: /home/student/ros2_ws/install/map_server/share/ament_index/resource_index/packages/map_server
-- Up-to-date: /home/student/ros2_ws/install/map_server/share/map_server/cmake/map_serverConfig.cmake
-- Up-to-date: /home/student/ros2_ws/install/map_server/share/map_server/cmake/map_serverConfig-version.cmake
-- Up-to-date: /home/student/ros2_ws/install/map_server/share/map_server/package.xml
