[0.036s] Invoking command in '/home/student/ros2_ws/build/week4': CMAKE_PREFIX_PATH=${CMAKE_PREFIX_PATH}:/home/student/ros2_ws/install/turtlebot3_teleop:/home/student/ros2_ws/install/turtlebot3_example:/opt/ros/humble /usr/bin/cmake /home/student/ros2_ws/src/week4 -DCMAKE_INSTALL_PREFIX=/home/student/ros2_ws/install/week4
[0.055s] -- Found ament_cmake: 1.3.10 (/opt/ros/humble/share/ament_cmake/cmake)
[0.375s] -- Override CMake install command with custom implementation using symlinks instead of copying resources
[0.397s] -- Found rclcpp: 16.0.10 (/opt/ros/humble/share/rclcpp/cmake)
[0.448s] -- Found rosidl_generator_c: 3.1.5 (/opt/ros/humble/share/rosidl_generator_c/cmake)
[0.452s] -- Found rosidl_adapter: 3.1.5 (/opt/ros/humble/share/rosidl_adapter/cmake)
[0.462s] -- Found rosidl_generator_cpp: 3.1.5 (/opt/ros/humble/share/rosidl_generator_cpp/cmake)
[0.480s] -- Using all available rosidl_typesupport_c: rosidl_typesupport_fastrtps_c;rosidl_typesupport_introspection_c
[0.506s] -- Using all available rosidl_typesupport_cpp: rosidl_typesupport_fastrtps_cpp;rosidl_typesupport_introspection_cpp
[0.565s] -- Found rmw_implementation_cmake: 6.1.2 (/opt/ros/humble/share/rmw_implementation_cmake/cmake)
[0.568s] -- Found rmw_fastrtps_cpp: 6.2.7 (/opt/ros/humble/share/rmw_fastrtps_cpp/cmake)
[0.828s] -- Using RMW implementation 'rmw_fastrtps_cpp' as default
[0.939s] -- Found sensor_msgs: 4.2.4 (/opt/ros/humble/share/sensor_msgs/cmake)
[1.017s] -- Found cv_bridge: 3.2.1 (/opt/ros/humble/share/cv_bridge/cmake)
[1.037s] -- Found nav_msgs: 4.2.4 (/opt/ros/humble/share/nav_msgs/cmake)
[1.117s] -- Found tf2: 0.25.8 (/opt/ros/humble/share/tf2/cmake)
[1.124s] -- Found tf2_geometry_msgs: 0.25.8 (/opt/ros/humble/share/tf2_geometry_msgs/cmake)
[1.130s] -- Found eigen3_cmake_module: 0.1.1 (/opt/ros/humble/share/eigen3_cmake_module/cmake)
[1.133s] -- Ensuring Eigen3 include directory is part of orocos-kdl CMake target
[1.472s] -- Configuring done
[1.713s] -- Generating done
[1.716s] -- Build files have been written to: /home/student/ros2_ws/build/week4
[1.748s] Invoked command in '/home/student/ros2_ws/build/week4' returned '0': CMAKE_PREFIX_PATH=${CMAKE_PREFIX_PATH}:/home/student/ros2_ws/install/turtlebot3_teleop:/home/student/ros2_ws/install/turtlebot3_example:/opt/ros/humble /usr/bin/cmake /home/student/ros2_ws/src/week4 -DCMAKE_INSTALL_PREFIX=/home/student/ros2_ws/install/week4
[1.748s] Invoking command in '/home/student/ros2_ws/build/week4': CMAKE_PREFIX_PATH=${CMAKE_PREFIX_PATH}:/home/student/ros2_ws/install/turtlebot3_teleop:/home/student/ros2_ws/install/turtlebot3_example:/opt/ros/humble /usr/bin/cmake --build /home/student/ros2_ws/build/week4 -- -j8 -l8
[1.906s] [35m[1mConsolidate compiler generated dependencies of target week4[0m
[1.967s] [100%] Built target week4
[2.004s] Invoked command in '/home/student/ros2_ws/build/week4' returned '0': CMAKE_PREFIX_PATH=${CMAKE_PREFIX_PATH}:/home/student/ros2_ws/install/turtlebot3_teleop:/home/student/ros2_ws/install/turtlebot3_example:/opt/ros/humble /usr/bin/cmake --build /home/student/ros2_ws/build/week4 -- -j8 -l8
[2.082s] Invoking command in '/home/student/ros2_ws/build/week4': CMAKE_PREFIX_PATH=${CMAKE_PREFIX_PATH}:/home/student/ros2_ws/install/turtlebot3_teleop:/home/student/ros2_ws/install/turtlebot3_example:/opt/ros/humble /usr/bin/cmake --install /home/student/ros2_ws/build/week4
[2.113s] -- Install configuration: ""
[2.113s] -- Execute custom install script
[2.113s] -- Up-to-date symlink: /home/student/ros2_ws/install/week4/lib/week4/week4
[2.113s] -- Up-to-date symlink: /home/student/ros2_ws/install/week4/share/ament_index/resource_index/package_run_dependencies/week4
[2.114s] -- Up-to-date symlink: /home/student/ros2_ws/install/week4/share/ament_index/resource_index/parent_prefix_path/week4
[2.114s] -- Up-to-date symlink: /home/student/ros2_ws/install/week4/share/week4/environment/ament_prefix_path.sh
[2.114s] -- Up-to-date symlink: /home/student/ros2_ws/install/week4/share/week4/environment/ament_prefix_path.dsv
[2.114s] -- Up-to-date symlink: /home/student/ros2_ws/install/week4/share/week4/environment/path.sh
[2.114s] -- Up-to-date symlink: /home/student/ros2_ws/install/week4/share/week4/environment/path.dsv
[2.114s] -- Up-to-date symlink: /home/student/ros2_ws/install/week4/share/week4/local_setup.bash
[2.114s] -- Up-to-date symlink: /home/student/ros2_ws/install/week4/share/week4/local_setup.sh
[2.114s] -- Up-to-date symlink: /home/student/ros2_ws/install/week4/share/week4/local_setup.zsh
[2.115s] -- Up-to-date symlink: /home/student/ros2_ws/install/week4/share/week4/local_setup.dsv
[2.115s] -- Symlinking: /home/student/ros2_ws/install/week4/share/week4/package.dsv
[2.142s] -- Up-to-date symlink: /home/student/ros2_ws/install/week4/share/ament_index/resource_index/packages/week4
[2.143s] -- Up-to-date symlink: /home/student/ros2_ws/install/week4/share/week4/cmake/week4Config.cmake
[2.143s] -- Up-to-date symlink: /home/student/ros2_ws/install/week4/share/week4/cmake/week4Config-version.cmake
[2.144s] -- Up-to-date symlink: /home/student/ros2_ws/install/week4/share/week4/package.xml
[2.148s] Invoked command in '/home/student/ros2_ws/build/week4' returned '0': CMAKE_PREFIX_PATH=${CMAKE_PREFIX_PATH}:/home/student/ros2_ws/install/turtlebot3_teleop:/home/student/ros2_ws/install/turtlebot3_example:/opt/ros/humble /usr/bin/cmake --install /home/student/ros2_ws/build/week4
