[0.112s] DEBUG:colcon:Command line arguments: ['/usr/bin/colcon', 'build']
[0.112s] DEBUG:colcon:Parsed command line arguments: Namespace(log_base=None, log_level=None, verb_name='build', build_base='build', install_base='install', merge_install=False, symlink_install=False, test_result_base=None, continue_on_error=False, executor='parallel', parallel_workers=8, event_handlers=None, ignore_user_meta=False, metas=['./colcon.meta'], base_paths=['.'], packages_ignore=None, packages_ignore_regex=None, paths=None, packages_up_to=None, packages_up_to_regex=None, packages_above=None, packages_above_and_dependencies=None, packages_above_depth=None, packages_select_by_dep=None, packages_skip_by_dep=None, packages_skip_up_to=None, packages_select_build_failed=False, packages_skip_build_finished=False, packages_select_test_failures=False, packages_skip_test_passed=False, packages_select=None, packages_skip=None, packages_select_regex=None, packages_skip_regex=None, packages_start=None, packages_end=None, allow_overriding=[], cmake_args=None, cmake_target=None, cmake_target_skip_unavailable=False, cmake_clean_cache=False, cmake_clean_first=False, cmake_force_configure=False, ament_cmake_args=None, catkin_cmake_args=None, catkin_skip_building_tests=False, mixin_files=None, mixin=None, verb_parser=<colcon_mixin.mixin.mixin_argument.MixinArgumentDecorator object at 0x7385e9be7160>, verb_extension=<colcon_core.verb.build.BuildVerb object at 0x7385e9be6740>, main=<bound method BuildVerb.main of <colcon_core.verb.build.BuildVerb object at 0x7385e9be6740>>, mixin_verb=('build',))
[0.297s] Level 1:colcon.colcon_core.package_discovery:discover_packages(colcon_meta) check parameters
[0.297s] Level 1:colcon.colcon_core.package_discovery:discover_packages(recursive) check parameters
[0.297s] Level 1:colcon.colcon_core.package_discovery:discover_packages(ignore) check parameters
[0.297s] Level 1:colcon.colcon_core.package_discovery:discover_packages(path) check parameters
[0.297s] Level 1:colcon.colcon_core.package_discovery:discover_packages(colcon_meta) discover
[0.297s] Level 1:colcon.colcon_core.package_discovery:discover_packages(recursive) discover
[0.297s] INFO:colcon.colcon_core.package_discovery:Crawling recursively for packages in '/home/student/ros2_ws/src/week5'
[0.298s] Level 1:colcon.colcon_core.package_identification:_identify(.) by extensions ['ignore', 'ignore_ament_install']
[0.298s] Level 1:colcon.colcon_core.package_identification:_identify(.) by extension 'ignore'
[0.298s] Level 1:colcon.colcon_core.package_identification:_identify(.) by extension 'ignore_ament_install'
[0.298s] Level 1:colcon.colcon_core.package_identification:_identify(.) by extensions ['colcon_pkg']
[0.298s] Level 1:colcon.colcon_core.package_identification:_identify(.) by extension 'colcon_pkg'
[0.298s] Level 1:colcon.colcon_core.package_identification:_identify(.) by extensions ['colcon_meta']
[0.298s] Level 1:colcon.colcon_core.package_identification:_identify(.) by extension 'colcon_meta'
[0.298s] Level 1:colcon.colcon_core.package_identification:_identify(.) by extensions ['ros']
[0.298s] Level 1:colcon.colcon_core.package_identification:_identify(.) by extension 'ros'
[0.312s] DEBUG:colcon.colcon_core.package_identification:Package '.' with type 'ros.ament_cmake' and name 'week5'
[0.312s] Level 1:colcon.colcon_core.package_discovery:discover_packages(recursive) using defaults
[0.312s] Level 1:colcon.colcon_core.package_discovery:discover_packages(ignore) discover
[0.312s] Level 1:colcon.colcon_core.package_discovery:discover_packages(ignore) using defaults
[0.312s] Level 1:colcon.colcon_core.package_discovery:discover_packages(path) discover
[0.312s] Level 1:colcon.colcon_core.package_discovery:discover_packages(path) using defaults
[0.343s] Level 1:colcon.colcon_core.package_discovery:discover_packages(prefix_path) check parameters
[0.343s] Level 1:colcon.colcon_core.package_discovery:discover_packages(prefix_path) discover
[0.346s] DEBUG:colcon.colcon_installed_package_information.package_discovery:Found 370 installed packages in /opt/ros/humble
[0.348s] Level 1:colcon.colcon_core.package_discovery:discover_packages(prefix_path) using defaults
[0.394s] Level 5:colcon.colcon_core.verb:set package 'week5' build argument 'cmake_args' from command line to 'None'
[0.394s] Level 5:colcon.colcon_core.verb:set package 'week5' build argument 'cmake_target' from command line to 'None'
[0.394s] Level 5:colcon.colcon_core.verb:set package 'week5' build argument 'cmake_target_skip_unavailable' from command line to 'False'
[0.394s] Level 5:colcon.colcon_core.verb:set package 'week5' build argument 'cmake_clean_cache' from command line to 'False'
[0.394s] Level 5:colcon.colcon_core.verb:set package 'week5' build argument 'cmake_clean_first' from command line to 'False'
[0.394s] Level 5:colcon.colcon_core.verb:set package 'week5' build argument 'cmake_force_configure' from command line to 'False'
[0.394s] Level 5:colcon.colcon_core.verb:set package 'week5' build argument 'ament_cmake_args' from command line to 'None'
[0.394s] Level 5:colcon.colcon_core.verb:set package 'week5' build argument 'catkin_cmake_args' from command line to 'None'
[0.395s] Level 5:colcon.colcon_core.verb:set package 'week5' build argument 'catkin_skip_building_tests' from command line to 'False'
[0.395s] DEBUG:colcon.colcon_core.verb:Building package 'week5' with the following arguments: {'ament_cmake_args': None, 'build_base': '/home/student/ros2_ws/src/week5/build/week5', 'catkin_cmake_args': None, 'catkin_skip_building_tests': False, 'cmake_args': None, 'cmake_clean_cache': False, 'cmake_clean_first': False, 'cmake_force_configure': False, 'cmake_target': None, 'cmake_target_skip_unavailable': False, 'install_base': '/home/student/ros2_ws/src/week5/install/week5', 'merge_install': False, 'path': '/home/student/ros2_ws/src/week5', 'symlink_install': False, 'test_result_base': None}
[0.395s] INFO:colcon.colcon_core.executor:Executing jobs using 'parallel' executor
[0.396s] DEBUG:colcon.colcon_parallel_executor.executor.parallel:run_until_complete
[0.397s] INFO:colcon.colcon_ros.task.ament_cmake.build:Building ROS package in '/home/student/ros2_ws/src/week5' with build type 'ament_cmake'
[0.397s] INFO:colcon.colcon_cmake.task.cmake.build:Building CMake package in '/home/student/ros2_ws/src/week5'
[0.399s] INFO:colcon.colcon_core.plugin_system:Skipping extension 'colcon_core.shell.bat': Not used on non-Windows systems
[0.399s] INFO:colcon.colcon_core.shell:Skip shell extension 'powershell' for command environment: Not usable outside of PowerShell
[0.399s] DEBUG:colcon.colcon_core.shell:Skip shell extension 'dsv' for command environment
[0.410s] DEBUG:colcon.colcon_core.event_handler.log_command:Invoking command in '/home/student/ros2_ws/src/week5/build/week5': CMAKE_PREFIX_PATH=/opt/ros/humble /usr/bin/cmake --build /home/student/ros2_ws/src/week5/build/week5 -- -j8 -l8
[7.210s] DEBUG:colcon.colcon_core.event_handler.log_command:Invoked command in '/home/student/ros2_ws/src/week5/build/week5' returned '2': CMAKE_PREFIX_PATH=/opt/ros/humble /usr/bin/cmake --build /home/student/ros2_ws/src/week5/build/week5 -- -j8 -l8
[7.240s] Level 1:colcon.colcon_core.environment:create_environment_scripts_only(week5)
[7.242s] Level 1:colcon.colcon_core.environment:checking '/home/student/ros2_ws/src/week5/install/week5' for CMake module files
[7.243s] Level 1:colcon.colcon_core.environment:checking '/home/student/ros2_ws/src/week5/install/week5' for CMake config files
[7.243s] Level 1:colcon.colcon_core.shell:create_environment_hook('week5', 'cmake_prefix_path')
[7.243s] INFO:colcon.colcon_core.shell:Creating environment hook '/home/student/ros2_ws/src/week5/install/week5/share/week5/hook/cmake_prefix_path.ps1'
[7.244s] INFO:colcon.colcon_core.shell:Creating environment descriptor '/home/student/ros2_ws/src/week5/install/week5/share/week5/hook/cmake_prefix_path.dsv'
[7.244s] INFO:colcon.colcon_core.shell:Creating environment hook '/home/student/ros2_ws/src/week5/install/week5/share/week5/hook/cmake_prefix_path.sh'
[7.245s] Level 1:colcon.colcon_core.environment:checking '/home/student/ros2_ws/src/week5/install/week5/bin'
[7.245s] Level 1:colcon.colcon_core.environment:checking '/home/student/ros2_ws/src/week5/install/week5/lib/pkgconfig/week5.pc'
[7.246s] Level 1:colcon.colcon_core.environment:checking '/home/student/ros2_ws/src/week5/install/week5/lib/python3.10/site-packages'
[7.246s] Level 1:colcon.colcon_core.environment:checking '/home/student/ros2_ws/src/week5/install/week5/bin'
[7.246s] INFO:colcon.colcon_core.shell:Creating package script '/home/student/ros2_ws/src/week5/install/week5/share/week5/package.ps1'
[7.247s] INFO:colcon.colcon_core.shell:Creating package descriptor '/home/student/ros2_ws/src/week5/install/week5/share/week5/package.dsv'
[7.248s] INFO:colcon.colcon_core.shell:Creating package script '/home/student/ros2_ws/src/week5/install/week5/share/week5/package.sh'
[7.249s] INFO:colcon.colcon_core.shell:Creating package script '/home/student/ros2_ws/src/week5/install/week5/share/week5/package.bash'
[7.250s] INFO:colcon.colcon_core.shell:Creating package script '/home/student/ros2_ws/src/week5/install/week5/share/week5/package.zsh'
[7.250s] Level 1:colcon.colcon_core.environment:create_file_with_runtime_dependencies(/home/student/ros2_ws/src/week5/install/week5/share/colcon-core/packages/week5)
[7.261s] DEBUG:colcon.colcon_parallel_executor.executor.parallel:closing loop
[7.261s] DEBUG:colcon.colcon_parallel_executor.executor.parallel:loop closed
[7.261s] DEBUG:colcon.colcon_parallel_executor.executor.parallel:run_until_complete finished with '2'
[7.262s] DEBUG:colcon.colcon_core.event_reactor:joining thread
[7.268s] INFO:colcon.colcon_core.plugin_system:Skipping extension 'colcon_notification.desktop_notification.terminal_notifier': Not used on non-Darwin systems
[7.268s] INFO:colcon.colcon_core.plugin_system:Skipping extension 'colcon_notification.desktop_notification.win32': Not used on non-Windows systems
[7.268s] INFO:colcon.colcon_notification.desktop_notification:Sending desktop notification using 'notify2'
[7.282s] DEBUG:colcon.colcon_core.event_reactor:joined thread
[7.282s] INFO:colcon.colcon_core.shell:Creating prefix script '/home/student/ros2_ws/src/week5/install/local_setup.ps1'
[7.283s] INFO:colcon.colcon_core.shell:Creating prefix util module '/home/student/ros2_ws/src/week5/install/_local_setup_util_ps1.py'
[7.285s] INFO:colcon.colcon_core.shell:Creating prefix chain script '/home/student/ros2_ws/src/week5/install/setup.ps1'
[7.286s] INFO:colcon.colcon_core.shell:Creating prefix script '/home/student/ros2_ws/src/week5/install/local_setup.sh'
[7.289s] INFO:colcon.colcon_core.shell:Creating prefix util module '/home/student/ros2_ws/src/week5/install/_local_setup_util_sh.py'
[7.290s] INFO:colcon.colcon_core.shell:Creating prefix chain script '/home/student/ros2_ws/src/week5/install/setup.sh'
[7.291s] INFO:colcon.colcon_core.shell:Creating prefix script '/home/student/ros2_ws/src/week5/install/local_setup.bash'
[7.292s] INFO:colcon.colcon_core.shell:Creating prefix chain script '/home/student/ros2_ws/src/week5/install/setup.bash'
[7.293s] INFO:colcon.colcon_core.shell:Creating prefix script '/home/student/ros2_ws/src/week5/install/local_setup.zsh'
[7.294s] INFO:colcon.colcon_core.shell:Creating prefix chain script '/home/student/ros2_ws/src/week5/install/setup.zsh'
