[0.042s] Invoking command in '/home/student/ros2_ws/build/turtlebot3_msgs': CMAKE_PREFIX_PATH=/opt/ros/humble /usr/bin/cmake /home/student/ros2_ws/src/turtlebot3_msgs -DAMENT_CMAKE_SYMLINK_INSTALL=1 -DCMAKE_INSTALL_PREFIX=/home/student/ros2_ws/install/turtlebot3_msgs
[0.556s] -- The C compiler identification is GNU 11.4.0
[0.557s] -- The CXX compiler identification is GNU 11.4.0
[0.558s] -- Detecting C compiler ABI info
[0.558s] -- Detecting C compiler ABI info - done
[0.558s] -- Check for working C compiler: /usr/bin/cc - skipped
[0.559s] -- Detecting C compile features
[0.559s] -- Detecting C compile features - done
[0.559s] -- Detecting CXX compiler ABI info
[0.636s] -- Detecting CXX compiler ABI info - done
[0.678s] -- Check for working CXX compiler: /usr/bin/c++ - skipped
[0.678s] -- Detecting CXX compile features
[0.679s] -- Detecting CXX compile features - done
[0.683s] -- Found action_msgs: 1.2.1 (/opt/ros/humble/share/action_msgs/cmake)
[1.125s] -- Found Python3: /usr/bin/python3 (found version "3.10.12") found components: Interpreter 
[1.253s] -- Override CMake install command with custom implementation using symlinks instead of copying resources
[1.422s] -- Found rosidl_generator_c: 3.1.5 (/opt/ros/humble/share/rosidl_generator_c/cmake)
[1.428s] -- Found rosidl_adapter: 3.1.5 (/opt/ros/humble/share/rosidl_adapter/cmake)
[1.453s] -- Found rosidl_generator_cpp: 3.1.5 (/opt/ros/humble/share/rosidl_generator_cpp/cmake)
[1.501s] -- Using all available rosidl_typesupport_c: rosidl_typesupport_fastrtps_c;rosidl_typesupport_introspection_c
[1.550s] -- Using all available rosidl_typesupport_cpp: rosidl_typesupport_fastrtps_cpp;rosidl_typesupport_introspection_cpp
[1.737s] -- Found rosidl_default_generators: 1.2.0 (/opt/ros/humble/share/rosidl_default_generators/cmake)
[1.783s] -- Found std_msgs: 4.2.4 (/opt/ros/humble/share/std_msgs/cmake)
[2.763s] -- Found ament_cmake_cppcheck: 0.12.11 (/opt/ros/humble/share/ament_cmake_cppcheck/cmake)
[2.790s] -- Found ament_cmake_cpplint: 0.12.11 (/opt/ros/humble/share/ament_cmake_cpplint/cmake)
[2.791s] -- Found ament_cmake_uncrustify: 0.12.11 (/opt/ros/humble/share/ament_cmake_uncrustify/cmake)
[2.798s] -- Found ament_cmake_ros: 0.10.0 (/opt/ros/humble/share/ament_cmake_ros/cmake)
[3.440s] -- Using all available rosidl_typesupport_c: rosidl_typesupport_fastrtps_c;rosidl_typesupport_introspection_c
[3.662s] -- Using all available rosidl_typesupport_cpp: rosidl_typesupport_fastrtps_cpp;rosidl_typesupport_introspection_cpp
[3.701s] -- Found PythonInterp: /usr/bin/python3 (found suitable version "3.10.12", minimum required is "3.6") 
[3.705s] -- Found python_cmake_module: 0.10.0 (/opt/ros/humble/share/python_cmake_module/cmake)
[3.743s] -- Found PythonLibs: /usr/lib/x86_64-linux-gnu/libpython3.10.so (found suitable version "3.10.12", minimum required is "3.5") 
[3.743s] -- Using PYTHON_EXECUTABLE: /usr/bin/python3
[3.743s] -- Using PYTHON_INCLUDE_DIRS: /usr/include/python3.10
[3.743s] -- Using PYTHON_LIBRARIES: /usr/lib/x86_64-linux-gnu/libpython3.10.so
[3.782s] -- Found PythonExtra: .so  
[3.874s] -- Found ament_cmake_flake8: 0.12.11 (/opt/ros/humble/share/ament_cmake_flake8/cmake)
[3.877s] -- Found ament_cmake_pep257: 0.12.11 (/opt/ros/humble/share/ament_cmake_pep257/cmake)
[3.901s] -- Configuring done
[3.970s] -- Generating done
[3.974s] -- Build files have been written to: /home/student/ros2_ws/build/turtlebot3_msgs
[4.004s] Invoked command in '/home/student/ros2_ws/build/turtlebot3_msgs' returned '0': CMAKE_PREFIX_PATH=/opt/ros/humble /usr/bin/cmake /home/student/ros2_ws/src/turtlebot3_msgs -DAMENT_CMAKE_SYMLINK_INSTALL=1 -DCMAKE_INSTALL_PREFIX=/home/student/ros2_ws/install/turtlebot3_msgs
[4.005s] Invoking command in '/home/student/ros2_ws/build/turtlebot3_msgs': CMAKE_PREFIX_PATH=/opt/ros/humble /usr/bin/cmake --build /home/student/ros2_ws/build/turtlebot3_msgs -- -j8 -l8
[4.098s] [  1%] [34m[1mGenerating C code for ROS interfaces[0m
[4.105s] [  2%] [34m[1mGenerating C++ code for ROS interfaces[0m
[4.122s] [  2%] Built target ament_cmake_python_symlink_turtlebot3_msgs
[4.792s] running egg_info
[4.793s] creating turtlebot3_msgs.egg-info
[4.793s] writing turtlebot3_msgs.egg-info/PKG-INFO
[4.793s] writing dependency_links to turtlebot3_msgs.egg-info/dependency_links.txt
[4.793s] writing top-level names to turtlebot3_msgs.egg-info/top_level.txt
[4.796s] writing manifest file 'turtlebot3_msgs.egg-info/SOURCES.txt'
[4.797s] reading manifest file 'turtlebot3_msgs.egg-info/SOURCES.txt'
[4.797s] writing manifest file 'turtlebot3_msgs.egg-info/SOURCES.txt'
[4.924s] [  2%] Built target ament_cmake_python_build_turtlebot3_msgs_egg
[6.428s] [  2%] Built target turtlebot3_msgs__cpp
[6.446s] [  4%] [34m[1mGenerating C++ type support dispatch for ROS interfaces[0m
[6.447s] [  5%] [34m[1mGenerating C++ type support for eProsima Fast-RTPS[0m
[6.456s] [  7%] [34m[1mGenerating C++ introspection for ROS interfaces[0m
[6.660s] [  8%] [32mBuilding C object CMakeFiles/turtlebot3_msgs__rosidl_generator_c.dir/rosidl_generator_c/turtlebot3_msgs/msg/detail/sound__functions.c.o[0m
[6.663s] [  9%] [32mBuilding C object CMakeFiles/turtlebot3_msgs__rosidl_generator_c.dir/rosidl_generator_c/turtlebot3_msgs/msg/detail/version_info__functions.c.o[0m
[6.663s] [ 11%] [32mBuilding C object CMakeFiles/turtlebot3_msgs__rosidl_generator_c.dir/rosidl_generator_c/turtlebot3_msgs/srv/detail/sound__functions.c.o[0m
[6.677s] [ 12%] [32mBuilding C object CMakeFiles/turtlebot3_msgs__rosidl_generator_c.dir/rosidl_generator_c/turtlebot3_msgs/srv/detail/dqn__functions.c.o[0m
[6.679s] [ 14%] [32mBuilding C object CMakeFiles/turtlebot3_msgs__rosidl_generator_c.dir/rosidl_generator_c/turtlebot3_msgs/msg/detail/sensor_state__functions.c.o[0m
[6.786s] [ 15%] [32mBuilding C object CMakeFiles/turtlebot3_msgs__rosidl_generator_c.dir/rosidl_generator_c/turtlebot3_msgs/action/detail/patrol__functions.c.o[0m
[7.029s] [ 16%] [32m[1mLinking C shared library libturtlebot3_msgs__rosidl_generator_c.so[0m
[7.090s] [ 16%] Built target turtlebot3_msgs__rosidl_generator_c
[7.111s] [ 18%] [34m[1mGenerating C type support for eProsima Fast-RTPS[0m
[7.114s] [ 19%] [34m[1mGenerating C type support dispatch for ROS interfaces[0m
[7.139s] [ 21%] [34m[1mGenerating C introspection for ROS interfaces[0m
[7.937s] [ 22%] [32mBuilding CXX object CMakeFiles/turtlebot3_msgs__rosidl_typesupport_cpp.dir/rosidl_typesupport_cpp/turtlebot3_msgs/msg/sensor_state__type_support.cpp.o[0m
[7.950s] [ 23%] [32mBuilding CXX object CMakeFiles/turtlebot3_msgs__rosidl_typesupport_cpp.dir/rosidl_typesupport_cpp/turtlebot3_msgs/msg/sound__type_support.cpp.o[0m
[7.992s] [ 25%] [32mBuilding CXX object CMakeFiles/turtlebot3_msgs__rosidl_typesupport_cpp.dir/rosidl_typesupport_cpp/turtlebot3_msgs/msg/version_info__type_support.cpp.o[0m
[8.549s] [ 26%] [32mBuilding CXX object CMakeFiles/turtlebot3_msgs__rosidl_typesupport_introspection_cpp.dir/rosidl_typesupport_introspection_cpp/turtlebot3_msgs/msg/detail/sensor_state__type_support.cpp.o[0m
[8.560s] [ 28%] [32mBuilding CXX object CMakeFiles/turtlebot3_msgs__rosidl_typesupport_cpp.dir/rosidl_typesupport_cpp/turtlebot3_msgs/srv/sound__type_support.cpp.o[0m
[8.571s] [ 29%] [32mBuilding CXX object CMakeFiles/turtlebot3_msgs__rosidl_typesupport_cpp.dir/rosidl_typesupport_cpp/turtlebot3_msgs/srv/dqn__type_support.cpp.o[0m
[8.604s] [ 30%] [32mBuilding CXX object CMakeFiles/turtlebot3_msgs__rosidl_typesupport_cpp.dir/rosidl_typesupport_cpp/turtlebot3_msgs/action/patrol__type_support.cpp.o[0m
[8.866s] [ 32%] [32mBuilding CXX object CMakeFiles/turtlebot3_msgs__rosidl_typesupport_fastrtps_cpp.dir/rosidl_typesupport_fastrtps_cpp/turtlebot3_msgs/msg/detail/dds_fastrtps/sensor_state__type_support.cpp.o[0m
[9.022s] [ 33%] [32mBuilding CXX object CMakeFiles/turtlebot3_msgs__rosidl_typesupport_c.dir/rosidl_typesupport_c/turtlebot3_msgs/msg/sensor_state__type_support.cpp.o[0m
[9.091s] [ 35%] [32mBuilding CXX object CMakeFiles/turtlebot3_msgs__rosidl_typesupport_c.dir/rosidl_typesupport_c/turtlebot3_msgs/msg/sound__type_support.cpp.o[0m
[9.213s] [ 36%] [32mBuilding CXX object CMakeFiles/turtlebot3_msgs__rosidl_typesupport_c.dir/rosidl_typesupport_c/turtlebot3_msgs/msg/version_info__type_support.cpp.o[0m
[9.246s] [ 38%] [32mBuilding CXX object CMakeFiles/turtlebot3_msgs__rosidl_typesupport_introspection_cpp.dir/rosidl_typesupport_introspection_cpp/turtlebot3_msgs/msg/detail/sound__type_support.cpp.o[0m
[9.261s] [ 39%] [32mBuilding CXX object CMakeFiles/turtlebot3_msgs__rosidl_typesupport_introspection_cpp.dir/rosidl_typesupport_introspection_cpp/turtlebot3_msgs/msg/detail/version_info__type_support.cpp.o[0m
[9.275s] [ 40%] [32mBuilding CXX object CMakeFiles/turtlebot3_msgs__rosidl_typesupport_c.dir/rosidl_typesupport_c/turtlebot3_msgs/srv/sound__type_support.cpp.o[0m
[9.340s] [ 42%] [32mBuilding CXX object CMakeFiles/turtlebot3_msgs__rosidl_typesupport_c.dir/rosidl_typesupport_c/turtlebot3_msgs/srv/dqn__type_support.cpp.o[0m
[9.359s] [ 43%] [32mBuilding CXX object CMakeFiles/turtlebot3_msgs__rosidl_typesupport_c.dir/rosidl_typesupport_c/turtlebot3_msgs/action/patrol__type_support.cpp.o[0m
[9.452s] [ 45%] [32mBuilding CXX object CMakeFiles/turtlebot3_msgs__rosidl_typesupport_introspection_cpp.dir/rosidl_typesupport_introspection_cpp/turtlebot3_msgs/srv/detail/sound__type_support.cpp.o[0m
[9.465s] [ 46%] [32m[1mLinking CXX shared library libturtlebot3_msgs__rosidl_typesupport_c.so[0m
[9.480s] [ 47%] [32mBuilding C object CMakeFiles/turtlebot3_msgs__rosidl_typesupport_introspection_c.dir/rosidl_typesupport_introspection_c/turtlebot3_msgs/msg/detail/sensor_state__type_support.c.o[0m
[9.521s] [ 49%] [32mBuilding CXX object CMakeFiles/turtlebot3_msgs__rosidl_typesupport_fastrtps_c.dir/rosidl_typesupport_fastrtps_c/turtlebot3_msgs/msg/detail/sensor_state__type_support_c.cpp.o[0m
[9.607s] [ 50%] [32mBuilding C object CMakeFiles/turtlebot3_msgs__rosidl_typesupport_introspection_c.dir/rosidl_typesupport_introspection_c/turtlebot3_msgs/msg/detail/sound__type_support.c.o[0m
[9.637s] [ 50%] Built target turtlebot3_msgs__rosidl_typesupport_c
[9.680s] [ 52%] [32mBuilding CXX object CMakeFiles/turtlebot3_msgs__rosidl_typesupport_fastrtps_c.dir/rosidl_typesupport_fastrtps_c/turtlebot3_msgs/msg/detail/sound__type_support_c.cpp.o[0m
[9.702s] [ 53%] [32m[1mLinking CXX shared library libturtlebot3_msgs__rosidl_typesupport_cpp.so[0m
[9.710s] [ 54%] [32mBuilding C object CMakeFiles/turtlebot3_msgs__rosidl_typesupport_introspection_c.dir/rosidl_typesupport_introspection_c/turtlebot3_msgs/msg/detail/version_info__type_support.c.o[0m
[9.831s] [ 56%] [32mBuilding C object CMakeFiles/turtlebot3_msgs__rosidl_typesupport_introspection_c.dir/rosidl_typesupport_introspection_c/turtlebot3_msgs/srv/detail/sound__type_support.c.o[0m
[9.878s] [ 56%] Built target turtlebot3_msgs__rosidl_typesupport_cpp
[9.902s] [ 57%] [32mBuilding CXX object CMakeFiles/turtlebot3_msgs__rosidl_typesupport_fastrtps_cpp.dir/rosidl_typesupport_fastrtps_cpp/turtlebot3_msgs/msg/detail/dds_fastrtps/sound__type_support.cpp.o[0m
[9.914s] [ 59%] [32mBuilding C object CMakeFiles/turtlebot3_msgs__rosidl_typesupport_introspection_c.dir/rosidl_typesupport_introspection_c/turtlebot3_msgs/srv/detail/dqn__type_support.c.o[0m
[9.924s] [ 60%] [32mBuilding CXX object CMakeFiles/turtlebot3_msgs__rosidl_typesupport_introspection_cpp.dir/rosidl_typesupport_introspection_cpp/turtlebot3_msgs/srv/detail/dqn__type_support.cpp.o[0m
[10.017s] [ 61%] [32mBuilding C object CMakeFiles/turtlebot3_msgs__rosidl_typesupport_introspection_c.dir/rosidl_typesupport_introspection_c/turtlebot3_msgs/action/detail/patrol__type_support.c.o[0m
[10.059s] [ 63%] [32mBuilding CXX object CMakeFiles/turtlebot3_msgs__rosidl_typesupport_introspection_cpp.dir/rosidl_typesupport_introspection_cpp/turtlebot3_msgs/action/detail/patrol__type_support.cpp.o[0m
[10.113s] [ 64%] [32mBuilding CXX object CMakeFiles/turtlebot3_msgs__rosidl_typesupport_fastrtps_cpp.dir/rosidl_typesupport_fastrtps_cpp/turtlebot3_msgs/msg/detail/dds_fastrtps/version_info__type_support.cpp.o[0m
[10.134s] [ 66%] [32m[1mLinking C shared library libturtlebot3_msgs__rosidl_typesupport_introspection_c.so[0m
[10.279s] [ 67%] [32mBuilding CXX object CMakeFiles/turtlebot3_msgs__rosidl_typesupport_fastrtps_cpp.dir/rosidl_typesupport_fastrtps_cpp/turtlebot3_msgs/srv/detail/dds_fastrtps/sound__type_support.cpp.o[0m
[10.293s] [ 67%] Built target turtlebot3_msgs__rosidl_typesupport_introspection_c
[10.304s] [ 69%] [32mBuilding CXX object CMakeFiles/turtlebot3_msgs__rosidl_typesupport_fastrtps_c.dir/rosidl_typesupport_fastrtps_c/turtlebot3_msgs/msg/detail/version_info__type_support_c.cpp.o[0m
[10.335s] [ 70%] [32mBuilding CXX object CMakeFiles/turtlebot3_msgs__rosidl_typesupport_fastrtps_cpp.dir/rosidl_typesupport_fastrtps_cpp/turtlebot3_msgs/srv/detail/dds_fastrtps/dqn__type_support.cpp.o[0m
[10.516s] [ 71%] [32mBuilding CXX object CMakeFiles/turtlebot3_msgs__rosidl_typesupport_fastrtps_c.dir/rosidl_typesupport_fastrtps_c/turtlebot3_msgs/srv/detail/sound__type_support_c.cpp.o[0m
[10.796s] [ 73%] [32mBuilding CXX object CMakeFiles/turtlebot3_msgs__rosidl_typesupport_fastrtps_c.dir/rosidl_typesupport_fastrtps_c/turtlebot3_msgs/srv/detail/dqn__type_support_c.cpp.o[0m
[10.966s] [ 74%] [32mBuilding CXX object CMakeFiles/turtlebot3_msgs__rosidl_typesupport_fastrtps_cpp.dir/rosidl_typesupport_fastrtps_cpp/turtlebot3_msgs/action/detail/dds_fastrtps/patrol__type_support.cpp.o[0m
[11.072s] [ 76%] [32mBuilding CXX object CMakeFiles/turtlebot3_msgs__rosidl_typesupport_fastrtps_c.dir/rosidl_typesupport_fastrtps_c/turtlebot3_msgs/action/detail/patrol__type_support_c.cpp.o[0m
[11.378s] [ 77%] [32m[1mLinking CXX shared library libturtlebot3_msgs__rosidl_typesupport_introspection_cpp.so[0m
[11.508s] [ 77%] Built target turtlebot3_msgs__rosidl_typesupport_introspection_cpp
[11.818s] [ 78%] [32m[1mLinking CXX shared library libturtlebot3_msgs__rosidl_typesupport_fastrtps_c.so[0m
[11.888s] [ 80%] [32m[1mLinking CXX shared library libturtlebot3_msgs__rosidl_typesupport_fastrtps_cpp.so[0m
[11.916s] [ 80%] Built target turtlebot3_msgs__rosidl_typesupport_fastrtps_c
[11.990s] [ 80%] Built target turtlebot3_msgs__rosidl_typesupport_fastrtps_cpp
[12.022s] [ 80%] Built target turtlebot3_msgs
[12.047s] [ 81%] [34m[1mGenerating Python code for ROS interfaces[0m
[14.271s] [ 81%] Built target turtlebot3_msgs__py
[14.301s] [ 84%] [32mBuilding C object CMakeFiles/turtlebot3_msgs__rosidl_generator_py.dir/rosidl_generator_py/turtlebot3_msgs/srv/_sound_s.c.o[0m
[14.302s] [ 84%] [32mBuilding C object CMakeFiles/turtlebot3_msgs__rosidl_generator_py.dir/rosidl_generator_py/turtlebot3_msgs/srv/_dqn_s.c.o[0m
[14.302s] [ 85%] [32mBuilding C object CMakeFiles/turtlebot3_msgs__rosidl_generator_py.dir/rosidl_generator_py/turtlebot3_msgs/action/_patrol_s.c.o[0m
[14.304s] [ 87%] [32mBuilding C object CMakeFiles/turtlebot3_msgs__rosidl_generator_py.dir/rosidl_generator_py/turtlebot3_msgs/msg/_sensor_state_s.c.o[0m
[14.310s] [ 88%] [32mBuilding C object CMakeFiles/turtlebot3_msgs__rosidl_generator_py.dir/rosidl_generator_py/turtlebot3_msgs/msg/_sound_s.c.o[0m
[14.313s] [ 90%] [32mBuilding C object CMakeFiles/turtlebot3_msgs__rosidl_generator_py.dir/rosidl_generator_py/turtlebot3_msgs/msg/_version_info_s.c.o[0m
[14.583s] [ 91%] [32m[1mLinking C shared library rosidl_generator_py/turtlebot3_msgs/libturtlebot3_msgs__rosidl_generator_py.so[0m
[14.644s] [ 91%] Built target turtlebot3_msgs__rosidl_generator_py
[14.678s] [ 92%] [32mBuilding C object CMakeFiles/turtlebot3_msgs__rosidl_typesupport_fastrtps_c__pyext.dir/rosidl_generator_py/turtlebot3_msgs/_turtlebot3_msgs_s.ep.rosidl_typesupport_fastrtps_c.c.o[0m
[14.679s] [ 94%] [32mBuilding C object CMakeFiles/turtlebot3_msgs__rosidl_typesupport_introspection_c__pyext.dir/rosidl_generator_py/turtlebot3_msgs/_turtlebot3_msgs_s.ep.rosidl_typesupport_introspection_c.c.o[0m
[14.680s] [ 95%] [32mBuilding C object CMakeFiles/turtlebot3_msgs__rosidl_typesupport_c__pyext.dir/rosidl_generator_py/turtlebot3_msgs/_turtlebot3_msgs_s.ep.rosidl_typesupport_c.c.o[0m
[14.890s] [ 97%] [32m[1mLinking C shared library rosidl_generator_py/turtlebot3_msgs/turtlebot3_msgs_s__rosidl_typesupport_introspection_c.cpython-310-x86_64-linux-gnu.so[0m
[14.918s] [ 98%] [32m[1mLinking C shared library rosidl_generator_py/turtlebot3_msgs/turtlebot3_msgs_s__rosidl_typesupport_fastrtps_c.cpython-310-x86_64-linux-gnu.so[0m
[14.948s] [100%] [32m[1mLinking C shared library rosidl_generator_py/turtlebot3_msgs/turtlebot3_msgs_s__rosidl_typesupport_c.cpython-310-x86_64-linux-gnu.so[0m
[14.966s] [100%] Built target turtlebot3_msgs__rosidl_typesupport_introspection_c__pyext
[14.987s] [100%] Built target turtlebot3_msgs__rosidl_typesupport_fastrtps_c__pyext
[15.008s] [100%] Built target turtlebot3_msgs__rosidl_typesupport_c__pyext
[15.025s] Invoked command in '/home/student/ros2_ws/build/turtlebot3_msgs' returned '0': CMAKE_PREFIX_PATH=/opt/ros/humble /usr/bin/cmake --build /home/student/ros2_ws/build/turtlebot3_msgs -- -j8 -l8
[15.242s] Invoking command in '/home/student/ros2_ws/build/turtlebot3_msgs': CMAKE_PREFIX_PATH=/opt/ros/humble /usr/bin/cmake --install /home/student/ros2_ws/build/turtlebot3_msgs
[15.256s] -- Install configuration: ""
[15.257s] -- Execute custom install script
[15.257s] -- Symlinking: /home/student/ros2_ws/install/turtlebot3_msgs/share/ament_index/resource_index/rosidl_interfaces/turtlebot3_msgs
[15.267s] -- Symlinking: /home/student/ros2_ws/install/turtlebot3_msgs/include/turtlebot3_msgs/turtlebot3_msgs/action/detail/patrol__functions.h
[15.279s] -- Symlinking: /home/student/ros2_ws/install/turtlebot3_msgs/include/turtlebot3_msgs/turtlebot3_msgs/action/detail/patrol__struct.h
[15.295s] -- Symlinking: /home/student/ros2_ws/install/turtlebot3_msgs/include/turtlebot3_msgs/turtlebot3_msgs/action/detail/patrol__type_support.h
[15.305s] -- Symlinking: /home/student/ros2_ws/install/turtlebot3_msgs/include/turtlebot3_msgs/turtlebot3_msgs/action/patrol.h
[15.322s] -- Symlinking: /home/student/ros2_ws/install/turtlebot3_msgs/include/turtlebot3_msgs/turtlebot3_msgs/msg/detail/sensor_state__functions.h
[15.333s] -- Symlinking: /home/student/ros2_ws/install/turtlebot3_msgs/include/turtlebot3_msgs/turtlebot3_msgs/msg/detail/sensor_state__struct.h
[15.346s] -- Symlinking: /home/student/ros2_ws/install/turtlebot3_msgs/include/turtlebot3_msgs/turtlebot3_msgs/msg/detail/sensor_state__type_support.h
[15.359s] -- Symlinking: /home/student/ros2_ws/install/turtlebot3_msgs/include/turtlebot3_msgs/turtlebot3_msgs/msg/detail/sound__functions.h
[15.369s] -- Symlinking: /home/student/ros2_ws/install/turtlebot3_msgs/include/turtlebot3_msgs/turtlebot3_msgs/msg/detail/sound__struct.h
[15.382s] -- Symlinking: /home/student/ros2_ws/install/turtlebot3_msgs/include/turtlebot3_msgs/turtlebot3_msgs/msg/detail/sound__type_support.h
[15.394s] -- Symlinking: /home/student/ros2_ws/install/turtlebot3_msgs/include/turtlebot3_msgs/turtlebot3_msgs/msg/detail/version_info__functions.h
[15.406s] -- Symlinking: /home/student/ros2_ws/install/turtlebot3_msgs/include/turtlebot3_msgs/turtlebot3_msgs/msg/detail/version_info__struct.h
[15.417s] -- Symlinking: /home/student/ros2_ws/install/turtlebot3_msgs/include/turtlebot3_msgs/turtlebot3_msgs/msg/detail/version_info__type_support.h
[15.428s] -- Symlinking: /home/student/ros2_ws/install/turtlebot3_msgs/include/turtlebot3_msgs/turtlebot3_msgs/msg/rosidl_generator_c__visibility_control.h
[15.438s] -- Symlinking: /home/student/ros2_ws/install/turtlebot3_msgs/include/turtlebot3_msgs/turtlebot3_msgs/msg/sensor_state.h
[15.448s] -- Symlinking: /home/student/ros2_ws/install/turtlebot3_msgs/include/turtlebot3_msgs/turtlebot3_msgs/msg/sound.h
[15.457s] -- Symlinking: /home/student/ros2_ws/install/turtlebot3_msgs/include/turtlebot3_msgs/turtlebot3_msgs/msg/version_info.h
[15.466s] -- Symlinking: /home/student/ros2_ws/install/turtlebot3_msgs/include/turtlebot3_msgs/turtlebot3_msgs/srv/detail/dqn__functions.h
[15.476s] -- Symlinking: /home/student/ros2_ws/install/turtlebot3_msgs/include/turtlebot3_msgs/turtlebot3_msgs/srv/detail/dqn__struct.h
[15.485s] -- Symlinking: /home/student/ros2_ws/install/turtlebot3_msgs/include/turtlebot3_msgs/turtlebot3_msgs/srv/detail/dqn__type_support.h
[15.493s] -- Symlinking: /home/student/ros2_ws/install/turtlebot3_msgs/include/turtlebot3_msgs/turtlebot3_msgs/srv/detail/sound__functions.h
[15.502s] -- Symlinking: /home/student/ros2_ws/install/turtlebot3_msgs/include/turtlebot3_msgs/turtlebot3_msgs/srv/detail/sound__struct.h
[15.511s] -- Symlinking: /home/student/ros2_ws/install/turtlebot3_msgs/include/turtlebot3_msgs/turtlebot3_msgs/srv/detail/sound__type_support.h
[15.520s] -- Symlinking: /home/student/ros2_ws/install/turtlebot3_msgs/include/turtlebot3_msgs/turtlebot3_msgs/srv/dqn.h
[15.529s] -- Symlinking: /home/student/ros2_ws/install/turtlebot3_msgs/include/turtlebot3_msgs/turtlebot3_msgs/srv/sound.h
[15.538s] -- Symlinking: /home/student/ros2_ws/install/turtlebot3_msgs/share/turtlebot3_msgs/environment/library_path.sh
[15.548s] -- Symlinking: /home/student/ros2_ws/install/turtlebot3_msgs/share/turtlebot3_msgs/environment/library_path.dsv
[15.558s] -- Symlinking: /home/student/ros2_ws/install/turtlebot3_msgs/include/turtlebot3_msgs/turtlebot3_msgs/action/detail/patrol__rosidl_typesupport_fastrtps_c.h
[15.567s] -- Symlinking: /home/student/ros2_ws/install/turtlebot3_msgs/include/turtlebot3_msgs/turtlebot3_msgs/msg/detail/sensor_state__rosidl_typesupport_fastrtps_c.h
[15.576s] -- Symlinking: /home/student/ros2_ws/install/turtlebot3_msgs/include/turtlebot3_msgs/turtlebot3_msgs/msg/detail/sound__rosidl_typesupport_fastrtps_c.h
[15.585s] -- Symlinking: /home/student/ros2_ws/install/turtlebot3_msgs/include/turtlebot3_msgs/turtlebot3_msgs/msg/detail/version_info__rosidl_typesupport_fastrtps_c.h
[15.595s] -- Symlinking: /home/student/ros2_ws/install/turtlebot3_msgs/include/turtlebot3_msgs/turtlebot3_msgs/msg/rosidl_typesupport_fastrtps_c__visibility_control.h
[15.607s] -- Symlinking: /home/student/ros2_ws/install/turtlebot3_msgs/include/turtlebot3_msgs/turtlebot3_msgs/srv/detail/dqn__rosidl_typesupport_fastrtps_c.h
[15.617s] -- Symlinking: /home/student/ros2_ws/install/turtlebot3_msgs/include/turtlebot3_msgs/turtlebot3_msgs/srv/detail/sound__rosidl_typesupport_fastrtps_c.h
[15.629s] -- Symlinking: /home/student/ros2_ws/install/turtlebot3_msgs/include/turtlebot3_msgs/turtlebot3_msgs/action/detail/patrol__builder.hpp
[15.643s] -- Symlinking: /home/student/ros2_ws/install/turtlebot3_msgs/include/turtlebot3_msgs/turtlebot3_msgs/action/detail/patrol__struct.hpp
[15.656s] -- Symlinking: /home/student/ros2_ws/install/turtlebot3_msgs/include/turtlebot3_msgs/turtlebot3_msgs/action/detail/patrol__traits.hpp
[15.669s] -- Symlinking: /home/student/ros2_ws/install/turtlebot3_msgs/include/turtlebot3_msgs/turtlebot3_msgs/action/patrol.hpp
[15.680s] -- Symlinking: /home/student/ros2_ws/install/turtlebot3_msgs/include/turtlebot3_msgs/turtlebot3_msgs/msg/detail/sensor_state__builder.hpp
[15.691s] -- Symlinking: /home/student/ros2_ws/install/turtlebot3_msgs/include/turtlebot3_msgs/turtlebot3_msgs/msg/detail/sensor_state__struct.hpp
[15.702s] -- Symlinking: /home/student/ros2_ws/install/turtlebot3_msgs/include/turtlebot3_msgs/turtlebot3_msgs/msg/detail/sensor_state__traits.hpp
[15.714s] -- Symlinking: /home/student/ros2_ws/install/turtlebot3_msgs/include/turtlebot3_msgs/turtlebot3_msgs/msg/detail/sound__builder.hpp
[15.727s] -- Symlinking: /home/student/ros2_ws/install/turtlebot3_msgs/include/turtlebot3_msgs/turtlebot3_msgs/msg/detail/sound__struct.hpp
[15.737s] -- Symlinking: /home/student/ros2_ws/install/turtlebot3_msgs/include/turtlebot3_msgs/turtlebot3_msgs/msg/detail/sound__traits.hpp
[15.749s] -- Symlinking: /home/student/ros2_ws/install/turtlebot3_msgs/include/turtlebot3_msgs/turtlebot3_msgs/msg/detail/version_info__builder.hpp
[15.760s] -- Symlinking: /home/student/ros2_ws/install/turtlebot3_msgs/include/turtlebot3_msgs/turtlebot3_msgs/msg/detail/version_info__struct.hpp
[15.775s] -- Symlinking: /home/student/ros2_ws/install/turtlebot3_msgs/include/turtlebot3_msgs/turtlebot3_msgs/msg/detail/version_info__traits.hpp
[15.790s] -- Symlinking: /home/student/ros2_ws/install/turtlebot3_msgs/include/turtlebot3_msgs/turtlebot3_msgs/msg/sensor_state.hpp
[15.802s] -- Symlinking: /home/student/ros2_ws/install/turtlebot3_msgs/include/turtlebot3_msgs/turtlebot3_msgs/msg/sound.hpp
[15.813s] -- Symlinking: /home/student/ros2_ws/install/turtlebot3_msgs/include/turtlebot3_msgs/turtlebot3_msgs/msg/version_info.hpp
[15.825s] -- Symlinking: /home/student/ros2_ws/install/turtlebot3_msgs/include/turtlebot3_msgs/turtlebot3_msgs/srv/detail/dqn__builder.hpp
[15.835s] -- Symlinking: /home/student/ros2_ws/install/turtlebot3_msgs/include/turtlebot3_msgs/turtlebot3_msgs/srv/detail/dqn__struct.hpp
[15.847s] -- Symlinking: /home/student/ros2_ws/install/turtlebot3_msgs/include/turtlebot3_msgs/turtlebot3_msgs/srv/detail/dqn__traits.hpp
[15.856s] -- Symlinking: /home/student/ros2_ws/install/turtlebot3_msgs/include/turtlebot3_msgs/turtlebot3_msgs/srv/detail/sound__builder.hpp
[15.869s] -- Symlinking: /home/student/ros2_ws/install/turtlebot3_msgs/include/turtlebot3_msgs/turtlebot3_msgs/srv/detail/sound__struct.hpp
[15.879s] -- Symlinking: /home/student/ros2_ws/install/turtlebot3_msgs/include/turtlebot3_msgs/turtlebot3_msgs/srv/detail/sound__traits.hpp
[15.890s] -- Symlinking: /home/student/ros2_ws/install/turtlebot3_msgs/include/turtlebot3_msgs/turtlebot3_msgs/srv/dqn.hpp
[15.902s] -- Symlinking: /home/student/ros2_ws/install/turtlebot3_msgs/include/turtlebot3_msgs/turtlebot3_msgs/srv/sound.hpp
[15.915s] -- Symlinking: /home/student/ros2_ws/install/turtlebot3_msgs/include/turtlebot3_msgs/turtlebot3_msgs/action/detail/patrol__rosidl_typesupport_fastrtps_cpp.hpp
[15.927s] -- Symlinking: /home/student/ros2_ws/install/turtlebot3_msgs/include/turtlebot3_msgs/turtlebot3_msgs/msg/detail/sensor_state__rosidl_typesupport_fastrtps_cpp.hpp
[15.936s] -- Symlinking: /home/student/ros2_ws/install/turtlebot3_msgs/include/turtlebot3_msgs/turtlebot3_msgs/msg/detail/sound__rosidl_typesupport_fastrtps_cpp.hpp
[15.947s] -- Symlinking: /home/student/ros2_ws/install/turtlebot3_msgs/include/turtlebot3_msgs/turtlebot3_msgs/msg/detail/version_info__rosidl_typesupport_fastrtps_cpp.hpp
[15.956s] -- Symlinking: /home/student/ros2_ws/install/turtlebot3_msgs/include/turtlebot3_msgs/turtlebot3_msgs/msg/rosidl_typesupport_fastrtps_cpp__visibility_control.h
[15.965s] -- Symlinking: /home/student/ros2_ws/install/turtlebot3_msgs/include/turtlebot3_msgs/turtlebot3_msgs/srv/detail/dqn__rosidl_typesupport_fastrtps_cpp.hpp
[15.973s] -- Symlinking: /home/student/ros2_ws/install/turtlebot3_msgs/include/turtlebot3_msgs/turtlebot3_msgs/srv/detail/sound__rosidl_typesupport_fastrtps_cpp.hpp
[15.982s] -- Symlinking: /home/student/ros2_ws/install/turtlebot3_msgs/include/turtlebot3_msgs/turtlebot3_msgs/action/detail/patrol__rosidl_typesupport_introspection_c.h
[15.992s] -- Symlinking: /home/student/ros2_ws/install/turtlebot3_msgs/include/turtlebot3_msgs/turtlebot3_msgs/msg/detail/sensor_state__rosidl_typesupport_introspection_c.h
[16.001s] -- Symlinking: /home/student/ros2_ws/install/turtlebot3_msgs/include/turtlebot3_msgs/turtlebot3_msgs/msg/detail/sound__rosidl_typesupport_introspection_c.h
[16.009s] -- Symlinking: /home/student/ros2_ws/install/turtlebot3_msgs/include/turtlebot3_msgs/turtlebot3_msgs/msg/detail/version_info__rosidl_typesupport_introspection_c.h
[16.018s] -- Symlinking: /home/student/ros2_ws/install/turtlebot3_msgs/include/turtlebot3_msgs/turtlebot3_msgs/msg/rosidl_typesupport_introspection_c__visibility_control.h
[16.026s] -- Symlinking: /home/student/ros2_ws/install/turtlebot3_msgs/include/turtlebot3_msgs/turtlebot3_msgs/srv/detail/dqn__rosidl_typesupport_introspection_c.h
[16.035s] -- Symlinking: /home/student/ros2_ws/install/turtlebot3_msgs/include/turtlebot3_msgs/turtlebot3_msgs/srv/detail/sound__rosidl_typesupport_introspection_c.h
[16.045s] -- Symlinking: /home/student/ros2_ws/install/turtlebot3_msgs/include/turtlebot3_msgs/turtlebot3_msgs/action/detail/patrol__rosidl_typesupport_introspection_cpp.hpp
[16.054s] -- Symlinking: /home/student/ros2_ws/install/turtlebot3_msgs/include/turtlebot3_msgs/turtlebot3_msgs/msg/detail/sensor_state__rosidl_typesupport_introspection_cpp.hpp
[16.062s] -- Symlinking: /home/student/ros2_ws/install/turtlebot3_msgs/include/turtlebot3_msgs/turtlebot3_msgs/msg/detail/sound__rosidl_typesupport_introspection_cpp.hpp
[16.071s] -- Symlinking: /home/student/ros2_ws/install/turtlebot3_msgs/include/turtlebot3_msgs/turtlebot3_msgs/msg/detail/version_info__rosidl_typesupport_introspection_cpp.hpp
[16.080s] -- Symlinking: /home/student/ros2_ws/install/turtlebot3_msgs/include/turtlebot3_msgs/turtlebot3_msgs/srv/detail/dqn__rosidl_typesupport_introspection_cpp.hpp
[16.088s] -- Symlinking: /home/student/ros2_ws/install/turtlebot3_msgs/include/turtlebot3_msgs/turtlebot3_msgs/srv/detail/sound__rosidl_typesupport_introspection_cpp.hpp
[16.097s] -- Symlinking: /home/student/ros2_ws/install/turtlebot3_msgs/share/turtlebot3_msgs/environment/pythonpath.sh
[16.112s] -- Symlinking: /home/student/ros2_ws/install/turtlebot3_msgs/share/turtlebot3_msgs/environment/pythonpath.dsv
[16.123s] -- Symlinking: /home/student/ros2_ws/install/turtlebot3_msgs/local/lib/python3.10/dist-packages/turtlebot3_msgs-2.2.3-py3.10.egg-info/PKG-INFO
[16.132s] -- Symlinking: /home/student/ros2_ws/install/turtlebot3_msgs/local/lib/python3.10/dist-packages/turtlebot3_msgs-2.2.3-py3.10.egg-info/SOURCES.txt
[16.146s] -- Symlinking: /home/student/ros2_ws/install/turtlebot3_msgs/local/lib/python3.10/dist-packages/turtlebot3_msgs-2.2.3-py3.10.egg-info/dependency_links.txt
[16.156s] -- Symlinking: /home/student/ros2_ws/install/turtlebot3_msgs/local/lib/python3.10/dist-packages/turtlebot3_msgs-2.2.3-py3.10.egg-info/top_level.txt
[16.170s] -- Symlinking: /home/student/ros2_ws/install/turtlebot3_msgs/local/lib/python3.10/dist-packages/turtlebot3_msgs/__init__.py
[16.182s] -- Symlinking: /home/student/ros2_ws/install/turtlebot3_msgs/local/lib/python3.10/dist-packages/turtlebot3_msgs/_turtlebot3_msgs_s.ep.rosidl_typesupport_c.c
[16.197s] -- Symlinking: /home/student/ros2_ws/install/turtlebot3_msgs/local/lib/python3.10/dist-packages/turtlebot3_msgs/_turtlebot3_msgs_s.ep.rosidl_typesupport_fastrtps_c.c
[16.211s] -- Symlinking: /home/student/ros2_ws/install/turtlebot3_msgs/local/lib/python3.10/dist-packages/turtlebot3_msgs/_turtlebot3_msgs_s.ep.rosidl_typesupport_introspection_c.c
[16.226s] -- Symlinking: /home/student/ros2_ws/install/turtlebot3_msgs/local/lib/python3.10/dist-packages/turtlebot3_msgs/action/__init__.py
[16.236s] -- Symlinking: /home/student/ros2_ws/install/turtlebot3_msgs/local/lib/python3.10/dist-packages/turtlebot3_msgs/action/_patrol.py
[16.250s] -- Symlinking: /home/student/ros2_ws/install/turtlebot3_msgs/local/lib/python3.10/dist-packages/turtlebot3_msgs/action/_patrol_s.c
[16.261s] -- Symlinking: /home/student/ros2_ws/install/turtlebot3_msgs/local/lib/python3.10/dist-packages/turtlebot3_msgs/libturtlebot3_msgs__rosidl_generator_py.so
[16.276s] -- Symlinking: /home/student/ros2_ws/install/turtlebot3_msgs/local/lib/python3.10/dist-packages/turtlebot3_msgs/msg/__init__.py
[16.288s] -- Symlinking: /home/student/ros2_ws/install/turtlebot3_msgs/local/lib/python3.10/dist-packages/turtlebot3_msgs/msg/_sensor_state.py
[16.298s] -- Symlinking: /home/student/ros2_ws/install/turtlebot3_msgs/local/lib/python3.10/dist-packages/turtlebot3_msgs/msg/_sensor_state_s.c
[16.311s] -- Symlinking: /home/student/ros2_ws/install/turtlebot3_msgs/local/lib/python3.10/dist-packages/turtlebot3_msgs/msg/_sound.py
[16.322s] -- Symlinking: /home/student/ros2_ws/install/turtlebot3_msgs/local/lib/python3.10/dist-packages/turtlebot3_msgs/msg/_sound_s.c
[16.334s] -- Symlinking: /home/student/ros2_ws/install/turtlebot3_msgs/local/lib/python3.10/dist-packages/turtlebot3_msgs/msg/_version_info.py
[16.347s] -- Symlinking: /home/student/ros2_ws/install/turtlebot3_msgs/local/lib/python3.10/dist-packages/turtlebot3_msgs/msg/_version_info_s.c
[16.357s] -- Symlinking: /home/student/ros2_ws/install/turtlebot3_msgs/local/lib/python3.10/dist-packages/turtlebot3_msgs/srv/__init__.py
[16.369s] -- Symlinking: /home/student/ros2_ws/install/turtlebot3_msgs/local/lib/python3.10/dist-packages/turtlebot3_msgs/srv/_dqn.py
[16.379s] -- Symlinking: /home/student/ros2_ws/install/turtlebot3_msgs/local/lib/python3.10/dist-packages/turtlebot3_msgs/srv/_dqn_s.c
[16.391s] -- Symlinking: /home/student/ros2_ws/install/turtlebot3_msgs/local/lib/python3.10/dist-packages/turtlebot3_msgs/srv/_sound.py
[16.401s] -- Symlinking: /home/student/ros2_ws/install/turtlebot3_msgs/local/lib/python3.10/dist-packages/turtlebot3_msgs/srv/_sound_s.c
[16.415s] -- Symlinking: /home/student/ros2_ws/install/turtlebot3_msgs/local/lib/python3.10/dist-packages/turtlebot3_msgs/turtlebot3_msgs_s__rosidl_typesupport_c.cpython-310-x86_64-linux-gnu.so
[16.426s] -- Symlinking: /home/student/ros2_ws/install/turtlebot3_msgs/local/lib/python3.10/dist-packages/turtlebot3_msgs/turtlebot3_msgs_s__rosidl_typesupport_fastrtps_c.cpython-310-x86_64-linux-gnu.so
[16.436s] -- Symlinking: /home/student/ros2_ws/install/turtlebot3_msgs/local/lib/python3.10/dist-packages/turtlebot3_msgs/turtlebot3_msgs_s__rosidl_typesupport_introspection_c.cpython-310-x86_64-linux-gnu.so
[16.453s] -- Up-to-date symlink: /home/student/ros2_ws/install/turtlebot3_msgs/local/lib/python3.10/dist-packages/turtlebot3_msgs/turtlebot3_msgs_s__rosidl_typesupport_fastrtps_c.cpython-310-x86_64-linux-gnu.so
[16.453s] -- Up-to-date symlink: /home/student/ros2_ws/install/turtlebot3_msgs/local/lib/python3.10/dist-packages/turtlebot3_msgs/turtlebot3_msgs_s__rosidl_typesupport_introspection_c.cpython-310-x86_64-linux-gnu.so
[16.453s] -- Up-to-date symlink: /home/student/ros2_ws/install/turtlebot3_msgs/local/lib/python3.10/dist-packages/turtlebot3_msgs/turtlebot3_msgs_s__rosidl_typesupport_c.cpython-310-x86_64-linux-gnu.so
[16.453s] -- Symlinking: /home/student/ros2_ws/install/turtlebot3_msgs/share/turtlebot3_msgs/msg/SensorState.idl
[16.467s] -- Symlinking: /home/student/ros2_ws/install/turtlebot3_msgs/share/turtlebot3_msgs/msg/Sound.idl
[16.477s] -- Symlinking: /home/student/ros2_ws/install/turtlebot3_msgs/share/turtlebot3_msgs/msg/VersionInfo.idl
[16.489s] -- Symlinking: /home/student/ros2_ws/install/turtlebot3_msgs/share/turtlebot3_msgs/srv/Sound.idl
[16.498s] -- Symlinking: /home/student/ros2_ws/install/turtlebot3_msgs/share/turtlebot3_msgs/srv/Dqn.idl
[16.510s] -- Symlinking: /home/student/ros2_ws/install/turtlebot3_msgs/share/turtlebot3_msgs/action/Patrol.idl
[16.520s] -- Symlinking: /home/student/ros2_ws/install/turtlebot3_msgs/share/turtlebot3_msgs/msg/SensorState.msg
[16.533s] -- Symlinking: /home/student/ros2_ws/install/turtlebot3_msgs/share/turtlebot3_msgs/msg/Sound.msg
[16.543s] -- Symlinking: /home/student/ros2_ws/install/turtlebot3_msgs/share/turtlebot3_msgs/msg/VersionInfo.msg
[16.554s] -- Symlinking: /home/student/ros2_ws/install/turtlebot3_msgs/share/turtlebot3_msgs/srv/Sound.srv
[16.566s] -- Symlinking: /home/student/ros2_ws/install/turtlebot3_msgs/share/turtlebot3_msgs/srv/Sound_Request.msg
[16.577s] -- Symlinking: /home/student/ros2_ws/install/turtlebot3_msgs/share/turtlebot3_msgs/srv/Sound_Response.msg
[16.589s] -- Symlinking: /home/student/ros2_ws/install/turtlebot3_msgs/share/turtlebot3_msgs/srv/Dqn.srv
[16.600s] -- Symlinking: /home/student/ros2_ws/install/turtlebot3_msgs/share/turtlebot3_msgs/srv/Dqn_Request.msg
[16.611s] -- Symlinking: /home/student/ros2_ws/install/turtlebot3_msgs/share/turtlebot3_msgs/srv/Dqn_Response.msg
[16.622s] -- Symlinking: /home/student/ros2_ws/install/turtlebot3_msgs/share/turtlebot3_msgs/action/Patrol.action
[16.635s] -- Symlinking: /home/student/ros2_ws/install/turtlebot3_msgs/share/ament_index/resource_index/package_run_dependencies/turtlebot3_msgs
[16.649s] -- Symlinking: /home/student/ros2_ws/install/turtlebot3_msgs/share/ament_index/resource_index/parent_prefix_path/turtlebot3_msgs
[16.659s] -- Symlinking: /home/student/ros2_ws/install/turtlebot3_msgs/share/turtlebot3_msgs/environment/ament_prefix_path.sh
[16.671s] -- Symlinking: /home/student/ros2_ws/install/turtlebot3_msgs/share/turtlebot3_msgs/environment/ament_prefix_path.dsv
[16.683s] -- Symlinking: /home/student/ros2_ws/install/turtlebot3_msgs/share/turtlebot3_msgs/environment/path.sh
[16.693s] -- Symlinking: /home/student/ros2_ws/install/turtlebot3_msgs/share/turtlebot3_msgs/environment/path.dsv
[16.707s] -- Symlinking: /home/student/ros2_ws/install/turtlebot3_msgs/share/turtlebot3_msgs/local_setup.bash
[16.718s] -- Symlinking: /home/student/ros2_ws/install/turtlebot3_msgs/share/turtlebot3_msgs/local_setup.sh
[16.732s] -- Symlinking: /home/student/ros2_ws/install/turtlebot3_msgs/share/turtlebot3_msgs/local_setup.zsh
[16.745s] -- Symlinking: /home/student/ros2_ws/install/turtlebot3_msgs/share/turtlebot3_msgs/local_setup.dsv
[16.757s] -- Symlinking: /home/student/ros2_ws/install/turtlebot3_msgs/share/turtlebot3_msgs/package.dsv
[16.769s] -- Symlinking: /home/student/ros2_ws/install/turtlebot3_msgs/share/ament_index/resource_index/packages/turtlebot3_msgs
[16.779s] -- Symlinking: /home/student/ros2_ws/install/turtlebot3_msgs/share/turtlebot3_msgs/cmake/rosidl_cmake-extras.cmake
[16.791s] -- Symlinking: /home/student/ros2_ws/install/turtlebot3_msgs/share/turtlebot3_msgs/cmake/ament_cmake_export_dependencies-extras.cmake
[16.802s] -- Symlinking: /home/student/ros2_ws/install/turtlebot3_msgs/share/turtlebot3_msgs/cmake/ament_cmake_export_include_directories-extras.cmake
[16.817s] -- Symlinking: /home/student/ros2_ws/install/turtlebot3_msgs/share/turtlebot3_msgs/cmake/ament_cmake_export_libraries-extras.cmake
[16.830s] -- Symlinking: /home/student/ros2_ws/install/turtlebot3_msgs/share/turtlebot3_msgs/cmake/ament_cmake_export_targets-extras.cmake
[16.841s] -- Symlinking: /home/student/ros2_ws/install/turtlebot3_msgs/share/turtlebot3_msgs/cmake/rosidl_cmake_export_typesupport_targets-extras.cmake
[16.852s] -- Symlinking: /home/student/ros2_ws/install/turtlebot3_msgs/share/turtlebot3_msgs/cmake/rosidl_cmake_export_typesupport_libraries-extras.cmake
[16.865s] -- Symlinking: /home/student/ros2_ws/install/turtlebot3_msgs/share/turtlebot3_msgs/cmake/turtlebot3_msgsConfig.cmake
[16.875s] -- Symlinking: /home/student/ros2_ws/install/turtlebot3_msgs/share/turtlebot3_msgs/cmake/turtlebot3_msgsConfig-version.cmake
[16.887s] -- Symlinking: /home/student/ros2_ws/install/turtlebot3_msgs/share/turtlebot3_msgs/package.xml
[16.897s] -- Installing: /home/student/ros2_ws/install/turtlebot3_msgs/lib/libturtlebot3_msgs__rosidl_generator_c.so
[16.898s] -- Set runtime path of "/home/student/ros2_ws/install/turtlebot3_msgs/lib/libturtlebot3_msgs__rosidl_generator_c.so" to ""
[16.898s] -- Installing: /home/student/ros2_ws/install/turtlebot3_msgs/lib/libturtlebot3_msgs__rosidl_typesupport_fastrtps_c.so
[16.899s] -- Set runtime path of "/home/student/ros2_ws/install/turtlebot3_msgs/lib/libturtlebot3_msgs__rosidl_typesupport_fastrtps_c.so" to ""
[16.899s] -- Installing: /home/student/ros2_ws/install/turtlebot3_msgs/lib/libturtlebot3_msgs__rosidl_typesupport_fastrtps_cpp.so
[16.900s] -- Set runtime path of "/home/student/ros2_ws/install/turtlebot3_msgs/lib/libturtlebot3_msgs__rosidl_typesupport_fastrtps_cpp.so" to ""
[16.900s] -- Installing: /home/student/ros2_ws/install/turtlebot3_msgs/lib/libturtlebot3_msgs__rosidl_typesupport_introspection_c.so
[16.901s] -- Set runtime path of "/home/student/ros2_ws/install/turtlebot3_msgs/lib/libturtlebot3_msgs__rosidl_typesupport_introspection_c.so" to ""
[16.901s] -- Installing: /home/student/ros2_ws/install/turtlebot3_msgs/lib/libturtlebot3_msgs__rosidl_typesupport_c.so
[16.902s] -- Set runtime path of "/home/student/ros2_ws/install/turtlebot3_msgs/lib/libturtlebot3_msgs__rosidl_typesupport_c.so" to ""
[16.902s] -- Installing: /home/student/ros2_ws/install/turtlebot3_msgs/lib/libturtlebot3_msgs__rosidl_typesupport_introspection_cpp.so
[16.903s] -- Set runtime path of "/home/student/ros2_ws/install/turtlebot3_msgs/lib/libturtlebot3_msgs__rosidl_typesupport_introspection_cpp.so" to ""
[16.904s] -- Installing: /home/student/ros2_ws/install/turtlebot3_msgs/lib/libturtlebot3_msgs__rosidl_typesupport_cpp.so
[16.904s] -- Set runtime path of "/home/student/ros2_ws/install/turtlebot3_msgs/lib/libturtlebot3_msgs__rosidl_typesupport_cpp.so" to ""
[16.958s] Listing '/home/student/ros2_ws/install/turtlebot3_msgs/local/lib/python3.10/dist-packages/turtlebot3_msgs'...
[16.958s] Compiling '/home/student/ros2_ws/install/turtlebot3_msgs/local/lib/python3.10/dist-packages/turtlebot3_msgs/__init__.py'...
[16.958s] Listing '/home/student/ros2_ws/install/turtlebot3_msgs/local/lib/python3.10/dist-packages/turtlebot3_msgs/action'...
[16.958s] Compiling '/home/student/ros2_ws/install/turtlebot3_msgs/local/lib/python3.10/dist-packages/turtlebot3_msgs/action/__init__.py'...
[16.958s] Compiling '/home/student/ros2_ws/install/turtlebot3_msgs/local/lib/python3.10/dist-packages/turtlebot3_msgs/action/_patrol.py'...
[16.958s] Listing '/home/student/ros2_ws/install/turtlebot3_msgs/local/lib/python3.10/dist-packages/turtlebot3_msgs/msg'...
[16.958s] Compiling '/home/student/ros2_ws/install/turtlebot3_msgs/local/lib/python3.10/dist-packages/turtlebot3_msgs/msg/__init__.py'...
[16.959s] Compiling '/home/student/ros2_ws/install/turtlebot3_msgs/local/lib/python3.10/dist-packages/turtlebot3_msgs/msg/_sensor_state.py'...
[16.959s] Compiling '/home/student/ros2_ws/install/turtlebot3_msgs/local/lib/python3.10/dist-packages/turtlebot3_msgs/msg/_sound.py'...
[16.959s] Compiling '/home/student/ros2_ws/install/turtlebot3_msgs/local/lib/python3.10/dist-packages/turtlebot3_msgs/msg/_version_info.py'...
[16.959s] Listing '/home/student/ros2_ws/install/turtlebot3_msgs/local/lib/python3.10/dist-packages/turtlebot3_msgs/srv'...
[16.959s] Compiling '/home/student/ros2_ws/install/turtlebot3_msgs/local/lib/python3.10/dist-packages/turtlebot3_msgs/srv/__init__.py'...
[16.959s] Compiling '/home/student/ros2_ws/install/turtlebot3_msgs/local/lib/python3.10/dist-packages/turtlebot3_msgs/srv/_dqn.py'...
[16.959s] Compiling '/home/student/ros2_ws/install/turtlebot3_msgs/local/lib/python3.10/dist-packages/turtlebot3_msgs/srv/_sound.py'...
[16.964s] -- Installing: /home/student/ros2_ws/install/turtlebot3_msgs/lib/libturtlebot3_msgs__rosidl_generator_py.so
[16.965s] -- Set runtime path of "/home/student/ros2_ws/install/turtlebot3_msgs/lib/libturtlebot3_msgs__rosidl_generator_py.so" to ""
[16.966s] -- Installing: /home/student/ros2_ws/install/turtlebot3_msgs/share/turtlebot3_msgs/cmake/export_turtlebot3_msgs__rosidl_generator_cExport.cmake
[16.966s] -- Installing: /home/student/ros2_ws/install/turtlebot3_msgs/share/turtlebot3_msgs/cmake/export_turtlebot3_msgs__rosidl_generator_cExport-noconfig.cmake
[16.966s] -- Installing: /home/student/ros2_ws/install/turtlebot3_msgs/share/turtlebot3_msgs/cmake/export_turtlebot3_msgs__rosidl_typesupport_fastrtps_cExport.cmake
[16.967s] -- Installing: /home/student/ros2_ws/install/turtlebot3_msgs/share/turtlebot3_msgs/cmake/export_turtlebot3_msgs__rosidl_typesupport_fastrtps_cExport-noconfig.cmake
[16.967s] -- Installing: /home/student/ros2_ws/install/turtlebot3_msgs/share/turtlebot3_msgs/cmake/export_turtlebot3_msgs__rosidl_generator_cppExport.cmake
[16.968s] -- Installing: /home/student/ros2_ws/install/turtlebot3_msgs/share/turtlebot3_msgs/cmake/export_turtlebot3_msgs__rosidl_typesupport_fastrtps_cppExport.cmake
[16.968s] -- Installing: /home/student/ros2_ws/install/turtlebot3_msgs/share/turtlebot3_msgs/cmake/export_turtlebot3_msgs__rosidl_typesupport_fastrtps_cppExport-noconfig.cmake
[16.968s] -- Installing: /home/student/ros2_ws/install/turtlebot3_msgs/share/turtlebot3_msgs/cmake/turtlebot3_msgs__rosidl_typesupport_introspection_cExport.cmake
[16.968s] -- Installing: /home/student/ros2_ws/install/turtlebot3_msgs/share/turtlebot3_msgs/cmake/turtlebot3_msgs__rosidl_typesupport_introspection_cExport-noconfig.cmake
[16.968s] -- Installing: /home/student/ros2_ws/install/turtlebot3_msgs/share/turtlebot3_msgs/cmake/turtlebot3_msgs__rosidl_typesupport_cExport.cmake
[16.969s] -- Installing: /home/student/ros2_ws/install/turtlebot3_msgs/share/turtlebot3_msgs/cmake/turtlebot3_msgs__rosidl_typesupport_cExport-noconfig.cmake
[16.969s] -- Installing: /home/student/ros2_ws/install/turtlebot3_msgs/share/turtlebot3_msgs/cmake/turtlebot3_msgs__rosidl_typesupport_introspection_cppExport.cmake
[16.969s] -- Installing: /home/student/ros2_ws/install/turtlebot3_msgs/share/turtlebot3_msgs/cmake/turtlebot3_msgs__rosidl_typesupport_introspection_cppExport-noconfig.cmake
[16.969s] -- Installing: /home/student/ros2_ws/install/turtlebot3_msgs/share/turtlebot3_msgs/cmake/turtlebot3_msgs__rosidl_typesupport_cppExport.cmake
[16.970s] -- Installing: /home/student/ros2_ws/install/turtlebot3_msgs/share/turtlebot3_msgs/cmake/turtlebot3_msgs__rosidl_typesupport_cppExport-noconfig.cmake
[16.970s] -- Installing: /home/student/ros2_ws/install/turtlebot3_msgs/share/turtlebot3_msgs/cmake/export_turtlebot3_msgs__rosidl_generator_pyExport.cmake
[16.970s] -- Installing: /home/student/ros2_ws/install/turtlebot3_msgs/share/turtlebot3_msgs/cmake/export_turtlebot3_msgs__rosidl_generator_pyExport-noconfig.cmake
[16.973s] Invoked command in '/home/student/ros2_ws/build/turtlebot3_msgs' returned '0': CMAKE_PREFIX_PATH=/opt/ros/humble /usr/bin/cmake --install /home/student/ros2_ws/build/turtlebot3_msgs
