[0.067s] Invoking command in '/home/student/ros2_ws/build/dynamixel_sdk': CMAKE_PREFIX_PATH=${CMAKE_PREFIX_PATH}:/home/student/ros2_ws/install/turtlebot3_teleop:/home/student/ros2_ws/install/turtlebot3_example:/opt/ros/humble /usr/bin/cmake --build /home/student/ros2_ws/build/dynamixel_sdk -- -j8 -l8
[0.185s] [100%] Built target dynamixel_sdk
[0.229s] Invoked command in '/home/student/ros2_ws/build/dynamixel_sdk' returned '0': CMAKE_PREFIX_PATH=${CMAKE_PREFIX_PATH}:/home/student/ros2_ws/install/turtlebot3_teleop:/home/student/ros2_ws/install/turtlebot3_example:/opt/ros/humble /usr/bin/cmake --build /home/student/ros2_ws/build/dynamixel_sdk -- -j8 -l8
[0.551s] Invoking command in '/home/student/ros2_ws/build/dynamixel_sdk': CMAKE_PREFIX_PATH=${CMAKE_PREFIX_PATH}:/home/student/ros2_ws/install/turtlebot3_teleop:/home/student/ros2_ws/install/turtlebot3_example:/opt/ros/humble /usr/bin/cmake --install /home/student/ros2_ws/build/dynamixel_sdk
[0.566s] -- Install configuration: ""
[0.568s] -- Execute custom install script
[0.569s] -- Up-to-date symlink: /home/student/ros2_ws/install/dynamixel_sdk/include//dynamixel_sdk/dynamixel_sdk.h
[0.571s] -- Up-to-date symlink: /home/student/ros2_ws/install/dynamixel_sdk/include//dynamixel_sdk/group_bulk_read.h
[0.571s] -- Up-to-date symlink: /home/student/ros2_ws/install/dynamixel_sdk/include//dynamixel_sdk/group_bulk_write.h
[0.572s] -- Up-to-date symlink: /home/student/ros2_ws/install/dynamixel_sdk/include//dynamixel_sdk/group_sync_read.h
[0.572s] -- Up-to-date symlink: /home/student/ros2_ws/install/dynamixel_sdk/include//dynamixel_sdk/group_sync_write.h
[0.572s] -- Up-to-date symlink: /home/student/ros2_ws/install/dynamixel_sdk/include//dynamixel_sdk/packet_handler.h
[0.573s] -- Up-to-date symlink: /home/student/ros2_ws/install/dynamixel_sdk/include//dynamixel_sdk/port_handler.h
[0.573s] -- Up-to-date symlink: /home/student/ros2_ws/install/dynamixel_sdk/include//dynamixel_sdk/port_handler_arduino.h
[0.574s] -- Up-to-date symlink: /home/student/ros2_ws/install/dynamixel_sdk/include//dynamixel_sdk/port_handler_linux.h
[0.574s] -- Up-to-date symlink: /home/student/ros2_ws/install/dynamixel_sdk/include//dynamixel_sdk/port_handler_mac.h
[0.575s] -- Up-to-date symlink: /home/student/ros2_ws/install/dynamixel_sdk/include//dynamixel_sdk/port_handler_windows.h
[0.576s] -- Up-to-date symlink: /home/student/ros2_ws/install/dynamixel_sdk/include//dynamixel_sdk/protocol1_packet_handler.h
[0.576s] -- Up-to-date symlink: /home/student/ros2_ws/install/dynamixel_sdk/include//dynamixel_sdk/protocol2_packet_handler.h
[0.577s] -- Up-to-date symlink: /home/student/ros2_ws/install/dynamixel_sdk/lib/libdynamixel_sdk.so
[0.578s] -- Up-to-date symlink: /home/student/ros2_ws/install/dynamixel_sdk/share/dynamixel_sdk/environment/library_path.sh
[0.578s] -- Up-to-date symlink: /home/student/ros2_ws/install/dynamixel_sdk/share/dynamixel_sdk/environment/library_path.dsv
[0.579s] -- Up-to-date symlink: /home/student/ros2_ws/install/dynamixel_sdk/share/ament_index/resource_index/package_run_dependencies/dynamixel_sdk
[0.580s] -- Up-to-date symlink: /home/student/ros2_ws/install/dynamixel_sdk/share/ament_index/resource_index/parent_prefix_path/dynamixel_sdk
[0.581s] -- Up-to-date symlink: /home/student/ros2_ws/install/dynamixel_sdk/share/dynamixel_sdk/environment/ament_prefix_path.sh
[0.582s] -- Up-to-date symlink: /home/student/ros2_ws/install/dynamixel_sdk/share/dynamixel_sdk/environment/ament_prefix_path.dsv
[0.582s] -- Up-to-date symlink: /home/student/ros2_ws/install/dynamixel_sdk/share/dynamixel_sdk/environment/path.sh
[0.583s] -- Up-to-date symlink: /home/student/ros2_ws/install/dynamixel_sdk/share/dynamixel_sdk/environment/path.dsv
[0.584s] -- Up-to-date symlink: /home/student/ros2_ws/install/dynamixel_sdk/share/dynamixel_sdk/local_setup.bash
[0.584s] -- Up-to-date symlink: /home/student/ros2_ws/install/dynamixel_sdk/share/dynamixel_sdk/local_setup.sh
[0.585s] -- Up-to-date symlink: /home/student/ros2_ws/install/dynamixel_sdk/share/dynamixel_sdk/local_setup.zsh
[0.586s] -- Up-to-date symlink: /home/student/ros2_ws/install/dynamixel_sdk/share/dynamixel_sdk/local_setup.dsv
[0.589s] -- Symlinking: /home/student/ros2_ws/install/dynamixel_sdk/share/dynamixel_sdk/package.dsv
[0.608s] -- Up-to-date symlink: /home/student/ros2_ws/install/dynamixel_sdk/share/ament_index/resource_index/packages/dynamixel_sdk
[0.609s] -- Up-to-date symlink: /home/student/ros2_ws/install/dynamixel_sdk/share/dynamixel_sdk/cmake/ament_cmake_export_include_directories-extras.cmake
[0.610s] -- Up-to-date symlink: /home/student/ros2_ws/install/dynamixel_sdk/share/dynamixel_sdk/cmake/ament_cmake_export_libraries-extras.cmake
[0.610s] -- Up-to-date symlink: /home/student/ros2_ws/install/dynamixel_sdk/share/dynamixel_sdk/cmake/dynamixel_sdkConfig.cmake
[0.610s] -- Up-to-date symlink: /home/student/ros2_ws/install/dynamixel_sdk/share/dynamixel_sdk/cmake/dynamixel_sdkConfig-version.cmake
[0.610s] -- Up-to-date symlink: /home/student/ros2_ws/install/dynamixel_sdk/share/dynamixel_sdk/package.xml
[0.716s] Invoked command in '/home/student/ros2_ws/build/dynamixel_sdk' returned '0': CMAKE_PREFIX_PATH=${CMAKE_PREFIX_PATH}:/home/student/ros2_ws/install/turtlebot3_teleop:/home/student/ros2_ws/install/turtlebot3_example:/opt/ros/humble /usr/bin/cmake --install /home/student/ros2_ws/build/dynamixel_sdk
